[4.379s] Invoking command in '/root/ascend-devkit/src/E2E-Sample/ros2_robot_arm/ros2_ws/src/robot_arm_color_stacking': PYTHONPATH=/root/ascend-devkit/src/E2E-Sample/ros2_robot_arm/ros2_ws/build/robot_arm_color_stacking/prefix_override:/usr/lib/python3/dist-packages/colcon_core/task/python/colcon_distutils_commands:/root/ascend-devkit/src/E2E-Sample/ros2_robot_arm/ros2_ws/install/robot_arm_color_stacking/lib/python3.10/site-packages:${PYTHONPATH} /usr/bin/python3 -W ignore:setup.py install is deprecated -W ignore:easy_install command is deprecated setup.py egg_info --egg-base ../../build/robot_arm_color_stacking build --build-base /root/ascend-devkit/src/E2E-Sample/ros2_robot_arm/ros2_ws/build/robot_arm_color_stacking/build install --record /root/ascend-devkit/src/E2E-Sample/ros2_robot_arm/ros2_ws/build/robot_arm_color_stacking/install.log --single-version-externally-managed install_data
[5.562s] running egg_info
[5.567s] writing ../../build/robot_arm_color_stacking/robot_arm_color_stacking.egg-info/PKG-INFO
[5.568s] writing dependency_links to ../../build/robot_arm_color_stacking/robot_arm_color_stacking.egg-info/dependency_links.txt
[5.570s] writing entry points to ../../build/robot_arm_color_stacking/robot_arm_color_stacking.egg-info/entry_points.txt
[5.571s] writing requirements to ../../build/robot_arm_color_stacking/robot_arm_color_stacking.egg-info/requires.txt
[5.571s] writing top-level names to ../../build/robot_arm_color_stacking/robot_arm_color_stacking.egg-info/top_level.txt
[5.578s] package init file 'robot_arm_color_stacking/utils/__init__.py' not found (or not a regular file)
[5.580s] reading manifest file '../../build/robot_arm_color_stacking/robot_arm_color_stacking.egg-info/SOURCES.txt'
[5.584s] writing manifest file '../../build/robot_arm_color_stacking/robot_arm_color_stacking.egg-info/SOURCES.txt'
[5.585s] running build
[5.585s] running build_py
[5.588s] running install
[5.589s] running install_lib
[5.595s] running install_data
[5.595s] running install_egg_info
[5.603s] removing '/root/ascend-devkit/src/E2E-Sample/ros2_robot_arm/ros2_ws/install/robot_arm_color_stacking/lib/python3.10/site-packages/robot_arm_color_stacking-0.0.0-py3.10.egg-info' (and everything under it)
[5.604s] Copying ../../build/robot_arm_color_stacking/robot_arm_color_stacking.egg-info to /root/ascend-devkit/src/E2E-Sample/ros2_robot_arm/ros2_ws/install/robot_arm_color_stacking/lib/python3.10/site-packages/robot_arm_color_stacking-0.0.0-py3.10.egg-info
[5.607s] running install_scripts
[5.697s] Installing color_stacking script to /root/ascend-devkit/src/E2E-Sample/ros2_robot_arm/ros2_ws/install/robot_arm_color_stacking/lib/robot_arm_color_stacking
[5.699s] writing list of installed files to '/root/ascend-devkit/src/E2E-Sample/ros2_robot_arm/ros2_ws/build/robot_arm_color_stacking/install.log'
[5.840s] Invoked command in '/root/ascend-devkit/src/E2E-Sample/ros2_robot_arm/ros2_ws/src/robot_arm_color_stacking' returned '0': PYTHONPATH=/root/ascend-devkit/src/E2E-Sample/ros2_robot_arm/ros2_ws/build/robot_arm_color_stacking/prefix_override:/usr/lib/python3/dist-packages/colcon_core/task/python/colcon_distutils_commands:/root/ascend-devkit/src/E2E-Sample/ros2_robot_arm/ros2_ws/install/robot_arm_color_stacking/lib/python3.10/site-packages:${PYTHONPATH} /usr/bin/python3 -W ignore:setup.py install is deprecated -W ignore:easy_install command is deprecated setup.py egg_info --egg-base ../../build/robot_arm_color_stacking build --build-base /root/ascend-devkit/src/E2E-Sample/ros2_robot_arm/ros2_ws/build/robot_arm_color_stacking/build install --record /root/ascend-devkit/src/E2E-Sample/ros2_robot_arm/ros2_ws/build/robot_arm_color_stacking/install.log --single-version-externally-managed install_data
