[0.309s] [34mcolcon[0m [1;30mDEBUG[0m [32mCommand line arguments: ['/usr/bin/colcon', 'build'][0m
[0.309s] [34mcolcon[0m [1;30mDEBUG[0m [32mParsed command line arguments: Namespace(log_base=None, log_level=None, verb_name='build', build_base='build', install_base='install', merge_install=False, symlink_install=False, test_result_base=None, continue_on_error=False, executor='parallel', parallel_workers=3, event_handlers=None, ignore_user_meta=False, metas=['./colcon.meta'], base_paths=['.'], packages_ignore=None, packages_ignore_regex=None, paths=None, packages_up_to=None, packages_up_to_regex=None, packages_above=None, packages_above_and_dependencies=None, packages_above_depth=None, packages_select_by_dep=None, packages_skip_by_dep=None, packages_skip_up_to=None, packages_select_build_failed=False, packages_skip_build_finished=False, packages_select_test_failures=False, packages_skip_test_passed=False, packages_select=None, packages_skip=None, packages_select_regex=None, packages_skip_regex=None, packages_start=None, packages_end=None, allow_overriding=[], cmake_args=None, cmake_target=None, cmake_target_skip_unavailable=False, cmake_clean_cache=False, cmake_clean_first=False, cmake_force_configure=False, ament_cmake_args=None, catkin_cmake_args=None, catkin_skip_building_tests=False, mixin_files=None, mixin=None, verb_parser=<colcon_mixin.mixin.mixin_argument.MixinArgumentDecorator object at 0xe7ffee87ebc0>, verb_extension=<colcon_core.verb.build.BuildVerb object at 0xe7ffeea44400>, main=<bound method BuildVerb.main of <colcon_core.verb.build.BuildVerb object at 0xe7ffeea44400>>, mixin_verb=('build',))[0m
[0.778s] [34mcolcon.colcon_core.package_discovery[0m [1;30mLevel 1[0m discover_packages(colcon_meta) check parameters
[0.778s] [34mcolcon.colcon_core.package_discovery[0m [1;30mLevel 1[0m discover_packages(recursive) check parameters
[0.778s] [34mcolcon.colcon_core.package_discovery[0m [1;30mLevel 1[0m discover_packages(ignore) check parameters
[0.779s] [34mcolcon.colcon_core.package_discovery[0m [1;30mLevel 1[0m discover_packages(path) check parameters
[0.779s] [34mcolcon.colcon_core.package_discovery[0m [1;30mLevel 1[0m discover_packages(colcon_meta) discover
[0.779s] [34mcolcon.colcon_core.package_discovery[0m [1;30mLevel 1[0m discover_packages(recursive) discover
[0.779s] [34mcolcon.colcon_core.package_discovery[0m [1;30mINFO[0m Crawling recursively for packages in '/root/ascend-devkit/src/E2E-Sample/ros2_robot_arm/ros2_ws'
[0.779s] [34mcolcon.colcon_core.package_identification[0m [1;30mLevel 1[0m _identify(.) by extensions ['ignore', 'ignore_ament_install']
[0.779s] [34mcolcon.colcon_core.package_identification[0m [1;30mLevel 1[0m _identify(.) by extension 'ignore'
[0.779s] [34mcolcon.colcon_core.package_identification[0m [1;30mLevel 1[0m _identify(.) by extension 'ignore_ament_install'
[0.780s] [34mcolcon.colcon_core.package_identification[0m [1;30mLevel 1[0m _identify(.) by extensions ['colcon_pkg']
[0.780s] [34mcolcon.colcon_core.package_identification[0m [1;30mLevel 1[0m _identify(.) by extension 'colcon_pkg'
[0.780s] [34mcolcon.colcon_core.package_identification[0m [1;30mLevel 1[0m _identify(.) by extensions ['colcon_meta']
[0.780s] [34mcolcon.colcon_core.package_identification[0m [1;30mLevel 1[0m _identify(.) by extension 'colcon_meta'
[0.780s] [34mcolcon.colcon_core.package_identification[0m [1;30mLevel 1[0m _identify(.) by extensions ['ros']
[0.780s] [34mcolcon.colcon_core.package_identification[0m [1;30mLevel 1[0m _identify(.) by extension 'ros'
[0.839s] [34mcolcon.colcon_core.package_identification[0m [1;30mLevel 1[0m _identify(.) by extensions ['cmake', 'python']
[0.839s] [34mcolcon.colcon_core.package_identification[0m [1;30mLevel 1[0m _identify(.) by extension 'cmake'
[0.839s] [34mcolcon.colcon_core.package_identification[0m [1;30mLevel 1[0m _identify(.) by extension 'python'
[0.840s] [34mcolcon.colcon_core.package_identification[0m [1;30mLevel 1[0m _identify(.) by extensions ['python_setup_py']
[0.840s] [34mcolcon.colcon_core.package_identification[0m [1;30mLevel 1[0m _identify(.) by extension 'python_setup_py'
[0.840s] [34mcolcon.colcon_core.package_identification[0m [1;30mLevel 1[0m _identify(build) by extensions ['ignore', 'ignore_ament_install']
[0.840s] [34mcolcon.colcon_core.package_identification[0m [1;30mLevel 1[0m _identify(build) by extension 'ignore'
[0.840s] [34mcolcon.colcon_core.package_identification[0m [1;30mLevel 1[0m _identify(build) ignored
[0.841s] [34mcolcon.colcon_core.package_identification[0m [1;30mLevel 1[0m _identify(install) by extensions ['ignore', 'ignore_ament_install']
[0.841s] [34mcolcon.colcon_core.package_identification[0m [1;30mLevel 1[0m _identify(install) by extension 'ignore'
[0.841s] [34mcolcon.colcon_core.package_identification[0m [1;30mLevel 1[0m _identify(install) ignored
[0.842s] [34mcolcon.colcon_core.package_identification[0m [1;30mLevel 1[0m _identify(log) by extensions ['ignore', 'ignore_ament_install']
[0.842s] [34mcolcon.colcon_core.package_identification[0m [1;30mLevel 1[0m _identify(log) by extension 'ignore'
[0.842s] [34mcolcon.colcon_core.package_identification[0m [1;30mLevel 1[0m _identify(log) ignored
[0.842s] [34mcolcon.colcon_core.package_identification[0m [1;30mLevel 1[0m _identify(src) by extensions ['ignore', 'ignore_ament_install']
[0.842s] [34mcolcon.colcon_core.package_identification[0m [1;30mLevel 1[0m _identify(src) by extension 'ignore'
[0.843s] [34mcolcon.colcon_core.package_identification[0m [1;30mLevel 1[0m _identify(src) by extension 'ignore_ament_install'
[0.843s] [34mcolcon.colcon_core.package_identification[0m [1;30mLevel 1[0m _identify(src) by extensions ['colcon_pkg']
[0.843s] [34mcolcon.colcon_core.package_identification[0m [1;30mLevel 1[0m _identify(src) by extension 'colcon_pkg'
[0.843s] [34mcolcon.colcon_core.package_identification[0m [1;30mLevel 1[0m _identify(src) by extensions ['colcon_meta']
[0.843s] [34mcolcon.colcon_core.package_identification[0m [1;30mLevel 1[0m _identify(src) by extension 'colcon_meta'
[0.843s] [34mcolcon.colcon_core.package_identification[0m [1;30mLevel 1[0m _identify(src) by extensions ['ros']
[0.843s] [34mcolcon.colcon_core.package_identification[0m [1;30mLevel 1[0m _identify(src) by extension 'ros'
[0.843s] [34mcolcon.colcon_core.package_identification[0m [1;30mLevel 1[0m _identify(src) by extensions ['cmake', 'python']
[0.844s] [34mcolcon.colcon_core.package_identification[0m [1;30mLevel 1[0m _identify(src) by extension 'cmake'
[0.844s] [34mcolcon.colcon_core.package_identification[0m [1;30mLevel 1[0m _identify(src) by extension 'python'
[0.844s] [34mcolcon.colcon_core.package_identification[0m [1;30mLevel 1[0m _identify(src) by extensions ['python_setup_py']
[0.844s] [34mcolcon.colcon_core.package_identification[0m [1;30mLevel 1[0m _identify(src) by extension 'python_setup_py'
[0.844s] [34mcolcon.colcon_core.package_identification[0m [1;30mLevel 1[0m _identify(src/dofbot_garbage_yolov5) by extensions ['ignore', 'ignore_ament_install']
[0.844s] [34mcolcon.colcon_core.package_identification[0m [1;30mLevel 1[0m _identify(src/dofbot_garbage_yolov5) by extension 'ignore'
[0.845s] [34mcolcon.colcon_core.package_identification[0m [1;30mLevel 1[0m _identify(src/dofbot_garbage_yolov5) by extension 'ignore_ament_install'
[0.845s] [34mcolcon.colcon_core.package_identification[0m [1;30mLevel 1[0m _identify(src/dofbot_garbage_yolov5) by extensions ['colcon_pkg']
[0.845s] [34mcolcon.colcon_core.package_identification[0m [1;30mLevel 1[0m _identify(src/dofbot_garbage_yolov5) by extension 'colcon_pkg'
[0.845s] [34mcolcon.colcon_core.package_identification[0m [1;30mLevel 1[0m _identify(src/dofbot_garbage_yolov5) by extensions ['colcon_meta']
[0.845s] [34mcolcon.colcon_core.package_identification[0m [1;30mLevel 1[0m _identify(src/dofbot_garbage_yolov5) by extension 'colcon_meta'
[0.845s] [34mcolcon.colcon_core.package_identification[0m [1;30mLevel 1[0m _identify(src/dofbot_garbage_yolov5) by extensions ['ros']
[0.845s] [34mcolcon.colcon_core.package_identification[0m [1;30mLevel 1[0m _identify(src/dofbot_garbage_yolov5) by extension 'ros'
[0.852s] [34mcolcon.colcon_core.package_identification[0m [1;30mDEBUG[0m [32mPackage 'src/dofbot_garbage_yolov5' with type 'ros.ament_python' and name 'dofbot_garbage_yolov5'[0m
[0.852s] [34mcolcon.colcon_core.package_identification[0m [1;30mLevel 1[0m _identify(src/dofbot_info) by extensions ['ignore', 'ignore_ament_install']
[0.852s] [34mcolcon.colcon_core.package_identification[0m [1;30mLevel 1[0m _identify(src/dofbot_info) by extension 'ignore'
[0.853s] [34mcolcon.colcon_core.package_identification[0m [1;30mLevel 1[0m _identify(src/dofbot_info) by extension 'ignore_ament_install'
[0.853s] [34mcolcon.colcon_core.package_identification[0m [1;30mLevel 1[0m _identify(src/dofbot_info) by extensions ['colcon_pkg']
[0.853s] [34mcolcon.colcon_core.package_identification[0m [1;30mLevel 1[0m _identify(src/dofbot_info) by extension 'colcon_pkg'
[0.853s] [34mcolcon.colcon_core.package_identification[0m [1;30mLevel 1[0m _identify(src/dofbot_info) by extensions ['colcon_meta']
[0.853s] [34mcolcon.colcon_core.package_identification[0m [1;30mLevel 1[0m _identify(src/dofbot_info) by extension 'colcon_meta'
[0.853s] [34mcolcon.colcon_core.package_identification[0m [1;30mLevel 1[0m _identify(src/dofbot_info) by extensions ['ros']
[0.853s] [34mcolcon.colcon_core.package_identification[0m [1;30mLevel 1[0m _identify(src/dofbot_info) by extension 'ros'
[0.855s] [34mcolcon.colcon_core.package_identification[0m [1;30mDEBUG[0m [32mPackage 'src/dofbot_info' with type 'ros.ament_cmake' and name 'dofbot_info'[0m
[0.855s] [34mcolcon.colcon_core.package_identification[0m [1;30mLevel 1[0m _identify(src/dofbot_moveit) by extensions ['ignore', 'ignore_ament_install']
[0.855s] [34mcolcon.colcon_core.package_identification[0m [1;30mLevel 1[0m _identify(src/dofbot_moveit) by extension 'ignore'
[0.855s] [34mcolcon.colcon_core.package_identification[0m [1;30mLevel 1[0m _identify(src/dofbot_moveit) by extension 'ignore_ament_install'
[0.855s] [34mcolcon.colcon_core.package_identification[0m [1;30mLevel 1[0m _identify(src/dofbot_moveit) by extensions ['colcon_pkg']
[0.855s] [34mcolcon.colcon_core.package_identification[0m [1;30mLevel 1[0m _identify(src/dofbot_moveit) by extension 'colcon_pkg'
[0.856s] [34mcolcon.colcon_core.package_identification[0m [1;30mLevel 1[0m _identify(src/dofbot_moveit) by extensions ['colcon_meta']
[0.856s] [34mcolcon.colcon_core.package_identification[0m [1;30mLevel 1[0m _identify(src/dofbot_moveit) by extension 'colcon_meta'
[0.856s] [34mcolcon.colcon_core.package_identification[0m [1;30mLevel 1[0m _identify(src/dofbot_moveit) by extensions ['ros']
[0.856s] [34mcolcon.colcon_core.package_identification[0m [1;30mLevel 1[0m _identify(src/dofbot_moveit) by extension 'ros'
[0.858s] [34mcolcon.colcon_core.package_identification[0m [1;30mDEBUG[0m [32mPackage 'src/dofbot_moveit' with type 'ros.ament_cmake' and name 'dofbot_moveit'[0m
[0.858s] [34mcolcon.colcon_core.package_identification[0m [1;30mLevel 1[0m _identify(src/robot_arm_bringup) by extensions ['ignore', 'ignore_ament_install']
[0.858s] [34mcolcon.colcon_core.package_identification[0m [1;30mLevel 1[0m _identify(src/robot_arm_bringup) by extension 'ignore'
[0.858s] [34mcolcon.colcon_core.package_identification[0m [1;30mLevel 1[0m _identify(src/robot_arm_bringup) by extension 'ignore_ament_install'
[0.858s] [34mcolcon.colcon_core.package_identification[0m [1;30mLevel 1[0m _identify(src/robot_arm_bringup) by extensions ['colcon_pkg']
[0.859s] [34mcolcon.colcon_core.package_identification[0m [1;30mLevel 1[0m _identify(src/robot_arm_bringup) by extension 'colcon_pkg'
[0.859s] [34mcolcon.colcon_core.package_identification[0m [1;30mLevel 1[0m _identify(src/robot_arm_bringup) by extensions ['colcon_meta']
[0.859s] [34mcolcon.colcon_core.package_identification[0m [1;30mLevel 1[0m _identify(src/robot_arm_bringup) by extension 'colcon_meta'
[0.859s] [34mcolcon.colcon_core.package_identification[0m [1;30mLevel 1[0m _identify(src/robot_arm_bringup) by extensions ['ros']
[0.859s] [34mcolcon.colcon_core.package_identification[0m [1;30mLevel 1[0m _identify(src/robot_arm_bringup) by extension 'ros'
[0.860s] [34mcolcon.colcon_core.package_identification[0m [1;30mDEBUG[0m [32mPackage 'src/robot_arm_bringup' with type 'ros.ament_python' and name 'robot_arm_bringup'[0m
[0.861s] [34mcolcon.colcon_core.package_identification[0m [1;30mLevel 1[0m _identify(src/robot_arm_color_stacking) by extensions ['ignore', 'ignore_ament_install']
[0.861s] [34mcolcon.colcon_core.package_identification[0m [1;30mLevel 1[0m _identify(src/robot_arm_color_stacking) by extension 'ignore'
[0.861s] [34mcolcon.colcon_core.package_identification[0m [1;30mLevel 1[0m _identify(src/robot_arm_color_stacking) by extension 'ignore_ament_install'
[0.861s] [34mcolcon.colcon_core.package_identification[0m [1;30mLevel 1[0m _identify(src/robot_arm_color_stacking) by extensions ['colcon_pkg']
[0.861s] [34mcolcon.colcon_core.package_identification[0m [1;30mLevel 1[0m _identify(src/robot_arm_color_stacking) by extension 'colcon_pkg'
[0.861s] [34mcolcon.colcon_core.package_identification[0m [1;30mLevel 1[0m _identify(src/robot_arm_color_stacking) by extensions ['colcon_meta']
[0.861s] [34mcolcon.colcon_core.package_identification[0m [1;30mLevel 1[0m _identify(src/robot_arm_color_stacking) by extension 'colcon_meta'
[0.862s] [34mcolcon.colcon_core.package_identification[0m [1;30mLevel 1[0m _identify(src/robot_arm_color_stacking) by extensions ['ros']
[0.862s] [34mcolcon.colcon_core.package_identification[0m [1;30mLevel 1[0m _identify(src/robot_arm_color_stacking) by extension 'ros'
[0.863s] [34mcolcon.colcon_core.package_identification[0m [1;30mDEBUG[0m [32mPackage 'src/robot_arm_color_stacking' with type 'ros.ament_python' and name 'robot_arm_color_stacking'[0m
[0.863s] [34mcolcon.colcon_core.package_discovery[0m [1;30mLevel 1[0m discover_packages(recursive) using defaults
[0.863s] [34mcolcon.colcon_core.package_discovery[0m [1;30mLevel 1[0m discover_packages(ignore) discover
[0.863s] [34mcolcon.colcon_core.package_discovery[0m [1;30mLevel 1[0m discover_packages(ignore) using defaults
[0.863s] [34mcolcon.colcon_core.package_discovery[0m [1;30mLevel 1[0m discover_packages(path) discover
[0.864s] [34mcolcon.colcon_core.package_discovery[0m [1;30mLevel 1[0m discover_packages(path) using defaults
[0.906s] [34mcolcon.colcon_core.package_discovery[0m [1;30mLevel 1[0m discover_packages(prefix_path) check parameters
[0.906s] [34mcolcon.colcon_core.package_discovery[0m [1;30mLevel 1[0m discover_packages(prefix_path) discover
[0.911s] [34mcolcon.colcon_installed_package_information.package_discovery[0m [1;30mDEBUG[0m [32mFound 5 installed packages in /root/ascend-devkit/src/E2E-Sample/ros2_robot_arm/ros2_ws/install[0m
[0.913s] [34mcolcon.colcon_installed_package_information.package_discovery[0m [1;30mDEBUG[0m [32mFound 284 installed packages in /opt/ros/humble[0m
[0.917s] [34mcolcon.colcon_core.package_discovery[0m [1;30mLevel 1[0m discover_packages(prefix_path) using defaults
[1.012s] [34mcolcon.colcon_core.verb[0m [1;30mLevel 5[0m set package 'dofbot_info' build argument 'cmake_args' from command line to 'None'
[1.012s] [34mcolcon.colcon_core.verb[0m [1;30mLevel 5[0m set package 'dofbot_info' build argument 'cmake_target' from command line to 'None'
[1.012s] [34mcolcon.colcon_core.verb[0m [1;30mLevel 5[0m set package 'dofbot_info' build argument 'cmake_target_skip_unavailable' from command line to 'False'
[1.012s] [34mcolcon.colcon_core.verb[0m [1;30mLevel 5[0m set package 'dofbot_info' build argument 'cmake_clean_cache' from command line to 'False'
[1.012s] [34mcolcon.colcon_core.verb[0m [1;30mLevel 5[0m set package 'dofbot_info' build argument 'cmake_clean_first' from command line to 'False'
[1.012s] [34mcolcon.colcon_core.verb[0m [1;30mLevel 5[0m set package 'dofbot_info' build argument 'cmake_force_configure' from command line to 'False'
[1.012s] [34mcolcon.colcon_core.verb[0m [1;30mLevel 5[0m set package 'dofbot_info' build argument 'ament_cmake_args' from command line to 'None'
[1.012s] [34mcolcon.colcon_core.verb[0m [1;30mLevel 5[0m set package 'dofbot_info' build argument 'catkin_cmake_args' from command line to 'None'
[1.012s] [34mcolcon.colcon_core.verb[0m [1;30mLevel 5[0m set package 'dofbot_info' build argument 'catkin_skip_building_tests' from command line to 'False'
[1.013s] [34mcolcon.colcon_core.verb[0m [1;30mDEBUG[0m [32mBuilding package 'dofbot_info' with the following arguments: {'ament_cmake_args': None, 'build_base': '/root/ascend-devkit/src/E2E-Sample/ros2_robot_arm/ros2_ws/build/dofbot_info', 'catkin_cmake_args': None, 'catkin_skip_building_tests': False, 'cmake_args': None, 'cmake_clean_cache': False, 'cmake_clean_first': False, 'cmake_force_configure': False, 'cmake_target': None, 'cmake_target_skip_unavailable': False, 'install_base': '/root/ascend-devkit/src/E2E-Sample/ros2_robot_arm/ros2_ws/install/dofbot_info', 'merge_install': False, 'path': '/root/ascend-devkit/src/E2E-Sample/ros2_robot_arm/ros2_ws/src/dofbot_info', 'symlink_install': False, 'test_result_base': None}[0m
[1.014s] [34mcolcon.colcon_core.verb[0m [1;30mLevel 5[0m set package 'robot_arm_bringup' build argument 'cmake_args' from command line to 'None'
[1.014s] [34mcolcon.colcon_core.verb[0m [1;30mLevel 5[0m set package 'robot_arm_bringup' build argument 'cmake_target' from command line to 'None'
[1.014s] [34mcolcon.colcon_core.verb[0m [1;30mLevel 5[0m set package 'robot_arm_bringup' build argument 'cmake_target_skip_unavailable' from command line to 'False'
[1.014s] [34mcolcon.colcon_core.verb[0m [1;30mLevel 5[0m set package 'robot_arm_bringup' build argument 'cmake_clean_cache' from command line to 'False'
[1.014s] [34mcolcon.colcon_core.verb[0m [1;30mLevel 5[0m set package 'robot_arm_bringup' build argument 'cmake_clean_first' from command line to 'False'
[1.014s] [34mcolcon.colcon_core.verb[0m [1;30mLevel 5[0m set package 'robot_arm_bringup' build argument 'cmake_force_configure' from command line to 'False'
[1.014s] [34mcolcon.colcon_core.verb[0m [1;30mLevel 5[0m set package 'robot_arm_bringup' build argument 'ament_cmake_args' from command line to 'None'
[1.014s] [34mcolcon.colcon_core.verb[0m [1;30mLevel 5[0m set package 'robot_arm_bringup' build argument 'catkin_cmake_args' from command line to 'None'
[1.014s] [34mcolcon.colcon_core.verb[0m [1;30mLevel 5[0m set package 'robot_arm_bringup' build argument 'catkin_skip_building_tests' from command line to 'False'
[1.014s] [34mcolcon.colcon_core.verb[0m [1;30mDEBUG[0m [32mBuilding package 'robot_arm_bringup' with the following arguments: {'ament_cmake_args': None, 'build_base': '/root/ascend-devkit/src/E2E-Sample/ros2_robot_arm/ros2_ws/build/robot_arm_bringup', 'catkin_cmake_args': None, 'catkin_skip_building_tests': False, 'cmake_args': None, 'cmake_clean_cache': False, 'cmake_clean_first': False, 'cmake_force_configure': False, 'cmake_target': None, 'cmake_target_skip_unavailable': False, 'install_base': '/root/ascend-devkit/src/E2E-Sample/ros2_robot_arm/ros2_ws/install/robot_arm_bringup', 'merge_install': False, 'path': '/root/ascend-devkit/src/E2E-Sample/ros2_robot_arm/ros2_ws/src/robot_arm_bringup', 'symlink_install': False, 'test_result_base': None}[0m
[1.015s] [34mcolcon.colcon_core.verb[0m [1;30mLevel 5[0m set package 'robot_arm_color_stacking' build argument 'cmake_args' from command line to 'None'
[1.015s] [34mcolcon.colcon_core.verb[0m [1;30mLevel 5[0m set package 'robot_arm_color_stacking' build argument 'cmake_target' from command line to 'None'
[1.015s] [34mcolcon.colcon_core.verb[0m [1;30mLevel 5[0m set package 'robot_arm_color_stacking' build argument 'cmake_target_skip_unavailable' from command line to 'False'
[1.015s] [34mcolcon.colcon_core.verb[0m [1;30mLevel 5[0m set package 'robot_arm_color_stacking' build argument 'cmake_clean_cache' from command line to 'False'
[1.016s] [34mcolcon.colcon_core.verb[0m [1;30mLevel 5[0m set package 'robot_arm_color_stacking' build argument 'cmake_clean_first' from command line to 'False'
[1.016s] [34mcolcon.colcon_core.verb[0m [1;30mLevel 5[0m set package 'robot_arm_color_stacking' build argument 'cmake_force_configure' from command line to 'False'
[1.016s] [34mcolcon.colcon_core.verb[0m [1;30mLevel 5[0m set package 'robot_arm_color_stacking' build argument 'ament_cmake_args' from command line to 'None'
[1.016s] [34mcolcon.colcon_core.verb[0m [1;30mLevel 5[0m set package 'robot_arm_color_stacking' build argument 'catkin_cmake_args' from command line to 'None'
[1.016s] [34mcolcon.colcon_core.verb[0m [1;30mLevel 5[0m set package 'robot_arm_color_stacking' build argument 'catkin_skip_building_tests' from command line to 'False'
[1.016s] [34mcolcon.colcon_core.verb[0m [1;30mDEBUG[0m [32mBuilding package 'robot_arm_color_stacking' with the following arguments: {'ament_cmake_args': None, 'build_base': '/root/ascend-devkit/src/E2E-Sample/ros2_robot_arm/ros2_ws/build/robot_arm_color_stacking', 'catkin_cmake_args': None, 'catkin_skip_building_tests': False, 'cmake_args': None, 'cmake_clean_cache': False, 'cmake_clean_first': False, 'cmake_force_configure': False, 'cmake_target': None, 'cmake_target_skip_unavailable': False, 'install_base': '/root/ascend-devkit/src/E2E-Sample/ros2_robot_arm/ros2_ws/install/robot_arm_color_stacking', 'merge_install': False, 'path': '/root/ascend-devkit/src/E2E-Sample/ros2_robot_arm/ros2_ws/src/robot_arm_color_stacking', 'symlink_install': False, 'test_result_base': None}[0m
[1.017s] [34mcolcon.colcon_core.verb[0m [1;30mLevel 5[0m set package 'dofbot_garbage_yolov5' build argument 'cmake_args' from command line to 'None'
[1.017s] [34mcolcon.colcon_core.verb[0m [1;30mLevel 5[0m set package 'dofbot_garbage_yolov5' build argument 'cmake_target' from command line to 'None'
[1.017s] [34mcolcon.colcon_core.verb[0m [1;30mLevel 5[0m set package 'dofbot_garbage_yolov5' build argument 'cmake_target_skip_unavailable' from command line to 'False'
[1.017s] [34mcolcon.colcon_core.verb[0m [1;30mLevel 5[0m set package 'dofbot_garbage_yolov5' build argument 'cmake_clean_cache' from command line to 'False'
[1.017s] [34mcolcon.colcon_core.verb[0m [1;30mLevel 5[0m set package 'dofbot_garbage_yolov5' build argument 'cmake_clean_first' from command line to 'False'
[1.017s] [34mcolcon.colcon_core.verb[0m [1;30mLevel 5[0m set package 'dofbot_garbage_yolov5' build argument 'cmake_force_configure' from command line to 'False'
[1.017s] [34mcolcon.colcon_core.verb[0m [1;30mLevel 5[0m set package 'dofbot_garbage_yolov5' build argument 'ament_cmake_args' from command line to 'None'
[1.017s] [34mcolcon.colcon_core.verb[0m [1;30mLevel 5[0m set package 'dofbot_garbage_yolov5' build argument 'catkin_cmake_args' from command line to 'None'
[1.017s] [34mcolcon.colcon_core.verb[0m [1;30mLevel 5[0m set package 'dofbot_garbage_yolov5' build argument 'catkin_skip_building_tests' from command line to 'False'
[1.018s] [34mcolcon.colcon_core.verb[0m [1;30mDEBUG[0m [32mBuilding package 'dofbot_garbage_yolov5' with the following arguments: {'ament_cmake_args': None, 'build_base': '/root/ascend-devkit/src/E2E-Sample/ros2_robot_arm/ros2_ws/build/dofbot_garbage_yolov5', 'catkin_cmake_args': None, 'catkin_skip_building_tests': False, 'cmake_args': None, 'cmake_clean_cache': False, 'cmake_clean_first': False, 'cmake_force_configure': False, 'cmake_target': None, 'cmake_target_skip_unavailable': False, 'install_base': '/root/ascend-devkit/src/E2E-Sample/ros2_robot_arm/ros2_ws/install/dofbot_garbage_yolov5', 'merge_install': False, 'path': '/root/ascend-devkit/src/E2E-Sample/ros2_robot_arm/ros2_ws/src/dofbot_garbage_yolov5', 'symlink_install': False, 'test_result_base': None}[0m
[1.018s] [34mcolcon.colcon_core.verb[0m [1;30mLevel 5[0m set package 'dofbot_moveit' build argument 'cmake_args' from command line to 'None'
[1.019s] [34mcolcon.colcon_core.verb[0m [1;30mLevel 5[0m set package 'dofbot_moveit' build argument 'cmake_target' from command line to 'None'
[1.019s] [34mcolcon.colcon_core.verb[0m [1;30mLevel 5[0m set package 'dofbot_moveit' build argument 'cmake_target_skip_unavailable' from command line to 'False'
[1.019s] [34mcolcon.colcon_core.verb[0m [1;30mLevel 5[0m set package 'dofbot_moveit' build argument 'cmake_clean_cache' from command line to 'False'
[1.019s] [34mcolcon.colcon_core.verb[0m [1;30mLevel 5[0m set package 'dofbot_moveit' build argument 'cmake_clean_first' from command line to 'False'
[1.019s] [34mcolcon.colcon_core.verb[0m [1;30mLevel 5[0m set package 'dofbot_moveit' build argument 'cmake_force_configure' from command line to 'False'
[1.019s] [34mcolcon.colcon_core.verb[0m [1;30mLevel 5[0m set package 'dofbot_moveit' build argument 'ament_cmake_args' from command line to 'None'
[1.019s] [34mcolcon.colcon_core.verb[0m [1;30mLevel 5[0m set package 'dofbot_moveit' build argument 'catkin_cmake_args' from command line to 'None'
[1.019s] [34mcolcon.colcon_core.verb[0m [1;30mLevel 5[0m set package 'dofbot_moveit' build argument 'catkin_skip_building_tests' from command line to 'False'
[1.019s] [34mcolcon.colcon_core.verb[0m [1;30mDEBUG[0m [32mBuilding package 'dofbot_moveit' with the following arguments: {'ament_cmake_args': None, 'build_base': '/root/ascend-devkit/src/E2E-Sample/ros2_robot_arm/ros2_ws/build/dofbot_moveit', 'catkin_cmake_args': None, 'catkin_skip_building_tests': False, 'cmake_args': None, 'cmake_clean_cache': False, 'cmake_clean_first': False, 'cmake_force_configure': False, 'cmake_target': None, 'cmake_target_skip_unavailable': False, 'install_base': '/root/ascend-devkit/src/E2E-Sample/ros2_robot_arm/ros2_ws/install/dofbot_moveit', 'merge_install': False, 'path': '/root/ascend-devkit/src/E2E-Sample/ros2_robot_arm/ros2_ws/src/dofbot_moveit', 'symlink_install': False, 'test_result_base': None}[0m
[1.020s] [34mcolcon.colcon_core.executor[0m [1;30mINFO[0m Executing jobs using 'parallel' executor
[1.022s] [34mcolcon.colcon_parallel_executor.executor.parallel[0m [1;30mDEBUG[0m [32mrun_until_complete[0m
[1.022s] [34mcolcon.colcon_ros.task.ament_cmake.build[0m [1;30mINFO[0m Building ROS package in '/root/ascend-devkit/src/E2E-Sample/ros2_robot_arm/ros2_ws/src/dofbot_info' with build type 'ament_cmake'
[1.023s] [34mcolcon.colcon_cmake.task.cmake.build[0m [1;30mINFO[0m Building CMake package in '/root/ascend-devkit/src/E2E-Sample/ros2_robot_arm/ros2_ws/src/dofbot_info'
[1.027s] [34mcolcon.colcon_core.plugin_system[0m [1;30mINFO[0m Skipping extension 'colcon_core.shell.bat': Not used on non-Windows systems
[1.028s] [34mcolcon.colcon_core.shell[0m [1;30mINFO[0m Skip shell extension 'powershell' for command environment: Not usable outside of PowerShell
[1.028s] [34mcolcon.colcon_core.shell[0m [1;30mDEBUG[0m [32mSkip shell extension 'dsv' for command environment[0m
[1.036s] [34mcolcon.colcon_ros.task.ament_python.build[0m [1;30mINFO[0m Building ROS package in '/root/ascend-devkit/src/E2E-Sample/ros2_robot_arm/ros2_ws/src/robot_arm_bringup' with build type 'ament_python'
[1.036s] [34mcolcon.colcon_core.shell[0m [1;30mLevel 1[0m create_environment_hook('robot_arm_bringup', 'ament_prefix_path')
[1.037s] [34mcolcon.colcon_core.shell[0m [1;30mINFO[0m Creating environment hook '/root/ascend-devkit/src/E2E-Sample/ros2_robot_arm/ros2_ws/install/robot_arm_bringup/share/robot_arm_bringup/hook/ament_prefix_path.ps1'
[1.038s] [34mcolcon.colcon_core.shell[0m [1;30mINFO[0m Creating environment descriptor '/root/ascend-devkit/src/E2E-Sample/ros2_robot_arm/ros2_ws/install/robot_arm_bringup/share/robot_arm_bringup/hook/ament_prefix_path.dsv'
[1.039s] [34mcolcon.colcon_core.shell[0m [1;30mINFO[0m Creating environment hook '/root/ascend-devkit/src/E2E-Sample/ros2_robot_arm/ros2_ws/install/robot_arm_bringup/share/robot_arm_bringup/hook/ament_prefix_path.sh'
[1.042s] [34mcolcon.colcon_core.shell[0m [1;30mINFO[0m Skip shell extension 'powershell' for command environment: Not usable outside of PowerShell
[1.042s] [34mcolcon.colcon_core.shell[0m [1;30mDEBUG[0m [32mSkip shell extension 'dsv' for command environment[0m
[1.048s] [34mcolcon.colcon_ros.task.ament_python.build[0m [1;30mINFO[0m Building ROS package in '/root/ascend-devkit/src/E2E-Sample/ros2_robot_arm/ros2_ws/src/robot_arm_color_stacking' with build type 'ament_python'
[1.049s] [34mcolcon.colcon_core.shell[0m [1;30mLevel 1[0m create_environment_hook('robot_arm_color_stacking', 'ament_prefix_path')
[1.049s] [34mcolcon.colcon_core.shell[0m [1;30mINFO[0m Creating environment hook '/root/ascend-devkit/src/E2E-Sample/ros2_robot_arm/ros2_ws/install/robot_arm_color_stacking/share/robot_arm_color_stacking/hook/ament_prefix_path.ps1'
[1.051s] [34mcolcon.colcon_core.shell[0m [1;30mINFO[0m Creating environment descriptor '/root/ascend-devkit/src/E2E-Sample/ros2_robot_arm/ros2_ws/install/robot_arm_color_stacking/share/robot_arm_color_stacking/hook/ament_prefix_path.dsv'
[1.051s] [34mcolcon.colcon_core.shell[0m [1;30mINFO[0m Creating environment hook '/root/ascend-devkit/src/E2E-Sample/ros2_robot_arm/ros2_ws/install/robot_arm_color_stacking/share/robot_arm_color_stacking/hook/ament_prefix_path.sh'
[1.053s] [34mcolcon.colcon_core.shell[0m [1;30mINFO[0m Skip shell extension 'powershell' for command environment: Not usable outside of PowerShell
[1.053s] [34mcolcon.colcon_core.shell[0m [1;30mDEBUG[0m [32mSkip shell extension 'dsv' for command environment[0m
[1.067s] [34mcolcon.colcon_core.event_handler.log_command[0m [1;30mDEBUG[0m [32mInvoking command in '/root/ascend-devkit/src/E2E-Sample/ros2_robot_arm/ros2_ws/build/dofbot_info': CMAKE_PREFIX_PATH=${CMAKE_PREFIX_PATH}:/root/ascend-devkit/src/E2E-Sample/ros2_robot_arm/ros2_ws/install/robot_arm_color_stacking:/root/ascend-devkit/src/E2E-Sample/ros2_robot_arm/ros2_ws/install/robot_arm_bringup:/root/ascend-devkit/src/E2E-Sample/ros2_robot_arm/ros2_ws/install/dofbot_garbage_yolov5:/opt/ros/humble /usr/bin/cmake --build /root/ascend-devkit/src/E2E-Sample/ros2_robot_arm/ros2_ws/build/dofbot_info -- -j3 -l3[0m
[1.790s] [34mcolcon.colcon_core.task.python.build[0m [1;30mINFO[0m Building Python package in '/root/ascend-devkit/src/E2E-Sample/ros2_robot_arm/ros2_ws/src/robot_arm_bringup'
[1.790s] [34mcolcon.colcon_core.shell[0m [1;30mINFO[0m Skip shell extension 'powershell' for command environment: Not usable outside of PowerShell
[1.791s] [34mcolcon.colcon_core.shell[0m [1;30mDEBUG[0m [32mSkip shell extension 'dsv' for command environment[0m
[2.524s] [34mcolcon.colcon_core.task.python.build[0m [1;30mINFO[0m Building Python package in '/root/ascend-devkit/src/E2E-Sample/ros2_robot_arm/ros2_ws/src/robot_arm_color_stacking'
[2.525s] [34mcolcon.colcon_core.shell[0m [1;30mINFO[0m Skip shell extension 'powershell' for command environment: Not usable outside of PowerShell
[2.525s] [34mcolcon.colcon_core.shell[0m [1;30mDEBUG[0m [32mSkip shell extension 'dsv' for command environment[0m
[2.538s] [34mcolcon.colcon_core.event_handler.log_command[0m [1;30mDEBUG[0m [32mInvoked command in '/root/ascend-devkit/src/E2E-Sample/ros2_robot_arm/ros2_ws/build/dofbot_info' returned '0': CMAKE_PREFIX_PATH=${CMAKE_PREFIX_PATH}:/root/ascend-devkit/src/E2E-Sample/ros2_robot_arm/ros2_ws/install/robot_arm_color_stacking:/root/ascend-devkit/src/E2E-Sample/ros2_robot_arm/ros2_ws/install/robot_arm_bringup:/root/ascend-devkit/src/E2E-Sample/ros2_robot_arm/ros2_ws/install/dofbot_garbage_yolov5:/opt/ros/humble /usr/bin/cmake --build /root/ascend-devkit/src/E2E-Sample/ros2_robot_arm/ros2_ws/build/dofbot_info -- -j3 -l3[0m
[2.557s] [34mcolcon.colcon_core.event_handler.log_command[0m [1;30mDEBUG[0m [32mInvoking command in '/root/ascend-devkit/src/E2E-Sample/ros2_robot_arm/ros2_ws/build/dofbot_info': CMAKE_PREFIX_PATH=${CMAKE_PREFIX_PATH}:/root/ascend-devkit/src/E2E-Sample/ros2_robot_arm/ros2_ws/install/robot_arm_color_stacking:/root/ascend-devkit/src/E2E-Sample/ros2_robot_arm/ros2_ws/install/robot_arm_bringup:/root/ascend-devkit/src/E2E-Sample/ros2_robot_arm/ros2_ws/install/dofbot_garbage_yolov5:/opt/ros/humble /usr/bin/cmake --install /root/ascend-devkit/src/E2E-Sample/ros2_robot_arm/ros2_ws/build/dofbot_info[0m
[2.714s] [34mcolcon.colcon_core.environment[0m [1;30mLevel 1[0m create_environment_scripts_only(dofbot_info)
[2.719s] [34mcolcon.colcon_core.environment[0m [1;30mLevel 1[0m checking '/root/ascend-devkit/src/E2E-Sample/ros2_robot_arm/ros2_ws/install/dofbot_info' for CMake module files
[2.721s] [34mcolcon.colcon_core.environment[0m [1;30mLevel 1[0m checking '/root/ascend-devkit/src/E2E-Sample/ros2_robot_arm/ros2_ws/install/dofbot_info' for CMake config files
[2.722s] [34mcolcon.colcon_core.shell[0m [1;30mLevel 1[0m create_environment_hook('dofbot_info', 'cmake_prefix_path')
[2.723s] [34mcolcon.colcon_core.shell[0m [1;30mINFO[0m Creating environment hook '/root/ascend-devkit/src/E2E-Sample/ros2_robot_arm/ros2_ws/install/dofbot_info/share/dofbot_info/hook/cmake_prefix_path.ps1'
[2.724s] [34mcolcon.colcon_core.event_handler.log_command[0m [1;30mDEBUG[0m [32mInvoked command in '/root/ascend-devkit/src/E2E-Sample/ros2_robot_arm/ros2_ws/build/dofbot_info' returned '0': CMAKE_PREFIX_PATH=${CMAKE_PREFIX_PATH}:/root/ascend-devkit/src/E2E-Sample/ros2_robot_arm/ros2_ws/install/robot_arm_color_stacking:/root/ascend-devkit/src/E2E-Sample/ros2_robot_arm/ros2_ws/install/robot_arm_bringup:/root/ascend-devkit/src/E2E-Sample/ros2_robot_arm/ros2_ws/install/dofbot_garbage_yolov5:/opt/ros/humble /usr/bin/cmake --install /root/ascend-devkit/src/E2E-Sample/ros2_robot_arm/ros2_ws/build/dofbot_info[0m
[2.725s] [34mcolcon.colcon_core.shell[0m [1;30mINFO[0m Creating environment descriptor '/root/ascend-devkit/src/E2E-Sample/ros2_robot_arm/ros2_ws/install/dofbot_info/share/dofbot_info/hook/cmake_prefix_path.dsv'
[2.726s] [34mcolcon.colcon_core.shell[0m [1;30mINFO[0m Creating environment hook '/root/ascend-devkit/src/E2E-Sample/ros2_robot_arm/ros2_ws/install/dofbot_info/share/dofbot_info/hook/cmake_prefix_path.sh'
[2.728s] [34mcolcon.colcon_core.environment[0m [1;30mLevel 1[0m checking '/root/ascend-devkit/src/E2E-Sample/ros2_robot_arm/ros2_ws/install/dofbot_info/lib'
[2.728s] [34mcolcon.colcon_core.shell[0m [1;30mLevel 1[0m create_environment_hook('dofbot_info', 'ld_library_path_lib')
[2.729s] [34mcolcon.colcon_core.shell[0m [1;30mINFO[0m Creating environment hook '/root/ascend-devkit/src/E2E-Sample/ros2_robot_arm/ros2_ws/install/dofbot_info/share/dofbot_info/hook/ld_library_path_lib.ps1'
[2.730s] [34mcolcon.colcon_core.shell[0m [1;30mINFO[0m Creating environment descriptor '/root/ascend-devkit/src/E2E-Sample/ros2_robot_arm/ros2_ws/install/dofbot_info/share/dofbot_info/hook/ld_library_path_lib.dsv'
[2.731s] [34mcolcon.colcon_core.shell[0m [1;30mINFO[0m Creating environment hook '/root/ascend-devkit/src/E2E-Sample/ros2_robot_arm/ros2_ws/install/dofbot_info/share/dofbot_info/hook/ld_library_path_lib.sh'
[2.732s] [34mcolcon.colcon_core.environment[0m [1;30mLevel 1[0m checking '/root/ascend-devkit/src/E2E-Sample/ros2_robot_arm/ros2_ws/install/dofbot_info/bin'
[2.733s] [34mcolcon.colcon_core.environment[0m [1;30mLevel 1[0m checking '/root/ascend-devkit/src/E2E-Sample/ros2_robot_arm/ros2_ws/install/dofbot_info/lib/pkgconfig/dofbot_info.pc'
[2.733s] [34mcolcon.colcon_core.environment[0m [1;30mLevel 1[0m checking '/root/ascend-devkit/src/E2E-Sample/ros2_robot_arm/ros2_ws/install/dofbot_info/lib/python3.10/site-packages'
[2.734s] [34mcolcon.colcon_core.environment[0m [1;30mLevel 1[0m checking '/root/ascend-devkit/src/E2E-Sample/ros2_robot_arm/ros2_ws/install/dofbot_info/bin'
[2.735s] [34mcolcon.colcon_core.shell[0m [1;30mINFO[0m Creating package script '/root/ascend-devkit/src/E2E-Sample/ros2_robot_arm/ros2_ws/install/dofbot_info/share/dofbot_info/package.ps1'
[2.737s] [34mcolcon.colcon_core.shell[0m [1;30mINFO[0m Creating package descriptor '/root/ascend-devkit/src/E2E-Sample/ros2_robot_arm/ros2_ws/install/dofbot_info/share/dofbot_info/package.dsv'
[2.738s] [34mcolcon.colcon_core.shell[0m [1;30mINFO[0m Creating package script '/root/ascend-devkit/src/E2E-Sample/ros2_robot_arm/ros2_ws/install/dofbot_info/share/dofbot_info/package.sh'
[2.740s] [34mcolcon.colcon_core.shell[0m [1;30mINFO[0m Creating package script '/root/ascend-devkit/src/E2E-Sample/ros2_robot_arm/ros2_ws/install/dofbot_info/share/dofbot_info/package.bash'
[2.742s] [34mcolcon.colcon_core.shell[0m [1;30mINFO[0m Creating package script '/root/ascend-devkit/src/E2E-Sample/ros2_robot_arm/ros2_ws/install/dofbot_info/share/dofbot_info/package.zsh'
[2.744s] [34mcolcon.colcon_core.environment[0m [1;30mLevel 1[0m create_file_with_runtime_dependencies(/root/ascend-devkit/src/E2E-Sample/ros2_robot_arm/ros2_ws/install/dofbot_info/share/colcon-core/packages/dofbot_info)
[2.746s] [34mcolcon.colcon_core.environment[0m [1;30mLevel 1[0m create_environment_scripts_only(dofbot_info)
[2.746s] [34mcolcon.colcon_core.environment[0m [1;30mLevel 1[0m checking '/root/ascend-devkit/src/E2E-Sample/ros2_robot_arm/ros2_ws/install/dofbot_info' for CMake module files
[2.748s] [34mcolcon.colcon_core.environment[0m [1;30mLevel 1[0m checking '/root/ascend-devkit/src/E2E-Sample/ros2_robot_arm/ros2_ws/install/dofbot_info' for CMake config files
[2.749s] [34mcolcon.colcon_core.shell[0m [1;30mLevel 1[0m create_environment_hook('dofbot_info', 'cmake_prefix_path')
[2.750s] [34mcolcon.colcon_core.shell[0m [1;30mINFO[0m Creating environment hook '/root/ascend-devkit/src/E2E-Sample/ros2_robot_arm/ros2_ws/install/dofbot_info/share/dofbot_info/hook/cmake_prefix_path.ps1'
[2.751s] [34mcolcon.colcon_core.shell[0m [1;30mINFO[0m Creating environment descriptor '/root/ascend-devkit/src/E2E-Sample/ros2_robot_arm/ros2_ws/install/dofbot_info/share/dofbot_info/hook/cmake_prefix_path.dsv'
[2.752s] [34mcolcon.colcon_core.shell[0m [1;30mINFO[0m Creating environment hook '/root/ascend-devkit/src/E2E-Sample/ros2_robot_arm/ros2_ws/install/dofbot_info/share/dofbot_info/hook/cmake_prefix_path.sh'
[2.754s] [34mcolcon.colcon_core.environment[0m [1;30mLevel 1[0m checking '/root/ascend-devkit/src/E2E-Sample/ros2_robot_arm/ros2_ws/install/dofbot_info/lib'
[2.754s] [34mcolcon.colcon_core.shell[0m [1;30mLevel 1[0m create_environment_hook('dofbot_info', 'ld_library_path_lib')
[2.754s] [34mcolcon.colcon_core.shell[0m [1;30mINFO[0m Creating environment hook '/root/ascend-devkit/src/E2E-Sample/ros2_robot_arm/ros2_ws/install/dofbot_info/share/dofbot_info/hook/ld_library_path_lib.ps1'
[2.755s] [34mcolcon.colcon_core.shell[0m [1;30mINFO[0m Creating environment descriptor '/root/ascend-devkit/src/E2E-Sample/ros2_robot_arm/ros2_ws/install/dofbot_info/share/dofbot_info/hook/ld_library_path_lib.dsv'
[2.756s] [34mcolcon.colcon_core.shell[0m [1;30mINFO[0m Creating environment hook '/root/ascend-devkit/src/E2E-Sample/ros2_robot_arm/ros2_ws/install/dofbot_info/share/dofbot_info/hook/ld_library_path_lib.sh'
[2.757s] [34mcolcon.colcon_core.environment[0m [1;30mLevel 1[0m checking '/root/ascend-devkit/src/E2E-Sample/ros2_robot_arm/ros2_ws/install/dofbot_info/bin'
[2.758s] [34mcolcon.colcon_core.environment[0m [1;30mLevel 1[0m checking '/root/ascend-devkit/src/E2E-Sample/ros2_robot_arm/ros2_ws/install/dofbot_info/lib/pkgconfig/dofbot_info.pc'
[2.758s] [34mcolcon.colcon_core.environment[0m [1;30mLevel 1[0m checking '/root/ascend-devkit/src/E2E-Sample/ros2_robot_arm/ros2_ws/install/dofbot_info/lib/python3.10/site-packages'
[2.759s] [34mcolcon.colcon_core.environment[0m [1;30mLevel 1[0m checking '/root/ascend-devkit/src/E2E-Sample/ros2_robot_arm/ros2_ws/install/dofbot_info/bin'
[2.760s] [34mcolcon.colcon_core.shell[0m [1;30mINFO[0m Creating package script '/root/ascend-devkit/src/E2E-Sample/ros2_robot_arm/ros2_ws/install/dofbot_info/share/dofbot_info/package.ps1'
[2.761s] [34mcolcon.colcon_core.shell[0m [1;30mINFO[0m Creating package descriptor '/root/ascend-devkit/src/E2E-Sample/ros2_robot_arm/ros2_ws/install/dofbot_info/share/dofbot_info/package.dsv'
[2.762s] [34mcolcon.colcon_core.shell[0m [1;30mINFO[0m Creating package script '/root/ascend-devkit/src/E2E-Sample/ros2_robot_arm/ros2_ws/install/dofbot_info/share/dofbot_info/package.sh'
[2.764s] [34mcolcon.colcon_core.shell[0m [1;30mINFO[0m Creating package script '/root/ascend-devkit/src/E2E-Sample/ros2_robot_arm/ros2_ws/install/dofbot_info/share/dofbot_info/package.bash'
[2.765s] [34mcolcon.colcon_core.shell[0m [1;30mINFO[0m Creating package script '/root/ascend-devkit/src/E2E-Sample/ros2_robot_arm/ros2_ws/install/dofbot_info/share/dofbot_info/package.zsh'
[2.766s] [34mcolcon.colcon_core.environment[0m [1;30mLevel 1[0m create_file_with_runtime_dependencies(/root/ascend-devkit/src/E2E-Sample/ros2_robot_arm/ros2_ws/install/dofbot_info/share/colcon-core/packages/dofbot_info)
[2.768s] [34mcolcon.colcon_ros.task.ament_python.build[0m [1;30mINFO[0m Building ROS package in '/root/ascend-devkit/src/E2E-Sample/ros2_robot_arm/ros2_ws/src/dofbot_garbage_yolov5' with build type 'ament_python'
[2.768s] [34mcolcon.colcon_core.shell[0m [1;30mLevel 1[0m create_environment_hook('dofbot_garbage_yolov5', 'ament_prefix_path')
[2.769s] [34mcolcon.colcon_core.shell[0m [1;30mINFO[0m Creating environment hook '/root/ascend-devkit/src/E2E-Sample/ros2_robot_arm/ros2_ws/install/dofbot_garbage_yolov5/share/dofbot_garbage_yolov5/hook/ament_prefix_path.ps1'
[2.770s] [34mcolcon.colcon_core.shell[0m [1;30mINFO[0m Creating environment descriptor '/root/ascend-devkit/src/E2E-Sample/ros2_robot_arm/ros2_ws/install/dofbot_garbage_yolov5/share/dofbot_garbage_yolov5/hook/ament_prefix_path.dsv'
[2.771s] [34mcolcon.colcon_core.shell[0m [1;30mINFO[0m Creating environment hook '/root/ascend-devkit/src/E2E-Sample/ros2_robot_arm/ros2_ws/install/dofbot_garbage_yolov5/share/dofbot_garbage_yolov5/hook/ament_prefix_path.sh'
[2.773s] [34mcolcon.colcon_core.shell[0m [1;30mINFO[0m Skip shell extension 'powershell' for command environment: Not usable outside of PowerShell
[2.773s] [34mcolcon.colcon_core.shell[0m [1;30mDEBUG[0m [32mSkip shell extension 'dsv' for command environment[0m
[3.525s] [34mcolcon.colcon_core.task.python.build[0m [1;30mINFO[0m Building Python package in '/root/ascend-devkit/src/E2E-Sample/ros2_robot_arm/ros2_ws/src/dofbot_garbage_yolov5'
[3.526s] [34mcolcon.colcon_core.shell[0m [1;30mINFO[0m Skip shell extension 'powershell' for command environment: Not usable outside of PowerShell
[3.526s] [34mcolcon.colcon_core.shell[0m [1;30mDEBUG[0m [32mSkip shell extension 'dsv' for command environment[0m
[3.540s] [34mcolcon.colcon_core.event_handler.log_command[0m [1;30mDEBUG[0m [32mInvoking command in '/root/ascend-devkit/src/E2E-Sample/ros2_robot_arm/ros2_ws/src/robot_arm_bringup': PYTHONPATH=/root/ascend-devkit/src/E2E-Sample/ros2_robot_arm/ros2_ws/build/robot_arm_bringup/prefix_override:/usr/lib/python3/dist-packages/colcon_core/task/python/colcon_distutils_commands:/root/ascend-devkit/src/E2E-Sample/ros2_robot_arm/ros2_ws/install/robot_arm_bringup/lib/python3.10/site-packages:${PYTHONPATH} /usr/bin/python3 -W ignore:setup.py install is deprecated -W ignore:easy_install command is deprecated setup.py egg_info --egg-base ../../build/robot_arm_bringup build --build-base /root/ascend-devkit/src/E2E-Sample/ros2_robot_arm/ros2_ws/build/robot_arm_bringup/build install --record /root/ascend-devkit/src/E2E-Sample/ros2_robot_arm/ros2_ws/build/robot_arm_bringup/install.log --single-version-externally-managed install_data[0m
[3.590s] [34mcolcon.colcon_core.event_handler.log_command[0m [1;30mDEBUG[0m [32mInvoking command in '/root/ascend-devkit/src/E2E-Sample/ros2_robot_arm/ros2_ws/src/robot_arm_color_stacking': PYTHONPATH=/root/ascend-devkit/src/E2E-Sample/ros2_robot_arm/ros2_ws/build/robot_arm_color_stacking/prefix_override:/usr/lib/python3/dist-packages/colcon_core/task/python/colcon_distutils_commands:/root/ascend-devkit/src/E2E-Sample/ros2_robot_arm/ros2_ws/install/robot_arm_color_stacking/lib/python3.10/site-packages:${PYTHONPATH} /usr/bin/python3 -W ignore:setup.py install is deprecated -W ignore:easy_install command is deprecated setup.py egg_info --egg-base ../../build/robot_arm_color_stacking build --build-base /root/ascend-devkit/src/E2E-Sample/ros2_robot_arm/ros2_ws/build/robot_arm_color_stacking/build install --record /root/ascend-devkit/src/E2E-Sample/ros2_robot_arm/ros2_ws/build/robot_arm_color_stacking/install.log --single-version-externally-managed install_data[0m
[4.385s] [34mcolcon.colcon_core.environment[0m [1;30mLevel 1[0m checking '/root/ascend-devkit/src/E2E-Sample/ros2_robot_arm/ros2_ws/install/robot_arm_bringup' for CMake module files
[4.387s] [34mcolcon.colcon_core.event_handler.log_command[0m [1;30mDEBUG[0m [32mInvoked command in '/root/ascend-devkit/src/E2E-Sample/ros2_robot_arm/ros2_ws/src/robot_arm_bringup' returned '0': PYTHONPATH=/root/ascend-devkit/src/E2E-Sample/ros2_robot_arm/ros2_ws/build/robot_arm_bringup/prefix_override:/usr/lib/python3/dist-packages/colcon_core/task/python/colcon_distutils_commands:/root/ascend-devkit/src/E2E-Sample/ros2_robot_arm/ros2_ws/install/robot_arm_bringup/lib/python3.10/site-packages:${PYTHONPATH} /usr/bin/python3 -W ignore:setup.py install is deprecated -W ignore:easy_install command is deprecated setup.py egg_info --egg-base ../../build/robot_arm_bringup build --build-base /root/ascend-devkit/src/E2E-Sample/ros2_robot_arm/ros2_ws/build/robot_arm_bringup/build install --record /root/ascend-devkit/src/E2E-Sample/ros2_robot_arm/ros2_ws/build/robot_arm_bringup/install.log --single-version-externally-managed install_data[0m
[4.387s] [34mcolcon.colcon_core.environment[0m [1;30mLevel 1[0m checking '/root/ascend-devkit/src/E2E-Sample/ros2_robot_arm/ros2_ws/install/robot_arm_bringup' for CMake config files
[4.388s] [34mcolcon.colcon_core.environment[0m [1;30mLevel 1[0m checking '/root/ascend-devkit/src/E2E-Sample/ros2_robot_arm/ros2_ws/install/robot_arm_bringup/lib'
[4.389s] [34mcolcon.colcon_core.environment[0m [1;30mLevel 1[0m checking '/root/ascend-devkit/src/E2E-Sample/ros2_robot_arm/ros2_ws/install/robot_arm_bringup/bin'
[4.389s] [34mcolcon.colcon_core.environment[0m [1;30mLevel 1[0m checking '/root/ascend-devkit/src/E2E-Sample/ros2_robot_arm/ros2_ws/install/robot_arm_bringup/lib/pkgconfig/robot_arm_bringup.pc'
[4.390s] [34mcolcon.colcon_core.environment[0m [1;30mLevel 1[0m checking '/root/ascend-devkit/src/E2E-Sample/ros2_robot_arm/ros2_ws/install/robot_arm_bringup/lib/python3.10/site-packages'
[4.390s] [34mcolcon.colcon_core.shell[0m [1;30mLevel 1[0m create_environment_hook('robot_arm_bringup', 'pythonpath')
[4.390s] [34mcolcon.colcon_core.shell[0m [1;30mINFO[0m Creating environment hook '/root/ascend-devkit/src/E2E-Sample/ros2_robot_arm/ros2_ws/install/robot_arm_bringup/share/robot_arm_bringup/hook/pythonpath.ps1'
[4.392s] [34mcolcon.colcon_core.shell[0m [1;30mINFO[0m Creating environment descriptor '/root/ascend-devkit/src/E2E-Sample/ros2_robot_arm/ros2_ws/install/robot_arm_bringup/share/robot_arm_bringup/hook/pythonpath.dsv'
[4.393s] [34mcolcon.colcon_core.shell[0m [1;30mINFO[0m Creating environment hook '/root/ascend-devkit/src/E2E-Sample/ros2_robot_arm/ros2_ws/install/robot_arm_bringup/share/robot_arm_bringup/hook/pythonpath.sh'
[4.394s] [34mcolcon.colcon_core.environment[0m [1;30mLevel 1[0m checking '/root/ascend-devkit/src/E2E-Sample/ros2_robot_arm/ros2_ws/install/robot_arm_bringup/bin'
[4.395s] [34mcolcon.colcon_core.environment[0m [1;30mLevel 1[0m create_environment_scripts_only(robot_arm_bringup)
[4.396s] [34mcolcon.colcon_core.shell[0m [1;30mINFO[0m Creating package script '/root/ascend-devkit/src/E2E-Sample/ros2_robot_arm/ros2_ws/install/robot_arm_bringup/share/robot_arm_bringup/package.ps1'
[4.397s] [34mcolcon.colcon_core.shell[0m [1;30mINFO[0m Creating package descriptor '/root/ascend-devkit/src/E2E-Sample/ros2_robot_arm/ros2_ws/install/robot_arm_bringup/share/robot_arm_bringup/package.dsv'
[4.398s] [34mcolcon.colcon_core.shell[0m [1;30mINFO[0m Creating package script '/root/ascend-devkit/src/E2E-Sample/ros2_robot_arm/ros2_ws/install/robot_arm_bringup/share/robot_arm_bringup/package.sh'
[4.400s] [34mcolcon.colcon_core.shell[0m [1;30mINFO[0m Creating package script '/root/ascend-devkit/src/E2E-Sample/ros2_robot_arm/ros2_ws/install/robot_arm_bringup/share/robot_arm_bringup/package.bash'
[4.401s] [34mcolcon.colcon_core.shell[0m [1;30mINFO[0m Creating package script '/root/ascend-devkit/src/E2E-Sample/ros2_robot_arm/ros2_ws/install/robot_arm_bringup/share/robot_arm_bringup/package.zsh'
[4.402s] [34mcolcon.colcon_core.environment[0m [1;30mLevel 1[0m create_file_with_runtime_dependencies(/root/ascend-devkit/src/E2E-Sample/ros2_robot_arm/ros2_ws/install/robot_arm_bringup/share/colcon-core/packages/robot_arm_bringup)
[4.403s] [34mcolcon.colcon_ros.task.ament_cmake.build[0m [1;30mINFO[0m Building ROS package in '/root/ascend-devkit/src/E2E-Sample/ros2_robot_arm/ros2_ws/src/dofbot_moveit' with build type 'ament_cmake'
[4.403s] [34mcolcon.colcon_cmake.task.cmake.build[0m [1;30mINFO[0m Building CMake package in '/root/ascend-devkit/src/E2E-Sample/ros2_robot_arm/ros2_ws/src/dofbot_moveit'
[4.404s] [34mcolcon.colcon_core.shell[0m [1;30mINFO[0m Skip shell extension 'powershell' for command environment: Not usable outside of PowerShell
[4.404s] [34mcolcon.colcon_core.shell[0m [1;30mDEBUG[0m [32mSkip shell extension 'dsv' for command environment[0m
[4.435s] [34mcolcon.colcon_core.event_handler.log_command[0m [1;30mDEBUG[0m [32mInvoking command in '/root/ascend-devkit/src/E2E-Sample/ros2_robot_arm/ros2_ws/build/dofbot_moveit': CMAKE_PREFIX_PATH=/root/ascend-devkit/src/E2E-Sample/ros2_robot_arm/ros2_ws/install/dofbot_info:/root/ascend-devkit/src/E2E-Sample/ros2_robot_arm/ros2_ws/install/dofbot_moveit:/root/ascend-devkit/src/E2E-Sample/ros2_robot_arm/ros2_ws/install/robot_arm_color_stacking:/root/ascend-devkit/src/E2E-Sample/ros2_robot_arm/ros2_ws/install/robot_arm_bringup:/root/ascend-devkit/src/E2E-Sample/ros2_robot_arm/ros2_ws/install/dofbot_garbage_yolov5:/opt/ros/humble LD_LIBRARY_PATH=/root/ascend-devkit/src/E2E-Sample/ros2_robot_arm/ros2_ws/install/dofbot_info/lib:/opt/ros/humble/opt/rviz_ogre_vendor/lib:/opt/ros/humble/lib/aarch64-linux-gnu:/opt/ros/humble/lib:/usr/local/Ascend/ascend-toolkit/latest/tools/aml/lib64:/usr/local/Ascend/ascend-toolkit/latest/tools/aml/lib64/plugin:/usr/local/Ascend/ascend-toolkit/latest/lib64:/usr/local/Ascend/ascend-toolkit/latest/lib64/plugin/opskernel:/usr/local/Ascend/ascend-toolkit/latest/lib64/plugin/nnengine:/usr/local/Ascend/ascend-toolkit/latest/opp/built-in/op_impl/ai_core/tbe/op_tiling/lib/linux/aarch64:/var/davinci/driver/lib64:/var/davinci/driver/lib64/common:/var/davinci/driver/lib64/driver:/usr/lib/aarch64-linux-gnu:/usr/local/lib:/usr/lib:/usr/lib/aarch64-linux-gnu/:/usr/local/lib /usr/bin/cmake --build /root/ascend-devkit/src/E2E-Sample/ros2_robot_arm/ros2_ws/build/dofbot_moveit -- -j3 -l3[0m
[4.488s] [34mcolcon.colcon_core.environment[0m [1;30mLevel 1[0m checking '/root/ascend-devkit/src/E2E-Sample/ros2_robot_arm/ros2_ws/install/robot_arm_color_stacking' for CMake module files
[4.489s] [34mcolcon.colcon_core.environment[0m [1;30mLevel 1[0m checking '/root/ascend-devkit/src/E2E-Sample/ros2_robot_arm/ros2_ws/install/robot_arm_color_stacking' for CMake config files
[4.490s] [34mcolcon.colcon_core.environment[0m [1;30mLevel 1[0m checking '/root/ascend-devkit/src/E2E-Sample/ros2_robot_arm/ros2_ws/install/robot_arm_color_stacking/lib'
[4.491s] [34mcolcon.colcon_core.environment[0m [1;30mLevel 1[0m checking '/root/ascend-devkit/src/E2E-Sample/ros2_robot_arm/ros2_ws/install/robot_arm_color_stacking/bin'
[4.491s] [34mcolcon.colcon_core.environment[0m [1;30mLevel 1[0m checking '/root/ascend-devkit/src/E2E-Sample/ros2_robot_arm/ros2_ws/install/robot_arm_color_stacking/lib/pkgconfig/robot_arm_color_stacking.pc'
[4.491s] [34mcolcon.colcon_core.environment[0m [1;30mLevel 1[0m checking '/root/ascend-devkit/src/E2E-Sample/ros2_robot_arm/ros2_ws/install/robot_arm_color_stacking/lib/python3.10/site-packages'
[4.492s] [34mcolcon.colcon_core.shell[0m [1;30mLevel 1[0m create_environment_hook('robot_arm_color_stacking', 'pythonpath')
[4.492s] [34mcolcon.colcon_core.shell[0m [1;30mINFO[0m Creating environment hook '/root/ascend-devkit/src/E2E-Sample/ros2_robot_arm/ros2_ws/install/robot_arm_color_stacking/share/robot_arm_color_stacking/hook/pythonpath.ps1'
[4.494s] [34mcolcon.colcon_core.event_handler.log_command[0m [1;30mDEBUG[0m [32mInvoked command in '/root/ascend-devkit/src/E2E-Sample/ros2_robot_arm/ros2_ws/src/robot_arm_color_stacking' returned '0': PYTHONPATH=/root/ascend-devkit/src/E2E-Sample/ros2_robot_arm/ros2_ws/build/robot_arm_color_stacking/prefix_override:/usr/lib/python3/dist-packages/colcon_core/task/python/colcon_distutils_commands:/root/ascend-devkit/src/E2E-Sample/ros2_robot_arm/ros2_ws/install/robot_arm_color_stacking/lib/python3.10/site-packages:${PYTHONPATH} /usr/bin/python3 -W ignore:setup.py install is deprecated -W ignore:easy_install command is deprecated setup.py egg_info --egg-base ../../build/robot_arm_color_stacking build --build-base /root/ascend-devkit/src/E2E-Sample/ros2_robot_arm/ros2_ws/build/robot_arm_color_stacking/build install --record /root/ascend-devkit/src/E2E-Sample/ros2_robot_arm/ros2_ws/build/robot_arm_color_stacking/install.log --single-version-externally-managed install_data[0m
[4.495s] [34mcolcon.colcon_core.shell[0m [1;30mINFO[0m Creating environment descriptor '/root/ascend-devkit/src/E2E-Sample/ros2_robot_arm/ros2_ws/install/robot_arm_color_stacking/share/robot_arm_color_stacking/hook/pythonpath.dsv'
[4.496s] [34mcolcon.colcon_core.shell[0m [1;30mINFO[0m Creating environment hook '/root/ascend-devkit/src/E2E-Sample/ros2_robot_arm/ros2_ws/install/robot_arm_color_stacking/share/robot_arm_color_stacking/hook/pythonpath.sh'
[4.497s] [34mcolcon.colcon_core.environment[0m [1;30mLevel 1[0m checking '/root/ascend-devkit/src/E2E-Sample/ros2_robot_arm/ros2_ws/install/robot_arm_color_stacking/bin'
[4.498s] [34mcolcon.colcon_core.environment[0m [1;30mLevel 1[0m create_environment_scripts_only(robot_arm_color_stacking)
[4.499s] [34mcolcon.colcon_core.shell[0m [1;30mINFO[0m Creating package script '/root/ascend-devkit/src/E2E-Sample/ros2_robot_arm/ros2_ws/install/robot_arm_color_stacking/share/robot_arm_color_stacking/package.ps1'
[4.500s] [34mcolcon.colcon_core.shell[0m [1;30mINFO[0m Creating package descriptor '/root/ascend-devkit/src/E2E-Sample/ros2_robot_arm/ros2_ws/install/robot_arm_color_stacking/share/robot_arm_color_stacking/package.dsv'
[4.502s] [34mcolcon.colcon_core.shell[0m [1;30mINFO[0m Creating package script '/root/ascend-devkit/src/E2E-Sample/ros2_robot_arm/ros2_ws/install/robot_arm_color_stacking/share/robot_arm_color_stacking/package.sh'
[4.503s] [34mcolcon.colcon_core.shell[0m [1;30mINFO[0m Creating package script '/root/ascend-devkit/src/E2E-Sample/ros2_robot_arm/ros2_ws/install/robot_arm_color_stacking/share/robot_arm_color_stacking/package.bash'
[4.504s] [34mcolcon.colcon_core.shell[0m [1;30mINFO[0m Creating package script '/root/ascend-devkit/src/E2E-Sample/ros2_robot_arm/ros2_ws/install/robot_arm_color_stacking/share/robot_arm_color_stacking/package.zsh'
[4.505s] [34mcolcon.colcon_core.environment[0m [1;30mLevel 1[0m create_file_with_runtime_dependencies(/root/ascend-devkit/src/E2E-Sample/ros2_robot_arm/ros2_ws/install/robot_arm_color_stacking/share/colcon-core/packages/robot_arm_color_stacking)
[4.536s] [34mcolcon.colcon_core.event_handler.log_command[0m [1;30mDEBUG[0m [32mInvoking command in '/root/ascend-devkit/src/E2E-Sample/ros2_robot_arm/ros2_ws/src/dofbot_garbage_yolov5': CMAKE_PREFIX_PATH=/root/ascend-devkit/src/E2E-Sample/ros2_robot_arm/ros2_ws/install/dofbot_info:/root/ascend-devkit/src/E2E-Sample/ros2_robot_arm/ros2_ws/install/dofbot_moveit LD_LIBRARY_PATH=/root/ascend-devkit/src/E2E-Sample/ros2_robot_arm/ros2_ws/install/dofbot_info/lib:/opt/ros/humble/opt/rviz_ogre_vendor/lib:/opt/ros/humble/lib/aarch64-linux-gnu:/opt/ros/humble/lib:/usr/local/Ascend/ascend-toolkit/latest/tools/aml/lib64:/usr/local/Ascend/ascend-toolkit/latest/tools/aml/lib64/plugin:/usr/local/Ascend/ascend-toolkit/latest/lib64:/usr/local/Ascend/ascend-toolkit/latest/lib64/plugin/opskernel:/usr/local/Ascend/ascend-toolkit/latest/lib64/plugin/nnengine:/usr/local/Ascend/ascend-toolkit/latest/opp/built-in/op_impl/ai_core/tbe/op_tiling/lib/linux/aarch64:/var/davinci/driver/lib64:/var/davinci/driver/lib64/common:/var/davinci/driver/lib64/driver:/usr/lib/aarch64-linux-gnu:/usr/local/lib:/usr/lib:/usr/lib/aarch64-linux-gnu/:/usr/local/lib PYTHONPATH=/root/ascend-devkit/src/E2E-Sample/ros2_robot_arm/ros2_ws/build/dofbot_garbage_yolov5/prefix_override:/usr/lib/python3/dist-packages/colcon_core/task/python/colcon_distutils_commands:/root/ascend-devkit/src/E2E-Sample/ros2_robot_arm/ros2_ws/install/dofbot_garbage_yolov5/lib/python3.10/site-packages:${PYTHONPATH} /usr/bin/python3 -W ignore:setup.py install is deprecated -W ignore:easy_install command is deprecated setup.py egg_info --egg-base ../../build/dofbot_garbage_yolov5 build --build-base /root/ascend-devkit/src/E2E-Sample/ros2_robot_arm/ros2_ws/build/dofbot_garbage_yolov5/build install --record /root/ascend-devkit/src/E2E-Sample/ros2_robot_arm/ros2_ws/build/dofbot_garbage_yolov5/install.log --single-version-externally-managed install_data[0m
[4.580s] [34mcolcon.colcon_core.event_handler.log_command[0m [1;30mDEBUG[0m [32mInvoked command in '/root/ascend-devkit/src/E2E-Sample/ros2_robot_arm/ros2_ws/build/dofbot_moveit' returned '0': CMAKE_PREFIX_PATH=/root/ascend-devkit/src/E2E-Sample/ros2_robot_arm/ros2_ws/install/dofbot_info:/root/ascend-devkit/src/E2E-Sample/ros2_robot_arm/ros2_ws/install/dofbot_moveit:/root/ascend-devkit/src/E2E-Sample/ros2_robot_arm/ros2_ws/install/robot_arm_color_stacking:/root/ascend-devkit/src/E2E-Sample/ros2_robot_arm/ros2_ws/install/robot_arm_bringup:/root/ascend-devkit/src/E2E-Sample/ros2_robot_arm/ros2_ws/install/dofbot_garbage_yolov5:/opt/ros/humble LD_LIBRARY_PATH=/root/ascend-devkit/src/E2E-Sample/ros2_robot_arm/ros2_ws/install/dofbot_info/lib:/opt/ros/humble/opt/rviz_ogre_vendor/lib:/opt/ros/humble/lib/aarch64-linux-gnu:/opt/ros/humble/lib:/usr/local/Ascend/ascend-toolkit/latest/tools/aml/lib64:/usr/local/Ascend/ascend-toolkit/latest/tools/aml/lib64/plugin:/usr/local/Ascend/ascend-toolkit/latest/lib64:/usr/local/Ascend/ascend-toolkit/latest/lib64/plugin/opskernel:/usr/local/Ascend/ascend-toolkit/latest/lib64/plugin/nnengine:/usr/local/Ascend/ascend-toolkit/latest/opp/built-in/op_impl/ai_core/tbe/op_tiling/lib/linux/aarch64:/var/davinci/driver/lib64:/var/davinci/driver/lib64/common:/var/davinci/driver/lib64/driver:/usr/lib/aarch64-linux-gnu:/usr/local/lib:/usr/lib:/usr/lib/aarch64-linux-gnu/:/usr/local/lib /usr/bin/cmake --build /root/ascend-devkit/src/E2E-Sample/ros2_robot_arm/ros2_ws/build/dofbot_moveit -- -j3 -l3[0m
[4.583s] [34mcolcon.colcon_core.event_handler.log_command[0m [1;30mDEBUG[0m [32mInvoking command in '/root/ascend-devkit/src/E2E-Sample/ros2_robot_arm/ros2_ws/build/dofbot_moveit': CMAKE_PREFIX_PATH=/root/ascend-devkit/src/E2E-Sample/ros2_robot_arm/ros2_ws/install/dofbot_info:/root/ascend-devkit/src/E2E-Sample/ros2_robot_arm/ros2_ws/install/dofbot_moveit:/root/ascend-devkit/src/E2E-Sample/ros2_robot_arm/ros2_ws/install/robot_arm_color_stacking:/root/ascend-devkit/src/E2E-Sample/ros2_robot_arm/ros2_ws/install/robot_arm_bringup:/root/ascend-devkit/src/E2E-Sample/ros2_robot_arm/ros2_ws/install/dofbot_garbage_yolov5:/opt/ros/humble LD_LIBRARY_PATH=/root/ascend-devkit/src/E2E-Sample/ros2_robot_arm/ros2_ws/install/dofbot_info/lib:/opt/ros/humble/opt/rviz_ogre_vendor/lib:/opt/ros/humble/lib/aarch64-linux-gnu:/opt/ros/humble/lib:/usr/local/Ascend/ascend-toolkit/latest/tools/aml/lib64:/usr/local/Ascend/ascend-toolkit/latest/tools/aml/lib64/plugin:/usr/local/Ascend/ascend-toolkit/latest/lib64:/usr/local/Ascend/ascend-toolkit/latest/lib64/plugin/opskernel:/usr/local/Ascend/ascend-toolkit/latest/lib64/plugin/nnengine:/usr/local/Ascend/ascend-toolkit/latest/opp/built-in/op_impl/ai_core/tbe/op_tiling/lib/linux/aarch64:/var/davinci/driver/lib64:/var/davinci/driver/lib64/common:/var/davinci/driver/lib64/driver:/usr/lib/aarch64-linux-gnu:/usr/local/lib:/usr/lib:/usr/lib/aarch64-linux-gnu/:/usr/local/lib /usr/bin/cmake --install /root/ascend-devkit/src/E2E-Sample/ros2_robot_arm/ros2_ws/build/dofbot_moveit[0m
[4.605s] [34mcolcon.colcon_core.environment[0m [1;30mLevel 1[0m create_environment_scripts_only(dofbot_moveit)
[4.606s] [34mcolcon.colcon_core.environment[0m [1;30mLevel 1[0m checking '/root/ascend-devkit/src/E2E-Sample/ros2_robot_arm/ros2_ws/install/dofbot_moveit' for CMake module files
[4.607s] [34mcolcon.colcon_core.event_handler.log_command[0m [1;30mDEBUG[0m [32mInvoked command in '/root/ascend-devkit/src/E2E-Sample/ros2_robot_arm/ros2_ws/build/dofbot_moveit' returned '0': CMAKE_PREFIX_PATH=/root/ascend-devkit/src/E2E-Sample/ros2_robot_arm/ros2_ws/install/dofbot_info:/root/ascend-devkit/src/E2E-Sample/ros2_robot_arm/ros2_ws/install/dofbot_moveit:/root/ascend-devkit/src/E2E-Sample/ros2_robot_arm/ros2_ws/install/robot_arm_color_stacking:/root/ascend-devkit/src/E2E-Sample/ros2_robot_arm/ros2_ws/install/robot_arm_bringup:/root/ascend-devkit/src/E2E-Sample/ros2_robot_arm/ros2_ws/install/dofbot_garbage_yolov5:/opt/ros/humble LD_LIBRARY_PATH=/root/ascend-devkit/src/E2E-Sample/ros2_robot_arm/ros2_ws/install/dofbot_info/lib:/opt/ros/humble/opt/rviz_ogre_vendor/lib:/opt/ros/humble/lib/aarch64-linux-gnu:/opt/ros/humble/lib:/usr/local/Ascend/ascend-toolkit/latest/tools/aml/lib64:/usr/local/Ascend/ascend-toolkit/latest/tools/aml/lib64/plugin:/usr/local/Ascend/ascend-toolkit/latest/lib64:/usr/local/Ascend/ascend-toolkit/latest/lib64/plugin/opskernel:/usr/local/Ascend/ascend-toolkit/latest/lib64/plugin/nnengine:/usr/local/Ascend/ascend-toolkit/latest/opp/built-in/op_impl/ai_core/tbe/op_tiling/lib/linux/aarch64:/var/davinci/driver/lib64:/var/davinci/driver/lib64/common:/var/davinci/driver/lib64/driver:/usr/lib/aarch64-linux-gnu:/usr/local/lib:/usr/lib:/usr/lib/aarch64-linux-gnu/:/usr/local/lib /usr/bin/cmake --install /root/ascend-devkit/src/E2E-Sample/ros2_robot_arm/ros2_ws/build/dofbot_moveit[0m
[4.608s] [34mcolcon.colcon_core.environment[0m [1;30mLevel 1[0m checking '/root/ascend-devkit/src/E2E-Sample/ros2_robot_arm/ros2_ws/install/dofbot_moveit' for CMake config files
[4.609s] [34mcolcon.colcon_core.shell[0m [1;30mLevel 1[0m create_environment_hook('dofbot_moveit', 'cmake_prefix_path')
[4.609s] [34mcolcon.colcon_core.shell[0m [1;30mINFO[0m Creating environment hook '/root/ascend-devkit/src/E2E-Sample/ros2_robot_arm/ros2_ws/install/dofbot_moveit/share/dofbot_moveit/hook/cmake_prefix_path.ps1'
[4.611s] [34mcolcon.colcon_core.shell[0m [1;30mINFO[0m Creating environment descriptor '/root/ascend-devkit/src/E2E-Sample/ros2_robot_arm/ros2_ws/install/dofbot_moveit/share/dofbot_moveit/hook/cmake_prefix_path.dsv'
[4.611s] [34mcolcon.colcon_core.shell[0m [1;30mINFO[0m Creating environment hook '/root/ascend-devkit/src/E2E-Sample/ros2_robot_arm/ros2_ws/install/dofbot_moveit/share/dofbot_moveit/hook/cmake_prefix_path.sh'
[4.613s] [34mcolcon.colcon_core.environment[0m [1;30mLevel 1[0m checking '/root/ascend-devkit/src/E2E-Sample/ros2_robot_arm/ros2_ws/install/dofbot_moveit/lib'
[4.613s] [34mcolcon.colcon_core.environment[0m [1;30mLevel 1[0m checking '/root/ascend-devkit/src/E2E-Sample/ros2_robot_arm/ros2_ws/install/dofbot_moveit/bin'
[4.613s] [34mcolcon.colcon_core.environment[0m [1;30mLevel 1[0m checking '/root/ascend-devkit/src/E2E-Sample/ros2_robot_arm/ros2_ws/install/dofbot_moveit/lib/pkgconfig/dofbot_moveit.pc'
[4.614s] [34mcolcon.colcon_core.environment[0m [1;30mLevel 1[0m checking '/root/ascend-devkit/src/E2E-Sample/ros2_robot_arm/ros2_ws/install/dofbot_moveit/lib/python3.10/site-packages'
[4.614s] [34mcolcon.colcon_core.environment[0m [1;30mLevel 1[0m checking '/root/ascend-devkit/src/E2E-Sample/ros2_robot_arm/ros2_ws/install/dofbot_moveit/bin'
[4.615s] [34mcolcon.colcon_core.shell[0m [1;30mINFO[0m Creating package script '/root/ascend-devkit/src/E2E-Sample/ros2_robot_arm/ros2_ws/install/dofbot_moveit/share/dofbot_moveit/package.ps1'
[4.616s] [34mcolcon.colcon_core.shell[0m [1;30mINFO[0m Creating package descriptor '/root/ascend-devkit/src/E2E-Sample/ros2_robot_arm/ros2_ws/install/dofbot_moveit/share/dofbot_moveit/package.dsv'
[4.617s] [34mcolcon.colcon_core.shell[0m [1;30mINFO[0m Creating package script '/root/ascend-devkit/src/E2E-Sample/ros2_robot_arm/ros2_ws/install/dofbot_moveit/share/dofbot_moveit/package.sh'
[4.618s] [34mcolcon.colcon_core.shell[0m [1;30mINFO[0m Creating package script '/root/ascend-devkit/src/E2E-Sample/ros2_robot_arm/ros2_ws/install/dofbot_moveit/share/dofbot_moveit/package.bash'
[4.619s] [34mcolcon.colcon_core.shell[0m [1;30mINFO[0m Creating package script '/root/ascend-devkit/src/E2E-Sample/ros2_robot_arm/ros2_ws/install/dofbot_moveit/share/dofbot_moveit/package.zsh'
[4.620s] [34mcolcon.colcon_core.environment[0m [1;30mLevel 1[0m create_file_with_runtime_dependencies(/root/ascend-devkit/src/E2E-Sample/ros2_robot_arm/ros2_ws/install/dofbot_moveit/share/colcon-core/packages/dofbot_moveit)
[4.622s] [34mcolcon.colcon_core.environment[0m [1;30mLevel 1[0m create_environment_scripts_only(dofbot_moveit)
[4.622s] [34mcolcon.colcon_core.environment[0m [1;30mLevel 1[0m checking '/root/ascend-devkit/src/E2E-Sample/ros2_robot_arm/ros2_ws/install/dofbot_moveit' for CMake module files
[4.623s] [34mcolcon.colcon_core.environment[0m [1;30mLevel 1[0m checking '/root/ascend-devkit/src/E2E-Sample/ros2_robot_arm/ros2_ws/install/dofbot_moveit' for CMake config files
[4.624s] [34mcolcon.colcon_core.shell[0m [1;30mLevel 1[0m create_environment_hook('dofbot_moveit', 'cmake_prefix_path')
[4.625s] [34mcolcon.colcon_core.shell[0m [1;30mINFO[0m Creating environment hook '/root/ascend-devkit/src/E2E-Sample/ros2_robot_arm/ros2_ws/install/dofbot_moveit/share/dofbot_moveit/hook/cmake_prefix_path.ps1'
[4.626s] [34mcolcon.colcon_core.shell[0m [1;30mINFO[0m Creating environment descriptor '/root/ascend-devkit/src/E2E-Sample/ros2_robot_arm/ros2_ws/install/dofbot_moveit/share/dofbot_moveit/hook/cmake_prefix_path.dsv'
[4.627s] [34mcolcon.colcon_core.shell[0m [1;30mINFO[0m Creating environment hook '/root/ascend-devkit/src/E2E-Sample/ros2_robot_arm/ros2_ws/install/dofbot_moveit/share/dofbot_moveit/hook/cmake_prefix_path.sh'
[4.628s] [34mcolcon.colcon_core.environment[0m [1;30mLevel 1[0m checking '/root/ascend-devkit/src/E2E-Sample/ros2_robot_arm/ros2_ws/install/dofbot_moveit/lib'
[4.628s] [34mcolcon.colcon_core.environment[0m [1;30mLevel 1[0m checking '/root/ascend-devkit/src/E2E-Sample/ros2_robot_arm/ros2_ws/install/dofbot_moveit/bin'
[4.629s] [34mcolcon.colcon_core.environment[0m [1;30mLevel 1[0m checking '/root/ascend-devkit/src/E2E-Sample/ros2_robot_arm/ros2_ws/install/dofbot_moveit/lib/pkgconfig/dofbot_moveit.pc'
[4.629s] [34mcolcon.colcon_core.environment[0m [1;30mLevel 1[0m checking '/root/ascend-devkit/src/E2E-Sample/ros2_robot_arm/ros2_ws/install/dofbot_moveit/lib/python3.10/site-packages'
[4.630s] [34mcolcon.colcon_core.environment[0m [1;30mLevel 1[0m checking '/root/ascend-devkit/src/E2E-Sample/ros2_robot_arm/ros2_ws/install/dofbot_moveit/bin'
[4.630s] [34mcolcon.colcon_core.shell[0m [1;30mINFO[0m Creating package script '/root/ascend-devkit/src/E2E-Sample/ros2_robot_arm/ros2_ws/install/dofbot_moveit/share/dofbot_moveit/package.ps1'
[4.632s] [34mcolcon.colcon_core.shell[0m [1;30mINFO[0m Creating package descriptor '/root/ascend-devkit/src/E2E-Sample/ros2_robot_arm/ros2_ws/install/dofbot_moveit/share/dofbot_moveit/package.dsv'
[4.633s] [34mcolcon.colcon_core.shell[0m [1;30mINFO[0m Creating package script '/root/ascend-devkit/src/E2E-Sample/ros2_robot_arm/ros2_ws/install/dofbot_moveit/share/dofbot_moveit/package.sh'
[4.634s] [34mcolcon.colcon_core.shell[0m [1;30mINFO[0m Creating package script '/root/ascend-devkit/src/E2E-Sample/ros2_robot_arm/ros2_ws/install/dofbot_moveit/share/dofbot_moveit/package.bash'
[4.635s] [34mcolcon.colcon_core.shell[0m [1;30mINFO[0m Creating package script '/root/ascend-devkit/src/E2E-Sample/ros2_robot_arm/ros2_ws/install/dofbot_moveit/share/dofbot_moveit/package.zsh'
[4.636s] [34mcolcon.colcon_core.environment[0m [1;30mLevel 1[0m create_file_with_runtime_dependencies(/root/ascend-devkit/src/E2E-Sample/ros2_robot_arm/ros2_ws/install/dofbot_moveit/share/colcon-core/packages/dofbot_moveit)
[5.336s] [34mcolcon.colcon_core.environment[0m [1;30mLevel 1[0m checking '/root/ascend-devkit/src/E2E-Sample/ros2_robot_arm/ros2_ws/install/dofbot_garbage_yolov5' for CMake module files
[5.338s] [34mcolcon.colcon_core.environment[0m [1;30mLevel 1[0m checking '/root/ascend-devkit/src/E2E-Sample/ros2_robot_arm/ros2_ws/install/dofbot_garbage_yolov5' for CMake config files
[5.344s] [34mcolcon.colcon_core.event_handler.log_command[0m [1;30mDEBUG[0m [32mInvoked command in '/root/ascend-devkit/src/E2E-Sample/ros2_robot_arm/ros2_ws/src/dofbot_garbage_yolov5' returned '0': CMAKE_PREFIX_PATH=/root/ascend-devkit/src/E2E-Sample/ros2_robot_arm/ros2_ws/install/dofbot_info:/root/ascend-devkit/src/E2E-Sample/ros2_robot_arm/ros2_ws/install/dofbot_moveit LD_LIBRARY_PATH=/root/ascend-devkit/src/E2E-Sample/ros2_robot_arm/ros2_ws/install/dofbot_info/lib:/opt/ros/humble/opt/rviz_ogre_vendor/lib:/opt/ros/humble/lib/aarch64-linux-gnu:/opt/ros/humble/lib:/usr/local/Ascend/ascend-toolkit/latest/tools/aml/lib64:/usr/local/Ascend/ascend-toolkit/latest/tools/aml/lib64/plugin:/usr/local/Ascend/ascend-toolkit/latest/lib64:/usr/local/Ascend/ascend-toolkit/latest/lib64/plugin/opskernel:/usr/local/Ascend/ascend-toolkit/latest/lib64/plugin/nnengine:/usr/local/Ascend/ascend-toolkit/latest/opp/built-in/op_impl/ai_core/tbe/op_tiling/lib/linux/aarch64:/var/davinci/driver/lib64:/var/davinci/driver/lib64/common:/var/davinci/driver/lib64/driver:/usr/lib/aarch64-linux-gnu:/usr/local/lib:/usr/lib:/usr/lib/aarch64-linux-gnu/:/usr/local/lib PYTHONPATH=/root/ascend-devkit/src/E2E-Sample/ros2_robot_arm/ros2_ws/build/dofbot_garbage_yolov5/prefix_override:/usr/lib/python3/dist-packages/colcon_core/task/python/colcon_distutils_commands:/root/ascend-devkit/src/E2E-Sample/ros2_robot_arm/ros2_ws/install/dofbot_garbage_yolov5/lib/python3.10/site-packages:${PYTHONPATH} /usr/bin/python3 -W ignore:setup.py install is deprecated -W ignore:easy_install command is deprecated setup.py egg_info --egg-base ../../build/dofbot_garbage_yolov5 build --build-base /root/ascend-devkit/src/E2E-Sample/ros2_robot_arm/ros2_ws/build/dofbot_garbage_yolov5/build install --record /root/ascend-devkit/src/E2E-Sample/ros2_robot_arm/ros2_ws/build/dofbot_garbage_yolov5/install.log --single-version-externally-managed install_data[0m
[5.345s] [34mcolcon.colcon_core.environment[0m [1;30mLevel 1[0m checking '/root/ascend-devkit/src/E2E-Sample/ros2_robot_arm/ros2_ws/install/dofbot_garbage_yolov5/lib'
[5.345s] [34mcolcon.colcon_core.environment[0m [1;30mLevel 1[0m checking '/root/ascend-devkit/src/E2E-Sample/ros2_robot_arm/ros2_ws/install/dofbot_garbage_yolov5/bin'
[5.345s] [34mcolcon.colcon_core.environment[0m [1;30mLevel 1[0m checking '/root/ascend-devkit/src/E2E-Sample/ros2_robot_arm/ros2_ws/install/dofbot_garbage_yolov5/lib/pkgconfig/dofbot_garbage_yolov5.pc'
[5.346s] [34mcolcon.colcon_core.environment[0m [1;30mLevel 1[0m checking '/root/ascend-devkit/src/E2E-Sample/ros2_robot_arm/ros2_ws/install/dofbot_garbage_yolov5/lib/python3.10/site-packages'
[5.346s] [34mcolcon.colcon_core.shell[0m [1;30mLevel 1[0m create_environment_hook('dofbot_garbage_yolov5', 'pythonpath')
[5.347s] [34mcolcon.colcon_core.shell[0m [1;30mINFO[0m Creating environment hook '/root/ascend-devkit/src/E2E-Sample/ros2_robot_arm/ros2_ws/install/dofbot_garbage_yolov5/share/dofbot_garbage_yolov5/hook/pythonpath.ps1'
[5.348s] [34mcolcon.colcon_core.shell[0m [1;30mINFO[0m Creating environment descriptor '/root/ascend-devkit/src/E2E-Sample/ros2_robot_arm/ros2_ws/install/dofbot_garbage_yolov5/share/dofbot_garbage_yolov5/hook/pythonpath.dsv'
[5.349s] [34mcolcon.colcon_core.shell[0m [1;30mINFO[0m Creating environment hook '/root/ascend-devkit/src/E2E-Sample/ros2_robot_arm/ros2_ws/install/dofbot_garbage_yolov5/share/dofbot_garbage_yolov5/hook/pythonpath.sh'
[5.350s] [34mcolcon.colcon_core.environment[0m [1;30mLevel 1[0m checking '/root/ascend-devkit/src/E2E-Sample/ros2_robot_arm/ros2_ws/install/dofbot_garbage_yolov5/bin'
[5.350s] [34mcolcon.colcon_core.environment[0m [1;30mLevel 1[0m create_environment_scripts_only(dofbot_garbage_yolov5)
[5.351s] [34mcolcon.colcon_core.shell[0m [1;30mINFO[0m Creating package script '/root/ascend-devkit/src/E2E-Sample/ros2_robot_arm/ros2_ws/install/dofbot_garbage_yolov5/share/dofbot_garbage_yolov5/package.ps1'
[5.352s] [34mcolcon.colcon_core.shell[0m [1;30mINFO[0m Creating package descriptor '/root/ascend-devkit/src/E2E-Sample/ros2_robot_arm/ros2_ws/install/dofbot_garbage_yolov5/share/dofbot_garbage_yolov5/package.dsv'
[5.353s] [34mcolcon.colcon_core.shell[0m [1;30mINFO[0m Creating package script '/root/ascend-devkit/src/E2E-Sample/ros2_robot_arm/ros2_ws/install/dofbot_garbage_yolov5/share/dofbot_garbage_yolov5/package.sh'
[5.355s] [34mcolcon.colcon_core.shell[0m [1;30mINFO[0m Creating package script '/root/ascend-devkit/src/E2E-Sample/ros2_robot_arm/ros2_ws/install/dofbot_garbage_yolov5/share/dofbot_garbage_yolov5/package.bash'
[5.356s] [34mcolcon.colcon_core.shell[0m [1;30mINFO[0m Creating package script '/root/ascend-devkit/src/E2E-Sample/ros2_robot_arm/ros2_ws/install/dofbot_garbage_yolov5/share/dofbot_garbage_yolov5/package.zsh'
[5.356s] [34mcolcon.colcon_core.environment[0m [1;30mLevel 1[0m create_file_with_runtime_dependencies(/root/ascend-devkit/src/E2E-Sample/ros2_robot_arm/ros2_ws/install/dofbot_garbage_yolov5/share/colcon-core/packages/dofbot_garbage_yolov5)
[5.357s] [34mcolcon.colcon_parallel_executor.executor.parallel[0m [1;30mDEBUG[0m [32mclosing loop[0m
[5.358s] [34mcolcon.colcon_parallel_executor.executor.parallel[0m [1;30mDEBUG[0m [32mloop closed[0m
[5.358s] [34mcolcon.colcon_parallel_executor.executor.parallel[0m [1;30mDEBUG[0m [32mrun_until_complete finished with '0'[0m
[5.358s] [34mcolcon.colcon_core.event_reactor[0m [1;30mDEBUG[0m [32mjoining thread[0m
[5.370s] [34mcolcon.colcon_core.plugin_system[0m [1;30mINFO[0m Skipping extension 'colcon_notification.desktop_notification.terminal_notifier': Not used on non-Darwin systems
[5.370s] [34mcolcon.colcon_core.plugin_system[0m [1;30mINFO[0m Skipping extension 'colcon_notification.desktop_notification.win32': Not used on non-Windows systems
[5.370s] [34mcolcon.colcon_notification.desktop_notification[0m [1;30mINFO[0m Sending desktop notification using 'notify2'
[30.392s] [34mcolcon.colcon_notification.desktop_notification.notify2[0m [1;30mDEBUG[0m [32mFailed to initialize notify2: org.freedesktop.DBus.Error.NoReply: Did not receive a reply. Possible causes include: the remote application did not send a reply, the message bus security policy blocked the reply, the reply timeout expired, or the network connection was broken.[0m
[30.392s] [34mcolcon.colcon_core.event_reactor[0m [1;30mDEBUG[0m [32mjoined thread[0m
[30.393s] [34mcolcon.colcon_core.shell[0m [1;30mINFO[0m Creating prefix script '/root/ascend-devkit/src/E2E-Sample/ros2_robot_arm/ros2_ws/install/local_setup.ps1'
[30.395s] [34mcolcon.colcon_core.shell[0m [1;30mINFO[0m Creating prefix util module '/root/ascend-devkit/src/E2E-Sample/ros2_robot_arm/ros2_ws/install/_local_setup_util_ps1.py'
[30.399s] [34mcolcon.colcon_core.shell[0m [1;30mINFO[0m Creating prefix chain script '/root/ascend-devkit/src/E2E-Sample/ros2_robot_arm/ros2_ws/install/setup.ps1'
[30.402s] [34mcolcon.colcon_core.shell[0m [1;30mINFO[0m Creating prefix script '/root/ascend-devkit/src/E2E-Sample/ros2_robot_arm/ros2_ws/install/local_setup.sh'
[30.403s] [34mcolcon.colcon_core.shell[0m [1;30mINFO[0m Creating prefix util module '/root/ascend-devkit/src/E2E-Sample/ros2_robot_arm/ros2_ws/install/_local_setup_util_sh.py'
[30.405s] [34mcolcon.colcon_core.shell[0m [1;30mINFO[0m Creating prefix chain script '/root/ascend-devkit/src/E2E-Sample/ros2_robot_arm/ros2_ws/install/setup.sh'
[30.407s] [34mcolcon.colcon_core.shell[0m [1;30mINFO[0m Creating prefix script '/root/ascend-devkit/src/E2E-Sample/ros2_robot_arm/ros2_ws/install/local_setup.bash'
[30.409s] [34mcolcon.colcon_core.shell[0m [1;30mINFO[0m Creating prefix chain script '/root/ascend-devkit/src/E2E-Sample/ros2_robot_arm/ros2_ws/install/setup.bash'
[30.411s] [34mcolcon.colcon_core.shell[0m [1;30mINFO[0m Creating prefix script '/root/ascend-devkit/src/E2E-Sample/ros2_robot_arm/ros2_ws/install/local_setup.zsh'
[30.412s] [34mcolcon.colcon_core.shell[0m [1;30mINFO[0m Creating prefix chain script '/root/ascend-devkit/src/E2E-Sample/ros2_robot_arm/ros2_ws/install/setup.zsh'
