[0.048s] Invoking command in '/root/ascend-devkit/src/E2E-Sample/ros2_robot_arm/ros2_ws/build/dofbot_info': CMAKE_PREFIX_PATH=${CMAKE_PREFIX_PATH}:/root/ascend-devkit/src/E2E-Sample/ros2_robot_arm/ros2_ws/install/robot_arm_color_stacking:/root/ascend-devkit/src/E2E-Sample/ros2_robot_arm/ros2_ws/install/robot_arm_bringup:/root/ascend-devkit/src/E2E-Sample/ros2_robot_arm/ros2_ws/install/dofbot_garbage_yolov5:/opt/ros/humble /usr/bin/cmake --build /root/ascend-devkit/src/E2E-Sample/ros2_robot_arm/ros2_ws/build/dofbot_info -- -j3 -l3
[0.785s] [  3%] Built target dofbot_info__cpp
[0.785s] [  3%] Built target ament_cmake_python_copy_dofbot_info
[0.786s] [ 12%] Built target dofbot_info__rosidl_typesupport_cpp
[0.786s] [ 22%] Built target dofbot_info__rosidl_typesupport_fastrtps_cpp
[0.786s] [ 32%] Built target dofbot_info__rosidl_typesupport_introspection_cpp
[0.793s] gmake: Warning: File 'Makefile' has modification time 3431255 s in the future
[0.794s] gmake[1]: Warning: File 'CMakeFiles/Makefile2' has modification time 3431255 s in the future
[0.794s] gmake[2]: Warning: File 'CMakeFiles/dofbot_info__cpp.dir/progress.make' has modification time 3431255 s in the future
[0.794s] gmake[2]: warning:  Clock skew detected.  Your build may be incomplete.
[0.794s] gmake[2]: Warning: File 'CMakeFiles/dofbot_info__cpp.dir/progress.make' has modification time 3431255 s in the future
[0.794s] gmake[2]: warning:  Clock skew detected.  Your build may be incomplete.
[0.794s] gmake[2]: Warning: File 'CMakeFiles/ament_cmake_python_copy_dofbot_info.dir/progress.make' has modification time 3431255 s in the future
[0.794s] gmake[2]: warning:  Clock skew detected.  Your build may be incomplete.
[0.795s] gmake[2]: Warning: File 'CMakeFiles/ament_cmake_python_copy_dofbot_info.dir/progress.make' has modification time 3431255 s in the future
[0.795s] gmake[2]: warning:  Clock skew detected.  Your build may be incomplete.
[0.795s] gmake[2]: Warning: File 'CMakeFiles/dofbot_info__rosidl_typesupport_cpp.dir/flags.make' has modification time 3431255 s in the future
[0.795s] gmake[2]: warning:  Clock skew detected.  Your build may be incomplete.
[0.795s] gmake[2]: Warning: File 'CMakeFiles/dofbot_info__rosidl_typesupport_cpp.dir/flags.make' has modification time 3431255 s in the future
[0.795s] gmake[2]: warning:  Clock skew detected.  Your build may be incomplete.
[0.796s] gmake[2]: Warning: File 'CMakeFiles/dofbot_info__rosidl_typesupport_fastrtps_cpp.dir/flags.make' has modification time 3431255 s in the future
[0.796s] gmake[2]: warning:  Clock skew detected.  Your build may be incomplete.
[0.796s] gmake[2]: Warning: File 'CMakeFiles/dofbot_info__rosidl_typesupport_fastrtps_cpp.dir/flags.make' has modification time 3431255 s in the future
[0.796s] gmake[2]: warning:  Clock skew detected.  Your build may be incomplete.
[0.796s] gmake[2]: Warning: File 'CMakeFiles/dofbot_info__rosidl_typesupport_introspection_cpp.dir/flags.make' has modification time 3431255 s in the future
[0.796s] gmake[2]: warning:  Clock skew detected.  Your build may be incomplete.
[0.797s] gmake[2]: Warning: File 'CMakeFiles/dofbot_info__rosidl_typesupport_introspection_cpp.dir/flags.make' has modification time 3431255 s in the future
[0.797s] gmake[2]: warning:  Clock skew detected.  Your build may be incomplete.
[0.797s] gmake[2]: Warning: File 'CMakeFiles/ament_cmake_python_build_dofbot_info_egg.dir/progress.make' has modification time 3431255 s in the future
[0.797s] gmake[2]: warning:  Clock skew detected.  Your build may be incomplete.
[0.797s] gmake[2]: Warning: File 'CMakeFiles/ament_cmake_python_build_dofbot_info_egg.dir/progress.make' has modification time 3431255 s in the future
[1.024s] running egg_info
[1.028s] writing dofbot_info.egg-info/PKG-INFO
[1.028s] writing dependency_links to dofbot_info.egg-info/dependency_links.txt
[1.028s] writing top-level names to dofbot_info.egg-info/top_level.txt
[1.034s] reading manifest file 'dofbot_info.egg-info/SOURCES.txt'
[1.036s] writing manifest file 'dofbot_info.egg-info/SOURCES.txt'
[1.104s] gmake[2]: warning:  Clock skew detected.  Your build may be incomplete.
[1.119s] [ 32%] Built target ament_cmake_python_build_dofbot_info_egg
[1.123s] gmake[2]: Warning: File 'CMakeFiles/dofbot_info__rosidl_generator_c.dir/flags.make' has modification time 3431254 s in the future
[1.140s] gmake[2]: warning:  Clock skew detected.  Your build may be incomplete.
[1.143s] gmake[2]: Warning: File 'CMakeFiles/dofbot_info__rosidl_generator_c.dir/flags.make' has modification time 3431254 s in the future
[1.143s] gmake[2]: warning:  Clock skew detected.  Your build may be incomplete.
[1.161s] [ 41%] Built target dofbot_info__rosidl_generator_c
[1.164s] gmake[2]: Warning: File 'CMakeFiles/dofbot_info__rosidl_typesupport_fastrtps_c.dir/flags.make' has modification time 3431254 s in the future
[1.182s] gmake[2]: warning:  Clock skew detected.  Your build may be incomplete.
[1.189s] gmake[2]: Warning: File 'CMakeFiles/dofbot_info__rosidl_typesupport_fastrtps_c.dir/flags.make' has modification time 3431254 s in the future
[1.189s] gmake[2]: warning:  Clock skew detected.  Your build may be incomplete.
[1.204s] [ 51%] Built target dofbot_info__rosidl_typesupport_fastrtps_c
[1.207s] gmake[2]: Warning: File 'CMakeFiles/dofbot_info__rosidl_typesupport_c.dir/flags.make' has modification time 3431254 s in the future
[1.223s] gmake[2]: warning:  Clock skew detected.  Your build may be incomplete.
[1.226s] gmake[2]: Warning: File 'CMakeFiles/dofbot_info__rosidl_typesupport_c.dir/flags.make' has modification time 3431254 s in the future
[1.226s] gmake[2]: warning:  Clock skew detected.  Your build may be incomplete.
[1.243s] [ 61%] Built target dofbot_info__rosidl_typesupport_c
[1.246s] gmake[2]: Warning: File 'CMakeFiles/dofbot_info__rosidl_typesupport_introspection_c.dir/flags.make' has modification time 3431254 s in the future
[1.263s] gmake[2]: warning:  Clock skew detected.  Your build may be incomplete.
[1.266s] gmake[2]: Warning: File 'CMakeFiles/dofbot_info__rosidl_typesupport_introspection_c.dir/flags.make' has modification time 3431254 s in the future
[1.266s] gmake[2]: warning:  Clock skew detected.  Your build may be incomplete.
[1.282s] [ 70%] Built target dofbot_info__rosidl_typesupport_introspection_c
[1.285s] gmake[2]: Warning: File 'CMakeFiles/dofbot_info.dir/progress.make' has modification time 3431254 s in the future
[1.302s] gmake[2]: warning:  Clock skew detected.  Your build may be incomplete.
[1.304s] gmake[2]: Warning: File 'CMakeFiles/dofbot_info.dir/progress.make' has modification time 3431254 s in the future
[1.305s] gmake[2]: warning:  Clock skew detected.  Your build may be incomplete.
[1.320s] [ 70%] Built target dofbot_info
[1.324s] gmake[2]: Warning: File 'dofbot_info__py/CMakeFiles/dofbot_info__py.dir/progress.make' has modification time 3431254 s in the future
[1.341s] gmake[2]: warning:  Clock skew detected.  Your build may be incomplete.
[1.343s] gmake[2]: Warning: File 'dofbot_info__py/CMakeFiles/dofbot_info__py.dir/progress.make' has modification time 3431254 s in the future
[1.343s] gmake[2]: warning:  Clock skew detected.  Your build may be incomplete.
[1.359s] [ 74%] Built target dofbot_info__py
[1.364s] gmake[2]: Warning: File 'CMakeFiles/dofbot_info__rosidl_generator_py.dir/flags.make' has modification time 3431254 s in the future
[1.381s] gmake[2]: warning:  Clock skew detected.  Your build may be incomplete.
[1.385s] gmake[2]: Warning: File 'CMakeFiles/dofbot_info__rosidl_generator_py.dir/flags.make' has modification time 3431254 s in the future
[1.386s] gmake[2]: warning:  Clock skew detected.  Your build may be incomplete.
[1.401s] [ 80%] Built target dofbot_info__rosidl_generator_py
[1.408s] gmake[2]: Warning: File 'CMakeFiles/dofbot_info__rosidl_typesupport_fastrtps_c__pyext.dir/flags.make' has modification time 3431254 s in the future
[1.425s] gmake[2]: warning:  Clock skew detected.  Your build may be incomplete.
[1.430s] gmake[2]: Warning: File 'CMakeFiles/dofbot_info__rosidl_typesupport_fastrtps_c__pyext.dir/flags.make' has modification time 3431254 s in the future
[1.431s] gmake[2]: warning:  Clock skew detected.  Your build may be incomplete.
[1.449s] [ 87%] Built target dofbot_info__rosidl_typesupport_fastrtps_c__pyext
[1.456s] gmake[2]: Warning: File 'CMakeFiles/dofbot_info__rosidl_typesupport_c__pyext.dir/flags.make' has modification time 3431254 s in the future
[1.474s] gmake[2]: warning:  Clock skew detected.  Your build may be incomplete.
[1.479s] gmake[2]: Warning: File 'CMakeFiles/dofbot_info__rosidl_typesupport_c__pyext.dir/flags.make' has modification time 3431254 s in the future
[1.481s] gmake[2]: warning:  Clock skew detected.  Your build may be incomplete.
[1.496s] [ 93%] Built target dofbot_info__rosidl_typesupport_c__pyext
[1.504s] gmake[2]: Warning: File 'CMakeFiles/dofbot_info__rosidl_typesupport_introspection_c__pyext.dir/flags.make' has modification time 3431254 s in the future
[1.522s] gmake[2]: warning:  Clock skew detected.  Your build may be incomplete.
[1.527s] gmake[2]: Warning: File 'CMakeFiles/dofbot_info__rosidl_typesupport_introspection_c__pyext.dir/flags.make' has modification time 3431254 s in the future
[1.528s] gmake[2]: warning:  Clock skew detected.  Your build may be incomplete.
[1.544s] [100%] Built target dofbot_info__rosidl_typesupport_introspection_c__pyext
[1.546s] gmake[1]: warning:  Clock skew detected.  Your build may be incomplete.
[1.586s] gmake: warning:  Clock skew detected.  Your build may be incomplete.
[1.591s] Invoked command in '/root/ascend-devkit/src/E2E-Sample/ros2_robot_arm/ros2_ws/build/dofbot_info' returned '0': CMAKE_PREFIX_PATH=${CMAKE_PREFIX_PATH}:/root/ascend-devkit/src/E2E-Sample/ros2_robot_arm/ros2_ws/install/robot_arm_color_stacking:/root/ascend-devkit/src/E2E-Sample/ros2_robot_arm/ros2_ws/install/robot_arm_bringup:/root/ascend-devkit/src/E2E-Sample/ros2_robot_arm/ros2_ws/install/dofbot_garbage_yolov5:/opt/ros/humble /usr/bin/cmake --build /root/ascend-devkit/src/E2E-Sample/ros2_robot_arm/ros2_ws/build/dofbot_info -- -j3 -l3
[1.612s] Invoking command in '/root/ascend-devkit/src/E2E-Sample/ros2_robot_arm/ros2_ws/build/dofbot_info': CMAKE_PREFIX_PATH=${CMAKE_PREFIX_PATH}:/root/ascend-devkit/src/E2E-Sample/ros2_robot_arm/ros2_ws/install/robot_arm_color_stacking:/root/ascend-devkit/src/E2E-Sample/ros2_robot_arm/ros2_ws/install/robot_arm_bringup:/root/ascend-devkit/src/E2E-Sample/ros2_robot_arm/ros2_ws/install/dofbot_garbage_yolov5:/opt/ros/humble /usr/bin/cmake --install /root/ascend-devkit/src/E2E-Sample/ros2_robot_arm/ros2_ws/build/dofbot_info
[1.631s] -- Install configuration: ""
[1.632s] -- Up-to-date: /root/ascend-devkit/src/E2E-Sample/ros2_robot_arm/ros2_ws/install/dofbot_info/share/ament_index/resource_index/rosidl_interfaces/dofbot_info
[1.632s] -- Up-to-date: /root/ascend-devkit/src/E2E-Sample/ros2_robot_arm/ros2_ws/install/dofbot_info/include/dofbot_info/dofbot_info
[1.633s] -- Up-to-date: /root/ascend-devkit/src/E2E-Sample/ros2_robot_arm/ros2_ws/install/dofbot_info/include/dofbot_info/dofbot_info/srv
[1.634s] -- Up-to-date: /root/ascend-devkit/src/E2E-Sample/ros2_robot_arm/ros2_ws/install/dofbot_info/include/dofbot_info/dofbot_info/srv/kinemarics.h
[1.634s] -- Up-to-date: /root/ascend-devkit/src/E2E-Sample/ros2_robot_arm/ros2_ws/install/dofbot_info/include/dofbot_info/dofbot_info/srv/detail
[1.635s] -- Up-to-date: /root/ascend-devkit/src/E2E-Sample/ros2_robot_arm/ros2_ws/install/dofbot_info/include/dofbot_info/dofbot_info/srv/detail/kinemarics__functions.h
[1.635s] -- Up-to-date: /root/ascend-devkit/src/E2E-Sample/ros2_robot_arm/ros2_ws/install/dofbot_info/include/dofbot_info/dofbot_info/srv/detail/kinemarics__struct.h
[1.635s] -- Up-to-date: /root/ascend-devkit/src/E2E-Sample/ros2_robot_arm/ros2_ws/install/dofbot_info/include/dofbot_info/dofbot_info/srv/detail/kinemarics__type_support.h
[1.636s] -- Up-to-date: /root/ascend-devkit/src/E2E-Sample/ros2_robot_arm/ros2_ws/install/dofbot_info/include/dofbot_info/dofbot_info/srv/detail/kinemarics__functions.c
[1.636s] -- Up-to-date: /root/ascend-devkit/src/E2E-Sample/ros2_robot_arm/ros2_ws/install/dofbot_info/include/dofbot_info/dofbot_info/msg
[1.636s] -- Up-to-date: /root/ascend-devkit/src/E2E-Sample/ros2_robot_arm/ros2_ws/install/dofbot_info/include/dofbot_info/dofbot_info/msg/rosidl_generator_c__visibility_control.h
[1.637s] -- Up-to-date: /root/ascend-devkit/src/E2E-Sample/ros2_robot_arm/ros2_ws/install/dofbot_info/share/dofbot_info/environment/library_path.sh
[1.637s] -- Up-to-date: /root/ascend-devkit/src/E2E-Sample/ros2_robot_arm/ros2_ws/install/dofbot_info/share/dofbot_info/environment/library_path.dsv
[1.638s] -- Up-to-date: /root/ascend-devkit/src/E2E-Sample/ros2_robot_arm/ros2_ws/install/dofbot_info/lib/libdofbot_info__rosidl_generator_c.so
[1.639s] -- Up-to-date: /root/ascend-devkit/src/E2E-Sample/ros2_robot_arm/ros2_ws/install/dofbot_info/include/dofbot_info/dofbot_info
[1.639s] -- Up-to-date: /root/ascend-devkit/src/E2E-Sample/ros2_robot_arm/ros2_ws/install/dofbot_info/include/dofbot_info/dofbot_info/srv
[1.640s] -- Up-to-date: /root/ascend-devkit/src/E2E-Sample/ros2_robot_arm/ros2_ws/install/dofbot_info/include/dofbot_info/dofbot_info/srv/detail
[1.640s] -- Up-to-date: /root/ascend-devkit/src/E2E-Sample/ros2_robot_arm/ros2_ws/install/dofbot_info/include/dofbot_info/dofbot_info/srv/detail/kinemarics__rosidl_typesupport_fastrtps_c.h
[1.640s] -- Up-to-date: /root/ascend-devkit/src/E2E-Sample/ros2_robot_arm/ros2_ws/install/dofbot_info/include/dofbot_info/dofbot_info/msg
[1.641s] -- Up-to-date: /root/ascend-devkit/src/E2E-Sample/ros2_robot_arm/ros2_ws/install/dofbot_info/include/dofbot_info/dofbot_info/msg/rosidl_typesupport_fastrtps_c__visibility_control.h
[1.642s] -- Up-to-date: /root/ascend-devkit/src/E2E-Sample/ros2_robot_arm/ros2_ws/install/dofbot_info/lib/libdofbot_info__rosidl_typesupport_fastrtps_c.so
[1.642s] -- Up-to-date: /root/ascend-devkit/src/E2E-Sample/ros2_robot_arm/ros2_ws/install/dofbot_info/include/dofbot_info/dofbot_info
[1.643s] -- Up-to-date: /root/ascend-devkit/src/E2E-Sample/ros2_robot_arm/ros2_ws/install/dofbot_info/include/dofbot_info/dofbot_info/srv
[1.643s] -- Up-to-date: /root/ascend-devkit/src/E2E-Sample/ros2_robot_arm/ros2_ws/install/dofbot_info/include/dofbot_info/dofbot_info/srv/detail
[1.644s] -- Up-to-date: /root/ascend-devkit/src/E2E-Sample/ros2_robot_arm/ros2_ws/install/dofbot_info/include/dofbot_info/dofbot_info/srv/detail/kinemarics__type_support.c
[1.644s] -- Up-to-date: /root/ascend-devkit/src/E2E-Sample/ros2_robot_arm/ros2_ws/install/dofbot_info/include/dofbot_info/dofbot_info/srv/detail/kinemarics__rosidl_typesupport_introspection_c.h
[1.644s] -- Up-to-date: /root/ascend-devkit/src/E2E-Sample/ros2_robot_arm/ros2_ws/install/dofbot_info/include/dofbot_info/dofbot_info/msg
[1.645s] -- Up-to-date: /root/ascend-devkit/src/E2E-Sample/ros2_robot_arm/ros2_ws/install/dofbot_info/include/dofbot_info/dofbot_info/msg/rosidl_typesupport_introspection_c__visibility_control.h
[1.645s] -- Up-to-date: /root/ascend-devkit/src/E2E-Sample/ros2_robot_arm/ros2_ws/install/dofbot_info/lib/libdofbot_info__rosidl_typesupport_introspection_c.so
[1.646s] -- Up-to-date: /root/ascend-devkit/src/E2E-Sample/ros2_robot_arm/ros2_ws/install/dofbot_info/lib/libdofbot_info__rosidl_typesupport_c.so
[1.647s] -- Up-to-date: /root/ascend-devkit/src/E2E-Sample/ros2_robot_arm/ros2_ws/install/dofbot_info/include/dofbot_info/dofbot_info
[1.647s] -- Up-to-date: /root/ascend-devkit/src/E2E-Sample/ros2_robot_arm/ros2_ws/install/dofbot_info/include/dofbot_info/dofbot_info/srv
[1.648s] -- Up-to-date: /root/ascend-devkit/src/E2E-Sample/ros2_robot_arm/ros2_ws/install/dofbot_info/include/dofbot_info/dofbot_info/srv/kinemarics.hpp
[1.648s] -- Up-to-date: /root/ascend-devkit/src/E2E-Sample/ros2_robot_arm/ros2_ws/install/dofbot_info/include/dofbot_info/dofbot_info/srv/detail
[1.648s] -- Up-to-date: /root/ascend-devkit/src/E2E-Sample/ros2_robot_arm/ros2_ws/install/dofbot_info/include/dofbot_info/dofbot_info/srv/detail/kinemarics__builder.hpp
[1.649s] -- Up-to-date: /root/ascend-devkit/src/E2E-Sample/ros2_robot_arm/ros2_ws/install/dofbot_info/include/dofbot_info/dofbot_info/srv/detail/kinemarics__type_support.hpp
[1.649s] -- Up-to-date: /root/ascend-devkit/src/E2E-Sample/ros2_robot_arm/ros2_ws/install/dofbot_info/include/dofbot_info/dofbot_info/srv/detail/kinemarics__struct.hpp
[1.650s] -- Up-to-date: /root/ascend-devkit/src/E2E-Sample/ros2_robot_arm/ros2_ws/install/dofbot_info/include/dofbot_info/dofbot_info/srv/detail/kinemarics__traits.hpp
[1.650s] -- Up-to-date: /root/ascend-devkit/src/E2E-Sample/ros2_robot_arm/ros2_ws/install/dofbot_info/include/dofbot_info/dofbot_info/msg
[1.650s] -- Up-to-date: /root/ascend-devkit/src/E2E-Sample/ros2_robot_arm/ros2_ws/install/dofbot_info/include/dofbot_info/dofbot_info/msg/rosidl_generator_cpp__visibility_control.hpp
[1.651s] -- Up-to-date: /root/ascend-devkit/src/E2E-Sample/ros2_robot_arm/ros2_ws/install/dofbot_info/include/dofbot_info/dofbot_info
[1.651s] -- Up-to-date: /root/ascend-devkit/src/E2E-Sample/ros2_robot_arm/ros2_ws/install/dofbot_info/include/dofbot_info/dofbot_info/srv
[1.652s] -- Up-to-date: /root/ascend-devkit/src/E2E-Sample/ros2_robot_arm/ros2_ws/install/dofbot_info/include/dofbot_info/dofbot_info/srv/detail
[1.652s] -- Up-to-date: /root/ascend-devkit/src/E2E-Sample/ros2_robot_arm/ros2_ws/install/dofbot_info/include/dofbot_info/dofbot_info/srv/detail/kinemarics__rosidl_typesupport_fastrtps_cpp.hpp
[1.652s] -- Up-to-date: /root/ascend-devkit/src/E2E-Sample/ros2_robot_arm/ros2_ws/install/dofbot_info/include/dofbot_info/dofbot_info/srv/detail/dds_fastrtps
[1.653s] -- Up-to-date: /root/ascend-devkit/src/E2E-Sample/ros2_robot_arm/ros2_ws/install/dofbot_info/include/dofbot_info/dofbot_info/msg
[1.653s] -- Up-to-date: /root/ascend-devkit/src/E2E-Sample/ros2_robot_arm/ros2_ws/install/dofbot_info/include/dofbot_info/dofbot_info/msg/rosidl_typesupport_fastrtps_cpp__visibility_control.h
[1.654s] -- Up-to-date: /root/ascend-devkit/src/E2E-Sample/ros2_robot_arm/ros2_ws/install/dofbot_info/lib/libdofbot_info__rosidl_typesupport_fastrtps_cpp.so
[1.654s] -- Up-to-date: /root/ascend-devkit/src/E2E-Sample/ros2_robot_arm/ros2_ws/install/dofbot_info/include/dofbot_info/dofbot_info
[1.655s] -- Up-to-date: /root/ascend-devkit/src/E2E-Sample/ros2_robot_arm/ros2_ws/install/dofbot_info/include/dofbot_info/dofbot_info/srv
[1.655s] -- Up-to-date: /root/ascend-devkit/src/E2E-Sample/ros2_robot_arm/ros2_ws/install/dofbot_info/include/dofbot_info/dofbot_info/srv/detail
[1.656s] -- Up-to-date: /root/ascend-devkit/src/E2E-Sample/ros2_robot_arm/ros2_ws/install/dofbot_info/include/dofbot_info/dofbot_info/srv/detail/kinemarics__rosidl_typesupport_introspection_cpp.hpp
[1.656s] -- Up-to-date: /root/ascend-devkit/src/E2E-Sample/ros2_robot_arm/ros2_ws/install/dofbot_info/include/dofbot_info/dofbot_info/srv/detail/kinemarics__type_support.cpp
[1.657s] -- Up-to-date: /root/ascend-devkit/src/E2E-Sample/ros2_robot_arm/ros2_ws/install/dofbot_info/lib/libdofbot_info__rosidl_typesupport_introspection_cpp.so
[1.658s] -- Up-to-date: /root/ascend-devkit/src/E2E-Sample/ros2_robot_arm/ros2_ws/install/dofbot_info/lib/libdofbot_info__rosidl_typesupport_cpp.so
[1.659s] -- Up-to-date: /root/ascend-devkit/src/E2E-Sample/ros2_robot_arm/ros2_ws/install/dofbot_info/share/dofbot_info/environment/pythonpath.sh
[1.659s] -- Up-to-date: /root/ascend-devkit/src/E2E-Sample/ros2_robot_arm/ros2_ws/install/dofbot_info/share/dofbot_info/environment/pythonpath.dsv
[1.659s] -- Up-to-date: /root/ascend-devkit/src/E2E-Sample/ros2_robot_arm/ros2_ws/install/dofbot_info/local/lib/python3.10/dist-packages/dofbot_info-0.0.0-py3.10.egg-info
[1.660s] -- Installing: /root/ascend-devkit/src/E2E-Sample/ros2_robot_arm/ros2_ws/install/dofbot_info/local/lib/python3.10/dist-packages/dofbot_info-0.0.0-py3.10.egg-info/SOURCES.txt
[1.660s] -- Installing: /root/ascend-devkit/src/E2E-Sample/ros2_robot_arm/ros2_ws/install/dofbot_info/local/lib/python3.10/dist-packages/dofbot_info-0.0.0-py3.10.egg-info/top_level.txt
[1.661s] -- Installing: /root/ascend-devkit/src/E2E-Sample/ros2_robot_arm/ros2_ws/install/dofbot_info/local/lib/python3.10/dist-packages/dofbot_info-0.0.0-py3.10.egg-info/PKG-INFO
[1.662s] -- Installing: /root/ascend-devkit/src/E2E-Sample/ros2_robot_arm/ros2_ws/install/dofbot_info/local/lib/python3.10/dist-packages/dofbot_info-0.0.0-py3.10.egg-info/dependency_links.txt
[1.662s] -- Up-to-date: /root/ascend-devkit/src/E2E-Sample/ros2_robot_arm/ros2_ws/install/dofbot_info/local/lib/python3.10/dist-packages/dofbot_info
[1.664s] -- Up-to-date: /root/ascend-devkit/src/E2E-Sample/ros2_robot_arm/ros2_ws/install/dofbot_info/local/lib/python3.10/dist-packages/dofbot_info/srv
[1.664s] -- Up-to-date: /root/ascend-devkit/src/E2E-Sample/ros2_robot_arm/ros2_ws/install/dofbot_info/local/lib/python3.10/dist-packages/dofbot_info/srv/_kinemarics.py
[1.664s] -- Up-to-date: /root/ascend-devkit/src/E2E-Sample/ros2_robot_arm/ros2_ws/install/dofbot_info/local/lib/python3.10/dist-packages/dofbot_info/srv/__init__.py
[1.665s] -- Up-to-date: /root/ascend-devkit/src/E2E-Sample/ros2_robot_arm/ros2_ws/install/dofbot_info/local/lib/python3.10/dist-packages/dofbot_info/srv/_kinemarics_s.c
[1.665s] -- Up-to-date: /root/ascend-devkit/src/E2E-Sample/ros2_robot_arm/ros2_ws/install/dofbot_info/local/lib/python3.10/dist-packages/dofbot_info/dofbot_info_s__rosidl_typesupport_fastrtps_c.cpython-310-aarch64-linux-gnu.so
[1.666s] -- Up-to-date: /root/ascend-devkit/src/E2E-Sample/ros2_robot_arm/ros2_ws/install/dofbot_info/local/lib/python3.10/dist-packages/dofbot_info/_dofbot_info_s.ep.rosidl_typesupport_introspection_c.c
[1.666s] -- Up-to-date: /root/ascend-devkit/src/E2E-Sample/ros2_robot_arm/ros2_ws/install/dofbot_info/local/lib/python3.10/dist-packages/dofbot_info/_dofbot_info_s.ep.rosidl_typesupport_c.c
[1.666s] -- Up-to-date: /root/ascend-devkit/src/E2E-Sample/ros2_robot_arm/ros2_ws/install/dofbot_info/local/lib/python3.10/dist-packages/dofbot_info/dofbot_info_s__rosidl_typesupport_c.cpython-310-aarch64-linux-gnu.so
[1.671s] -- Up-to-date: /root/ascend-devkit/src/E2E-Sample/ros2_robot_arm/ros2_ws/install/dofbot_info/local/lib/python3.10/dist-packages/dofbot_info/__init__.py
[1.671s] -- Up-to-date: /root/ascend-devkit/src/E2E-Sample/ros2_robot_arm/ros2_ws/install/dofbot_info/local/lib/python3.10/dist-packages/dofbot_info/_dofbot_info_s.ep.rosidl_typesupport_fastrtps_c.c
[1.671s] -- Up-to-date: /root/ascend-devkit/src/E2E-Sample/ros2_robot_arm/ros2_ws/install/dofbot_info/local/lib/python3.10/dist-packages/dofbot_info/libdofbot_info__rosidl_generator_py.so
[1.672s] -- Up-to-date: /root/ascend-devkit/src/E2E-Sample/ros2_robot_arm/ros2_ws/install/dofbot_info/local/lib/python3.10/dist-packages/dofbot_info/dofbot_info_s__rosidl_typesupport_introspection_c.cpython-310-aarch64-linux-gnu.so
[1.808s] Listing '/root/ascend-devkit/src/E2E-Sample/ros2_robot_arm/ros2_ws/install/dofbot_info/local/lib/python3.10/dist-packages/dofbot_info'...
[1.808s] Listing '/root/ascend-devkit/src/E2E-Sample/ros2_robot_arm/ros2_ws/install/dofbot_info/local/lib/python3.10/dist-packages/dofbot_info/srv'...
[1.829s] -- Up-to-date: /root/ascend-devkit/src/E2E-Sample/ros2_robot_arm/ros2_ws/install/dofbot_info/local/lib/python3.10/dist-packages/dofbot_info/dofbot_info_s__rosidl_typesupport_fastrtps_c.cpython-310-aarch64-linux-gnu.so
[1.830s] -- Up-to-date: /root/ascend-devkit/src/E2E-Sample/ros2_robot_arm/ros2_ws/install/dofbot_info/local/lib/python3.10/dist-packages/dofbot_info/dofbot_info_s__rosidl_typesupport_introspection_c.cpython-310-aarch64-linux-gnu.so
[1.830s] -- Up-to-date: /root/ascend-devkit/src/E2E-Sample/ros2_robot_arm/ros2_ws/install/dofbot_info/local/lib/python3.10/dist-packages/dofbot_info/dofbot_info_s__rosidl_typesupport_c.cpython-310-aarch64-linux-gnu.so
[1.835s] -- Up-to-date: /root/ascend-devkit/src/E2E-Sample/ros2_robot_arm/ros2_ws/install/dofbot_info/lib/libdofbot_info__rosidl_generator_py.so
[1.835s] -- Up-to-date: /root/ascend-devkit/src/E2E-Sample/ros2_robot_arm/ros2_ws/install/dofbot_info/share/dofbot_info/srv/Kinemarics.idl
[1.835s] -- Up-to-date: /root/ascend-devkit/src/E2E-Sample/ros2_robot_arm/ros2_ws/install/dofbot_info/share/dofbot_info/srv/Kinemarics.srv
[1.838s] -- Up-to-date: /root/ascend-devkit/src/E2E-Sample/ros2_robot_arm/ros2_ws/install/dofbot_info/share/dofbot_info/srv/Kinemarics_Request.msg
[1.838s] -- Up-to-date: /root/ascend-devkit/src/E2E-Sample/ros2_robot_arm/ros2_ws/install/dofbot_info/share/dofbot_info/srv/Kinemarics_Response.msg
[1.838s] -- Up-to-date: /root/ascend-devkit/src/E2E-Sample/ros2_robot_arm/ros2_ws/install/dofbot_info/share/ament_index/resource_index/package_run_dependencies/dofbot_info
[1.838s] -- Up-to-date: /root/ascend-devkit/src/E2E-Sample/ros2_robot_arm/ros2_ws/install/dofbot_info/share/ament_index/resource_index/parent_prefix_path/dofbot_info
[1.841s] -- Up-to-date: /root/ascend-devkit/src/E2E-Sample/ros2_robot_arm/ros2_ws/install/dofbot_info/share/dofbot_info/environment/ament_prefix_path.sh
[1.841s] -- Up-to-date: /root/ascend-devkit/src/E2E-Sample/ros2_robot_arm/ros2_ws/install/dofbot_info/share/dofbot_info/environment/ament_prefix_path.dsv
[1.841s] -- Up-to-date: /root/ascend-devkit/src/E2E-Sample/ros2_robot_arm/ros2_ws/install/dofbot_info/share/dofbot_info/environment/path.sh
[1.842s] -- Up-to-date: /root/ascend-devkit/src/E2E-Sample/ros2_robot_arm/ros2_ws/install/dofbot_info/share/dofbot_info/environment/path.dsv
[1.842s] -- Up-to-date: /root/ascend-devkit/src/E2E-Sample/ros2_robot_arm/ros2_ws/install/dofbot_info/share/dofbot_info/local_setup.bash
[1.842s] -- Up-to-date: /root/ascend-devkit/src/E2E-Sample/ros2_robot_arm/ros2_ws/install/dofbot_info/share/dofbot_info/local_setup.sh
[1.842s] -- Up-to-date: /root/ascend-devkit/src/E2E-Sample/ros2_robot_arm/ros2_ws/install/dofbot_info/share/dofbot_info/local_setup.zsh
[1.842s] -- Up-to-date: /root/ascend-devkit/src/E2E-Sample/ros2_robot_arm/ros2_ws/install/dofbot_info/share/dofbot_info/local_setup.dsv
[1.842s] -- Installing: /root/ascend-devkit/src/E2E-Sample/ros2_robot_arm/ros2_ws/install/dofbot_info/share/dofbot_info/package.dsv
[1.843s] -- Up-to-date: /root/ascend-devkit/src/E2E-Sample/ros2_robot_arm/ros2_ws/install/dofbot_info/share/ament_index/resource_index/packages/dofbot_info
[1.845s] -- Up-to-date: /root/ascend-devkit/src/E2E-Sample/ros2_robot_arm/ros2_ws/install/dofbot_info/share/dofbot_info/cmake/export_dofbot_info__rosidl_generator_cExport.cmake
[1.846s] -- Up-to-date: /root/ascend-devkit/src/E2E-Sample/ros2_robot_arm/ros2_ws/install/dofbot_info/share/dofbot_info/cmake/export_dofbot_info__rosidl_generator_cExport-noconfig.cmake
[1.847s] -- Up-to-date: /root/ascend-devkit/src/E2E-Sample/ros2_robot_arm/ros2_ws/install/dofbot_info/share/dofbot_info/cmake/export_dofbot_info__rosidl_typesupport_fastrtps_cExport.cmake
[1.847s] -- Up-to-date: /root/ascend-devkit/src/E2E-Sample/ros2_robot_arm/ros2_ws/install/dofbot_info/share/dofbot_info/cmake/export_dofbot_info__rosidl_typesupport_fastrtps_cExport-noconfig.cmake
[1.852s] -- Up-to-date: /root/ascend-devkit/src/E2E-Sample/ros2_robot_arm/ros2_ws/install/dofbot_info/share/dofbot_info/cmake/dofbot_info__rosidl_typesupport_introspection_cExport.cmake
[1.852s] -- Up-to-date: /root/ascend-devkit/src/E2E-Sample/ros2_robot_arm/ros2_ws/install/dofbot_info/share/dofbot_info/cmake/dofbot_info__rosidl_typesupport_introspection_cExport-noconfig.cmake
[1.853s] -- Up-to-date: /root/ascend-devkit/src/E2E-Sample/ros2_robot_arm/ros2_ws/install/dofbot_info/share/dofbot_info/cmake/dofbot_info__rosidl_typesupport_cExport.cmake
[1.853s] -- Up-to-date: /root/ascend-devkit/src/E2E-Sample/ros2_robot_arm/ros2_ws/install/dofbot_info/share/dofbot_info/cmake/dofbot_info__rosidl_typesupport_cExport-noconfig.cmake
[1.854s] -- Up-to-date: /root/ascend-devkit/src/E2E-Sample/ros2_robot_arm/ros2_ws/install/dofbot_info/share/dofbot_info/cmake/export_dofbot_info__rosidl_generator_cppExport.cmake
[1.854s] -- Up-to-date: /root/ascend-devkit/src/E2E-Sample/ros2_robot_arm/ros2_ws/install/dofbot_info/share/dofbot_info/cmake/export_dofbot_info__rosidl_typesupport_fastrtps_cppExport.cmake
[1.859s] -- Up-to-date: /root/ascend-devkit/src/E2E-Sample/ros2_robot_arm/ros2_ws/install/dofbot_info/share/dofbot_info/cmake/export_dofbot_info__rosidl_typesupport_fastrtps_cppExport-noconfig.cmake
[1.860s] -- Up-to-date: /root/ascend-devkit/src/E2E-Sample/ros2_robot_arm/ros2_ws/install/dofbot_info/share/dofbot_info/cmake/dofbot_info__rosidl_typesupport_introspection_cppExport.cmake
[1.860s] -- Up-to-date: /root/ascend-devkit/src/E2E-Sample/ros2_robot_arm/ros2_ws/install/dofbot_info/share/dofbot_info/cmake/dofbot_info__rosidl_typesupport_introspection_cppExport-noconfig.cmake
[1.860s] -- Up-to-date: /root/ascend-devkit/src/E2E-Sample/ros2_robot_arm/ros2_ws/install/dofbot_info/share/dofbot_info/cmake/dofbot_info__rosidl_typesupport_cppExport.cmake
[1.861s] -- Up-to-date: /root/ascend-devkit/src/E2E-Sample/ros2_robot_arm/ros2_ws/install/dofbot_info/share/dofbot_info/cmake/dofbot_info__rosidl_typesupport_cppExport-noconfig.cmake
[1.861s] -- Up-to-date: /root/ascend-devkit/src/E2E-Sample/ros2_robot_arm/ros2_ws/install/dofbot_info/share/dofbot_info/cmake/export_dofbot_info__rosidl_generator_pyExport.cmake
[1.862s] -- Up-to-date: /root/ascend-devkit/src/E2E-Sample/ros2_robot_arm/ros2_ws/install/dofbot_info/share/dofbot_info/cmake/export_dofbot_info__rosidl_generator_pyExport-noconfig.cmake
[1.862s] -- Up-to-date: /root/ascend-devkit/src/E2E-Sample/ros2_robot_arm/ros2_ws/install/dofbot_info/share/dofbot_info/cmake/rosidl_cmake-extras.cmake
[1.863s] -- Up-to-date: /root/ascend-devkit/src/E2E-Sample/ros2_robot_arm/ros2_ws/install/dofbot_info/share/dofbot_info/cmake/ament_cmake_export_include_directories-extras.cmake
[1.863s] -- Up-to-date: /root/ascend-devkit/src/E2E-Sample/ros2_robot_arm/ros2_ws/install/dofbot_info/share/dofbot_info/cmake/ament_cmake_export_libraries-extras.cmake
[1.864s] -- Up-to-date: /root/ascend-devkit/src/E2E-Sample/ros2_robot_arm/ros2_ws/install/dofbot_info/share/dofbot_info/cmake/ament_cmake_export_targets-extras.cmake
[1.864s] -- Up-to-date: /root/ascend-devkit/src/E2E-Sample/ros2_robot_arm/ros2_ws/install/dofbot_info/share/dofbot_info/cmake/rosidl_cmake_export_typesupport_targets-extras.cmake
[1.864s] -- Up-to-date: /root/ascend-devkit/src/E2E-Sample/ros2_robot_arm/ros2_ws/install/dofbot_info/share/dofbot_info/cmake/ament_cmake_export_dependencies-extras.cmake
[1.864s] -- Up-to-date: /root/ascend-devkit/src/E2E-Sample/ros2_robot_arm/ros2_ws/install/dofbot_info/share/dofbot_info/cmake/rosidl_cmake_export_typesupport_libraries-extras.cmake
[1.864s] -- Up-to-date: /root/ascend-devkit/src/E2E-Sample/ros2_robot_arm/ros2_ws/install/dofbot_info/share/dofbot_info/cmake/dofbot_infoConfig.cmake
[1.869s] -- Up-to-date: /root/ascend-devkit/src/E2E-Sample/ros2_robot_arm/ros2_ws/install/dofbot_info/share/dofbot_info/cmake/dofbot_infoConfig-version.cmake
[1.870s] -- Up-to-date: /root/ascend-devkit/src/E2E-Sample/ros2_robot_arm/ros2_ws/install/dofbot_info/share/dofbot_info/package.xml
[1.897s] Invoked command in '/root/ascend-devkit/src/E2E-Sample/ros2_robot_arm/ros2_ws/build/dofbot_info' returned '0': CMAKE_PREFIX_PATH=${CMAKE_PREFIX_PATH}:/root/ascend-devkit/src/E2E-Sample/ros2_robot_arm/ros2_ws/install/robot_arm_color_stacking:/root/ascend-devkit/src/E2E-Sample/ros2_robot_arm/ros2_ws/install/robot_arm_bringup:/root/ascend-devkit/src/E2E-Sample/ros2_robot_arm/ros2_ws/install/dofbot_garbage_yolov5:/opt/ros/humble /usr/bin/cmake --install /root/ascend-devkit/src/E2E-Sample/ros2_robot_arm/ros2_ws/build/dofbot_info
