[2.454s] Invoking command in '/root/ascend-devkit/src/E2E-Sample/ros2_robot_arm/ros2_ws/src/robot_arm_color_stacking': PYTHONPATH=/root/ascend-devkit/src/E2E-Sample/ros2_robot_arm/ros2_ws/build/robot_arm_color_stacking/prefix_override:/usr/lib/python3/dist-packages/colcon_core/task/python/colcon_distutils_commands:/root/ascend-devkit/src/E2E-Sample/ros2_robot_arm/ros2_ws/install/robot_arm_color_stacking/lib/python3.10/site-packages:${PYTHONPATH} /usr/bin/python3 -W ignore:setup.py install is deprecated -W ignore:easy_install command is deprecated setup.py egg_info --egg-base ../../build/robot_arm_color_stacking build --build-base /root/ascend-devkit/src/E2E-Sample/ros2_robot_arm/ros2_ws/build/robot_arm_color_stacking/build install --record /root/ascend-devkit/src/E2E-Sample/ros2_robot_arm/ros2_ws/build/robot_arm_color_stacking/install.log --single-version-externally-managed install_data
[3.117s] running egg_info
[3.119s] writing ../../build/robot_arm_color_stacking/robot_arm_color_stacking.egg-info/PKG-INFO
[3.120s] writing dependency_links to ../../build/robot_arm_color_stacking/robot_arm_color_stacking.egg-info/dependency_links.txt
[3.120s] writing entry points to ../../build/robot_arm_color_stacking/robot_arm_color_stacking.egg-info/entry_points.txt
[3.121s] writing requirements to ../../build/robot_arm_color_stacking/robot_arm_color_stacking.egg-info/requires.txt
[3.121s] writing top-level names to ../../build/robot_arm_color_stacking/robot_arm_color_stacking.egg-info/top_level.txt
[3.125s] package init file 'robot_arm_color_stacking/utils/__init__.py' not found (or not a regular file)
[3.126s] reading manifest file '../../build/robot_arm_color_stacking/robot_arm_color_stacking.egg-info/SOURCES.txt'
[3.129s] writing manifest file '../../build/robot_arm_color_stacking/robot_arm_color_stacking.egg-info/SOURCES.txt'
[3.129s] running build
[3.130s] running build_py
[3.131s] running install
[3.132s] running install_lib
[3.135s] running install_data
[3.136s] running install_egg_info
[3.141s] removing '/root/ascend-devkit/src/E2E-Sample/ros2_robot_arm/ros2_ws/install/robot_arm_color_stacking/lib/python3.10/site-packages/robot_arm_color_stacking-0.0.0-py3.10.egg-info' (and everything under it)
[3.141s] Copying ../../build/robot_arm_color_stacking/robot_arm_color_stacking.egg-info to /root/ascend-devkit/src/E2E-Sample/ros2_robot_arm/ros2_ws/install/robot_arm_color_stacking/lib/python3.10/site-packages/robot_arm_color_stacking-0.0.0-py3.10.egg-info
[3.143s] running install_scripts
[3.196s] Installing color_stacking script to /root/ascend-devkit/src/E2E-Sample/ros2_robot_arm/ros2_ws/install/robot_arm_color_stacking/lib/robot_arm_color_stacking
[3.198s] writing list of installed files to '/root/ascend-devkit/src/E2E-Sample/ros2_robot_arm/ros2_ws/build/robot_arm_color_stacking/install.log'
[3.302s] Invoked command in '/root/ascend-devkit/src/E2E-Sample/ros2_robot_arm/ros2_ws/src/robot_arm_color_stacking' returned '0': PYTHONPATH=/root/ascend-devkit/src/E2E-Sample/ros2_robot_arm/ros2_ws/build/robot_arm_color_stacking/prefix_override:/usr/lib/python3/dist-packages/colcon_core/task/python/colcon_distutils_commands:/root/ascend-devkit/src/E2E-Sample/ros2_robot_arm/ros2_ws/install/robot_arm_color_stacking/lib/python3.10/site-packages:${PYTHONPATH} /usr/bin/python3 -W ignore:setup.py install is deprecated -W ignore:easy_install command is deprecated setup.py egg_info --egg-base ../../build/robot_arm_color_stacking build --build-base /root/ascend-devkit/src/E2E-Sample/ros2_robot_arm/ros2_ws/build/robot_arm_color_stacking/build install --record /root/ascend-devkit/src/E2E-Sample/ros2_robot_arm/ros2_ws/build/robot_arm_color_stacking/install.log --single-version-externally-managed install_data
