[0.313s] [34mcolcon[0m [1;30mDEBUG[0m [32mCommand line arguments: ['/usr/bin/colcon', 'build'][0m
[0.314s] [34mcolcon[0m [1;30mDEBUG[0m [32mParsed command line arguments: Namespace(log_base=None, log_level=None, verb_name='build', build_base='build', install_base='install', merge_install=False, symlink_install=False, test_result_base=None, continue_on_error=False, executor='parallel', parallel_workers=3, event_handlers=None, ignore_user_meta=False, metas=['./colcon.meta'], base_paths=['.'], packages_ignore=None, packages_ignore_regex=None, paths=None, packages_up_to=None, packages_up_to_regex=None, packages_above=None, packages_above_and_dependencies=None, packages_above_depth=None, packages_select_by_dep=None, packages_skip_by_dep=None, packages_skip_up_to=None, packages_select_build_failed=False, packages_skip_build_finished=False, packages_select_test_failures=False, packages_skip_test_passed=False, packages_select=None, packages_skip=None, packages_select_regex=None, packages_skip_regex=None, packages_start=None, packages_end=None, allow_overriding=[], cmake_args=None, cmake_target=None, cmake_target_skip_unavailable=False, cmake_clean_cache=False, cmake_clean_first=False, cmake_force_configure=False, ament_cmake_args=None, catkin_cmake_args=None, catkin_skip_building_tests=False, mixin_files=None, mixin=None, verb_parser=<colcon_mixin.mixin.mixin_argument.MixinArgumentDecorator object at 0xe7fff3a72110>, verb_extension=<colcon_core.verb.build.BuildVerb object at 0xe7fff3bfb9a0>, main=<bound method BuildVerb.main of <colcon_core.verb.build.BuildVerb object at 0xe7fff3bfb9a0>>, mixin_verb=('build',))[0m
[0.777s] [34mcolcon.colcon_core.package_discovery[0m [1;30mLevel 1[0m discover_packages(colcon_meta) check parameters
[0.777s] [34mcolcon.colcon_core.package_discovery[0m [1;30mLevel 1[0m discover_packages(recursive) check parameters
[0.777s] [34mcolcon.colcon_core.package_discovery[0m [1;30mLevel 1[0m discover_packages(ignore) check parameters
[0.777s] [34mcolcon.colcon_core.package_discovery[0m [1;30mLevel 1[0m discover_packages(path) check parameters
[0.777s] [34mcolcon.colcon_core.package_discovery[0m [1;30mLevel 1[0m discover_packages(colcon_meta) discover
[0.777s] [34mcolcon.colcon_core.package_discovery[0m [1;30mLevel 1[0m discover_packages(recursive) discover
[0.778s] [34mcolcon.colcon_core.package_discovery[0m [1;30mINFO[0m Crawling recursively for packages in '/root/ascend-devkit/src/E2E-Sample/ros2_robot_arm/ros2_ws'
[0.778s] [34mcolcon.colcon_core.package_identification[0m [1;30mLevel 1[0m _identify(.) by extensions ['ignore', 'ignore_ament_install']
[0.778s] [34mcolcon.colcon_core.package_identification[0m [1;30mLevel 1[0m _identify(.) by extension 'ignore'
[0.778s] [34mcolcon.colcon_core.package_identification[0m [1;30mLevel 1[0m _identify(.) by extension 'ignore_ament_install'
[0.778s] [34mcolcon.colcon_core.package_identification[0m [1;30mLevel 1[0m _identify(.) by extensions ['colcon_pkg']
[0.778s] [34mcolcon.colcon_core.package_identification[0m [1;30mLevel 1[0m _identify(.) by extension 'colcon_pkg'
[0.779s] [34mcolcon.colcon_core.package_identification[0m [1;30mLevel 1[0m _identify(.) by extensions ['colcon_meta']
[0.779s] [34mcolcon.colcon_core.package_identification[0m [1;30mLevel 1[0m _identify(.) by extension 'colcon_meta'
[0.779s] [34mcolcon.colcon_core.package_identification[0m [1;30mLevel 1[0m _identify(.) by extensions ['ros']
[0.779s] [34mcolcon.colcon_core.package_identification[0m [1;30mLevel 1[0m _identify(.) by extension 'ros'
[0.838s] [34mcolcon.colcon_core.package_identification[0m [1;30mLevel 1[0m _identify(.) by extensions ['cmake', 'python']
[0.838s] [34mcolcon.colcon_core.package_identification[0m [1;30mLevel 1[0m _identify(.) by extension 'cmake'
[0.838s] [34mcolcon.colcon_core.package_identification[0m [1;30mLevel 1[0m _identify(.) by extension 'python'
[0.838s] [34mcolcon.colcon_core.package_identification[0m [1;30mLevel 1[0m _identify(.) by extensions ['python_setup_py']
[0.838s] [34mcolcon.colcon_core.package_identification[0m [1;30mLevel 1[0m _identify(.) by extension 'python_setup_py'
[0.839s] [34mcolcon.colcon_core.package_identification[0m [1;30mLevel 1[0m _identify(build) by extensions ['ignore', 'ignore_ament_install']
[0.839s] [34mcolcon.colcon_core.package_identification[0m [1;30mLevel 1[0m _identify(build) by extension 'ignore'
[0.839s] [34mcolcon.colcon_core.package_identification[0m [1;30mLevel 1[0m _identify(build) ignored
[0.839s] [34mcolcon.colcon_core.package_identification[0m [1;30mLevel 1[0m _identify(install) by extensions ['ignore', 'ignore_ament_install']
[0.840s] [34mcolcon.colcon_core.package_identification[0m [1;30mLevel 1[0m _identify(install) by extension 'ignore'
[0.840s] [34mcolcon.colcon_core.package_identification[0m [1;30mLevel 1[0m _identify(install) ignored
[0.840s] [34mcolcon.colcon_core.package_identification[0m [1;30mLevel 1[0m _identify(log) by extensions ['ignore', 'ignore_ament_install']
[0.840s] [34mcolcon.colcon_core.package_identification[0m [1;30mLevel 1[0m _identify(log) by extension 'ignore'
[0.841s] [34mcolcon.colcon_core.package_identification[0m [1;30mLevel 1[0m _identify(log) ignored
[0.841s] [34mcolcon.colcon_core.package_identification[0m [1;30mLevel 1[0m _identify(src) by extensions ['ignore', 'ignore_ament_install']
[0.841s] [34mcolcon.colcon_core.package_identification[0m [1;30mLevel 1[0m _identify(src) by extension 'ignore'
[0.841s] [34mcolcon.colcon_core.package_identification[0m [1;30mLevel 1[0m _identify(src) by extension 'ignore_ament_install'
[0.841s] [34mcolcon.colcon_core.package_identification[0m [1;30mLevel 1[0m _identify(src) by extensions ['colcon_pkg']
[0.841s] [34mcolcon.colcon_core.package_identification[0m [1;30mLevel 1[0m _identify(src) by extension 'colcon_pkg'
[0.841s] [34mcolcon.colcon_core.package_identification[0m [1;30mLevel 1[0m _identify(src) by extensions ['colcon_meta']
[0.842s] [34mcolcon.colcon_core.package_identification[0m [1;30mLevel 1[0m _identify(src) by extension 'colcon_meta'
[0.842s] [34mcolcon.colcon_core.package_identification[0m [1;30mLevel 1[0m _identify(src) by extensions ['ros']
[0.842s] [34mcolcon.colcon_core.package_identification[0m [1;30mLevel 1[0m _identify(src) by extension 'ros'
[0.842s] [34mcolcon.colcon_core.package_identification[0m [1;30mLevel 1[0m _identify(src) by extensions ['cmake', 'python']
[0.842s] [34mcolcon.colcon_core.package_identification[0m [1;30mLevel 1[0m _identify(src) by extension 'cmake'
[0.842s] [34mcolcon.colcon_core.package_identification[0m [1;30mLevel 1[0m _identify(src) by extension 'python'
[0.842s] [34mcolcon.colcon_core.package_identification[0m [1;30mLevel 1[0m _identify(src) by extensions ['python_setup_py']
[0.842s] [34mcolcon.colcon_core.package_identification[0m [1;30mLevel 1[0m _identify(src) by extension 'python_setup_py'
[0.843s] [34mcolcon.colcon_core.package_identification[0m [1;30mLevel 1[0m _identify(src/dofbot_garbage_yolov5) by extensions ['ignore', 'ignore_ament_install']
[0.843s] [34mcolcon.colcon_core.package_identification[0m [1;30mLevel 1[0m _identify(src/dofbot_garbage_yolov5) by extension 'ignore'
[0.843s] [34mcolcon.colcon_core.package_identification[0m [1;30mLevel 1[0m _identify(src/dofbot_garbage_yolov5) by extension 'ignore_ament_install'
[0.843s] [34mcolcon.colcon_core.package_identification[0m [1;30mLevel 1[0m _identify(src/dofbot_garbage_yolov5) by extensions ['colcon_pkg']
[0.843s] [34mcolcon.colcon_core.package_identification[0m [1;30mLevel 1[0m _identify(src/dofbot_garbage_yolov5) by extension 'colcon_pkg'
[0.843s] [34mcolcon.colcon_core.package_identification[0m [1;30mLevel 1[0m _identify(src/dofbot_garbage_yolov5) by extensions ['colcon_meta']
[0.843s] [34mcolcon.colcon_core.package_identification[0m [1;30mLevel 1[0m _identify(src/dofbot_garbage_yolov5) by extension 'colcon_meta'
[0.844s] [34mcolcon.colcon_core.package_identification[0m [1;30mLevel 1[0m _identify(src/dofbot_garbage_yolov5) by extensions ['ros']
[0.844s] [34mcolcon.colcon_core.package_identification[0m [1;30mLevel 1[0m _identify(src/dofbot_garbage_yolov5) by extension 'ros'
[0.850s] [34mcolcon.colcon_core.package_identification[0m [1;30mDEBUG[0m [32mPackage 'src/dofbot_garbage_yolov5' with type 'ros.ament_python' and name 'dofbot_garbage_yolov5'[0m
[0.850s] [34mcolcon.colcon_core.package_identification[0m [1;30mLevel 1[0m _identify(src/dofbot_info) by extensions ['ignore', 'ignore_ament_install']
[0.851s] [34mcolcon.colcon_core.package_identification[0m [1;30mLevel 1[0m _identify(src/dofbot_info) by extension 'ignore'
[0.851s] [34mcolcon.colcon_core.package_identification[0m [1;30mLevel 1[0m _identify(src/dofbot_info) by extension 'ignore_ament_install'
[0.851s] [34mcolcon.colcon_core.package_identification[0m [1;30mLevel 1[0m _identify(src/dofbot_info) by extensions ['colcon_pkg']
[0.851s] [34mcolcon.colcon_core.package_identification[0m [1;30mLevel 1[0m _identify(src/dofbot_info) by extension 'colcon_pkg'
[0.851s] [34mcolcon.colcon_core.package_identification[0m [1;30mLevel 1[0m _identify(src/dofbot_info) by extensions ['colcon_meta']
[0.851s] [34mcolcon.colcon_core.package_identification[0m [1;30mLevel 1[0m _identify(src/dofbot_info) by extension 'colcon_meta'
[0.851s] [34mcolcon.colcon_core.package_identification[0m [1;30mLevel 1[0m _identify(src/dofbot_info) by extensions ['ros']
[0.852s] [34mcolcon.colcon_core.package_identification[0m [1;30mLevel 1[0m _identify(src/dofbot_info) by extension 'ros'
[0.853s] [34mcolcon.colcon_core.package_identification[0m [1;30mDEBUG[0m [32mPackage 'src/dofbot_info' with type 'ros.ament_cmake' and name 'dofbot_info'[0m
[0.853s] [34mcolcon.colcon_core.package_identification[0m [1;30mLevel 1[0m _identify(src/dofbot_moveit) by extensions ['ignore', 'ignore_ament_install']
[0.853s] [34mcolcon.colcon_core.package_identification[0m [1;30mLevel 1[0m _identify(src/dofbot_moveit) by extension 'ignore'
[0.854s] [34mcolcon.colcon_core.package_identification[0m [1;30mLevel 1[0m _identify(src/dofbot_moveit) by extension 'ignore_ament_install'
[0.854s] [34mcolcon.colcon_core.package_identification[0m [1;30mLevel 1[0m _identify(src/dofbot_moveit) by extensions ['colcon_pkg']
[0.854s] [34mcolcon.colcon_core.package_identification[0m [1;30mLevel 1[0m _identify(src/dofbot_moveit) by extension 'colcon_pkg'
[0.854s] [34mcolcon.colcon_core.package_identification[0m [1;30mLevel 1[0m _identify(src/dofbot_moveit) by extensions ['colcon_meta']
[0.854s] [34mcolcon.colcon_core.package_identification[0m [1;30mLevel 1[0m _identify(src/dofbot_moveit) by extension 'colcon_meta'
[0.854s] [34mcolcon.colcon_core.package_identification[0m [1;30mLevel 1[0m _identify(src/dofbot_moveit) by extensions ['ros']
[0.854s] [34mcolcon.colcon_core.package_identification[0m [1;30mLevel 1[0m _identify(src/dofbot_moveit) by extension 'ros'
[0.856s] [34mcolcon.colcon_core.package_identification[0m [1;30mDEBUG[0m [32mPackage 'src/dofbot_moveit' with type 'ros.ament_cmake' and name 'dofbot_moveit'[0m
[0.856s] [34mcolcon.colcon_core.package_identification[0m [1;30mLevel 1[0m _identify(src/robot_arm_bringup) by extensions ['ignore', 'ignore_ament_install']
[0.856s] [34mcolcon.colcon_core.package_identification[0m [1;30mLevel 1[0m _identify(src/robot_arm_bringup) by extension 'ignore'
[0.857s] [34mcolcon.colcon_core.package_identification[0m [1;30mLevel 1[0m _identify(src/robot_arm_bringup) by extension 'ignore_ament_install'
[0.857s] [34mcolcon.colcon_core.package_identification[0m [1;30mLevel 1[0m _identify(src/robot_arm_bringup) by extensions ['colcon_pkg']
[0.857s] [34mcolcon.colcon_core.package_identification[0m [1;30mLevel 1[0m _identify(src/robot_arm_bringup) by extension 'colcon_pkg'
[0.857s] [34mcolcon.colcon_core.package_identification[0m [1;30mLevel 1[0m _identify(src/robot_arm_bringup) by extensions ['colcon_meta']
[0.857s] [34mcolcon.colcon_core.package_identification[0m [1;30mLevel 1[0m _identify(src/robot_arm_bringup) by extension 'colcon_meta'
[0.857s] [34mcolcon.colcon_core.package_identification[0m [1;30mLevel 1[0m _identify(src/robot_arm_bringup) by extensions ['ros']
[0.857s] [34mcolcon.colcon_core.package_identification[0m [1;30mLevel 1[0m _identify(src/robot_arm_bringup) by extension 'ros'
[0.859s] [34mcolcon.colcon_core.package_identification[0m [1;30mDEBUG[0m [32mPackage 'src/robot_arm_bringup' with type 'ros.ament_python' and name 'robot_arm_bringup'[0m
[0.859s] [34mcolcon.colcon_core.package_identification[0m [1;30mLevel 1[0m _identify(src/robot_arm_color_stacking) by extensions ['ignore', 'ignore_ament_install']
[0.859s] [34mcolcon.colcon_core.package_identification[0m [1;30mLevel 1[0m _identify(src/robot_arm_color_stacking) by extension 'ignore'
[0.859s] [34mcolcon.colcon_core.package_identification[0m [1;30mLevel 1[0m _identify(src/robot_arm_color_stacking) by extension 'ignore_ament_install'
[0.859s] [34mcolcon.colcon_core.package_identification[0m [1;30mLevel 1[0m _identify(src/robot_arm_color_stacking) by extensions ['colcon_pkg']
[0.860s] [34mcolcon.colcon_core.package_identification[0m [1;30mLevel 1[0m _identify(src/robot_arm_color_stacking) by extension 'colcon_pkg'
[0.860s] [34mcolcon.colcon_core.package_identification[0m [1;30mLevel 1[0m _identify(src/robot_arm_color_stacking) by extensions ['colcon_meta']
[0.860s] [34mcolcon.colcon_core.package_identification[0m [1;30mLevel 1[0m _identify(src/robot_arm_color_stacking) by extension 'colcon_meta'
[0.860s] [34mcolcon.colcon_core.package_identification[0m [1;30mLevel 1[0m _identify(src/robot_arm_color_stacking) by extensions ['ros']
[0.860s] [34mcolcon.colcon_core.package_identification[0m [1;30mLevel 1[0m _identify(src/robot_arm_color_stacking) by extension 'ros'
[0.861s] [34mcolcon.colcon_core.package_identification[0m [1;30mDEBUG[0m [32mPackage 'src/robot_arm_color_stacking' with type 'ros.ament_python' and name 'robot_arm_color_stacking'[0m
[0.862s] [34mcolcon.colcon_core.package_discovery[0m [1;30mLevel 1[0m discover_packages(recursive) using defaults
[0.862s] [34mcolcon.colcon_core.package_discovery[0m [1;30mLevel 1[0m discover_packages(ignore) discover
[0.862s] [34mcolcon.colcon_core.package_discovery[0m [1;30mLevel 1[0m discover_packages(ignore) using defaults
[0.862s] [34mcolcon.colcon_core.package_discovery[0m [1;30mLevel 1[0m discover_packages(path) discover
[0.862s] [34mcolcon.colcon_core.package_discovery[0m [1;30mLevel 1[0m discover_packages(path) using defaults
[0.903s] [34mcolcon.colcon_core.package_discovery[0m [1;30mLevel 1[0m discover_packages(prefix_path) check parameters
[0.904s] [34mcolcon.colcon_core.package_discovery[0m [1;30mLevel 1[0m discover_packages(prefix_path) discover
[0.909s] [34mcolcon.colcon_installed_package_information.package_discovery[0m [1;30mDEBUG[0m [32mFound 284 installed packages in /opt/ros/humble[0m
[0.912s] [34mcolcon.colcon_core.package_discovery[0m [1;30mLevel 1[0m discover_packages(prefix_path) using defaults
[1.007s] [34mcolcon.colcon_core.verb[0m [1;30mLevel 5[0m set package 'dofbot_info' build argument 'cmake_args' from command line to 'None'
[1.007s] [34mcolcon.colcon_core.verb[0m [1;30mLevel 5[0m set package 'dofbot_info' build argument 'cmake_target' from command line to 'None'
[1.007s] [34mcolcon.colcon_core.verb[0m [1;30mLevel 5[0m set package 'dofbot_info' build argument 'cmake_target_skip_unavailable' from command line to 'False'
[1.007s] [34mcolcon.colcon_core.verb[0m [1;30mLevel 5[0m set package 'dofbot_info' build argument 'cmake_clean_cache' from command line to 'False'
[1.007s] [34mcolcon.colcon_core.verb[0m [1;30mLevel 5[0m set package 'dofbot_info' build argument 'cmake_clean_first' from command line to 'False'
[1.007s] [34mcolcon.colcon_core.verb[0m [1;30mLevel 5[0m set package 'dofbot_info' build argument 'cmake_force_configure' from command line to 'False'
[1.007s] [34mcolcon.colcon_core.verb[0m [1;30mLevel 5[0m set package 'dofbot_info' build argument 'ament_cmake_args' from command line to 'None'
[1.007s] [34mcolcon.colcon_core.verb[0m [1;30mLevel 5[0m set package 'dofbot_info' build argument 'catkin_cmake_args' from command line to 'None'
[1.008s] [34mcolcon.colcon_core.verb[0m [1;30mLevel 5[0m set package 'dofbot_info' build argument 'catkin_skip_building_tests' from command line to 'False'
[1.008s] [34mcolcon.colcon_core.verb[0m [1;30mDEBUG[0m [32mBuilding package 'dofbot_info' with the following arguments: {'ament_cmake_args': None, 'build_base': '/root/ascend-devkit/src/E2E-Sample/ros2_robot_arm/ros2_ws/build/dofbot_info', 'catkin_cmake_args': None, 'catkin_skip_building_tests': False, 'cmake_args': None, 'cmake_clean_cache': False, 'cmake_clean_first': False, 'cmake_force_configure': False, 'cmake_target': None, 'cmake_target_skip_unavailable': False, 'install_base': '/root/ascend-devkit/src/E2E-Sample/ros2_robot_arm/ros2_ws/install/dofbot_info', 'merge_install': False, 'path': '/root/ascend-devkit/src/E2E-Sample/ros2_robot_arm/ros2_ws/src/dofbot_info', 'symlink_install': False, 'test_result_base': None}[0m
[1.009s] [34mcolcon.colcon_core.verb[0m [1;30mLevel 5[0m set package 'robot_arm_bringup' build argument 'cmake_args' from command line to 'None'
[1.009s] [34mcolcon.colcon_core.verb[0m [1;30mLevel 5[0m set package 'robot_arm_bringup' build argument 'cmake_target' from command line to 'None'
[1.009s] [34mcolcon.colcon_core.verb[0m [1;30mLevel 5[0m set package 'robot_arm_bringup' build argument 'cmake_target_skip_unavailable' from command line to 'False'
[1.009s] [34mcolcon.colcon_core.verb[0m [1;30mLevel 5[0m set package 'robot_arm_bringup' build argument 'cmake_clean_cache' from command line to 'False'
[1.009s] [34mcolcon.colcon_core.verb[0m [1;30mLevel 5[0m set package 'robot_arm_bringup' build argument 'cmake_clean_first' from command line to 'False'
[1.009s] [34mcolcon.colcon_core.verb[0m [1;30mLevel 5[0m set package 'robot_arm_bringup' build argument 'cmake_force_configure' from command line to 'False'
[1.009s] [34mcolcon.colcon_core.verb[0m [1;30mLevel 5[0m set package 'robot_arm_bringup' build argument 'ament_cmake_args' from command line to 'None'
[1.009s] [34mcolcon.colcon_core.verb[0m [1;30mLevel 5[0m set package 'robot_arm_bringup' build argument 'catkin_cmake_args' from command line to 'None'
[1.009s] [34mcolcon.colcon_core.verb[0m [1;30mLevel 5[0m set package 'robot_arm_bringup' build argument 'catkin_skip_building_tests' from command line to 'False'
[1.009s] [34mcolcon.colcon_core.verb[0m [1;30mDEBUG[0m [32mBuilding package 'robot_arm_bringup' with the following arguments: {'ament_cmake_args': None, 'build_base': '/root/ascend-devkit/src/E2E-Sample/ros2_robot_arm/ros2_ws/build/robot_arm_bringup', 'catkin_cmake_args': None, 'catkin_skip_building_tests': False, 'cmake_args': None, 'cmake_clean_cache': False, 'cmake_clean_first': False, 'cmake_force_configure': False, 'cmake_target': None, 'cmake_target_skip_unavailable': False, 'install_base': '/root/ascend-devkit/src/E2E-Sample/ros2_robot_arm/ros2_ws/install/robot_arm_bringup', 'merge_install': False, 'path': '/root/ascend-devkit/src/E2E-Sample/ros2_robot_arm/ros2_ws/src/robot_arm_bringup', 'symlink_install': False, 'test_result_base': None}[0m
[1.010s] [34mcolcon.colcon_core.verb[0m [1;30mLevel 5[0m set package 'robot_arm_color_stacking' build argument 'cmake_args' from command line to 'None'
[1.010s] [34mcolcon.colcon_core.verb[0m [1;30mLevel 5[0m set package 'robot_arm_color_stacking' build argument 'cmake_target' from command line to 'None'
[1.010s] [34mcolcon.colcon_core.verb[0m [1;30mLevel 5[0m set package 'robot_arm_color_stacking' build argument 'cmake_target_skip_unavailable' from command line to 'False'
[1.011s] [34mcolcon.colcon_core.verb[0m [1;30mLevel 5[0m set package 'robot_arm_color_stacking' build argument 'cmake_clean_cache' from command line to 'False'
[1.011s] [34mcolcon.colcon_core.verb[0m [1;30mLevel 5[0m set package 'robot_arm_color_stacking' build argument 'cmake_clean_first' from command line to 'False'
[1.011s] [34mcolcon.colcon_core.verb[0m [1;30mLevel 5[0m set package 'robot_arm_color_stacking' build argument 'cmake_force_configure' from command line to 'False'
[1.011s] [34mcolcon.colcon_core.verb[0m [1;30mLevel 5[0m set package 'robot_arm_color_stacking' build argument 'ament_cmake_args' from command line to 'None'
[1.011s] [34mcolcon.colcon_core.verb[0m [1;30mLevel 5[0m set package 'robot_arm_color_stacking' build argument 'catkin_cmake_args' from command line to 'None'
[1.011s] [34mcolcon.colcon_core.verb[0m [1;30mLevel 5[0m set package 'robot_arm_color_stacking' build argument 'catkin_skip_building_tests' from command line to 'False'
[1.011s] [34mcolcon.colcon_core.verb[0m [1;30mDEBUG[0m [32mBuilding package 'robot_arm_color_stacking' with the following arguments: {'ament_cmake_args': None, 'build_base': '/root/ascend-devkit/src/E2E-Sample/ros2_robot_arm/ros2_ws/build/robot_arm_color_stacking', 'catkin_cmake_args': None, 'catkin_skip_building_tests': False, 'cmake_args': None, 'cmake_clean_cache': False, 'cmake_clean_first': False, 'cmake_force_configure': False, 'cmake_target': None, 'cmake_target_skip_unavailable': False, 'install_base': '/root/ascend-devkit/src/E2E-Sample/ros2_robot_arm/ros2_ws/install/robot_arm_color_stacking', 'merge_install': False, 'path': '/root/ascend-devkit/src/E2E-Sample/ros2_robot_arm/ros2_ws/src/robot_arm_color_stacking', 'symlink_install': False, 'test_result_base': None}[0m
[1.012s] [34mcolcon.colcon_core.verb[0m [1;30mLevel 5[0m set package 'dofbot_garbage_yolov5' build argument 'cmake_args' from command line to 'None'
[1.012s] [34mcolcon.colcon_core.verb[0m [1;30mLevel 5[0m set package 'dofbot_garbage_yolov5' build argument 'cmake_target' from command line to 'None'
[1.012s] [34mcolcon.colcon_core.verb[0m [1;30mLevel 5[0m set package 'dofbot_garbage_yolov5' build argument 'cmake_target_skip_unavailable' from command line to 'False'
[1.012s] [34mcolcon.colcon_core.verb[0m [1;30mLevel 5[0m set package 'dofbot_garbage_yolov5' build argument 'cmake_clean_cache' from command line to 'False'
[1.012s] [34mcolcon.colcon_core.verb[0m [1;30mLevel 5[0m set package 'dofbot_garbage_yolov5' build argument 'cmake_clean_first' from command line to 'False'
[1.012s] [34mcolcon.colcon_core.verb[0m [1;30mLevel 5[0m set package 'dofbot_garbage_yolov5' build argument 'cmake_force_configure' from command line to 'False'
[1.012s] [34mcolcon.colcon_core.verb[0m [1;30mLevel 5[0m set package 'dofbot_garbage_yolov5' build argument 'ament_cmake_args' from command line to 'None'
[1.012s] [34mcolcon.colcon_core.verb[0m [1;30mLevel 5[0m set package 'dofbot_garbage_yolov5' build argument 'catkin_cmake_args' from command line to 'None'
[1.012s] [34mcolcon.colcon_core.verb[0m [1;30mLevel 5[0m set package 'dofbot_garbage_yolov5' build argument 'catkin_skip_building_tests' from command line to 'False'
[1.013s] [34mcolcon.colcon_core.verb[0m [1;30mDEBUG[0m [32mBuilding package 'dofbot_garbage_yolov5' with the following arguments: {'ament_cmake_args': None, 'build_base': '/root/ascend-devkit/src/E2E-Sample/ros2_robot_arm/ros2_ws/build/dofbot_garbage_yolov5', 'catkin_cmake_args': None, 'catkin_skip_building_tests': False, 'cmake_args': None, 'cmake_clean_cache': False, 'cmake_clean_first': False, 'cmake_force_configure': False, 'cmake_target': None, 'cmake_target_skip_unavailable': False, 'install_base': '/root/ascend-devkit/src/E2E-Sample/ros2_robot_arm/ros2_ws/install/dofbot_garbage_yolov5', 'merge_install': False, 'path': '/root/ascend-devkit/src/E2E-Sample/ros2_robot_arm/ros2_ws/src/dofbot_garbage_yolov5', 'symlink_install': False, 'test_result_base': None}[0m
[1.014s] [34mcolcon.colcon_core.verb[0m [1;30mLevel 5[0m set package 'dofbot_moveit' build argument 'cmake_args' from command line to 'None'
[1.014s] [34mcolcon.colcon_core.verb[0m [1;30mLevel 5[0m set package 'dofbot_moveit' build argument 'cmake_target' from command line to 'None'
[1.014s] [34mcolcon.colcon_core.verb[0m [1;30mLevel 5[0m set package 'dofbot_moveit' build argument 'cmake_target_skip_unavailable' from command line to 'False'
[1.014s] [34mcolcon.colcon_core.verb[0m [1;30mLevel 5[0m set package 'dofbot_moveit' build argument 'cmake_clean_cache' from command line to 'False'
[1.014s] [34mcolcon.colcon_core.verb[0m [1;30mLevel 5[0m set package 'dofbot_moveit' build argument 'cmake_clean_first' from command line to 'False'
[1.014s] [34mcolcon.colcon_core.verb[0m [1;30mLevel 5[0m set package 'dofbot_moveit' build argument 'cmake_force_configure' from command line to 'False'
[1.014s] [34mcolcon.colcon_core.verb[0m [1;30mLevel 5[0m set package 'dofbot_moveit' build argument 'ament_cmake_args' from command line to 'None'
[1.014s] [34mcolcon.colcon_core.verb[0m [1;30mLevel 5[0m set package 'dofbot_moveit' build argument 'catkin_cmake_args' from command line to 'None'
[1.014s] [34mcolcon.colcon_core.verb[0m [1;30mLevel 5[0m set package 'dofbot_moveit' build argument 'catkin_skip_building_tests' from command line to 'False'
[1.014s] [34mcolcon.colcon_core.verb[0m [1;30mDEBUG[0m [32mBuilding package 'dofbot_moveit' with the following arguments: {'ament_cmake_args': None, 'build_base': '/root/ascend-devkit/src/E2E-Sample/ros2_robot_arm/ros2_ws/build/dofbot_moveit', 'catkin_cmake_args': None, 'catkin_skip_building_tests': False, 'cmake_args': None, 'cmake_clean_cache': False, 'cmake_clean_first': False, 'cmake_force_configure': False, 'cmake_target': None, 'cmake_target_skip_unavailable': False, 'install_base': '/root/ascend-devkit/src/E2E-Sample/ros2_robot_arm/ros2_ws/install/dofbot_moveit', 'merge_install': False, 'path': '/root/ascend-devkit/src/E2E-Sample/ros2_robot_arm/ros2_ws/src/dofbot_moveit', 'symlink_install': False, 'test_result_base': None}[0m
[1.015s] [34mcolcon.colcon_core.executor[0m [1;30mINFO[0m Executing jobs using 'parallel' executor
[1.017s] [34mcolcon.colcon_parallel_executor.executor.parallel[0m [1;30mDEBUG[0m [32mrun_until_complete[0m
[1.017s] [34mcolcon.colcon_ros.task.ament_cmake.build[0m [1;30mINFO[0m Building ROS package in '/root/ascend-devkit/src/E2E-Sample/ros2_robot_arm/ros2_ws/src/dofbot_info' with build type 'ament_cmake'
[1.018s] [34mcolcon.colcon_cmake.task.cmake.build[0m [1;30mINFO[0m Building CMake package in '/root/ascend-devkit/src/E2E-Sample/ros2_robot_arm/ros2_ws/src/dofbot_info'
[1.022s] [34mcolcon.colcon_core.plugin_system[0m [1;30mINFO[0m Skipping extension 'colcon_core.shell.bat': Not used on non-Windows systems
[1.023s] [34mcolcon.colcon_core.shell[0m [1;30mINFO[0m Skip shell extension 'powershell' for command environment: Not usable outside of PowerShell
[1.023s] [34mcolcon.colcon_core.shell[0m [1;30mDEBUG[0m [32mSkip shell extension 'dsv' for command environment[0m
[1.029s] [34mcolcon.colcon_ros.task.ament_python.build[0m [1;30mINFO[0m Building ROS package in '/root/ascend-devkit/src/E2E-Sample/ros2_robot_arm/ros2_ws/src/robot_arm_bringup' with build type 'ament_python'
[1.029s] [34mcolcon.colcon_core.shell[0m [1;30mLevel 1[0m create_environment_hook('robot_arm_bringup', 'ament_prefix_path')
[1.030s] [34mcolcon.colcon_core.shell[0m [1;30mINFO[0m Creating environment hook '/root/ascend-devkit/src/E2E-Sample/ros2_robot_arm/ros2_ws/install/robot_arm_bringup/share/robot_arm_bringup/hook/ament_prefix_path.ps1'
[1.032s] [34mcolcon.colcon_core.shell[0m [1;30mINFO[0m Creating environment descriptor '/root/ascend-devkit/src/E2E-Sample/ros2_robot_arm/ros2_ws/install/robot_arm_bringup/share/robot_arm_bringup/hook/ament_prefix_path.dsv'
[1.033s] [34mcolcon.colcon_core.shell[0m [1;30mINFO[0m Creating environment hook '/root/ascend-devkit/src/E2E-Sample/ros2_robot_arm/ros2_ws/install/robot_arm_bringup/share/robot_arm_bringup/hook/ament_prefix_path.sh'
[1.035s] [34mcolcon.colcon_core.shell[0m [1;30mINFO[0m Skip shell extension 'powershell' for command environment: Not usable outside of PowerShell
[1.035s] [34mcolcon.colcon_core.shell[0m [1;30mDEBUG[0m [32mSkip shell extension 'dsv' for command environment[0m
[1.040s] [34mcolcon.colcon_ros.task.ament_python.build[0m [1;30mINFO[0m Building ROS package in '/root/ascend-devkit/src/E2E-Sample/ros2_robot_arm/ros2_ws/src/robot_arm_color_stacking' with build type 'ament_python'
[1.040s] [34mcolcon.colcon_core.shell[0m [1;30mLevel 1[0m create_environment_hook('robot_arm_color_stacking', 'ament_prefix_path')
[1.041s] [34mcolcon.colcon_core.shell[0m [1;30mINFO[0m Creating environment hook '/root/ascend-devkit/src/E2E-Sample/ros2_robot_arm/ros2_ws/install/robot_arm_color_stacking/share/robot_arm_color_stacking/hook/ament_prefix_path.ps1'
[1.042s] [34mcolcon.colcon_core.shell[0m [1;30mINFO[0m Creating environment descriptor '/root/ascend-devkit/src/E2E-Sample/ros2_robot_arm/ros2_ws/install/robot_arm_color_stacking/share/robot_arm_color_stacking/hook/ament_prefix_path.dsv'
[1.043s] [34mcolcon.colcon_core.shell[0m [1;30mINFO[0m Creating environment hook '/root/ascend-devkit/src/E2E-Sample/ros2_robot_arm/ros2_ws/install/robot_arm_color_stacking/share/robot_arm_color_stacking/hook/ament_prefix_path.sh'
[1.044s] [34mcolcon.colcon_core.shell[0m [1;30mINFO[0m Skip shell extension 'powershell' for command environment: Not usable outside of PowerShell
[1.045s] [34mcolcon.colcon_core.shell[0m [1;30mDEBUG[0m [32mSkip shell extension 'dsv' for command environment[0m
[1.058s] [34mcolcon.colcon_core.event_handler.log_command[0m [1;30mDEBUG[0m [32mInvoking command in '/root/ascend-devkit/src/E2E-Sample/ros2_robot_arm/ros2_ws/build/dofbot_info': CMAKE_PREFIX_PATH=/opt/ros/humble /usr/bin/cmake --build /root/ascend-devkit/src/E2E-Sample/ros2_robot_arm/ros2_ws/build/dofbot_info -- -j3 -l3[0m
[1.745s] [34mcolcon.colcon_core.task.python.build[0m [1;30mINFO[0m Building Python package in '/root/ascend-devkit/src/E2E-Sample/ros2_robot_arm/ros2_ws/src/robot_arm_bringup'
[1.746s] [34mcolcon.colcon_core.shell[0m [1;30mINFO[0m Skip shell extension 'powershell' for command environment: Not usable outside of PowerShell
[1.746s] [34mcolcon.colcon_core.shell[0m [1;30mDEBUG[0m [32mSkip shell extension 'dsv' for command environment[0m
[2.479s] [34mcolcon.colcon_core.task.python.build[0m [1;30mINFO[0m Building Python package in '/root/ascend-devkit/src/E2E-Sample/ros2_robot_arm/ros2_ws/src/robot_arm_color_stacking'
[2.480s] [34mcolcon.colcon_core.shell[0m [1;30mINFO[0m Skip shell extension 'powershell' for command environment: Not usable outside of PowerShell
[2.480s] [34mcolcon.colcon_core.shell[0m [1;30mDEBUG[0m [32mSkip shell extension 'dsv' for command environment[0m
[2.497s] [34mcolcon.colcon_core.event_handler.log_command[0m [1;30mDEBUG[0m [32mInvoked command in '/root/ascend-devkit/src/E2E-Sample/ros2_robot_arm/ros2_ws/build/dofbot_info' returned '0': CMAKE_PREFIX_PATH=/opt/ros/humble /usr/bin/cmake --build /root/ascend-devkit/src/E2E-Sample/ros2_robot_arm/ros2_ws/build/dofbot_info -- -j3 -l3[0m
[2.517s] [34mcolcon.colcon_core.event_handler.log_command[0m [1;30mDEBUG[0m [32mInvoking command in '/root/ascend-devkit/src/E2E-Sample/ros2_robot_arm/ros2_ws/build/dofbot_info': CMAKE_PREFIX_PATH=/opt/ros/humble /usr/bin/cmake --install /root/ascend-devkit/src/E2E-Sample/ros2_robot_arm/ros2_ws/build/dofbot_info[0m
[2.647s] [34mcolcon.colcon_core.environment[0m [1;30mLevel 1[0m create_environment_scripts_only(dofbot_info)
[2.652s] [34mcolcon.colcon_core.environment[0m [1;30mLevel 1[0m checking '/root/ascend-devkit/src/E2E-Sample/ros2_robot_arm/ros2_ws/install/dofbot_info' for CMake module files
[2.654s] [34mcolcon.colcon_core.environment[0m [1;30mLevel 1[0m checking '/root/ascend-devkit/src/E2E-Sample/ros2_robot_arm/ros2_ws/install/dofbot_info' for CMake config files
[2.654s] [34mcolcon.colcon_core.shell[0m [1;30mLevel 1[0m create_environment_hook('dofbot_info', 'cmake_prefix_path')
[2.655s] [34mcolcon.colcon_core.shell[0m [1;30mINFO[0m Creating environment hook '/root/ascend-devkit/src/E2E-Sample/ros2_robot_arm/ros2_ws/install/dofbot_info/share/dofbot_info/hook/cmake_prefix_path.ps1'
[2.657s] [34mcolcon.colcon_core.event_handler.log_command[0m [1;30mDEBUG[0m [32mInvoked command in '/root/ascend-devkit/src/E2E-Sample/ros2_robot_arm/ros2_ws/build/dofbot_info' returned '0': CMAKE_PREFIX_PATH=/opt/ros/humble /usr/bin/cmake --install /root/ascend-devkit/src/E2E-Sample/ros2_robot_arm/ros2_ws/build/dofbot_info[0m
[2.658s] [34mcolcon.colcon_core.shell[0m [1;30mINFO[0m Creating environment descriptor '/root/ascend-devkit/src/E2E-Sample/ros2_robot_arm/ros2_ws/install/dofbot_info/share/dofbot_info/hook/cmake_prefix_path.dsv'
[2.659s] [34mcolcon.colcon_core.shell[0m [1;30mINFO[0m Creating environment hook '/root/ascend-devkit/src/E2E-Sample/ros2_robot_arm/ros2_ws/install/dofbot_info/share/dofbot_info/hook/cmake_prefix_path.sh'
[2.661s] [34mcolcon.colcon_core.environment[0m [1;30mLevel 1[0m checking '/root/ascend-devkit/src/E2E-Sample/ros2_robot_arm/ros2_ws/install/dofbot_info/lib'
[2.661s] [34mcolcon.colcon_core.shell[0m [1;30mLevel 1[0m create_environment_hook('dofbot_info', 'ld_library_path_lib')
[2.662s] [34mcolcon.colcon_core.shell[0m [1;30mINFO[0m Creating environment hook '/root/ascend-devkit/src/E2E-Sample/ros2_robot_arm/ros2_ws/install/dofbot_info/share/dofbot_info/hook/ld_library_path_lib.ps1'
[2.663s] [34mcolcon.colcon_core.shell[0m [1;30mINFO[0m Creating environment descriptor '/root/ascend-devkit/src/E2E-Sample/ros2_robot_arm/ros2_ws/install/dofbot_info/share/dofbot_info/hook/ld_library_path_lib.dsv'
[2.664s] [34mcolcon.colcon_core.shell[0m [1;30mINFO[0m Creating environment hook '/root/ascend-devkit/src/E2E-Sample/ros2_robot_arm/ros2_ws/install/dofbot_info/share/dofbot_info/hook/ld_library_path_lib.sh'
[2.665s] [34mcolcon.colcon_core.environment[0m [1;30mLevel 1[0m checking '/root/ascend-devkit/src/E2E-Sample/ros2_robot_arm/ros2_ws/install/dofbot_info/bin'
[2.666s] [34mcolcon.colcon_core.environment[0m [1;30mLevel 1[0m checking '/root/ascend-devkit/src/E2E-Sample/ros2_robot_arm/ros2_ws/install/dofbot_info/lib/pkgconfig/dofbot_info.pc'
[2.666s] [34mcolcon.colcon_core.environment[0m [1;30mLevel 1[0m checking '/root/ascend-devkit/src/E2E-Sample/ros2_robot_arm/ros2_ws/install/dofbot_info/lib/python3.10/site-packages'
[2.667s] [34mcolcon.colcon_core.environment[0m [1;30mLevel 1[0m checking '/root/ascend-devkit/src/E2E-Sample/ros2_robot_arm/ros2_ws/install/dofbot_info/bin'
[2.668s] [34mcolcon.colcon_core.shell[0m [1;30mINFO[0m Creating package script '/root/ascend-devkit/src/E2E-Sample/ros2_robot_arm/ros2_ws/install/dofbot_info/share/dofbot_info/package.ps1'
[2.670s] [34mcolcon.colcon_core.shell[0m [1;30mINFO[0m Creating package descriptor '/root/ascend-devkit/src/E2E-Sample/ros2_robot_arm/ros2_ws/install/dofbot_info/share/dofbot_info/package.dsv'
[2.672s] [34mcolcon.colcon_core.shell[0m [1;30mINFO[0m Creating package script '/root/ascend-devkit/src/E2E-Sample/ros2_robot_arm/ros2_ws/install/dofbot_info/share/dofbot_info/package.sh'
[2.674s] [34mcolcon.colcon_core.shell[0m [1;30mINFO[0m Creating package script '/root/ascend-devkit/src/E2E-Sample/ros2_robot_arm/ros2_ws/install/dofbot_info/share/dofbot_info/package.bash'
[2.675s] [34mcolcon.colcon_core.shell[0m [1;30mINFO[0m Creating package script '/root/ascend-devkit/src/E2E-Sample/ros2_robot_arm/ros2_ws/install/dofbot_info/share/dofbot_info/package.zsh'
[2.677s] [34mcolcon.colcon_core.environment[0m [1;30mLevel 1[0m create_file_with_runtime_dependencies(/root/ascend-devkit/src/E2E-Sample/ros2_robot_arm/ros2_ws/install/dofbot_info/share/colcon-core/packages/dofbot_info)
[2.679s] [34mcolcon.colcon_core.environment[0m [1;30mLevel 1[0m create_environment_scripts_only(dofbot_info)
[2.679s] [34mcolcon.colcon_core.environment[0m [1;30mLevel 1[0m checking '/root/ascend-devkit/src/E2E-Sample/ros2_robot_arm/ros2_ws/install/dofbot_info' for CMake module files
[2.681s] [34mcolcon.colcon_core.environment[0m [1;30mLevel 1[0m checking '/root/ascend-devkit/src/E2E-Sample/ros2_robot_arm/ros2_ws/install/dofbot_info' for CMake config files
[2.682s] [34mcolcon.colcon_core.shell[0m [1;30mLevel 1[0m create_environment_hook('dofbot_info', 'cmake_prefix_path')
[2.682s] [34mcolcon.colcon_core.shell[0m [1;30mINFO[0m Creating environment hook '/root/ascend-devkit/src/E2E-Sample/ros2_robot_arm/ros2_ws/install/dofbot_info/share/dofbot_info/hook/cmake_prefix_path.ps1'
[2.684s] [34mcolcon.colcon_core.shell[0m [1;30mINFO[0m Creating environment descriptor '/root/ascend-devkit/src/E2E-Sample/ros2_robot_arm/ros2_ws/install/dofbot_info/share/dofbot_info/hook/cmake_prefix_path.dsv'
[2.685s] [34mcolcon.colcon_core.shell[0m [1;30mINFO[0m Creating environment hook '/root/ascend-devkit/src/E2E-Sample/ros2_robot_arm/ros2_ws/install/dofbot_info/share/dofbot_info/hook/cmake_prefix_path.sh'
[2.686s] [34mcolcon.colcon_core.environment[0m [1;30mLevel 1[0m checking '/root/ascend-devkit/src/E2E-Sample/ros2_robot_arm/ros2_ws/install/dofbot_info/lib'
[2.686s] [34mcolcon.colcon_core.shell[0m [1;30mLevel 1[0m create_environment_hook('dofbot_info', 'ld_library_path_lib')
[2.687s] [34mcolcon.colcon_core.shell[0m [1;30mINFO[0m Creating environment hook '/root/ascend-devkit/src/E2E-Sample/ros2_robot_arm/ros2_ws/install/dofbot_info/share/dofbot_info/hook/ld_library_path_lib.ps1'
[2.688s] [34mcolcon.colcon_core.shell[0m [1;30mINFO[0m Creating environment descriptor '/root/ascend-devkit/src/E2E-Sample/ros2_robot_arm/ros2_ws/install/dofbot_info/share/dofbot_info/hook/ld_library_path_lib.dsv'
[2.689s] [34mcolcon.colcon_core.shell[0m [1;30mINFO[0m Creating environment hook '/root/ascend-devkit/src/E2E-Sample/ros2_robot_arm/ros2_ws/install/dofbot_info/share/dofbot_info/hook/ld_library_path_lib.sh'
[2.690s] [34mcolcon.colcon_core.environment[0m [1;30mLevel 1[0m checking '/root/ascend-devkit/src/E2E-Sample/ros2_robot_arm/ros2_ws/install/dofbot_info/bin'
[2.690s] [34mcolcon.colcon_core.environment[0m [1;30mLevel 1[0m checking '/root/ascend-devkit/src/E2E-Sample/ros2_robot_arm/ros2_ws/install/dofbot_info/lib/pkgconfig/dofbot_info.pc'
[2.691s] [34mcolcon.colcon_core.environment[0m [1;30mLevel 1[0m checking '/root/ascend-devkit/src/E2E-Sample/ros2_robot_arm/ros2_ws/install/dofbot_info/lib/python3.10/site-packages'
[2.692s] [34mcolcon.colcon_core.environment[0m [1;30mLevel 1[0m checking '/root/ascend-devkit/src/E2E-Sample/ros2_robot_arm/ros2_ws/install/dofbot_info/bin'
[2.693s] [34mcolcon.colcon_core.shell[0m [1;30mINFO[0m Creating package script '/root/ascend-devkit/src/E2E-Sample/ros2_robot_arm/ros2_ws/install/dofbot_info/share/dofbot_info/package.ps1'
[2.694s] [34mcolcon.colcon_core.shell[0m [1;30mINFO[0m Creating package descriptor '/root/ascend-devkit/src/E2E-Sample/ros2_robot_arm/ros2_ws/install/dofbot_info/share/dofbot_info/package.dsv'
[2.696s] [34mcolcon.colcon_core.shell[0m [1;30mINFO[0m Creating package script '/root/ascend-devkit/src/E2E-Sample/ros2_robot_arm/ros2_ws/install/dofbot_info/share/dofbot_info/package.sh'
[2.697s] [34mcolcon.colcon_core.shell[0m [1;30mINFO[0m Creating package script '/root/ascend-devkit/src/E2E-Sample/ros2_robot_arm/ros2_ws/install/dofbot_info/share/dofbot_info/package.bash'
[2.698s] [34mcolcon.colcon_core.shell[0m [1;30mINFO[0m Creating package script '/root/ascend-devkit/src/E2E-Sample/ros2_robot_arm/ros2_ws/install/dofbot_info/share/dofbot_info/package.zsh'
[2.699s] [34mcolcon.colcon_core.environment[0m [1;30mLevel 1[0m create_file_with_runtime_dependencies(/root/ascend-devkit/src/E2E-Sample/ros2_robot_arm/ros2_ws/install/dofbot_info/share/colcon-core/packages/dofbot_info)
[2.702s] [34mcolcon.colcon_ros.task.ament_python.build[0m [1;30mINFO[0m Building ROS package in '/root/ascend-devkit/src/E2E-Sample/ros2_robot_arm/ros2_ws/src/dofbot_garbage_yolov5' with build type 'ament_python'
[2.703s] [34mcolcon.colcon_core.shell[0m [1;30mLevel 1[0m create_environment_hook('dofbot_garbage_yolov5', 'ament_prefix_path')
[2.703s] [34mcolcon.colcon_core.shell[0m [1;30mINFO[0m Creating environment hook '/root/ascend-devkit/src/E2E-Sample/ros2_robot_arm/ros2_ws/install/dofbot_garbage_yolov5/share/dofbot_garbage_yolov5/hook/ament_prefix_path.ps1'
[2.705s] [34mcolcon.colcon_core.shell[0m [1;30mINFO[0m Creating environment descriptor '/root/ascend-devkit/src/E2E-Sample/ros2_robot_arm/ros2_ws/install/dofbot_garbage_yolov5/share/dofbot_garbage_yolov5/hook/ament_prefix_path.dsv'
[2.705s] [34mcolcon.colcon_core.shell[0m [1;30mINFO[0m Creating environment hook '/root/ascend-devkit/src/E2E-Sample/ros2_robot_arm/ros2_ws/install/dofbot_garbage_yolov5/share/dofbot_garbage_yolov5/hook/ament_prefix_path.sh'
[2.707s] [34mcolcon.colcon_core.shell[0m [1;30mINFO[0m Skip shell extension 'powershell' for command environment: Not usable outside of PowerShell
[2.707s] [34mcolcon.colcon_core.shell[0m [1;30mDEBUG[0m [32mSkip shell extension 'dsv' for command environment[0m
[3.472s] [34mcolcon.colcon_core.task.python.build[0m [1;30mINFO[0m Building Python package in '/root/ascend-devkit/src/E2E-Sample/ros2_robot_arm/ros2_ws/src/dofbot_garbage_yolov5'
[3.473s] [34mcolcon.colcon_core.shell[0m [1;30mINFO[0m Skip shell extension 'powershell' for command environment: Not usable outside of PowerShell
[3.473s] [34mcolcon.colcon_core.shell[0m [1;30mDEBUG[0m [32mSkip shell extension 'dsv' for command environment[0m
[3.494s] [34mcolcon.colcon_core.event_handler.log_command[0m [1;30mDEBUG[0m [32mInvoking command in '/root/ascend-devkit/src/E2E-Sample/ros2_robot_arm/ros2_ws/src/robot_arm_color_stacking': PYTHONPATH=/root/ascend-devkit/src/E2E-Sample/ros2_robot_arm/ros2_ws/build/robot_arm_color_stacking/prefix_override:/usr/lib/python3/dist-packages/colcon_core/task/python/colcon_distutils_commands:/root/ascend-devkit/src/E2E-Sample/ros2_robot_arm/ros2_ws/install/robot_arm_color_stacking/lib/python3.10/site-packages:${PYTHONPATH} /usr/bin/python3 -W ignore:setup.py install is deprecated -W ignore:easy_install command is deprecated setup.py egg_info --egg-base ../../build/robot_arm_color_stacking build --build-base /root/ascend-devkit/src/E2E-Sample/ros2_robot_arm/ros2_ws/build/robot_arm_color_stacking/build install --record /root/ascend-devkit/src/E2E-Sample/ros2_robot_arm/ros2_ws/build/robot_arm_color_stacking/install.log --single-version-externally-managed install_data[0m
[3.495s] [34mcolcon.colcon_core.event_handler.log_command[0m [1;30mDEBUG[0m [32mInvoking command in '/root/ascend-devkit/src/E2E-Sample/ros2_robot_arm/ros2_ws/src/robot_arm_bringup': PYTHONPATH=/root/ascend-devkit/src/E2E-Sample/ros2_robot_arm/ros2_ws/build/robot_arm_bringup/prefix_override:/usr/lib/python3/dist-packages/colcon_core/task/python/colcon_distutils_commands:/root/ascend-devkit/src/E2E-Sample/ros2_robot_arm/ros2_ws/install/robot_arm_bringup/lib/python3.10/site-packages:${PYTHONPATH} /usr/bin/python3 -W ignore:setup.py install is deprecated -W ignore:easy_install command is deprecated setup.py egg_info --egg-base ../../build/robot_arm_bringup build --build-base /root/ascend-devkit/src/E2E-Sample/ros2_robot_arm/ros2_ws/build/robot_arm_bringup/build install --record /root/ascend-devkit/src/E2E-Sample/ros2_robot_arm/ros2_ws/build/robot_arm_bringup/install.log --single-version-externally-managed install_data[0m
[4.304s] [34mcolcon.colcon_core.environment[0m [1;30mLevel 1[0m checking '/root/ascend-devkit/src/E2E-Sample/ros2_robot_arm/ros2_ws/install/robot_arm_bringup' for CMake module files
[4.305s] [34mcolcon.colcon_core.event_handler.log_command[0m [1;30mDEBUG[0m [32mInvoked command in '/root/ascend-devkit/src/E2E-Sample/ros2_robot_arm/ros2_ws/src/robot_arm_bringup' returned '0': PYTHONPATH=/root/ascend-devkit/src/E2E-Sample/ros2_robot_arm/ros2_ws/build/robot_arm_bringup/prefix_override:/usr/lib/python3/dist-packages/colcon_core/task/python/colcon_distutils_commands:/root/ascend-devkit/src/E2E-Sample/ros2_robot_arm/ros2_ws/install/robot_arm_bringup/lib/python3.10/site-packages:${PYTHONPATH} /usr/bin/python3 -W ignore:setup.py install is deprecated -W ignore:easy_install command is deprecated setup.py egg_info --egg-base ../../build/robot_arm_bringup build --build-base /root/ascend-devkit/src/E2E-Sample/ros2_robot_arm/ros2_ws/build/robot_arm_bringup/build install --record /root/ascend-devkit/src/E2E-Sample/ros2_robot_arm/ros2_ws/build/robot_arm_bringup/install.log --single-version-externally-managed install_data[0m
[4.306s] [34mcolcon.colcon_core.environment[0m [1;30mLevel 1[0m checking '/root/ascend-devkit/src/E2E-Sample/ros2_robot_arm/ros2_ws/install/robot_arm_bringup' for CMake config files
[4.307s] [34mcolcon.colcon_core.environment[0m [1;30mLevel 1[0m checking '/root/ascend-devkit/src/E2E-Sample/ros2_robot_arm/ros2_ws/install/robot_arm_bringup/lib'
[4.307s] [34mcolcon.colcon_core.environment[0m [1;30mLevel 1[0m checking '/root/ascend-devkit/src/E2E-Sample/ros2_robot_arm/ros2_ws/install/robot_arm_bringup/bin'
[4.307s] [34mcolcon.colcon_core.environment[0m [1;30mLevel 1[0m checking '/root/ascend-devkit/src/E2E-Sample/ros2_robot_arm/ros2_ws/install/robot_arm_bringup/lib/pkgconfig/robot_arm_bringup.pc'
[4.308s] [34mcolcon.colcon_core.environment[0m [1;30mLevel 1[0m checking '/root/ascend-devkit/src/E2E-Sample/ros2_robot_arm/ros2_ws/install/robot_arm_bringup/lib/python3.10/site-packages'
[4.308s] [34mcolcon.colcon_core.shell[0m [1;30mLevel 1[0m create_environment_hook('robot_arm_bringup', 'pythonpath')
[4.309s] [34mcolcon.colcon_core.shell[0m [1;30mINFO[0m Creating environment hook '/root/ascend-devkit/src/E2E-Sample/ros2_robot_arm/ros2_ws/install/robot_arm_bringup/share/robot_arm_bringup/hook/pythonpath.ps1'
[4.310s] [34mcolcon.colcon_core.shell[0m [1;30mINFO[0m Creating environment descriptor '/root/ascend-devkit/src/E2E-Sample/ros2_robot_arm/ros2_ws/install/robot_arm_bringup/share/robot_arm_bringup/hook/pythonpath.dsv'
[4.311s] [34mcolcon.colcon_core.shell[0m [1;30mINFO[0m Creating environment hook '/root/ascend-devkit/src/E2E-Sample/ros2_robot_arm/ros2_ws/install/robot_arm_bringup/share/robot_arm_bringup/hook/pythonpath.sh'
[4.313s] [34mcolcon.colcon_core.environment[0m [1;30mLevel 1[0m checking '/root/ascend-devkit/src/E2E-Sample/ros2_robot_arm/ros2_ws/install/robot_arm_bringup/bin'
[4.313s] [34mcolcon.colcon_core.environment[0m [1;30mLevel 1[0m create_environment_scripts_only(robot_arm_bringup)
[4.314s] [34mcolcon.colcon_core.shell[0m [1;30mINFO[0m Creating package script '/root/ascend-devkit/src/E2E-Sample/ros2_robot_arm/ros2_ws/install/robot_arm_bringup/share/robot_arm_bringup/package.ps1'
[4.315s] [34mcolcon.colcon_core.shell[0m [1;30mINFO[0m Creating package descriptor '/root/ascend-devkit/src/E2E-Sample/ros2_robot_arm/ros2_ws/install/robot_arm_bringup/share/robot_arm_bringup/package.dsv'
[4.317s] [34mcolcon.colcon_core.shell[0m [1;30mINFO[0m Creating package script '/root/ascend-devkit/src/E2E-Sample/ros2_robot_arm/ros2_ws/install/robot_arm_bringup/share/robot_arm_bringup/package.sh'
[4.318s] [34mcolcon.colcon_core.shell[0m [1;30mINFO[0m Creating package script '/root/ascend-devkit/src/E2E-Sample/ros2_robot_arm/ros2_ws/install/robot_arm_bringup/share/robot_arm_bringup/package.bash'
[4.319s] [34mcolcon.colcon_core.shell[0m [1;30mINFO[0m Creating package script '/root/ascend-devkit/src/E2E-Sample/ros2_robot_arm/ros2_ws/install/robot_arm_bringup/share/robot_arm_bringup/package.zsh'
[4.320s] [34mcolcon.colcon_core.environment[0m [1;30mLevel 1[0m create_file_with_runtime_dependencies(/root/ascend-devkit/src/E2E-Sample/ros2_robot_arm/ros2_ws/install/robot_arm_bringup/share/colcon-core/packages/robot_arm_bringup)
[4.321s] [34mcolcon.colcon_ros.task.ament_cmake.build[0m [1;30mINFO[0m Building ROS package in '/root/ascend-devkit/src/E2E-Sample/ros2_robot_arm/ros2_ws/src/dofbot_moveit' with build type 'ament_cmake'
[4.321s] [34mcolcon.colcon_cmake.task.cmake.build[0m [1;30mINFO[0m Building CMake package in '/root/ascend-devkit/src/E2E-Sample/ros2_robot_arm/ros2_ws/src/dofbot_moveit'
[4.322s] [34mcolcon.colcon_core.shell[0m [1;30mINFO[0m Skip shell extension 'powershell' for command environment: Not usable outside of PowerShell
[4.323s] [34mcolcon.colcon_core.shell[0m [1;30mDEBUG[0m [32mSkip shell extension 'dsv' for command environment[0m
[4.339s] [34mcolcon.colcon_core.environment[0m [1;30mLevel 1[0m checking '/root/ascend-devkit/src/E2E-Sample/ros2_robot_arm/ros2_ws/install/robot_arm_color_stacking' for CMake module files
[4.340s] [34mcolcon.colcon_core.environment[0m [1;30mLevel 1[0m checking '/root/ascend-devkit/src/E2E-Sample/ros2_robot_arm/ros2_ws/install/robot_arm_color_stacking' for CMake config files
[4.342s] [34mcolcon.colcon_core.event_handler.log_command[0m [1;30mDEBUG[0m [32mInvoked command in '/root/ascend-devkit/src/E2E-Sample/ros2_robot_arm/ros2_ws/src/robot_arm_color_stacking' returned '0': PYTHONPATH=/root/ascend-devkit/src/E2E-Sample/ros2_robot_arm/ros2_ws/build/robot_arm_color_stacking/prefix_override:/usr/lib/python3/dist-packages/colcon_core/task/python/colcon_distutils_commands:/root/ascend-devkit/src/E2E-Sample/ros2_robot_arm/ros2_ws/install/robot_arm_color_stacking/lib/python3.10/site-packages:${PYTHONPATH} /usr/bin/python3 -W ignore:setup.py install is deprecated -W ignore:easy_install command is deprecated setup.py egg_info --egg-base ../../build/robot_arm_color_stacking build --build-base /root/ascend-devkit/src/E2E-Sample/ros2_robot_arm/ros2_ws/build/robot_arm_color_stacking/build install --record /root/ascend-devkit/src/E2E-Sample/ros2_robot_arm/ros2_ws/build/robot_arm_color_stacking/install.log --single-version-externally-managed install_data[0m
[4.343s] [34mcolcon.colcon_core.environment[0m [1;30mLevel 1[0m checking '/root/ascend-devkit/src/E2E-Sample/ros2_robot_arm/ros2_ws/install/robot_arm_color_stacking/lib'
[4.343s] [34mcolcon.colcon_core.environment[0m [1;30mLevel 1[0m checking '/root/ascend-devkit/src/E2E-Sample/ros2_robot_arm/ros2_ws/install/robot_arm_color_stacking/bin'
[4.343s] [34mcolcon.colcon_core.environment[0m [1;30mLevel 1[0m checking '/root/ascend-devkit/src/E2E-Sample/ros2_robot_arm/ros2_ws/install/robot_arm_color_stacking/lib/pkgconfig/robot_arm_color_stacking.pc'
[4.344s] [34mcolcon.colcon_core.environment[0m [1;30mLevel 1[0m checking '/root/ascend-devkit/src/E2E-Sample/ros2_robot_arm/ros2_ws/install/robot_arm_color_stacking/lib/python3.10/site-packages'
[4.344s] [34mcolcon.colcon_core.shell[0m [1;30mLevel 1[0m create_environment_hook('robot_arm_color_stacking', 'pythonpath')
[4.345s] [34mcolcon.colcon_core.shell[0m [1;30mINFO[0m Creating environment hook '/root/ascend-devkit/src/E2E-Sample/ros2_robot_arm/ros2_ws/install/robot_arm_color_stacking/share/robot_arm_color_stacking/hook/pythonpath.ps1'
[4.346s] [34mcolcon.colcon_core.shell[0m [1;30mINFO[0m Creating environment descriptor '/root/ascend-devkit/src/E2E-Sample/ros2_robot_arm/ros2_ws/install/robot_arm_color_stacking/share/robot_arm_color_stacking/hook/pythonpath.dsv'
[4.347s] [34mcolcon.colcon_core.shell[0m [1;30mINFO[0m Creating environment hook '/root/ascend-devkit/src/E2E-Sample/ros2_robot_arm/ros2_ws/install/robot_arm_color_stacking/share/robot_arm_color_stacking/hook/pythonpath.sh'
[4.348s] [34mcolcon.colcon_core.environment[0m [1;30mLevel 1[0m checking '/root/ascend-devkit/src/E2E-Sample/ros2_robot_arm/ros2_ws/install/robot_arm_color_stacking/bin'
[4.348s] [34mcolcon.colcon_core.environment[0m [1;30mLevel 1[0m create_environment_scripts_only(robot_arm_color_stacking)
[4.349s] [34mcolcon.colcon_core.shell[0m [1;30mINFO[0m Creating package script '/root/ascend-devkit/src/E2E-Sample/ros2_robot_arm/ros2_ws/install/robot_arm_color_stacking/share/robot_arm_color_stacking/package.ps1'
[4.350s] [34mcolcon.colcon_core.shell[0m [1;30mINFO[0m Creating package descriptor '/root/ascend-devkit/src/E2E-Sample/ros2_robot_arm/ros2_ws/install/robot_arm_color_stacking/share/robot_arm_color_stacking/package.dsv'
[4.351s] [34mcolcon.colcon_core.shell[0m [1;30mINFO[0m Creating package script '/root/ascend-devkit/src/E2E-Sample/ros2_robot_arm/ros2_ws/install/robot_arm_color_stacking/share/robot_arm_color_stacking/package.sh'
[4.353s] [34mcolcon.colcon_core.shell[0m [1;30mINFO[0m Creating package script '/root/ascend-devkit/src/E2E-Sample/ros2_robot_arm/ros2_ws/install/robot_arm_color_stacking/share/robot_arm_color_stacking/package.bash'
[4.354s] [34mcolcon.colcon_core.shell[0m [1;30mINFO[0m Creating package script '/root/ascend-devkit/src/E2E-Sample/ros2_robot_arm/ros2_ws/install/robot_arm_color_stacking/share/robot_arm_color_stacking/package.zsh'
[4.355s] [34mcolcon.colcon_core.environment[0m [1;30mLevel 1[0m create_file_with_runtime_dependencies(/root/ascend-devkit/src/E2E-Sample/ros2_robot_arm/ros2_ws/install/robot_arm_color_stacking/share/colcon-core/packages/robot_arm_color_stacking)
[4.362s] [34mcolcon.colcon_core.event_handler.log_command[0m [1;30mDEBUG[0m [32mInvoking command in '/root/ascend-devkit/src/E2E-Sample/ros2_robot_arm/ros2_ws/build/dofbot_moveit': AMENT_PREFIX_PATH=/root/ascend-devkit/src/E2E-Sample/ros2_robot_arm/ros2_ws/install/dofbot_info:${AMENT_PREFIX_PATH} CMAKE_PREFIX_PATH=/root/ascend-devkit/src/E2E-Sample/ros2_robot_arm/ros2_ws/install/dofbot_info:/opt/ros/humble LD_LIBRARY_PATH=/root/ascend-devkit/src/E2E-Sample/ros2_robot_arm/ros2_ws/install/dofbot_info/lib:/opt/ros/humble/opt/rviz_ogre_vendor/lib:/opt/ros/humble/lib/aarch64-linux-gnu:/opt/ros/humble/lib:/usr/local/Ascend/ascend-toolkit/latest/tools/aml/lib64:/usr/local/Ascend/ascend-toolkit/latest/tools/aml/lib64/plugin:/usr/local/Ascend/ascend-toolkit/latest/lib64:/usr/local/Ascend/ascend-toolkit/latest/lib64/plugin/opskernel:/usr/local/Ascend/ascend-toolkit/latest/lib64/plugin/nnengine:/usr/local/Ascend/ascend-toolkit/latest/opp/built-in/op_impl/ai_core/tbe/op_tiling/lib/linux/aarch64:/var/davinci/driver/lib64:/var/davinci/driver/lib64/common:/var/davinci/driver/lib64/driver:/usr/lib/aarch64-linux-gnu:/usr/local/lib:/usr/lib:/usr/lib/aarch64-linux-gnu/:/usr/local/lib PYTHONPATH=/root/ascend-devkit/src/E2E-Sample/ros2_robot_arm/ros2_ws/install/dofbot_info/local/lib/python3.10/dist-packages:${PYTHONPATH} /usr/bin/cmake --build /root/ascend-devkit/src/E2E-Sample/ros2_robot_arm/ros2_ws/build/dofbot_moveit -- -j3 -l3[0m
[4.493s] [34mcolcon.colcon_core.event_handler.log_command[0m [1;30mDEBUG[0m [32mInvoked command in '/root/ascend-devkit/src/E2E-Sample/ros2_robot_arm/ros2_ws/build/dofbot_moveit' returned '0': AMENT_PREFIX_PATH=/root/ascend-devkit/src/E2E-Sample/ros2_robot_arm/ros2_ws/install/dofbot_info:${AMENT_PREFIX_PATH} CMAKE_PREFIX_PATH=/root/ascend-devkit/src/E2E-Sample/ros2_robot_arm/ros2_ws/install/dofbot_info:/opt/ros/humble LD_LIBRARY_PATH=/root/ascend-devkit/src/E2E-Sample/ros2_robot_arm/ros2_ws/install/dofbot_info/lib:/opt/ros/humble/opt/rviz_ogre_vendor/lib:/opt/ros/humble/lib/aarch64-linux-gnu:/opt/ros/humble/lib:/usr/local/Ascend/ascend-toolkit/latest/tools/aml/lib64:/usr/local/Ascend/ascend-toolkit/latest/tools/aml/lib64/plugin:/usr/local/Ascend/ascend-toolkit/latest/lib64:/usr/local/Ascend/ascend-toolkit/latest/lib64/plugin/opskernel:/usr/local/Ascend/ascend-toolkit/latest/lib64/plugin/nnengine:/usr/local/Ascend/ascend-toolkit/latest/opp/built-in/op_impl/ai_core/tbe/op_tiling/lib/linux/aarch64:/var/davinci/driver/lib64:/var/davinci/driver/lib64/common:/var/davinci/driver/lib64/driver:/usr/lib/aarch64-linux-gnu:/usr/local/lib:/usr/lib:/usr/lib/aarch64-linux-gnu/:/usr/local/lib PYTHONPATH=/root/ascend-devkit/src/E2E-Sample/ros2_robot_arm/ros2_ws/install/dofbot_info/local/lib/python3.10/dist-packages:${PYTHONPATH} /usr/bin/cmake --build /root/ascend-devkit/src/E2E-Sample/ros2_robot_arm/ros2_ws/build/dofbot_moveit -- -j3 -l3[0m
[4.496s] [34mcolcon.colcon_core.event_handler.log_command[0m [1;30mDEBUG[0m [32mInvoking command in '/root/ascend-devkit/src/E2E-Sample/ros2_robot_arm/ros2_ws/build/dofbot_moveit': AMENT_PREFIX_PATH=/root/ascend-devkit/src/E2E-Sample/ros2_robot_arm/ros2_ws/install/dofbot_info:${AMENT_PREFIX_PATH} CMAKE_PREFIX_PATH=/root/ascend-devkit/src/E2E-Sample/ros2_robot_arm/ros2_ws/install/dofbot_info:/opt/ros/humble LD_LIBRARY_PATH=/root/ascend-devkit/src/E2E-Sample/ros2_robot_arm/ros2_ws/install/dofbot_info/lib:/opt/ros/humble/opt/rviz_ogre_vendor/lib:/opt/ros/humble/lib/aarch64-linux-gnu:/opt/ros/humble/lib:/usr/local/Ascend/ascend-toolkit/latest/tools/aml/lib64:/usr/local/Ascend/ascend-toolkit/latest/tools/aml/lib64/plugin:/usr/local/Ascend/ascend-toolkit/latest/lib64:/usr/local/Ascend/ascend-toolkit/latest/lib64/plugin/opskernel:/usr/local/Ascend/ascend-toolkit/latest/lib64/plugin/nnengine:/usr/local/Ascend/ascend-toolkit/latest/opp/built-in/op_impl/ai_core/tbe/op_tiling/lib/linux/aarch64:/var/davinci/driver/lib64:/var/davinci/driver/lib64/common:/var/davinci/driver/lib64/driver:/usr/lib/aarch64-linux-gnu:/usr/local/lib:/usr/lib:/usr/lib/aarch64-linux-gnu/:/usr/local/lib PYTHONPATH=/root/ascend-devkit/src/E2E-Sample/ros2_robot_arm/ros2_ws/install/dofbot_info/local/lib/python3.10/dist-packages:${PYTHONPATH} /usr/bin/cmake --install /root/ascend-devkit/src/E2E-Sample/ros2_robot_arm/ros2_ws/build/dofbot_moveit[0m
[4.519s] [34mcolcon.colcon_core.environment[0m [1;30mLevel 1[0m create_environment_scripts_only(dofbot_moveit)
[4.520s] [34mcolcon.colcon_core.environment[0m [1;30mLevel 1[0m checking '/root/ascend-devkit/src/E2E-Sample/ros2_robot_arm/ros2_ws/install/dofbot_moveit' for CMake module files
[4.523s] [34mcolcon.colcon_core.environment[0m [1;30mLevel 1[0m checking '/root/ascend-devkit/src/E2E-Sample/ros2_robot_arm/ros2_ws/install/dofbot_moveit' for CMake config files
[4.525s] [34mcolcon.colcon_core.event_handler.log_command[0m [1;30mDEBUG[0m [32mInvoking command in '/root/ascend-devkit/src/E2E-Sample/ros2_robot_arm/ros2_ws/src/dofbot_garbage_yolov5': AMENT_PREFIX_PATH=/root/ascend-devkit/src/E2E-Sample/ros2_robot_arm/ros2_ws/install/dofbot_info:${AMENT_PREFIX_PATH} CMAKE_PREFIX_PATH=/root/ascend-devkit/src/E2E-Sample/ros2_robot_arm/ros2_ws/install/dofbot_info LD_LIBRARY_PATH=/root/ascend-devkit/src/E2E-Sample/ros2_robot_arm/ros2_ws/install/dofbot_info/lib:/opt/ros/humble/opt/rviz_ogre_vendor/lib:/opt/ros/humble/lib/aarch64-linux-gnu:/opt/ros/humble/lib:/usr/local/Ascend/ascend-toolkit/latest/tools/aml/lib64:/usr/local/Ascend/ascend-toolkit/latest/tools/aml/lib64/plugin:/usr/local/Ascend/ascend-toolkit/latest/lib64:/usr/local/Ascend/ascend-toolkit/latest/lib64/plugin/opskernel:/usr/local/Ascend/ascend-toolkit/latest/lib64/plugin/nnengine:/usr/local/Ascend/ascend-toolkit/latest/opp/built-in/op_impl/ai_core/tbe/op_tiling/lib/linux/aarch64:/var/davinci/driver/lib64:/var/davinci/driver/lib64/common:/var/davinci/driver/lib64/driver:/usr/lib/aarch64-linux-gnu:/usr/local/lib:/usr/lib:/usr/lib/aarch64-linux-gnu/:/usr/local/lib PYTHONPATH=/root/ascend-devkit/src/E2E-Sample/ros2_robot_arm/ros2_ws/build/dofbot_garbage_yolov5/prefix_override:/usr/lib/python3/dist-packages/colcon_core/task/python/colcon_distutils_commands:/root/ascend-devkit/src/E2E-Sample/ros2_robot_arm/ros2_ws/install/dofbot_garbage_yolov5/lib/python3.10/site-packages:/root/ascend-devkit/src/E2E-Sample/ros2_robot_arm/ros2_ws/install/dofbot_info/local/lib/python3.10/dist-packages:${PYTHONPATH} /usr/bin/python3 -W ignore:setup.py install is deprecated -W ignore:easy_install command is deprecated setup.py egg_info --egg-base ../../build/dofbot_garbage_yolov5 build --build-base /root/ascend-devkit/src/E2E-Sample/ros2_robot_arm/ros2_ws/build/dofbot_garbage_yolov5/build install --record /root/ascend-devkit/src/E2E-Sample/ros2_robot_arm/ros2_ws/build/dofbot_garbage_yolov5/install.log --single-version-externally-managed install_data[0m
[4.525s] [34mcolcon.colcon_core.shell[0m [1;30mLevel 1[0m create_environment_hook('dofbot_moveit', 'cmake_prefix_path')
[4.526s] [34mcolcon.colcon_core.shell[0m [1;30mINFO[0m Creating environment hook '/root/ascend-devkit/src/E2E-Sample/ros2_robot_arm/ros2_ws/install/dofbot_moveit/share/dofbot_moveit/hook/cmake_prefix_path.ps1'
[4.528s] [34mcolcon.colcon_core.shell[0m [1;30mINFO[0m Creating environment descriptor '/root/ascend-devkit/src/E2E-Sample/ros2_robot_arm/ros2_ws/install/dofbot_moveit/share/dofbot_moveit/hook/cmake_prefix_path.dsv'
[4.529s] [34mcolcon.colcon_core.event_handler.log_command[0m [1;30mDEBUG[0m [32mInvoked command in '/root/ascend-devkit/src/E2E-Sample/ros2_robot_arm/ros2_ws/build/dofbot_moveit' returned '0': AMENT_PREFIX_PATH=/root/ascend-devkit/src/E2E-Sample/ros2_robot_arm/ros2_ws/install/dofbot_info:${AMENT_PREFIX_PATH} CMAKE_PREFIX_PATH=/root/ascend-devkit/src/E2E-Sample/ros2_robot_arm/ros2_ws/install/dofbot_info:/opt/ros/humble LD_LIBRARY_PATH=/root/ascend-devkit/src/E2E-Sample/ros2_robot_arm/ros2_ws/install/dofbot_info/lib:/opt/ros/humble/opt/rviz_ogre_vendor/lib:/opt/ros/humble/lib/aarch64-linux-gnu:/opt/ros/humble/lib:/usr/local/Ascend/ascend-toolkit/latest/tools/aml/lib64:/usr/local/Ascend/ascend-toolkit/latest/tools/aml/lib64/plugin:/usr/local/Ascend/ascend-toolkit/latest/lib64:/usr/local/Ascend/ascend-toolkit/latest/lib64/plugin/opskernel:/usr/local/Ascend/ascend-toolkit/latest/lib64/plugin/nnengine:/usr/local/Ascend/ascend-toolkit/latest/opp/built-in/op_impl/ai_core/tbe/op_tiling/lib/linux/aarch64:/var/davinci/driver/lib64:/var/davinci/driver/lib64/common:/var/davinci/driver/lib64/driver:/usr/lib/aarch64-linux-gnu:/usr/local/lib:/usr/lib:/usr/lib/aarch64-linux-gnu/:/usr/local/lib PYTHONPATH=/root/ascend-devkit/src/E2E-Sample/ros2_robot_arm/ros2_ws/install/dofbot_info/local/lib/python3.10/dist-packages:${PYTHONPATH} /usr/bin/cmake --install /root/ascend-devkit/src/E2E-Sample/ros2_robot_arm/ros2_ws/build/dofbot_moveit[0m
[4.530s] [34mcolcon.colcon_core.shell[0m [1;30mINFO[0m Creating environment hook '/root/ascend-devkit/src/E2E-Sample/ros2_robot_arm/ros2_ws/install/dofbot_moveit/share/dofbot_moveit/hook/cmake_prefix_path.sh'
[4.532s] [34mcolcon.colcon_core.environment[0m [1;30mLevel 1[0m checking '/root/ascend-devkit/src/E2E-Sample/ros2_robot_arm/ros2_ws/install/dofbot_moveit/lib'
[4.532s] [34mcolcon.colcon_core.environment[0m [1;30mLevel 1[0m checking '/root/ascend-devkit/src/E2E-Sample/ros2_robot_arm/ros2_ws/install/dofbot_moveit/bin'
[4.532s] [34mcolcon.colcon_core.environment[0m [1;30mLevel 1[0m checking '/root/ascend-devkit/src/E2E-Sample/ros2_robot_arm/ros2_ws/install/dofbot_moveit/lib/pkgconfig/dofbot_moveit.pc'
[4.533s] [34mcolcon.colcon_core.environment[0m [1;30mLevel 1[0m checking '/root/ascend-devkit/src/E2E-Sample/ros2_robot_arm/ros2_ws/install/dofbot_moveit/lib/python3.10/site-packages'
[4.533s] [34mcolcon.colcon_core.environment[0m [1;30mLevel 1[0m checking '/root/ascend-devkit/src/E2E-Sample/ros2_robot_arm/ros2_ws/install/dofbot_moveit/bin'
[4.534s] [34mcolcon.colcon_core.shell[0m [1;30mINFO[0m Creating package script '/root/ascend-devkit/src/E2E-Sample/ros2_robot_arm/ros2_ws/install/dofbot_moveit/share/dofbot_moveit/package.ps1'
[4.535s] [34mcolcon.colcon_core.shell[0m [1;30mINFO[0m Creating package descriptor '/root/ascend-devkit/src/E2E-Sample/ros2_robot_arm/ros2_ws/install/dofbot_moveit/share/dofbot_moveit/package.dsv'
[4.536s] [34mcolcon.colcon_core.shell[0m [1;30mINFO[0m Creating package script '/root/ascend-devkit/src/E2E-Sample/ros2_robot_arm/ros2_ws/install/dofbot_moveit/share/dofbot_moveit/package.sh'
[4.538s] [34mcolcon.colcon_core.shell[0m [1;30mINFO[0m Creating package script '/root/ascend-devkit/src/E2E-Sample/ros2_robot_arm/ros2_ws/install/dofbot_moveit/share/dofbot_moveit/package.bash'
[4.538s] [34mcolcon.colcon_core.shell[0m [1;30mINFO[0m Creating package script '/root/ascend-devkit/src/E2E-Sample/ros2_robot_arm/ros2_ws/install/dofbot_moveit/share/dofbot_moveit/package.zsh'
[4.539s] [34mcolcon.colcon_core.environment[0m [1;30mLevel 1[0m create_file_with_runtime_dependencies(/root/ascend-devkit/src/E2E-Sample/ros2_robot_arm/ros2_ws/install/dofbot_moveit/share/colcon-core/packages/dofbot_moveit)
[4.541s] [34mcolcon.colcon_core.environment[0m [1;30mLevel 1[0m create_environment_scripts_only(dofbot_moveit)
[4.542s] [34mcolcon.colcon_core.environment[0m [1;30mLevel 1[0m checking '/root/ascend-devkit/src/E2E-Sample/ros2_robot_arm/ros2_ws/install/dofbot_moveit' for CMake module files
[4.543s] [34mcolcon.colcon_core.environment[0m [1;30mLevel 1[0m checking '/root/ascend-devkit/src/E2E-Sample/ros2_robot_arm/ros2_ws/install/dofbot_moveit' for CMake config files
[4.543s] [34mcolcon.colcon_core.shell[0m [1;30mLevel 1[0m create_environment_hook('dofbot_moveit', 'cmake_prefix_path')
[4.544s] [34mcolcon.colcon_core.shell[0m [1;30mINFO[0m Creating environment hook '/root/ascend-devkit/src/E2E-Sample/ros2_robot_arm/ros2_ws/install/dofbot_moveit/share/dofbot_moveit/hook/cmake_prefix_path.ps1'
[4.545s] [34mcolcon.colcon_core.shell[0m [1;30mINFO[0m Creating environment descriptor '/root/ascend-devkit/src/E2E-Sample/ros2_robot_arm/ros2_ws/install/dofbot_moveit/share/dofbot_moveit/hook/cmake_prefix_path.dsv'
[4.546s] [34mcolcon.colcon_core.shell[0m [1;30mINFO[0m Creating environment hook '/root/ascend-devkit/src/E2E-Sample/ros2_robot_arm/ros2_ws/install/dofbot_moveit/share/dofbot_moveit/hook/cmake_prefix_path.sh'
[4.547s] [34mcolcon.colcon_core.environment[0m [1;30mLevel 1[0m checking '/root/ascend-devkit/src/E2E-Sample/ros2_robot_arm/ros2_ws/install/dofbot_moveit/lib'
[4.547s] [34mcolcon.colcon_core.environment[0m [1;30mLevel 1[0m checking '/root/ascend-devkit/src/E2E-Sample/ros2_robot_arm/ros2_ws/install/dofbot_moveit/bin'
[4.547s] [34mcolcon.colcon_core.environment[0m [1;30mLevel 1[0m checking '/root/ascend-devkit/src/E2E-Sample/ros2_robot_arm/ros2_ws/install/dofbot_moveit/lib/pkgconfig/dofbot_moveit.pc'
[4.548s] [34mcolcon.colcon_core.environment[0m [1;30mLevel 1[0m checking '/root/ascend-devkit/src/E2E-Sample/ros2_robot_arm/ros2_ws/install/dofbot_moveit/lib/python3.10/site-packages'
[4.549s] [34mcolcon.colcon_core.environment[0m [1;30mLevel 1[0m checking '/root/ascend-devkit/src/E2E-Sample/ros2_robot_arm/ros2_ws/install/dofbot_moveit/bin'
[4.550s] [34mcolcon.colcon_core.shell[0m [1;30mINFO[0m Creating package script '/root/ascend-devkit/src/E2E-Sample/ros2_robot_arm/ros2_ws/install/dofbot_moveit/share/dofbot_moveit/package.ps1'
[4.551s] [34mcolcon.colcon_core.shell[0m [1;30mINFO[0m Creating package descriptor '/root/ascend-devkit/src/E2E-Sample/ros2_robot_arm/ros2_ws/install/dofbot_moveit/share/dofbot_moveit/package.dsv'
[4.552s] [34mcolcon.colcon_core.shell[0m [1;30mINFO[0m Creating package script '/root/ascend-devkit/src/E2E-Sample/ros2_robot_arm/ros2_ws/install/dofbot_moveit/share/dofbot_moveit/package.sh'
[4.553s] [34mcolcon.colcon_core.shell[0m [1;30mINFO[0m Creating package script '/root/ascend-devkit/src/E2E-Sample/ros2_robot_arm/ros2_ws/install/dofbot_moveit/share/dofbot_moveit/package.bash'
[4.554s] [34mcolcon.colcon_core.shell[0m [1;30mINFO[0m Creating package script '/root/ascend-devkit/src/E2E-Sample/ros2_robot_arm/ros2_ws/install/dofbot_moveit/share/dofbot_moveit/package.zsh'
[4.555s] [34mcolcon.colcon_core.environment[0m [1;30mLevel 1[0m create_file_with_runtime_dependencies(/root/ascend-devkit/src/E2E-Sample/ros2_robot_arm/ros2_ws/install/dofbot_moveit/share/colcon-core/packages/dofbot_moveit)
[5.319s] [34mcolcon.colcon_core.environment[0m [1;30mLevel 1[0m checking '/root/ascend-devkit/src/E2E-Sample/ros2_robot_arm/ros2_ws/install/dofbot_garbage_yolov5' for CMake module files
[5.321s] [34mcolcon.colcon_core.environment[0m [1;30mLevel 1[0m checking '/root/ascend-devkit/src/E2E-Sample/ros2_robot_arm/ros2_ws/install/dofbot_garbage_yolov5' for CMake config files
[5.326s] [34mcolcon.colcon_core.event_handler.log_command[0m [1;30mDEBUG[0m [32mInvoked command in '/root/ascend-devkit/src/E2E-Sample/ros2_robot_arm/ros2_ws/src/dofbot_garbage_yolov5' returned '0': AMENT_PREFIX_PATH=/root/ascend-devkit/src/E2E-Sample/ros2_robot_arm/ros2_ws/install/dofbot_info:${AMENT_PREFIX_PATH} CMAKE_PREFIX_PATH=/root/ascend-devkit/src/E2E-Sample/ros2_robot_arm/ros2_ws/install/dofbot_info LD_LIBRARY_PATH=/root/ascend-devkit/src/E2E-Sample/ros2_robot_arm/ros2_ws/install/dofbot_info/lib:/opt/ros/humble/opt/rviz_ogre_vendor/lib:/opt/ros/humble/lib/aarch64-linux-gnu:/opt/ros/humble/lib:/usr/local/Ascend/ascend-toolkit/latest/tools/aml/lib64:/usr/local/Ascend/ascend-toolkit/latest/tools/aml/lib64/plugin:/usr/local/Ascend/ascend-toolkit/latest/lib64:/usr/local/Ascend/ascend-toolkit/latest/lib64/plugin/opskernel:/usr/local/Ascend/ascend-toolkit/latest/lib64/plugin/nnengine:/usr/local/Ascend/ascend-toolkit/latest/opp/built-in/op_impl/ai_core/tbe/op_tiling/lib/linux/aarch64:/var/davinci/driver/lib64:/var/davinci/driver/lib64/common:/var/davinci/driver/lib64/driver:/usr/lib/aarch64-linux-gnu:/usr/local/lib:/usr/lib:/usr/lib/aarch64-linux-gnu/:/usr/local/lib PYTHONPATH=/root/ascend-devkit/src/E2E-Sample/ros2_robot_arm/ros2_ws/build/dofbot_garbage_yolov5/prefix_override:/usr/lib/python3/dist-packages/colcon_core/task/python/colcon_distutils_commands:/root/ascend-devkit/src/E2E-Sample/ros2_robot_arm/ros2_ws/install/dofbot_garbage_yolov5/lib/python3.10/site-packages:/root/ascend-devkit/src/E2E-Sample/ros2_robot_arm/ros2_ws/install/dofbot_info/local/lib/python3.10/dist-packages:${PYTHONPATH} /usr/bin/python3 -W ignore:setup.py install is deprecated -W ignore:easy_install command is deprecated setup.py egg_info --egg-base ../../build/dofbot_garbage_yolov5 build --build-base /root/ascend-devkit/src/E2E-Sample/ros2_robot_arm/ros2_ws/build/dofbot_garbage_yolov5/build install --record /root/ascend-devkit/src/E2E-Sample/ros2_robot_arm/ros2_ws/build/dofbot_garbage_yolov5/install.log --single-version-externally-managed install_data[0m
[5.327s] [34mcolcon.colcon_core.environment[0m [1;30mLevel 1[0m checking '/root/ascend-devkit/src/E2E-Sample/ros2_robot_arm/ros2_ws/install/dofbot_garbage_yolov5/lib'
[5.327s] [34mcolcon.colcon_core.environment[0m [1;30mLevel 1[0m checking '/root/ascend-devkit/src/E2E-Sample/ros2_robot_arm/ros2_ws/install/dofbot_garbage_yolov5/bin'
[5.328s] [34mcolcon.colcon_core.environment[0m [1;30mLevel 1[0m checking '/root/ascend-devkit/src/E2E-Sample/ros2_robot_arm/ros2_ws/install/dofbot_garbage_yolov5/lib/pkgconfig/dofbot_garbage_yolov5.pc'
[5.328s] [34mcolcon.colcon_core.environment[0m [1;30mLevel 1[0m checking '/root/ascend-devkit/src/E2E-Sample/ros2_robot_arm/ros2_ws/install/dofbot_garbage_yolov5/lib/python3.10/site-packages'
[5.328s] [34mcolcon.colcon_core.shell[0m [1;30mLevel 1[0m create_environment_hook('dofbot_garbage_yolov5', 'pythonpath')
[5.329s] [34mcolcon.colcon_core.shell[0m [1;30mINFO[0m Creating environment hook '/root/ascend-devkit/src/E2E-Sample/ros2_robot_arm/ros2_ws/install/dofbot_garbage_yolov5/share/dofbot_garbage_yolov5/hook/pythonpath.ps1'
[5.330s] [34mcolcon.colcon_core.shell[0m [1;30mINFO[0m Creating environment descriptor '/root/ascend-devkit/src/E2E-Sample/ros2_robot_arm/ros2_ws/install/dofbot_garbage_yolov5/share/dofbot_garbage_yolov5/hook/pythonpath.dsv'
[5.331s] [34mcolcon.colcon_core.shell[0m [1;30mINFO[0m Creating environment hook '/root/ascend-devkit/src/E2E-Sample/ros2_robot_arm/ros2_ws/install/dofbot_garbage_yolov5/share/dofbot_garbage_yolov5/hook/pythonpath.sh'
[5.332s] [34mcolcon.colcon_core.environment[0m [1;30mLevel 1[0m checking '/root/ascend-devkit/src/E2E-Sample/ros2_robot_arm/ros2_ws/install/dofbot_garbage_yolov5/bin'
[5.332s] [34mcolcon.colcon_core.environment[0m [1;30mLevel 1[0m create_environment_scripts_only(dofbot_garbage_yolov5)
[5.333s] [34mcolcon.colcon_core.shell[0m [1;30mINFO[0m Creating package script '/root/ascend-devkit/src/E2E-Sample/ros2_robot_arm/ros2_ws/install/dofbot_garbage_yolov5/share/dofbot_garbage_yolov5/package.ps1'
[5.335s] [34mcolcon.colcon_core.shell[0m [1;30mINFO[0m Creating package descriptor '/root/ascend-devkit/src/E2E-Sample/ros2_robot_arm/ros2_ws/install/dofbot_garbage_yolov5/share/dofbot_garbage_yolov5/package.dsv'
[5.336s] [34mcolcon.colcon_core.shell[0m [1;30mINFO[0m Creating package script '/root/ascend-devkit/src/E2E-Sample/ros2_robot_arm/ros2_ws/install/dofbot_garbage_yolov5/share/dofbot_garbage_yolov5/package.sh'
[5.337s] [34mcolcon.colcon_core.shell[0m [1;30mINFO[0m Creating package script '/root/ascend-devkit/src/E2E-Sample/ros2_robot_arm/ros2_ws/install/dofbot_garbage_yolov5/share/dofbot_garbage_yolov5/package.bash'
[5.338s] [34mcolcon.colcon_core.shell[0m [1;30mINFO[0m Creating package script '/root/ascend-devkit/src/E2E-Sample/ros2_robot_arm/ros2_ws/install/dofbot_garbage_yolov5/share/dofbot_garbage_yolov5/package.zsh'
[5.339s] [34mcolcon.colcon_core.environment[0m [1;30mLevel 1[0m create_file_with_runtime_dependencies(/root/ascend-devkit/src/E2E-Sample/ros2_robot_arm/ros2_ws/install/dofbot_garbage_yolov5/share/colcon-core/packages/dofbot_garbage_yolov5)
[5.339s] [34mcolcon.colcon_parallel_executor.executor.parallel[0m [1;30mDEBUG[0m [32mclosing loop[0m
[5.340s] [34mcolcon.colcon_parallel_executor.executor.parallel[0m [1;30mDEBUG[0m [32mloop closed[0m
[5.340s] [34mcolcon.colcon_parallel_executor.executor.parallel[0m [1;30mDEBUG[0m [32mrun_until_complete finished with '0'[0m
[5.340s] [34mcolcon.colcon_core.event_reactor[0m [1;30mDEBUG[0m [32mjoining thread[0m
[5.352s] [34mcolcon.colcon_core.plugin_system[0m [1;30mINFO[0m Skipping extension 'colcon_notification.desktop_notification.terminal_notifier': Not used on non-Darwin systems
[5.352s] [34mcolcon.colcon_core.plugin_system[0m [1;30mINFO[0m Skipping extension 'colcon_notification.desktop_notification.win32': Not used on non-Windows systems
[5.352s] [34mcolcon.colcon_notification.desktop_notification[0m [1;30mINFO[0m Sending desktop notification using 'notify2'
