[2.606s] Invoking command in '/root/ascend-devkit/src/E2E-Sample/ros2_robot_arm/ros2_ws/src/robot_arm_color_stacking': PYTHONPATH=/root/ascend-devkit/src/E2E-Sample/ros2_robot_arm/ros2_ws/build/robot_arm_color_stacking/prefix_override:/usr/lib/python3/dist-packages/colcon_core/task/python/colcon_distutils_commands:/root/ascend-devkit/src/E2E-Sample/ros2_robot_arm/ros2_ws/install/robot_arm_color_stacking/lib/python3.10/site-packages:${PYTHONPATH} /usr/bin/python3 -W ignore:setup.py install is deprecated -W ignore:easy_install command is deprecated setup.py egg_info --egg-base ../../build/robot_arm_color_stacking build --build-base /root/ascend-devkit/src/E2E-Sample/ros2_robot_arm/ros2_ws/build/robot_arm_color_stacking/build install --record /root/ascend-devkit/src/E2E-Sample/ros2_robot_arm/ros2_ws/build/robot_arm_color_stacking/install.log --single-version-externally-managed install_data
[3.318s] running egg_info
[3.324s] writing ../../build/robot_arm_color_stacking/robot_arm_color_stacking.egg-info/PKG-INFO
[3.326s] writing dependency_links to ../../build/robot_arm_color_stacking/robot_arm_color_stacking.egg-info/dependency_links.txt
[3.327s] writing entry points to ../../build/robot_arm_color_stacking/robot_arm_color_stacking.egg-info/entry_points.txt
[3.328s] writing requirements to ../../build/robot_arm_color_stacking/robot_arm_color_stacking.egg-info/requires.txt
[3.330s] writing top-level names to ../../build/robot_arm_color_stacking/robot_arm_color_stacking.egg-info/top_level.txt
[3.331s] package init file 'robot_arm_color_stacking/utils/__init__.py' not found (or not a regular file)
[3.333s] reading manifest file '../../build/robot_arm_color_stacking/robot_arm_color_stacking.egg-info/SOURCES.txt'
[3.334s] writing manifest file '../../build/robot_arm_color_stacking/robot_arm_color_stacking.egg-info/SOURCES.txt'
[3.335s] running build
[3.337s] running build_py
[3.337s] running install
[3.339s] running install_lib
[3.339s] running install_data
[3.340s] running install_egg_info
[3.343s] removing '/root/ascend-devkit/src/E2E-Sample/ros2_robot_arm/ros2_ws/install/robot_arm_color_stacking/lib/python3.10/site-packages/robot_arm_color_stacking-0.0.0-py3.10.egg-info' (and everything under it)
[3.344s] Copying ../../build/robot_arm_color_stacking/robot_arm_color_stacking.egg-info to /root/ascend-devkit/src/E2E-Sample/ros2_robot_arm/ros2_ws/install/robot_arm_color_stacking/lib/python3.10/site-packages/robot_arm_color_stacking-0.0.0-py3.10.egg-info
[3.354s] running install_scripts
[3.402s] Installing color_stacking script to /root/ascend-devkit/src/E2E-Sample/ros2_robot_arm/ros2_ws/install/robot_arm_color_stacking/lib/robot_arm_color_stacking
[3.404s] writing list of installed files to '/root/ascend-devkit/src/E2E-Sample/ros2_robot_arm/ros2_ws/build/robot_arm_color_stacking/install.log'
[3.499s] Invoked command in '/root/ascend-devkit/src/E2E-Sample/ros2_robot_arm/ros2_ws/src/robot_arm_color_stacking' returned '0': PYTHONPATH=/root/ascend-devkit/src/E2E-Sample/ros2_robot_arm/ros2_ws/build/robot_arm_color_stacking/prefix_override:/usr/lib/python3/dist-packages/colcon_core/task/python/colcon_distutils_commands:/root/ascend-devkit/src/E2E-Sample/ros2_robot_arm/ros2_ws/install/robot_arm_color_stacking/lib/python3.10/site-packages:${PYTHONPATH} /usr/bin/python3 -W ignore:setup.py install is deprecated -W ignore:easy_install command is deprecated setup.py egg_info --egg-base ../../build/robot_arm_color_stacking build --build-base /root/ascend-devkit/src/E2E-Sample/ros2_robot_arm/ros2_ws/build/robot_arm_color_stacking/build install --record /root/ascend-devkit/src/E2E-Sample/ros2_robot_arm/ros2_ws/build/robot_arm_color_stacking/install.log --single-version-externally-managed install_data
