[0.051s] Invoking command in '/root/ascend-devkit/src/E2E-Sample/ros2_robot_arm/ros2_ws/build/dofbot_info': CMAKE_PREFIX_PATH=${CMAKE_PREFIX_PATH}:/root/ascend-devkit/src/E2E-Sample/ros2_robot_arm/ros2_ws/install/robot_arm_color_stacking:/root/ascend-devkit/src/E2E-Sample/ros2_robot_arm/ros2_ws/install/robot_arm_bringup:/root/ascend-devkit/src/E2E-Sample/ros2_robot_arm/ros2_ws/install/dofbot_garbage_yolov5:/opt/ros/humble /usr/bin/cmake --build /root/ascend-devkit/src/E2E-Sample/ros2_robot_arm/ros2_ws/build/dofbot_info -- -j3 -l3
[0.789s] [  3%] Built target dofbot_info__cpp
[0.790s] [  3%] Built target ament_cmake_python_copy_dofbot_info
[0.790s] [ 12%] Built target dofbot_info__rosidl_typesupport_cpp
[0.790s] [ 22%] Built target dofbot_info__rosidl_typesupport_fastrtps_cpp
[0.790s] [ 32%] Built target dofbot_info__rosidl_typesupport_introspection_cpp
[1.171s] running egg_info
[1.173s] writing dofbot_info.egg-info/PKG-INFO
[1.175s] writing dependency_links to dofbot_info.egg-info/dependency_links.txt
[1.175s] writing top-level names to dofbot_info.egg-info/top_level.txt
[1.182s] reading manifest file 'dofbot_info.egg-info/SOURCES.txt'
[1.184s] writing manifest file 'dofbot_info.egg-info/SOURCES.txt'
[1.269s] [ 32%] Built target ament_cmake_python_build_dofbot_info_egg
[1.313s] [ 41%] Built target dofbot_info__rosidl_generator_c
[1.362s] [ 51%] Built target dofbot_info__rosidl_typesupport_fastrtps_c
[1.407s] [ 61%] Built target dofbot_info__rosidl_typesupport_c
[1.450s] [ 70%] Built target dofbot_info__rosidl_typesupport_introspection_c
[1.491s] [ 70%] Built target dofbot_info
[1.535s] [ 74%] Built target dofbot_info__py
[1.597s] [ 80%] Built target dofbot_info__rosidl_generator_py
[1.649s] [ 87%] Built target dofbot_info__rosidl_typesupport_fastrtps_c__pyext
[1.706s] [ 93%] Built target dofbot_info__rosidl_typesupport_c__pyext
[1.767s] [100%] Built target dofbot_info__rosidl_typesupport_introspection_c__pyext
[1.791s] Invoked command in '/root/ascend-devkit/src/E2E-Sample/ros2_robot_arm/ros2_ws/build/dofbot_info' returned '0': CMAKE_PREFIX_PATH=${CMAKE_PREFIX_PATH}:/root/ascend-devkit/src/E2E-Sample/ros2_robot_arm/ros2_ws/install/robot_arm_color_stacking:/root/ascend-devkit/src/E2E-Sample/ros2_robot_arm/ros2_ws/install/robot_arm_bringup:/root/ascend-devkit/src/E2E-Sample/ros2_robot_arm/ros2_ws/install/dofbot_garbage_yolov5:/opt/ros/humble /usr/bin/cmake --build /root/ascend-devkit/src/E2E-Sample/ros2_robot_arm/ros2_ws/build/dofbot_info -- -j3 -l3
[1.813s] Invoking command in '/root/ascend-devkit/src/E2E-Sample/ros2_robot_arm/ros2_ws/build/dofbot_info': CMAKE_PREFIX_PATH=${CMAKE_PREFIX_PATH}:/root/ascend-devkit/src/E2E-Sample/ros2_robot_arm/ros2_ws/install/robot_arm_color_stacking:/root/ascend-devkit/src/E2E-Sample/ros2_robot_arm/ros2_ws/install/robot_arm_bringup:/root/ascend-devkit/src/E2E-Sample/ros2_robot_arm/ros2_ws/install/dofbot_garbage_yolov5:/opt/ros/humble /usr/bin/cmake --install /root/ascend-devkit/src/E2E-Sample/ros2_robot_arm/ros2_ws/build/dofbot_info
[1.833s] -- Install configuration: ""
[1.835s] -- Up-to-date: /root/ascend-devkit/src/E2E-Sample/ros2_robot_arm/ros2_ws/install/dofbot_info/share/ament_index/resource_index/rosidl_interfaces/dofbot_info
[1.836s] -- Up-to-date: /root/ascend-devkit/src/E2E-Sample/ros2_robot_arm/ros2_ws/install/dofbot_info/include/dofbot_info/dofbot_info
[1.836s] -- Up-to-date: /root/ascend-devkit/src/E2E-Sample/ros2_robot_arm/ros2_ws/install/dofbot_info/include/dofbot_info/dofbot_info/srv
[1.837s] -- Up-to-date: /root/ascend-devkit/src/E2E-Sample/ros2_robot_arm/ros2_ws/install/dofbot_info/include/dofbot_info/dofbot_info/srv/kinemarics.h
[1.838s] -- Up-to-date: /root/ascend-devkit/src/E2E-Sample/ros2_robot_arm/ros2_ws/install/dofbot_info/include/dofbot_info/dofbot_info/srv/detail
[1.839s] -- Up-to-date: /root/ascend-devkit/src/E2E-Sample/ros2_robot_arm/ros2_ws/install/dofbot_info/include/dofbot_info/dofbot_info/srv/detail/kinemarics__functions.h
[1.840s] -- Up-to-date: /root/ascend-devkit/src/E2E-Sample/ros2_robot_arm/ros2_ws/install/dofbot_info/include/dofbot_info/dofbot_info/srv/detail/kinemarics__struct.h
[1.841s] -- Up-to-date: /root/ascend-devkit/src/E2E-Sample/ros2_robot_arm/ros2_ws/install/dofbot_info/include/dofbot_info/dofbot_info/srv/detail/kinemarics__type_support.h
[1.841s] -- Up-to-date: /root/ascend-devkit/src/E2E-Sample/ros2_robot_arm/ros2_ws/install/dofbot_info/include/dofbot_info/dofbot_info/srv/detail/kinemarics__functions.c
[1.842s] -- Up-to-date: /root/ascend-devkit/src/E2E-Sample/ros2_robot_arm/ros2_ws/install/dofbot_info/include/dofbot_info/dofbot_info/msg
[1.842s] -- Up-to-date: /root/ascend-devkit/src/E2E-Sample/ros2_robot_arm/ros2_ws/install/dofbot_info/include/dofbot_info/dofbot_info/msg/rosidl_generator_c__visibility_control.h
[1.842s] -- Up-to-date: /root/ascend-devkit/src/E2E-Sample/ros2_robot_arm/ros2_ws/install/dofbot_info/share/dofbot_info/environment/library_path.sh
[1.845s] -- Up-to-date: /root/ascend-devkit/src/E2E-Sample/ros2_robot_arm/ros2_ws/install/dofbot_info/share/dofbot_info/environment/library_path.dsv
[1.846s] -- Up-to-date: /root/ascend-devkit/src/E2E-Sample/ros2_robot_arm/ros2_ws/install/dofbot_info/lib/libdofbot_info__rosidl_generator_c.so
[1.847s] -- Up-to-date: /root/ascend-devkit/src/E2E-Sample/ros2_robot_arm/ros2_ws/install/dofbot_info/include/dofbot_info/dofbot_info
[1.847s] -- Up-to-date: /root/ascend-devkit/src/E2E-Sample/ros2_robot_arm/ros2_ws/install/dofbot_info/include/dofbot_info/dofbot_info/srv
[1.847s] -- Up-to-date: /root/ascend-devkit/src/E2E-Sample/ros2_robot_arm/ros2_ws/install/dofbot_info/include/dofbot_info/dofbot_info/srv/detail
[1.847s] -- Up-to-date: /root/ascend-devkit/src/E2E-Sample/ros2_robot_arm/ros2_ws/install/dofbot_info/include/dofbot_info/dofbot_info/srv/detail/kinemarics__rosidl_typesupport_fastrtps_c.h
[1.847s] -- Up-to-date: /root/ascend-devkit/src/E2E-Sample/ros2_robot_arm/ros2_ws/install/dofbot_info/include/dofbot_info/dofbot_info/msg
[1.848s] -- Up-to-date: /root/ascend-devkit/src/E2E-Sample/ros2_robot_arm/ros2_ws/install/dofbot_info/include/dofbot_info/dofbot_info/msg/rosidl_typesupport_fastrtps_c__visibility_control.h
[1.848s] -- Up-to-date: /root/ascend-devkit/src/E2E-Sample/ros2_robot_arm/ros2_ws/install/dofbot_info/lib/libdofbot_info__rosidl_typesupport_fastrtps_c.so
[1.848s] -- Up-to-date: /root/ascend-devkit/src/E2E-Sample/ros2_robot_arm/ros2_ws/install/dofbot_info/include/dofbot_info/dofbot_info
[1.849s] -- Up-to-date: /root/ascend-devkit/src/E2E-Sample/ros2_robot_arm/ros2_ws/install/dofbot_info/include/dofbot_info/dofbot_info/srv
[1.849s] -- Up-to-date: /root/ascend-devkit/src/E2E-Sample/ros2_robot_arm/ros2_ws/install/dofbot_info/include/dofbot_info/dofbot_info/srv/detail
[1.849s] -- Up-to-date: /root/ascend-devkit/src/E2E-Sample/ros2_robot_arm/ros2_ws/install/dofbot_info/include/dofbot_info/dofbot_info/srv/detail/kinemarics__type_support.c
[1.849s] -- Up-to-date: /root/ascend-devkit/src/E2E-Sample/ros2_robot_arm/ros2_ws/install/dofbot_info/include/dofbot_info/dofbot_info/srv/detail/kinemarics__rosidl_typesupport_introspection_c.h
[1.849s] -- Up-to-date: /root/ascend-devkit/src/E2E-Sample/ros2_robot_arm/ros2_ws/install/dofbot_info/include/dofbot_info/dofbot_info/msg
[1.850s] -- Up-to-date: /root/ascend-devkit/src/E2E-Sample/ros2_robot_arm/ros2_ws/install/dofbot_info/include/dofbot_info/dofbot_info/msg/rosidl_typesupport_introspection_c__visibility_control.h
[1.858s] -- Up-to-date: /root/ascend-devkit/src/E2E-Sample/ros2_robot_arm/ros2_ws/install/dofbot_info/lib/libdofbot_info__rosidl_typesupport_introspection_c.so
[1.858s] -- Up-to-date: /root/ascend-devkit/src/E2E-Sample/ros2_robot_arm/ros2_ws/install/dofbot_info/lib/libdofbot_info__rosidl_typesupport_c.so
[1.859s] -- Up-to-date: /root/ascend-devkit/src/E2E-Sample/ros2_robot_arm/ros2_ws/install/dofbot_info/include/dofbot_info/dofbot_info
[1.859s] -- Up-to-date: /root/ascend-devkit/src/E2E-Sample/ros2_robot_arm/ros2_ws/install/dofbot_info/include/dofbot_info/dofbot_info/srv
[1.859s] -- Up-to-date: /root/ascend-devkit/src/E2E-Sample/ros2_robot_arm/ros2_ws/install/dofbot_info/include/dofbot_info/dofbot_info/srv/kinemarics.hpp
[1.859s] -- Up-to-date: /root/ascend-devkit/src/E2E-Sample/ros2_robot_arm/ros2_ws/install/dofbot_info/include/dofbot_info/dofbot_info/srv/detail
[1.859s] -- Up-to-date: /root/ascend-devkit/src/E2E-Sample/ros2_robot_arm/ros2_ws/install/dofbot_info/include/dofbot_info/dofbot_info/srv/detail/kinemarics__builder.hpp
[1.860s] -- Up-to-date: /root/ascend-devkit/src/E2E-Sample/ros2_robot_arm/ros2_ws/install/dofbot_info/include/dofbot_info/dofbot_info/srv/detail/kinemarics__type_support.hpp
[1.860s] -- Up-to-date: /root/ascend-devkit/src/E2E-Sample/ros2_robot_arm/ros2_ws/install/dofbot_info/include/dofbot_info/dofbot_info/srv/detail/kinemarics__struct.hpp
[1.860s] -- Up-to-date: /root/ascend-devkit/src/E2E-Sample/ros2_robot_arm/ros2_ws/install/dofbot_info/include/dofbot_info/dofbot_info/srv/detail/kinemarics__traits.hpp
[1.860s] -- Up-to-date: /root/ascend-devkit/src/E2E-Sample/ros2_robot_arm/ros2_ws/install/dofbot_info/include/dofbot_info/dofbot_info/msg
[1.861s] -- Up-to-date: /root/ascend-devkit/src/E2E-Sample/ros2_robot_arm/ros2_ws/install/dofbot_info/include/dofbot_info/dofbot_info/msg/rosidl_generator_cpp__visibility_control.hpp
[1.861s] -- Up-to-date: /root/ascend-devkit/src/E2E-Sample/ros2_robot_arm/ros2_ws/install/dofbot_info/include/dofbot_info/dofbot_info
[1.861s] -- Up-to-date: /root/ascend-devkit/src/E2E-Sample/ros2_robot_arm/ros2_ws/install/dofbot_info/include/dofbot_info/dofbot_info/srv
[1.861s] -- Up-to-date: /root/ascend-devkit/src/E2E-Sample/ros2_robot_arm/ros2_ws/install/dofbot_info/include/dofbot_info/dofbot_info/srv/detail
[1.861s] -- Up-to-date: /root/ascend-devkit/src/E2E-Sample/ros2_robot_arm/ros2_ws/install/dofbot_info/include/dofbot_info/dofbot_info/srv/detail/kinemarics__rosidl_typesupport_fastrtps_cpp.hpp
[1.862s] -- Up-to-date: /root/ascend-devkit/src/E2E-Sample/ros2_robot_arm/ros2_ws/install/dofbot_info/include/dofbot_info/dofbot_info/srv/detail/dds_fastrtps
[1.862s] -- Up-to-date: /root/ascend-devkit/src/E2E-Sample/ros2_robot_arm/ros2_ws/install/dofbot_info/include/dofbot_info/dofbot_info/msg
[1.862s] -- Up-to-date: /root/ascend-devkit/src/E2E-Sample/ros2_robot_arm/ros2_ws/install/dofbot_info/include/dofbot_info/dofbot_info/msg/rosidl_typesupport_fastrtps_cpp__visibility_control.h
[1.862s] -- Up-to-date: /root/ascend-devkit/src/E2E-Sample/ros2_robot_arm/ros2_ws/install/dofbot_info/lib/libdofbot_info__rosidl_typesupport_fastrtps_cpp.so
[1.862s] -- Up-to-date: /root/ascend-devkit/src/E2E-Sample/ros2_robot_arm/ros2_ws/install/dofbot_info/include/dofbot_info/dofbot_info
[1.863s] -- Up-to-date: /root/ascend-devkit/src/E2E-Sample/ros2_robot_arm/ros2_ws/install/dofbot_info/include/dofbot_info/dofbot_info/srv
[1.863s] -- Up-to-date: /root/ascend-devkit/src/E2E-Sample/ros2_robot_arm/ros2_ws/install/dofbot_info/include/dofbot_info/dofbot_info/srv/detail
[1.863s] -- Up-to-date: /root/ascend-devkit/src/E2E-Sample/ros2_robot_arm/ros2_ws/install/dofbot_info/include/dofbot_info/dofbot_info/srv/detail/kinemarics__rosidl_typesupport_introspection_cpp.hpp
[1.863s] -- Up-to-date: /root/ascend-devkit/src/E2E-Sample/ros2_robot_arm/ros2_ws/install/dofbot_info/include/dofbot_info/dofbot_info/srv/detail/kinemarics__type_support.cpp
[1.870s] -- Up-to-date: /root/ascend-devkit/src/E2E-Sample/ros2_robot_arm/ros2_ws/install/dofbot_info/lib/libdofbot_info__rosidl_typesupport_introspection_cpp.so
[1.871s] -- Up-to-date: /root/ascend-devkit/src/E2E-Sample/ros2_robot_arm/ros2_ws/install/dofbot_info/lib/libdofbot_info__rosidl_typesupport_cpp.so
[1.872s] -- Up-to-date: /root/ascend-devkit/src/E2E-Sample/ros2_robot_arm/ros2_ws/install/dofbot_info/share/dofbot_info/environment/pythonpath.sh
[1.874s] -- Up-to-date: /root/ascend-devkit/src/E2E-Sample/ros2_robot_arm/ros2_ws/install/dofbot_info/share/dofbot_info/environment/pythonpath.dsv
[1.874s] -- Up-to-date: /root/ascend-devkit/src/E2E-Sample/ros2_robot_arm/ros2_ws/install/dofbot_info/local/lib/python3.10/dist-packages/dofbot_info-0.0.0-py3.10.egg-info
[1.875s] -- Installing: /root/ascend-devkit/src/E2E-Sample/ros2_robot_arm/ros2_ws/install/dofbot_info/local/lib/python3.10/dist-packages/dofbot_info-0.0.0-py3.10.egg-info/SOURCES.txt
[1.878s] -- Installing: /root/ascend-devkit/src/E2E-Sample/ros2_robot_arm/ros2_ws/install/dofbot_info/local/lib/python3.10/dist-packages/dofbot_info-0.0.0-py3.10.egg-info/top_level.txt
[1.878s] -- Installing: /root/ascend-devkit/src/E2E-Sample/ros2_robot_arm/ros2_ws/install/dofbot_info/local/lib/python3.10/dist-packages/dofbot_info-0.0.0-py3.10.egg-info/PKG-INFO
[1.879s] -- Installing: /root/ascend-devkit/src/E2E-Sample/ros2_robot_arm/ros2_ws/install/dofbot_info/local/lib/python3.10/dist-packages/dofbot_info-0.0.0-py3.10.egg-info/dependency_links.txt
[1.880s] -- Up-to-date: /root/ascend-devkit/src/E2E-Sample/ros2_robot_arm/ros2_ws/install/dofbot_info/local/lib/python3.10/dist-packages/dofbot_info
[1.880s] -- Up-to-date: /root/ascend-devkit/src/E2E-Sample/ros2_robot_arm/ros2_ws/install/dofbot_info/local/lib/python3.10/dist-packages/dofbot_info/srv
[1.881s] -- Up-to-date: /root/ascend-devkit/src/E2E-Sample/ros2_robot_arm/ros2_ws/install/dofbot_info/local/lib/python3.10/dist-packages/dofbot_info/srv/_kinemarics.py
[1.881s] -- Up-to-date: /root/ascend-devkit/src/E2E-Sample/ros2_robot_arm/ros2_ws/install/dofbot_info/local/lib/python3.10/dist-packages/dofbot_info/srv/__init__.py
[1.882s] -- Up-to-date: /root/ascend-devkit/src/E2E-Sample/ros2_robot_arm/ros2_ws/install/dofbot_info/local/lib/python3.10/dist-packages/dofbot_info/srv/_kinemarics_s.c
[1.883s] -- Up-to-date: /root/ascend-devkit/src/E2E-Sample/ros2_robot_arm/ros2_ws/install/dofbot_info/local/lib/python3.10/dist-packages/dofbot_info/dofbot_info_s__rosidl_typesupport_fastrtps_c.cpython-310-aarch64-linux-gnu.so
[1.884s] -- Up-to-date: /root/ascend-devkit/src/E2E-Sample/ros2_robot_arm/ros2_ws/install/dofbot_info/local/lib/python3.10/dist-packages/dofbot_info/_dofbot_info_s.ep.rosidl_typesupport_introspection_c.c
[1.884s] -- Up-to-date: /root/ascend-devkit/src/E2E-Sample/ros2_robot_arm/ros2_ws/install/dofbot_info/local/lib/python3.10/dist-packages/dofbot_info/_dofbot_info_s.ep.rosidl_typesupport_c.c
[1.885s] -- Up-to-date: /root/ascend-devkit/src/E2E-Sample/ros2_robot_arm/ros2_ws/install/dofbot_info/local/lib/python3.10/dist-packages/dofbot_info/dofbot_info_s__rosidl_typesupport_c.cpython-310-aarch64-linux-gnu.so
[1.885s] -- Up-to-date: /root/ascend-devkit/src/E2E-Sample/ros2_robot_arm/ros2_ws/install/dofbot_info/local/lib/python3.10/dist-packages/dofbot_info/__init__.py
[1.886s] -- Up-to-date: /root/ascend-devkit/src/E2E-Sample/ros2_robot_arm/ros2_ws/install/dofbot_info/local/lib/python3.10/dist-packages/dofbot_info/_dofbot_info_s.ep.rosidl_typesupport_fastrtps_c.c
[1.886s] -- Up-to-date: /root/ascend-devkit/src/E2E-Sample/ros2_robot_arm/ros2_ws/install/dofbot_info/local/lib/python3.10/dist-packages/dofbot_info/libdofbot_info__rosidl_generator_py.so
[1.887s] -- Up-to-date: /root/ascend-devkit/src/E2E-Sample/ros2_robot_arm/ros2_ws/install/dofbot_info/local/lib/python3.10/dist-packages/dofbot_info/dofbot_info_s__rosidl_typesupport_introspection_c.cpython-310-aarch64-linux-gnu.so
[1.994s] Listing '/root/ascend-devkit/src/E2E-Sample/ros2_robot_arm/ros2_ws/install/dofbot_info/local/lib/python3.10/dist-packages/dofbot_info'...
[1.994s] Listing '/root/ascend-devkit/src/E2E-Sample/ros2_robot_arm/ros2_ws/install/dofbot_info/local/lib/python3.10/dist-packages/dofbot_info/srv'...
[2.012s] -- Up-to-date: /root/ascend-devkit/src/E2E-Sample/ros2_robot_arm/ros2_ws/install/dofbot_info/local/lib/python3.10/dist-packages/dofbot_info/dofbot_info_s__rosidl_typesupport_fastrtps_c.cpython-310-aarch64-linux-gnu.so
[2.014s] -- Up-to-date: /root/ascend-devkit/src/E2E-Sample/ros2_robot_arm/ros2_ws/install/dofbot_info/local/lib/python3.10/dist-packages/dofbot_info/dofbot_info_s__rosidl_typesupport_introspection_c.cpython-310-aarch64-linux-gnu.so
[2.016s] -- Up-to-date: /root/ascend-devkit/src/E2E-Sample/ros2_robot_arm/ros2_ws/install/dofbot_info/local/lib/python3.10/dist-packages/dofbot_info/dofbot_info_s__rosidl_typesupport_c.cpython-310-aarch64-linux-gnu.so
[2.018s] -- Up-to-date: /root/ascend-devkit/src/E2E-Sample/ros2_robot_arm/ros2_ws/install/dofbot_info/lib/libdofbot_info__rosidl_generator_py.so
[2.019s] -- Up-to-date: /root/ascend-devkit/src/E2E-Sample/ros2_robot_arm/ros2_ws/install/dofbot_info/share/dofbot_info/srv/Kinemarics.idl
[2.020s] -- Up-to-date: /root/ascend-devkit/src/E2E-Sample/ros2_robot_arm/ros2_ws/install/dofbot_info/share/dofbot_info/srv/Kinemarics.srv
[2.021s] -- Up-to-date: /root/ascend-devkit/src/E2E-Sample/ros2_robot_arm/ros2_ws/install/dofbot_info/share/dofbot_info/srv/Kinemarics_Request.msg
[2.022s] -- Up-to-date: /root/ascend-devkit/src/E2E-Sample/ros2_robot_arm/ros2_ws/install/dofbot_info/share/dofbot_info/srv/Kinemarics_Response.msg
[2.023s] -- Up-to-date: /root/ascend-devkit/src/E2E-Sample/ros2_robot_arm/ros2_ws/install/dofbot_info/share/ament_index/resource_index/package_run_dependencies/dofbot_info
[2.024s] -- Up-to-date: /root/ascend-devkit/src/E2E-Sample/ros2_robot_arm/ros2_ws/install/dofbot_info/share/ament_index/resource_index/parent_prefix_path/dofbot_info
[2.025s] -- Up-to-date: /root/ascend-devkit/src/E2E-Sample/ros2_robot_arm/ros2_ws/install/dofbot_info/share/dofbot_info/environment/ament_prefix_path.sh
[2.026s] -- Up-to-date: /root/ascend-devkit/src/E2E-Sample/ros2_robot_arm/ros2_ws/install/dofbot_info/share/dofbot_info/environment/ament_prefix_path.dsv
[2.027s] -- Up-to-date: /root/ascend-devkit/src/E2E-Sample/ros2_robot_arm/ros2_ws/install/dofbot_info/share/dofbot_info/environment/path.sh
[2.027s] -- Up-to-date: /root/ascend-devkit/src/E2E-Sample/ros2_robot_arm/ros2_ws/install/dofbot_info/share/dofbot_info/environment/path.dsv
[2.027s] -- Up-to-date: /root/ascend-devkit/src/E2E-Sample/ros2_robot_arm/ros2_ws/install/dofbot_info/share/dofbot_info/local_setup.bash
[2.027s] -- Up-to-date: /root/ascend-devkit/src/E2E-Sample/ros2_robot_arm/ros2_ws/install/dofbot_info/share/dofbot_info/local_setup.sh
[2.027s] -- Up-to-date: /root/ascend-devkit/src/E2E-Sample/ros2_robot_arm/ros2_ws/install/dofbot_info/share/dofbot_info/local_setup.zsh
[2.028s] -- Up-to-date: /root/ascend-devkit/src/E2E-Sample/ros2_robot_arm/ros2_ws/install/dofbot_info/share/dofbot_info/local_setup.dsv
[2.028s] -- Installing: /root/ascend-devkit/src/E2E-Sample/ros2_robot_arm/ros2_ws/install/dofbot_info/share/dofbot_info/package.dsv
[2.033s] -- Up-to-date: /root/ascend-devkit/src/E2E-Sample/ros2_robot_arm/ros2_ws/install/dofbot_info/share/ament_index/resource_index/packages/dofbot_info
[2.035s] -- Up-to-date: /root/ascend-devkit/src/E2E-Sample/ros2_robot_arm/ros2_ws/install/dofbot_info/share/dofbot_info/cmake/export_dofbot_info__rosidl_generator_cExport.cmake
[2.035s] -- Up-to-date: /root/ascend-devkit/src/E2E-Sample/ros2_robot_arm/ros2_ws/install/dofbot_info/share/dofbot_info/cmake/export_dofbot_info__rosidl_generator_cExport-noconfig.cmake
[2.038s] -- Up-to-date: /root/ascend-devkit/src/E2E-Sample/ros2_robot_arm/ros2_ws/install/dofbot_info/share/dofbot_info/cmake/export_dofbot_info__rosidl_typesupport_fastrtps_cExport.cmake
[2.038s] -- Up-to-date: /root/ascend-devkit/src/E2E-Sample/ros2_robot_arm/ros2_ws/install/dofbot_info/share/dofbot_info/cmake/export_dofbot_info__rosidl_typesupport_fastrtps_cExport-noconfig.cmake
[2.040s] -- Up-to-date: /root/ascend-devkit/src/E2E-Sample/ros2_robot_arm/ros2_ws/install/dofbot_info/share/dofbot_info/cmake/dofbot_info__rosidl_typesupport_introspection_cExport.cmake
[2.040s] -- Up-to-date: /root/ascend-devkit/src/E2E-Sample/ros2_robot_arm/ros2_ws/install/dofbot_info/share/dofbot_info/cmake/dofbot_info__rosidl_typesupport_introspection_cExport-noconfig.cmake
[2.042s] -- Up-to-date: /root/ascend-devkit/src/E2E-Sample/ros2_robot_arm/ros2_ws/install/dofbot_info/share/dofbot_info/cmake/dofbot_info__rosidl_typesupport_cExport.cmake
[2.042s] -- Up-to-date: /root/ascend-devkit/src/E2E-Sample/ros2_robot_arm/ros2_ws/install/dofbot_info/share/dofbot_info/cmake/dofbot_info__rosidl_typesupport_cExport-noconfig.cmake
[2.043s] -- Up-to-date: /root/ascend-devkit/src/E2E-Sample/ros2_robot_arm/ros2_ws/install/dofbot_info/share/dofbot_info/cmake/export_dofbot_info__rosidl_generator_cppExport.cmake
[2.045s] -- Up-to-date: /root/ascend-devkit/src/E2E-Sample/ros2_robot_arm/ros2_ws/install/dofbot_info/share/dofbot_info/cmake/export_dofbot_info__rosidl_typesupport_fastrtps_cppExport.cmake
[2.045s] -- Up-to-date: /root/ascend-devkit/src/E2E-Sample/ros2_robot_arm/ros2_ws/install/dofbot_info/share/dofbot_info/cmake/export_dofbot_info__rosidl_typesupport_fastrtps_cppExport-noconfig.cmake
[2.047s] -- Up-to-date: /root/ascend-devkit/src/E2E-Sample/ros2_robot_arm/ros2_ws/install/dofbot_info/share/dofbot_info/cmake/dofbot_info__rosidl_typesupport_introspection_cppExport.cmake
[2.048s] -- Up-to-date: /root/ascend-devkit/src/E2E-Sample/ros2_robot_arm/ros2_ws/install/dofbot_info/share/dofbot_info/cmake/dofbot_info__rosidl_typesupport_introspection_cppExport-noconfig.cmake
[2.050s] -- Up-to-date: /root/ascend-devkit/src/E2E-Sample/ros2_robot_arm/ros2_ws/install/dofbot_info/share/dofbot_info/cmake/dofbot_info__rosidl_typesupport_cppExport.cmake
[2.050s] -- Up-to-date: /root/ascend-devkit/src/E2E-Sample/ros2_robot_arm/ros2_ws/install/dofbot_info/share/dofbot_info/cmake/dofbot_info__rosidl_typesupport_cppExport-noconfig.cmake
[2.052s] -- Up-to-date: /root/ascend-devkit/src/E2E-Sample/ros2_robot_arm/ros2_ws/install/dofbot_info/share/dofbot_info/cmake/export_dofbot_info__rosidl_generator_pyExport.cmake
[2.053s] -- Up-to-date: /root/ascend-devkit/src/E2E-Sample/ros2_robot_arm/ros2_ws/install/dofbot_info/share/dofbot_info/cmake/export_dofbot_info__rosidl_generator_pyExport-noconfig.cmake
[2.053s] -- Up-to-date: /root/ascend-devkit/src/E2E-Sample/ros2_robot_arm/ros2_ws/install/dofbot_info/share/dofbot_info/cmake/rosidl_cmake-extras.cmake
[2.053s] -- Up-to-date: /root/ascend-devkit/src/E2E-Sample/ros2_robot_arm/ros2_ws/install/dofbot_info/share/dofbot_info/cmake/ament_cmake_export_include_directories-extras.cmake
[2.053s] -- Up-to-date: /root/ascend-devkit/src/E2E-Sample/ros2_robot_arm/ros2_ws/install/dofbot_info/share/dofbot_info/cmake/ament_cmake_export_libraries-extras.cmake
[2.054s] -- Up-to-date: /root/ascend-devkit/src/E2E-Sample/ros2_robot_arm/ros2_ws/install/dofbot_info/share/dofbot_info/cmake/ament_cmake_export_targets-extras.cmake
[2.054s] -- Up-to-date: /root/ascend-devkit/src/E2E-Sample/ros2_robot_arm/ros2_ws/install/dofbot_info/share/dofbot_info/cmake/rosidl_cmake_export_typesupport_targets-extras.cmake
[2.054s] -- Up-to-date: /root/ascend-devkit/src/E2E-Sample/ros2_robot_arm/ros2_ws/install/dofbot_info/share/dofbot_info/cmake/ament_cmake_export_dependencies-extras.cmake
[2.054s] -- Up-to-date: /root/ascend-devkit/src/E2E-Sample/ros2_robot_arm/ros2_ws/install/dofbot_info/share/dofbot_info/cmake/rosidl_cmake_export_typesupport_libraries-extras.cmake
[2.054s] -- Up-to-date: /root/ascend-devkit/src/E2E-Sample/ros2_robot_arm/ros2_ws/install/dofbot_info/share/dofbot_info/cmake/dofbot_infoConfig.cmake
[2.055s] -- Up-to-date: /root/ascend-devkit/src/E2E-Sample/ros2_robot_arm/ros2_ws/install/dofbot_info/share/dofbot_info/cmake/dofbot_infoConfig-version.cmake
[2.055s] -- Up-to-date: /root/ascend-devkit/src/E2E-Sample/ros2_robot_arm/ros2_ws/install/dofbot_info/share/dofbot_info/package.xml
[2.066s] Invoked command in '/root/ascend-devkit/src/E2E-Sample/ros2_robot_arm/ros2_ws/build/dofbot_info' returned '0': CMAKE_PREFIX_PATH=${CMAKE_PREFIX_PATH}:/root/ascend-devkit/src/E2E-Sample/ros2_robot_arm/ros2_ws/install/robot_arm_color_stacking:/root/ascend-devkit/src/E2E-Sample/ros2_robot_arm/ros2_ws/install/robot_arm_bringup:/root/ascend-devkit/src/E2E-Sample/ros2_robot_arm/ros2_ws/install/dofbot_garbage_yolov5:/opt/ros/humble /usr/bin/cmake --install /root/ascend-devkit/src/E2E-Sample/ros2_robot_arm/ros2_ws/build/dofbot_info
