[2.764s] Invoking command in '/root/ascend-devkit/src/E2E-Sample/ros2_robot_arm/ros2_ws/src/robot_arm_bringup': PYTHONPATH=/root/ascend-devkit/src/E2E-Sample/ros2_robot_arm/ros2_ws/build/robot_arm_bringup/prefix_override:/usr/lib/python3/dist-packages/colcon_core/task/python/colcon_distutils_commands:/root/ascend-devkit/src/E2E-Sample/ros2_robot_arm/ros2_ws/install/robot_arm_bringup/lib/python3.10/site-packages:${PYTHONPATH} /usr/bin/python3 -W ignore:setup.py install is deprecated -W ignore:easy_install command is deprecated setup.py egg_info --egg-base ../../build/robot_arm_bringup build --build-base /root/ascend-devkit/src/E2E-Sample/ros2_robot_arm/ros2_ws/build/robot_arm_bringup/build install --record /root/ascend-devkit/src/E2E-Sample/ros2_robot_arm/ros2_ws/build/robot_arm_bringup/install.log --single-version-externally-managed install_data
[3.472s] running egg_info
[3.477s] writing ../../build/robot_arm_bringup/robot_arm_bringup.egg-info/PKG-INFO
[3.478s] writing dependency_links to ../../build/robot_arm_bringup/robot_arm_bringup.egg-info/dependency_links.txt
[3.480s] writing entry points to ../../build/robot_arm_bringup/robot_arm_bringup.egg-info/entry_points.txt
[3.482s] writing requirements to ../../build/robot_arm_bringup/robot_arm_bringup.egg-info/requires.txt
[3.483s] writing top-level names to ../../build/robot_arm_bringup/robot_arm_bringup.egg-info/top_level.txt
[3.489s] reading manifest file '../../build/robot_arm_bringup/robot_arm_bringup.egg-info/SOURCES.txt'
[3.492s] writing manifest file '../../build/robot_arm_bringup/robot_arm_bringup.egg-info/SOURCES.txt'
[3.493s] running build
[3.494s] running build_py
[3.496s] running install
[3.497s] running install_lib
[3.503s] running install_data
[3.504s] running install_egg_info
[3.511s] removing '/root/ascend-devkit/src/E2E-Sample/ros2_robot_arm/ros2_ws/install/robot_arm_bringup/lib/python3.10/site-packages/robot_arm_bringup-0.0.0-py3.10.egg-info' (and everything under it)
[3.521s] Copying ../../build/robot_arm_bringup/robot_arm_bringup.egg-info to /root/ascend-devkit/src/E2E-Sample/ros2_robot_arm/ros2_ws/install/robot_arm_bringup/lib/python3.10/site-packages/robot_arm_bringup-0.0.0-py3.10.egg-info
[3.522s] running install_scripts
[3.578s] writing list of installed files to '/root/ascend-devkit/src/E2E-Sample/ros2_robot_arm/ros2_ws/build/robot_arm_bringup/install.log'
[3.714s] Invoked command in '/root/ascend-devkit/src/E2E-Sample/ros2_robot_arm/ros2_ws/src/robot_arm_bringup' returned '0': PYTHONPATH=/root/ascend-devkit/src/E2E-Sample/ros2_robot_arm/ros2_ws/build/robot_arm_bringup/prefix_override:/usr/lib/python3/dist-packages/colcon_core/task/python/colcon_distutils_commands:/root/ascend-devkit/src/E2E-Sample/ros2_robot_arm/ros2_ws/install/robot_arm_bringup/lib/python3.10/site-packages:${PYTHONPATH} /usr/bin/python3 -W ignore:setup.py install is deprecated -W ignore:easy_install command is deprecated setup.py egg_info --egg-base ../../build/robot_arm_bringup build --build-base /root/ascend-devkit/src/E2E-Sample/ros2_robot_arm/ros2_ws/build/robot_arm_bringup/build install --record /root/ascend-devkit/src/E2E-Sample/ros2_robot_arm/ros2_ws/build/robot_arm_bringup/install.log --single-version-externally-managed install_data
