[0.045s] Invoking command in '/root/ascend-devkit/src/E2E-Sample/ros2_robot_arm/ros2_ws/build/dofbot_info': CMAKE_PREFIX_PATH=${CMAKE_PREFIX_PATH}:/root/ascend-devkit/src/E2E-Sample/ros2_robot_arm/ros2_ws/install/robot_arm_color_stacking:/root/ascend-devkit/src/E2E-Sample/ros2_robot_arm/ros2_ws/install/robot_arm_bringup:/root/ascend-devkit/src/E2E-Sample/ros2_robot_arm/ros2_ws/install/dofbot_garbage_yolov5:/opt/ros/humble /usr/bin/cmake --build /root/ascend-devkit/src/E2E-Sample/ros2_robot_arm/ros2_ws/build/dofbot_info -- -j3 -l3
[0.799s] [  3%] Built target dofbot_info__cpp
[0.800s] [  3%] Built target ament_cmake_python_copy_dofbot_info
[0.802s] [ 12%] Built target dofbot_info__rosidl_typesupport_cpp
[0.802s] [ 22%] Built target dofbot_info__rosidl_typesupport_fastrtps_cpp
[0.803s] [ 32%] Built target dofbot_info__rosidl_typesupport_introspection_cpp
[1.041s] running egg_info
[1.043s] writing dofbot_info.egg-info/PKG-INFO
[1.044s] writing dependency_links to dofbot_info.egg-info/dependency_links.txt
[1.046s] writing top-level names to dofbot_info.egg-info/top_level.txt
[1.051s] reading manifest file 'dofbot_info.egg-info/SOURCES.txt'
[1.052s] writing manifest file 'dofbot_info.egg-info/SOURCES.txt'
[1.135s] [ 32%] Built target ament_cmake_python_build_dofbot_info_egg
[1.176s] [ 41%] Built target dofbot_info__rosidl_generator_c
[1.231s] [ 51%] Built target dofbot_info__rosidl_typesupport_fastrtps_c
[1.270s] [ 61%] Built target dofbot_info__rosidl_typesupport_c
[1.312s] [ 70%] Built target dofbot_info__rosidl_typesupport_introspection_c
[1.350s] [ 70%] Built target dofbot_info
[1.388s] [ 74%] Built target dofbot_info__py
[1.430s] [ 80%] Built target dofbot_info__rosidl_generator_py
[1.474s] [ 87%] Built target dofbot_info__rosidl_typesupport_fastrtps_c__pyext
[1.521s] [ 93%] Built target dofbot_info__rosidl_typesupport_c__pyext
[1.562s] [100%] Built target dofbot_info__rosidl_typesupport_introspection_c__pyext
[1.591s] Invoked command in '/root/ascend-devkit/src/E2E-Sample/ros2_robot_arm/ros2_ws/build/dofbot_info' returned '0': CMAKE_PREFIX_PATH=${CMAKE_PREFIX_PATH}:/root/ascend-devkit/src/E2E-Sample/ros2_robot_arm/ros2_ws/install/robot_arm_color_stacking:/root/ascend-devkit/src/E2E-Sample/ros2_robot_arm/ros2_ws/install/robot_arm_bringup:/root/ascend-devkit/src/E2E-Sample/ros2_robot_arm/ros2_ws/install/dofbot_garbage_yolov5:/opt/ros/humble /usr/bin/cmake --build /root/ascend-devkit/src/E2E-Sample/ros2_robot_arm/ros2_ws/build/dofbot_info -- -j3 -l3
[1.611s] Invoking command in '/root/ascend-devkit/src/E2E-Sample/ros2_robot_arm/ros2_ws/build/dofbot_info': CMAKE_PREFIX_PATH=${CMAKE_PREFIX_PATH}:/root/ascend-devkit/src/E2E-Sample/ros2_robot_arm/ros2_ws/install/robot_arm_color_stacking:/root/ascend-devkit/src/E2E-Sample/ros2_robot_arm/ros2_ws/install/robot_arm_bringup:/root/ascend-devkit/src/E2E-Sample/ros2_robot_arm/ros2_ws/install/dofbot_garbage_yolov5:/opt/ros/humble /usr/bin/cmake --install /root/ascend-devkit/src/E2E-Sample/ros2_robot_arm/ros2_ws/build/dofbot_info
[1.631s] -- Install configuration: ""
[1.633s] -- Up-to-date: /root/ascend-devkit/src/E2E-Sample/ros2_robot_arm/ros2_ws/install/dofbot_info/share/ament_index/resource_index/rosidl_interfaces/dofbot_info
[1.634s] -- Up-to-date: /root/ascend-devkit/src/E2E-Sample/ros2_robot_arm/ros2_ws/install/dofbot_info/include/dofbot_info/dofbot_info
[1.636s] -- Up-to-date: /root/ascend-devkit/src/E2E-Sample/ros2_robot_arm/ros2_ws/install/dofbot_info/include/dofbot_info/dofbot_info/srv
[1.638s] -- Up-to-date: /root/ascend-devkit/src/E2E-Sample/ros2_robot_arm/ros2_ws/install/dofbot_info/include/dofbot_info/dofbot_info/srv/kinemarics.h
[1.639s] -- Up-to-date: /root/ascend-devkit/src/E2E-Sample/ros2_robot_arm/ros2_ws/install/dofbot_info/include/dofbot_info/dofbot_info/srv/detail
[1.641s] -- Up-to-date: /root/ascend-devkit/src/E2E-Sample/ros2_robot_arm/ros2_ws/install/dofbot_info/include/dofbot_info/dofbot_info/srv/detail/kinemarics__functions.h
[1.642s] -- Up-to-date: /root/ascend-devkit/src/E2E-Sample/ros2_robot_arm/ros2_ws/install/dofbot_info/include/dofbot_info/dofbot_info/srv/detail/kinemarics__struct.h
[1.644s] -- Up-to-date: /root/ascend-devkit/src/E2E-Sample/ros2_robot_arm/ros2_ws/install/dofbot_info/include/dofbot_info/dofbot_info/srv/detail/kinemarics__type_support.h
[1.645s] -- Up-to-date: /root/ascend-devkit/src/E2E-Sample/ros2_robot_arm/ros2_ws/install/dofbot_info/include/dofbot_info/dofbot_info/srv/detail/kinemarics__functions.c
[1.647s] -- Up-to-date: /root/ascend-devkit/src/E2E-Sample/ros2_robot_arm/ros2_ws/install/dofbot_info/include/dofbot_info/dofbot_info/msg
[1.649s] -- Up-to-date: /root/ascend-devkit/src/E2E-Sample/ros2_robot_arm/ros2_ws/install/dofbot_info/include/dofbot_info/dofbot_info/msg/rosidl_generator_c__visibility_control.h
[1.650s] -- Up-to-date: /root/ascend-devkit/src/E2E-Sample/ros2_robot_arm/ros2_ws/install/dofbot_info/share/dofbot_info/environment/library_path.sh
[1.652s] -- Up-to-date: /root/ascend-devkit/src/E2E-Sample/ros2_robot_arm/ros2_ws/install/dofbot_info/share/dofbot_info/environment/library_path.dsv
[1.653s] -- Up-to-date: /root/ascend-devkit/src/E2E-Sample/ros2_robot_arm/ros2_ws/install/dofbot_info/lib/libdofbot_info__rosidl_generator_c.so
[1.656s] -- Up-to-date: /root/ascend-devkit/src/E2E-Sample/ros2_robot_arm/ros2_ws/install/dofbot_info/include/dofbot_info/dofbot_info
[1.657s] -- Up-to-date: /root/ascend-devkit/src/E2E-Sample/ros2_robot_arm/ros2_ws/install/dofbot_info/include/dofbot_info/dofbot_info/srv
[1.659s] -- Up-to-date: /root/ascend-devkit/src/E2E-Sample/ros2_robot_arm/ros2_ws/install/dofbot_info/include/dofbot_info/dofbot_info/srv/detail
[1.660s] -- Up-to-date: /root/ascend-devkit/src/E2E-Sample/ros2_robot_arm/ros2_ws/install/dofbot_info/include/dofbot_info/dofbot_info/srv/detail/kinemarics__rosidl_typesupport_fastrtps_c.h
[1.662s] -- Up-to-date: /root/ascend-devkit/src/E2E-Sample/ros2_robot_arm/ros2_ws/install/dofbot_info/include/dofbot_info/dofbot_info/msg
[1.663s] -- Up-to-date: /root/ascend-devkit/src/E2E-Sample/ros2_robot_arm/ros2_ws/install/dofbot_info/include/dofbot_info/dofbot_info/msg/rosidl_typesupport_fastrtps_c__visibility_control.h
[1.665s] -- Up-to-date: /root/ascend-devkit/src/E2E-Sample/ros2_robot_arm/ros2_ws/install/dofbot_info/lib/libdofbot_info__rosidl_typesupport_fastrtps_c.so
[1.668s] -- Up-to-date: /root/ascend-devkit/src/E2E-Sample/ros2_robot_arm/ros2_ws/install/dofbot_info/include/dofbot_info/dofbot_info
[1.669s] -- Up-to-date: /root/ascend-devkit/src/E2E-Sample/ros2_robot_arm/ros2_ws/install/dofbot_info/include/dofbot_info/dofbot_info/srv
[1.671s] -- Up-to-date: /root/ascend-devkit/src/E2E-Sample/ros2_robot_arm/ros2_ws/install/dofbot_info/include/dofbot_info/dofbot_info/srv/detail
[1.673s] -- Up-to-date: /root/ascend-devkit/src/E2E-Sample/ros2_robot_arm/ros2_ws/install/dofbot_info/include/dofbot_info/dofbot_info/srv/detail/kinemarics__type_support.c
[1.674s] -- Up-to-date: /root/ascend-devkit/src/E2E-Sample/ros2_robot_arm/ros2_ws/install/dofbot_info/include/dofbot_info/dofbot_info/srv/detail/kinemarics__rosidl_typesupport_introspection_c.h
[1.676s] -- Up-to-date: /root/ascend-devkit/src/E2E-Sample/ros2_robot_arm/ros2_ws/install/dofbot_info/include/dofbot_info/dofbot_info/msg
[1.677s] -- Up-to-date: /root/ascend-devkit/src/E2E-Sample/ros2_robot_arm/ros2_ws/install/dofbot_info/include/dofbot_info/dofbot_info/msg/rosidl_typesupport_introspection_c__visibility_control.h
[1.679s] -- Up-to-date: /root/ascend-devkit/src/E2E-Sample/ros2_robot_arm/ros2_ws/install/dofbot_info/lib/libdofbot_info__rosidl_typesupport_introspection_c.so
[1.681s] -- Up-to-date: /root/ascend-devkit/src/E2E-Sample/ros2_robot_arm/ros2_ws/install/dofbot_info/lib/libdofbot_info__rosidl_typesupport_c.so
[1.683s] -- Up-to-date: /root/ascend-devkit/src/E2E-Sample/ros2_robot_arm/ros2_ws/install/dofbot_info/include/dofbot_info/dofbot_info
[1.685s] -- Up-to-date: /root/ascend-devkit/src/E2E-Sample/ros2_robot_arm/ros2_ws/install/dofbot_info/include/dofbot_info/dofbot_info/srv
[1.687s] -- Up-to-date: /root/ascend-devkit/src/E2E-Sample/ros2_robot_arm/ros2_ws/install/dofbot_info/include/dofbot_info/dofbot_info/srv/kinemarics.hpp
[1.688s] -- Up-to-date: /root/ascend-devkit/src/E2E-Sample/ros2_robot_arm/ros2_ws/install/dofbot_info/include/dofbot_info/dofbot_info/srv/detail
[1.690s] -- Up-to-date: /root/ascend-devkit/src/E2E-Sample/ros2_robot_arm/ros2_ws/install/dofbot_info/include/dofbot_info/dofbot_info/srv/detail/kinemarics__builder.hpp
[1.692s] -- Up-to-date: /root/ascend-devkit/src/E2E-Sample/ros2_robot_arm/ros2_ws/install/dofbot_info/include/dofbot_info/dofbot_info/srv/detail/kinemarics__type_support.hpp
[1.693s] -- Up-to-date: /root/ascend-devkit/src/E2E-Sample/ros2_robot_arm/ros2_ws/install/dofbot_info/include/dofbot_info/dofbot_info/srv/detail/kinemarics__struct.hpp
[1.695s] -- Up-to-date: /root/ascend-devkit/src/E2E-Sample/ros2_robot_arm/ros2_ws/install/dofbot_info/include/dofbot_info/dofbot_info/srv/detail/kinemarics__traits.hpp
[1.696s] -- Up-to-date: /root/ascend-devkit/src/E2E-Sample/ros2_robot_arm/ros2_ws/install/dofbot_info/include/dofbot_info/dofbot_info/msg
[1.698s] -- Up-to-date: /root/ascend-devkit/src/E2E-Sample/ros2_robot_arm/ros2_ws/install/dofbot_info/include/dofbot_info/dofbot_info/msg/rosidl_generator_cpp__visibility_control.hpp
[1.699s] -- Up-to-date: /root/ascend-devkit/src/E2E-Sample/ros2_robot_arm/ros2_ws/install/dofbot_info/include/dofbot_info/dofbot_info
[1.701s] -- Up-to-date: /root/ascend-devkit/src/E2E-Sample/ros2_robot_arm/ros2_ws/install/dofbot_info/include/dofbot_info/dofbot_info/srv
[1.712s] -- Up-to-date: /root/ascend-devkit/src/E2E-Sample/ros2_robot_arm/ros2_ws/install/dofbot_info/include/dofbot_info/dofbot_info/srv/detail
[1.713s] -- Up-to-date: /root/ascend-devkit/src/E2E-Sample/ros2_robot_arm/ros2_ws/install/dofbot_info/include/dofbot_info/dofbot_info/srv/detail/kinemarics__rosidl_typesupport_fastrtps_cpp.hpp
[1.713s] -- Up-to-date: /root/ascend-devkit/src/E2E-Sample/ros2_robot_arm/ros2_ws/install/dofbot_info/include/dofbot_info/dofbot_info/srv/detail/dds_fastrtps
[1.713s] -- Up-to-date: /root/ascend-devkit/src/E2E-Sample/ros2_robot_arm/ros2_ws/install/dofbot_info/include/dofbot_info/dofbot_info/msg
[1.722s] -- Up-to-date: /root/ascend-devkit/src/E2E-Sample/ros2_robot_arm/ros2_ws/install/dofbot_info/include/dofbot_info/dofbot_info/msg/rosidl_typesupport_fastrtps_cpp__visibility_control.h
[1.723s] -- Up-to-date: /root/ascend-devkit/src/E2E-Sample/ros2_robot_arm/ros2_ws/install/dofbot_info/lib/libdofbot_info__rosidl_typesupport_fastrtps_cpp.so
[1.724s] -- Up-to-date: /root/ascend-devkit/src/E2E-Sample/ros2_robot_arm/ros2_ws/install/dofbot_info/include/dofbot_info/dofbot_info
[1.724s] -- Up-to-date: /root/ascend-devkit/src/E2E-Sample/ros2_robot_arm/ros2_ws/install/dofbot_info/include/dofbot_info/dofbot_info/srv
[1.725s] -- Up-to-date: /root/ascend-devkit/src/E2E-Sample/ros2_robot_arm/ros2_ws/install/dofbot_info/include/dofbot_info/dofbot_info/srv/detail
[1.725s] -- Up-to-date: /root/ascend-devkit/src/E2E-Sample/ros2_robot_arm/ros2_ws/install/dofbot_info/include/dofbot_info/dofbot_info/srv/detail/kinemarics__rosidl_typesupport_introspection_cpp.hpp
[1.725s] -- Up-to-date: /root/ascend-devkit/src/E2E-Sample/ros2_robot_arm/ros2_ws/install/dofbot_info/include/dofbot_info/dofbot_info/srv/detail/kinemarics__type_support.cpp
[1.732s] -- Up-to-date: /root/ascend-devkit/src/E2E-Sample/ros2_robot_arm/ros2_ws/install/dofbot_info/lib/libdofbot_info__rosidl_typesupport_introspection_cpp.so
[1.733s] -- Up-to-date: /root/ascend-devkit/src/E2E-Sample/ros2_robot_arm/ros2_ws/install/dofbot_info/lib/libdofbot_info__rosidl_typesupport_cpp.so
[1.733s] -- Up-to-date: /root/ascend-devkit/src/E2E-Sample/ros2_robot_arm/ros2_ws/install/dofbot_info/share/dofbot_info/environment/pythonpath.sh
[1.734s] -- Up-to-date: /root/ascend-devkit/src/E2E-Sample/ros2_robot_arm/ros2_ws/install/dofbot_info/share/dofbot_info/environment/pythonpath.dsv
[1.734s] -- Up-to-date: /root/ascend-devkit/src/E2E-Sample/ros2_robot_arm/ros2_ws/install/dofbot_info/local/lib/python3.10/dist-packages/dofbot_info-0.0.0-py3.10.egg-info
[1.735s] -- Installing: /root/ascend-devkit/src/E2E-Sample/ros2_robot_arm/ros2_ws/install/dofbot_info/local/lib/python3.10/dist-packages/dofbot_info-0.0.0-py3.10.egg-info/SOURCES.txt
[1.741s] -- Installing: /root/ascend-devkit/src/E2E-Sample/ros2_robot_arm/ros2_ws/install/dofbot_info/local/lib/python3.10/dist-packages/dofbot_info-0.0.0-py3.10.egg-info/top_level.txt
[1.742s] -- Installing: /root/ascend-devkit/src/E2E-Sample/ros2_robot_arm/ros2_ws/install/dofbot_info/local/lib/python3.10/dist-packages/dofbot_info-0.0.0-py3.10.egg-info/PKG-INFO
[1.742s] -- Installing: /root/ascend-devkit/src/E2E-Sample/ros2_robot_arm/ros2_ws/install/dofbot_info/local/lib/python3.10/dist-packages/dofbot_info-0.0.0-py3.10.egg-info/dependency_links.txt
[1.750s] -- Up-to-date: /root/ascend-devkit/src/E2E-Sample/ros2_robot_arm/ros2_ws/install/dofbot_info/local/lib/python3.10/dist-packages/dofbot_info
[1.751s] -- Up-to-date: /root/ascend-devkit/src/E2E-Sample/ros2_robot_arm/ros2_ws/install/dofbot_info/local/lib/python3.10/dist-packages/dofbot_info/srv
[1.753s] -- Up-to-date: /root/ascend-devkit/src/E2E-Sample/ros2_robot_arm/ros2_ws/install/dofbot_info/local/lib/python3.10/dist-packages/dofbot_info/srv/_kinemarics.py
[1.753s] -- Up-to-date: /root/ascend-devkit/src/E2E-Sample/ros2_robot_arm/ros2_ws/install/dofbot_info/local/lib/python3.10/dist-packages/dofbot_info/srv/__init__.py
[1.754s] -- Up-to-date: /root/ascend-devkit/src/E2E-Sample/ros2_robot_arm/ros2_ws/install/dofbot_info/local/lib/python3.10/dist-packages/dofbot_info/srv/_kinemarics_s.c
[1.754s] -- Up-to-date: /root/ascend-devkit/src/E2E-Sample/ros2_robot_arm/ros2_ws/install/dofbot_info/local/lib/python3.10/dist-packages/dofbot_info/dofbot_info_s__rosidl_typesupport_fastrtps_c.cpython-310-aarch64-linux-gnu.so
[1.754s] -- Up-to-date: /root/ascend-devkit/src/E2E-Sample/ros2_robot_arm/ros2_ws/install/dofbot_info/local/lib/python3.10/dist-packages/dofbot_info/_dofbot_info_s.ep.rosidl_typesupport_introspection_c.c
[1.754s] -- Up-to-date: /root/ascend-devkit/src/E2E-Sample/ros2_robot_arm/ros2_ws/install/dofbot_info/local/lib/python3.10/dist-packages/dofbot_info/_dofbot_info_s.ep.rosidl_typesupport_c.c
[1.754s] -- Up-to-date: /root/ascend-devkit/src/E2E-Sample/ros2_robot_arm/ros2_ws/install/dofbot_info/local/lib/python3.10/dist-packages/dofbot_info/dofbot_info_s__rosidl_typesupport_c.cpython-310-aarch64-linux-gnu.so
[1.755s] -- Up-to-date: /root/ascend-devkit/src/E2E-Sample/ros2_robot_arm/ros2_ws/install/dofbot_info/local/lib/python3.10/dist-packages/dofbot_info/__init__.py
[1.755s] -- Up-to-date: /root/ascend-devkit/src/E2E-Sample/ros2_robot_arm/ros2_ws/install/dofbot_info/local/lib/python3.10/dist-packages/dofbot_info/_dofbot_info_s.ep.rosidl_typesupport_fastrtps_c.c
[1.755s] -- Up-to-date: /root/ascend-devkit/src/E2E-Sample/ros2_robot_arm/ros2_ws/install/dofbot_info/local/lib/python3.10/dist-packages/dofbot_info/libdofbot_info__rosidl_generator_py.so
[1.755s] -- Up-to-date: /root/ascend-devkit/src/E2E-Sample/ros2_robot_arm/ros2_ws/install/dofbot_info/local/lib/python3.10/dist-packages/dofbot_info/dofbot_info_s__rosidl_typesupport_introspection_c.cpython-310-aarch64-linux-gnu.so
[1.841s] Listing '/root/ascend-devkit/src/E2E-Sample/ros2_robot_arm/ros2_ws/install/dofbot_info/local/lib/python3.10/dist-packages/dofbot_info'...
[1.842s] Listing '/root/ascend-devkit/src/E2E-Sample/ros2_robot_arm/ros2_ws/install/dofbot_info/local/lib/python3.10/dist-packages/dofbot_info/srv'...
[1.858s] -- Up-to-date: /root/ascend-devkit/src/E2E-Sample/ros2_robot_arm/ros2_ws/install/dofbot_info/local/lib/python3.10/dist-packages/dofbot_info/dofbot_info_s__rosidl_typesupport_fastrtps_c.cpython-310-aarch64-linux-gnu.so
[1.861s] -- Up-to-date: /root/ascend-devkit/src/E2E-Sample/ros2_robot_arm/ros2_ws/install/dofbot_info/local/lib/python3.10/dist-packages/dofbot_info/dofbot_info_s__rosidl_typesupport_introspection_c.cpython-310-aarch64-linux-gnu.so
[1.863s] -- Up-to-date: /root/ascend-devkit/src/E2E-Sample/ros2_robot_arm/ros2_ws/install/dofbot_info/local/lib/python3.10/dist-packages/dofbot_info/dofbot_info_s__rosidl_typesupport_c.cpython-310-aarch64-linux-gnu.so
[1.866s] -- Up-to-date: /root/ascend-devkit/src/E2E-Sample/ros2_robot_arm/ros2_ws/install/dofbot_info/lib/libdofbot_info__rosidl_generator_py.so
[1.867s] -- Up-to-date: /root/ascend-devkit/src/E2E-Sample/ros2_robot_arm/ros2_ws/install/dofbot_info/share/dofbot_info/srv/Kinemarics.idl
[1.869s] -- Up-to-date: /root/ascend-devkit/src/E2E-Sample/ros2_robot_arm/ros2_ws/install/dofbot_info/share/dofbot_info/srv/Kinemarics.srv
[1.870s] -- Up-to-date: /root/ascend-devkit/src/E2E-Sample/ros2_robot_arm/ros2_ws/install/dofbot_info/share/dofbot_info/srv/Kinemarics_Request.msg
[1.872s] -- Up-to-date: /root/ascend-devkit/src/E2E-Sample/ros2_robot_arm/ros2_ws/install/dofbot_info/share/dofbot_info/srv/Kinemarics_Response.msg
[1.873s] -- Up-to-date: /root/ascend-devkit/src/E2E-Sample/ros2_robot_arm/ros2_ws/install/dofbot_info/share/ament_index/resource_index/package_run_dependencies/dofbot_info
[1.874s] -- Up-to-date: /root/ascend-devkit/src/E2E-Sample/ros2_robot_arm/ros2_ws/install/dofbot_info/share/ament_index/resource_index/parent_prefix_path/dofbot_info
[1.876s] -- Up-to-date: /root/ascend-devkit/src/E2E-Sample/ros2_robot_arm/ros2_ws/install/dofbot_info/share/dofbot_info/environment/ament_prefix_path.sh
[1.878s] -- Up-to-date: /root/ascend-devkit/src/E2E-Sample/ros2_robot_arm/ros2_ws/install/dofbot_info/share/dofbot_info/environment/ament_prefix_path.dsv
[1.880s] -- Up-to-date: /root/ascend-devkit/src/E2E-Sample/ros2_robot_arm/ros2_ws/install/dofbot_info/share/dofbot_info/environment/path.sh
[1.882s] -- Up-to-date: /root/ascend-devkit/src/E2E-Sample/ros2_robot_arm/ros2_ws/install/dofbot_info/share/dofbot_info/environment/path.dsv
[1.884s] -- Up-to-date: /root/ascend-devkit/src/E2E-Sample/ros2_robot_arm/ros2_ws/install/dofbot_info/share/dofbot_info/local_setup.bash
[1.886s] -- Up-to-date: /root/ascend-devkit/src/E2E-Sample/ros2_robot_arm/ros2_ws/install/dofbot_info/share/dofbot_info/local_setup.sh
[1.888s] -- Up-to-date: /root/ascend-devkit/src/E2E-Sample/ros2_robot_arm/ros2_ws/install/dofbot_info/share/dofbot_info/local_setup.zsh
[1.890s] -- Up-to-date: /root/ascend-devkit/src/E2E-Sample/ros2_robot_arm/ros2_ws/install/dofbot_info/share/dofbot_info/local_setup.dsv
[1.891s] -- Installing: /root/ascend-devkit/src/E2E-Sample/ros2_robot_arm/ros2_ws/install/dofbot_info/share/dofbot_info/package.dsv
[1.894s] -- Up-to-date: /root/ascend-devkit/src/E2E-Sample/ros2_robot_arm/ros2_ws/install/dofbot_info/share/ament_index/resource_index/packages/dofbot_info
[1.895s] -- Up-to-date: /root/ascend-devkit/src/E2E-Sample/ros2_robot_arm/ros2_ws/install/dofbot_info/share/dofbot_info/cmake/export_dofbot_info__rosidl_generator_cExport.cmake
[1.898s] -- Up-to-date: /root/ascend-devkit/src/E2E-Sample/ros2_robot_arm/ros2_ws/install/dofbot_info/share/dofbot_info/cmake/export_dofbot_info__rosidl_generator_cExport-noconfig.cmake
[1.899s] -- Up-to-date: /root/ascend-devkit/src/E2E-Sample/ros2_robot_arm/ros2_ws/install/dofbot_info/share/dofbot_info/cmake/export_dofbot_info__rosidl_typesupport_fastrtps_cExport.cmake
[1.901s] -- Up-to-date: /root/ascend-devkit/src/E2E-Sample/ros2_robot_arm/ros2_ws/install/dofbot_info/share/dofbot_info/cmake/export_dofbot_info__rosidl_typesupport_fastrtps_cExport-noconfig.cmake
[1.904s] -- Up-to-date: /root/ascend-devkit/src/E2E-Sample/ros2_robot_arm/ros2_ws/install/dofbot_info/share/dofbot_info/cmake/dofbot_info__rosidl_typesupport_introspection_cExport.cmake
[1.905s] -- Up-to-date: /root/ascend-devkit/src/E2E-Sample/ros2_robot_arm/ros2_ws/install/dofbot_info/share/dofbot_info/cmake/dofbot_info__rosidl_typesupport_introspection_cExport-noconfig.cmake
[1.907s] -- Up-to-date: /root/ascend-devkit/src/E2E-Sample/ros2_robot_arm/ros2_ws/install/dofbot_info/share/dofbot_info/cmake/dofbot_info__rosidl_typesupport_cExport.cmake
[1.909s] -- Up-to-date: /root/ascend-devkit/src/E2E-Sample/ros2_robot_arm/ros2_ws/install/dofbot_info/share/dofbot_info/cmake/dofbot_info__rosidl_typesupport_cExport-noconfig.cmake
[1.911s] -- Up-to-date: /root/ascend-devkit/src/E2E-Sample/ros2_robot_arm/ros2_ws/install/dofbot_info/share/dofbot_info/cmake/export_dofbot_info__rosidl_generator_cppExport.cmake
[1.913s] -- Up-to-date: /root/ascend-devkit/src/E2E-Sample/ros2_robot_arm/ros2_ws/install/dofbot_info/share/dofbot_info/cmake/export_dofbot_info__rosidl_typesupport_fastrtps_cppExport.cmake
[1.917s] -- Up-to-date: /root/ascend-devkit/src/E2E-Sample/ros2_robot_arm/ros2_ws/install/dofbot_info/share/dofbot_info/cmake/export_dofbot_info__rosidl_typesupport_fastrtps_cppExport-noconfig.cmake
[1.918s] -- Up-to-date: /root/ascend-devkit/src/E2E-Sample/ros2_robot_arm/ros2_ws/install/dofbot_info/share/dofbot_info/cmake/dofbot_info__rosidl_typesupport_introspection_cppExport.cmake
[1.933s] -- Up-to-date: /root/ascend-devkit/src/E2E-Sample/ros2_robot_arm/ros2_ws/install/dofbot_info/share/dofbot_info/cmake/dofbot_info__rosidl_typesupport_introspection_cppExport-noconfig.cmake
[1.934s] -- Up-to-date: /root/ascend-devkit/src/E2E-Sample/ros2_robot_arm/ros2_ws/install/dofbot_info/share/dofbot_info/cmake/dofbot_info__rosidl_typesupport_cppExport.cmake
[1.936s] -- Up-to-date: /root/ascend-devkit/src/E2E-Sample/ros2_robot_arm/ros2_ws/install/dofbot_info/share/dofbot_info/cmake/dofbot_info__rosidl_typesupport_cppExport-noconfig.cmake
[1.937s] -- Up-to-date: /root/ascend-devkit/src/E2E-Sample/ros2_robot_arm/ros2_ws/install/dofbot_info/share/dofbot_info/cmake/export_dofbot_info__rosidl_generator_pyExport.cmake
[1.939s] -- Up-to-date: /root/ascend-devkit/src/E2E-Sample/ros2_robot_arm/ros2_ws/install/dofbot_info/share/dofbot_info/cmake/export_dofbot_info__rosidl_generator_pyExport-noconfig.cmake
[1.940s] -- Up-to-date: /root/ascend-devkit/src/E2E-Sample/ros2_robot_arm/ros2_ws/install/dofbot_info/share/dofbot_info/cmake/rosidl_cmake-extras.cmake
[1.942s] -- Up-to-date: /root/ascend-devkit/src/E2E-Sample/ros2_robot_arm/ros2_ws/install/dofbot_info/share/dofbot_info/cmake/ament_cmake_export_include_directories-extras.cmake
[1.943s] -- Up-to-date: /root/ascend-devkit/src/E2E-Sample/ros2_robot_arm/ros2_ws/install/dofbot_info/share/dofbot_info/cmake/ament_cmake_export_libraries-extras.cmake
[1.945s] -- Up-to-date: /root/ascend-devkit/src/E2E-Sample/ros2_robot_arm/ros2_ws/install/dofbot_info/share/dofbot_info/cmake/ament_cmake_export_targets-extras.cmake
[1.947s] -- Up-to-date: /root/ascend-devkit/src/E2E-Sample/ros2_robot_arm/ros2_ws/install/dofbot_info/share/dofbot_info/cmake/rosidl_cmake_export_typesupport_targets-extras.cmake
[1.948s] -- Up-to-date: /root/ascend-devkit/src/E2E-Sample/ros2_robot_arm/ros2_ws/install/dofbot_info/share/dofbot_info/cmake/ament_cmake_export_dependencies-extras.cmake
[1.949s] -- Up-to-date: /root/ascend-devkit/src/E2E-Sample/ros2_robot_arm/ros2_ws/install/dofbot_info/share/dofbot_info/cmake/rosidl_cmake_export_typesupport_libraries-extras.cmake
[1.951s] -- Up-to-date: /root/ascend-devkit/src/E2E-Sample/ros2_robot_arm/ros2_ws/install/dofbot_info/share/dofbot_info/cmake/dofbot_infoConfig.cmake
[1.953s] -- Up-to-date: /root/ascend-devkit/src/E2E-Sample/ros2_robot_arm/ros2_ws/install/dofbot_info/share/dofbot_info/cmake/dofbot_infoConfig-version.cmake
[1.954s] -- Up-to-date: /root/ascend-devkit/src/E2E-Sample/ros2_robot_arm/ros2_ws/install/dofbot_info/share/dofbot_info/package.xml
[1.955s] Invoked command in '/root/ascend-devkit/src/E2E-Sample/ros2_robot_arm/ros2_ws/build/dofbot_info' returned '0': CMAKE_PREFIX_PATH=${CMAKE_PREFIX_PATH}:/root/ascend-devkit/src/E2E-Sample/ros2_robot_arm/ros2_ws/install/robot_arm_color_stacking:/root/ascend-devkit/src/E2E-Sample/ros2_robot_arm/ros2_ws/install/robot_arm_bringup:/root/ascend-devkit/src/E2E-Sample/ros2_robot_arm/ros2_ws/install/dofbot_garbage_yolov5:/opt/ros/humble /usr/bin/cmake --install /root/ascend-devkit/src/E2E-Sample/ros2_robot_arm/ros2_ws/build/dofbot_info
