running egg_info
writing ../../build/dofbot_garbage_yolov5/dofbot_garbage_yolov5.egg-info/PKG-INFO
writing dependency_links to ../../build/dofbot_garbage_yolov5/dofbot_garbage_yolov5.egg-info/dependency_links.txt
writing entry points to ../../build/dofbot_garbage_yolov5/dofbot_garbage_yolov5.egg-info/entry_points.txt
writing requirements to ../../build/dofbot_garbage_yolov5/dofbot_garbage_yolov5.egg-info/requires.txt
writing top-level names to ../../build/dofbot_garbage_yolov5/dofbot_garbage_yolov5.egg-info/top_level.txt
package init file 'dofbot_garbage_yolov5/utils/__init__.py' not found (or not a regular file)
reading manifest file '../../build/dofbot_garbage_yolov5/dofbot_garbage_yolov5.egg-info/SOURCES.txt'
writing manifest file '../../build/dofbot_garbage_yolov5/dofbot_garbage_yolov5.egg-info/SOURCES.txt'
running build
running build_py
running install
running install_lib
copying /root/ascend-devkit/src/E2E-Sample/ros2_robot_arm/ros2_ws/build/dofbot_garbage_yolov5/build/lib/dofbot_garbage_yolov5/utils/garbage_grap.py -> /root/ascend-devkit/src/E2E-Sample/ros2_robot_arm/ros2_ws/install/dofbot_garbage_yolov5/lib/python3.10/site-packages/dofbot_garbage_yolov5/utils
copying /root/ascend-devkit/src/E2E-Sample/ros2_robot_arm/ros2_ws/build/dofbot_garbage_yolov5/build/lib/dofbot_garbage_yolov5/utils/garbage_identify.py -> /root/ascend-devkit/src/E2E-Sample/ros2_robot_arm/ros2_ws/install/dofbot_garbage_yolov5/lib/python3.10/site-packages/dofbot_garbage_yolov5/utils
copying /root/ascend-devkit/src/E2E-Sample/ros2_robot_arm/ros2_ws/build/dofbot_garbage_yolov5/build/lib/dofbot_garbage_yolov5/main.py -> /root/ascend-devkit/src/E2E-Sample/ros2_robot_arm/ros2_ws/install/dofbot_garbage_yolov5/lib/python3.10/site-packages/dofbot_garbage_yolov5
byte-compiling /root/ascend-devkit/src/E2E-Sample/ros2_robot_arm/ros2_ws/install/dofbot_garbage_yolov5/lib/python3.10/site-packages/dofbot_garbage_yolov5/utils/garbage_grap.py to garbage_grap.cpython-310.pyc
byte-compiling /root/ascend-devkit/src/E2E-Sample/ros2_robot_arm/ros2_ws/install/dofbot_garbage_yolov5/lib/python3.10/site-packages/dofbot_garbage_yolov5/utils/garbage_identify.py to garbage_identify.cpython-310.pyc
byte-compiling /root/ascend-devkit/src/E2E-Sample/ros2_robot_arm/ros2_ws/install/dofbot_garbage_yolov5/lib/python3.10/site-packages/dofbot_garbage_yolov5/main.py to main.cpython-310.pyc
running install_data
running install_egg_info
removing '/root/ascend-devkit/src/E2E-Sample/ros2_robot_arm/ros2_ws/install/dofbot_garbage_yolov5/lib/python3.10/site-packages/dofbot_garbage_yolov5-0.0.0-py3.10.egg-info' (and everything under it)
Copying ../../build/dofbot_garbage_yolov5/dofbot_garbage_yolov5.egg-info to /root/ascend-devkit/src/E2E-Sample/ros2_robot_arm/ros2_ws/install/dofbot_garbage_yolov5/lib/python3.10/site-packages/dofbot_garbage_yolov5-0.0.0-py3.10.egg-info
running install_scripts
Installing block_cls script to /root/ascend-devkit/src/E2E-Sample/ros2_robot_arm/ros2_ws/install/dofbot_garbage_yolov5/lib/dofbot_garbage_yolov5
writing list of installed files to '/root/ascend-devkit/src/E2E-Sample/ros2_robot_arm/ros2_ws/build/dofbot_garbage_yolov5/install.log'
