[0.085s] Invoking command in '/root/ascend-devkit/src/E2E-Sample/ros2_robot_arm/ros2_ws/build/dofbot_moveit': CMAKE_PREFIX_PATH=/root/ascend-devkit/src/E2E-Sample/ros2_robot_arm/ros2_ws/install/dofbot_info:/root/ascend-devkit/src/E2E-Sample/ros2_robot_arm/ros2_ws/install/dofbot_moveit:/root/ascend-devkit/src/E2E-Sample/ros2_robot_arm/ros2_ws/install/robot_arm_color_stacking:/root/ascend-devkit/src/E2E-Sample/ros2_robot_arm/ros2_ws/install/robot_arm_bringup:/root/ascend-devkit/src/E2E-Sample/ros2_robot_arm/ros2_ws/install/dofbot_garbage_yolov5:/opt/ros/humble LD_LIBRARY_PATH=/root/ascend-devkit/src/E2E-Sample/ros2_robot_arm/ros2_ws/install/dofbot_info/lib:/opt/ros/humble/opt/rviz_ogre_vendor/lib:/opt/ros/humble/lib/aarch64-linux-gnu:/opt/ros/humble/lib:/usr/local/Ascend/ascend-toolkit/latest/tools/aml/lib64:/usr/local/Ascend/ascend-toolkit/latest/tools/aml/lib64/plugin:/usr/local/Ascend/ascend-toolkit/latest/lib64:/usr/local/Ascend/ascend-toolkit/latest/lib64/plugin/opskernel:/usr/local/Ascend/ascend-toolkit/latest/lib64/plugin/nnengine:/usr/local/Ascend/ascend-toolkit/latest/opp/built-in/op_impl/ai_core/tbe/op_tiling/lib/linux/aarch64:/var/davinci/driver/lib64:/var/davinci/driver/lib64/common:/var/davinci/driver/lib64/driver:/usr/lib/aarch64-linux-gnu:/usr/local/lib:/usr/lib:/usr/lib/aarch64-linux-gnu/:/usr/local/lib /usr/bin/cmake --build /root/ascend-devkit/src/E2E-Sample/ros2_robot_arm/ros2_ws/build/dofbot_moveit -- -j3 -l3
[0.438s] [100%] Built target dofbot_server
[0.484s] Invoked command in '/root/ascend-devkit/src/E2E-Sample/ros2_robot_arm/ros2_ws/build/dofbot_moveit' returned '0': CMAKE_PREFIX_PATH=/root/ascend-devkit/src/E2E-Sample/ros2_robot_arm/ros2_ws/install/dofbot_info:/root/ascend-devkit/src/E2E-Sample/ros2_robot_arm/ros2_ws/install/dofbot_moveit:/root/ascend-devkit/src/E2E-Sample/ros2_robot_arm/ros2_ws/install/robot_arm_color_stacking:/root/ascend-devkit/src/E2E-Sample/ros2_robot_arm/ros2_ws/install/robot_arm_bringup:/root/ascend-devkit/src/E2E-Sample/ros2_robot_arm/ros2_ws/install/dofbot_garbage_yolov5:/opt/ros/humble LD_LIBRARY_PATH=/root/ascend-devkit/src/E2E-Sample/ros2_robot_arm/ros2_ws/install/dofbot_info/lib:/opt/ros/humble/opt/rviz_ogre_vendor/lib:/opt/ros/humble/lib/aarch64-linux-gnu:/opt/ros/humble/lib:/usr/local/Ascend/ascend-toolkit/latest/tools/aml/lib64:/usr/local/Ascend/ascend-toolkit/latest/tools/aml/lib64/plugin:/usr/local/Ascend/ascend-toolkit/latest/lib64:/usr/local/Ascend/ascend-toolkit/latest/lib64/plugin/opskernel:/usr/local/Ascend/ascend-toolkit/latest/lib64/plugin/nnengine:/usr/local/Ascend/ascend-toolkit/latest/opp/built-in/op_impl/ai_core/tbe/op_tiling/lib/linux/aarch64:/var/davinci/driver/lib64:/var/davinci/driver/lib64/common:/var/davinci/driver/lib64/driver:/usr/lib/aarch64-linux-gnu:/usr/local/lib:/usr/lib:/usr/lib/aarch64-linux-gnu/:/usr/local/lib /usr/bin/cmake --build /root/ascend-devkit/src/E2E-Sample/ros2_robot_arm/ros2_ws/build/dofbot_moveit -- -j3 -l3
[0.492s] Invoking command in '/root/ascend-devkit/src/E2E-Sample/ros2_robot_arm/ros2_ws/build/dofbot_moveit': CMAKE_PREFIX_PATH=/root/ascend-devkit/src/E2E-Sample/ros2_robot_arm/ros2_ws/install/dofbot_info:/root/ascend-devkit/src/E2E-Sample/ros2_robot_arm/ros2_ws/install/dofbot_moveit:/root/ascend-devkit/src/E2E-Sample/ros2_robot_arm/ros2_ws/install/robot_arm_color_stacking:/root/ascend-devkit/src/E2E-Sample/ros2_robot_arm/ros2_ws/install/robot_arm_bringup:/root/ascend-devkit/src/E2E-Sample/ros2_robot_arm/ros2_ws/install/dofbot_garbage_yolov5:/opt/ros/humble LD_LIBRARY_PATH=/root/ascend-devkit/src/E2E-Sample/ros2_robot_arm/ros2_ws/install/dofbot_info/lib:/opt/ros/humble/opt/rviz_ogre_vendor/lib:/opt/ros/humble/lib/aarch64-linux-gnu:/opt/ros/humble/lib:/usr/local/Ascend/ascend-toolkit/latest/tools/aml/lib64:/usr/local/Ascend/ascend-toolkit/latest/tools/aml/lib64/plugin:/usr/local/Ascend/ascend-toolkit/latest/lib64:/usr/local/Ascend/ascend-toolkit/latest/lib64/plugin/opskernel:/usr/local/Ascend/ascend-toolkit/latest/lib64/plugin/nnengine:/usr/local/Ascend/ascend-toolkit/latest/opp/built-in/op_impl/ai_core/tbe/op_tiling/lib/linux/aarch64:/var/davinci/driver/lib64:/var/davinci/driver/lib64/common:/var/davinci/driver/lib64/driver:/usr/lib/aarch64-linux-gnu:/usr/local/lib:/usr/lib:/usr/lib/aarch64-linux-gnu/:/usr/local/lib /usr/bin/cmake --install /root/ascend-devkit/src/E2E-Sample/ros2_robot_arm/ros2_ws/build/dofbot_moveit
[0.521s] -- Install configuration: ""
[0.524s] -- Up-to-date: /root/ascend-devkit/src/E2E-Sample/ros2_robot_arm/ros2_ws/install/dofbot_moveit/lib/dofbot_moveit/dofbot_server
[0.528s] -- Up-to-date: /root/ascend-devkit/src/E2E-Sample/ros2_robot_arm/ros2_ws/install/dofbot_moveit/share/dofbot_moveit/launch
[0.529s] -- Up-to-date: /root/ascend-devkit/src/E2E-Sample/ros2_robot_arm/ros2_ws/install/dofbot_moveit/share/dofbot_moveit/launch/kinematic_server.launch.py
[0.532s] -- Up-to-date: /root/ascend-devkit/src/E2E-Sample/ros2_robot_arm/ros2_ws/install/dofbot_moveit/share/dofbot_moveit/launch/dofbot_moveit.launch.py
[0.532s] -- Up-to-date: /root/ascend-devkit/src/E2E-Sample/ros2_robot_arm/ros2_ws/install/dofbot_moveit/share/dofbot_moveit/config
[0.533s] -- Up-to-date: /root/ascend-devkit/src/E2E-Sample/ros2_robot_arm/ros2_ws/install/dofbot_moveit/share/dofbot_moveit/config/server_param.yaml
[0.534s] -- Up-to-date: /root/ascend-devkit/src/E2E-Sample/ros2_robot_arm/ros2_ws/install/dofbot_moveit/share/ament_index/resource_index/package_run_dependencies/dofbot_moveit
[0.538s] -- Up-to-date: /root/ascend-devkit/src/E2E-Sample/ros2_robot_arm/ros2_ws/install/dofbot_moveit/share/ament_index/resource_index/parent_prefix_path/dofbot_moveit
[0.540s] -- Up-to-date: /root/ascend-devkit/src/E2E-Sample/ros2_robot_arm/ros2_ws/install/dofbot_moveit/share/dofbot_moveit/environment/ament_prefix_path.sh
[0.541s] -- Up-to-date: /root/ascend-devkit/src/E2E-Sample/ros2_robot_arm/ros2_ws/install/dofbot_moveit/share/dofbot_moveit/environment/ament_prefix_path.dsv
[0.542s] -- Up-to-date: /root/ascend-devkit/src/E2E-Sample/ros2_robot_arm/ros2_ws/install/dofbot_moveit/share/dofbot_moveit/environment/path.sh
[0.542s] -- Up-to-date: /root/ascend-devkit/src/E2E-Sample/ros2_robot_arm/ros2_ws/install/dofbot_moveit/share/dofbot_moveit/environment/path.dsv
[0.551s] -- Up-to-date: /root/ascend-devkit/src/E2E-Sample/ros2_robot_arm/ros2_ws/install/dofbot_moveit/share/dofbot_moveit/local_setup.bash
[0.552s] -- Up-to-date: /root/ascend-devkit/src/E2E-Sample/ros2_robot_arm/ros2_ws/install/dofbot_moveit/share/dofbot_moveit/local_setup.sh
[0.553s] -- Up-to-date: /root/ascend-devkit/src/E2E-Sample/ros2_robot_arm/ros2_ws/install/dofbot_moveit/share/dofbot_moveit/local_setup.zsh
[0.554s] -- Up-to-date: /root/ascend-devkit/src/E2E-Sample/ros2_robot_arm/ros2_ws/install/dofbot_moveit/share/dofbot_moveit/local_setup.dsv
[0.554s] -- Installing: /root/ascend-devkit/src/E2E-Sample/ros2_robot_arm/ros2_ws/install/dofbot_moveit/share/dofbot_moveit/package.dsv
[0.560s] -- Up-to-date: /root/ascend-devkit/src/E2E-Sample/ros2_robot_arm/ros2_ws/install/dofbot_moveit/share/ament_index/resource_index/packages/dofbot_moveit
[0.561s] -- Up-to-date: /root/ascend-devkit/src/E2E-Sample/ros2_robot_arm/ros2_ws/install/dofbot_moveit/share/dofbot_moveit/cmake/ament_cmake_export_include_directories-extras.cmake
[0.561s] -- Up-to-date: /root/ascend-devkit/src/E2E-Sample/ros2_robot_arm/ros2_ws/install/dofbot_moveit/share/dofbot_moveit/cmake/ament_cmake_export_dependencies-extras.cmake
[0.562s] -- Up-to-date: /root/ascend-devkit/src/E2E-Sample/ros2_robot_arm/ros2_ws/install/dofbot_moveit/share/dofbot_moveit/cmake/dofbot_moveitConfig.cmake
[0.562s] -- Up-to-date: /root/ascend-devkit/src/E2E-Sample/ros2_robot_arm/ros2_ws/install/dofbot_moveit/share/dofbot_moveit/cmake/dofbot_moveitConfig-version.cmake
[0.562s] -- Up-to-date: /root/ascend-devkit/src/E2E-Sample/ros2_robot_arm/ros2_ws/install/dofbot_moveit/share/dofbot_moveit/package.xml
[0.563s] -- Up-to-date: /root/ascend-devkit/src/E2E-Sample/ros2_robot_arm/ros2_ws/install/dofbot_moveit/share/dofbot_moveit/launch
[0.563s] -- Up-to-date: /root/ascend-devkit/src/E2E-Sample/ros2_robot_arm/ros2_ws/install/dofbot_moveit/share/dofbot_moveit/launch/kinematic_server.launch.py
[0.568s] -- Up-to-date: /root/ascend-devkit/src/E2E-Sample/ros2_robot_arm/ros2_ws/install/dofbot_moveit/share/dofbot_moveit/launch/dofbot_moveit.launch.py
[0.568s] -- Up-to-date: /root/ascend-devkit/src/E2E-Sample/ros2_robot_arm/ros2_ws/install/dofbot_moveit/share/dofbot_moveit/rviz
[0.568s] -- Up-to-date: /root/ascend-devkit/src/E2E-Sample/ros2_robot_arm/ros2_ws/install/dofbot_moveit/share/dofbot_moveit/rviz/urdf.rviz
[0.569s] -- Up-to-date: /root/ascend-devkit/src/E2E-Sample/ros2_robot_arm/ros2_ws/install/dofbot_moveit/share/dofbot_moveit/rviz/dofbot.rviz
[0.569s] -- Up-to-date: /root/ascend-devkit/src/E2E-Sample/ros2_robot_arm/ros2_ws/install/dofbot_moveit/share/dofbot_moveit/urdf
[0.589s] -- Up-to-date: /root/ascend-devkit/src/E2E-Sample/ros2_robot_arm/ros2_ws/install/dofbot_moveit/share/dofbot_moveit/urdf/dofbot.urdf
[0.589s] -- Up-to-date: /root/ascend-devkit/src/E2E-Sample/ros2_robot_arm/ros2_ws/install/dofbot_moveit/share/dofbot_moveit/meshes
[0.590s] -- Up-to-date: /root/ascend-devkit/src/E2E-Sample/ros2_robot_arm/ros2_ws/install/dofbot_moveit/share/dofbot_moveit/meshes/base_link.STL
[0.590s] -- Up-to-date: /root/ascend-devkit/src/E2E-Sample/ros2_robot_arm/ros2_ws/install/dofbot_moveit/share/dofbot_moveit/meshes/link5.STL
[0.590s] -- Up-to-date: /root/ascend-devkit/src/E2E-Sample/ros2_robot_arm/ros2_ws/install/dofbot_moveit/share/dofbot_moveit/meshes/link3.STL
[0.590s] -- Up-to-date: /root/ascend-devkit/src/E2E-Sample/ros2_robot_arm/ros2_ws/install/dofbot_moveit/share/dofbot_moveit/meshes/link2.STL
[0.591s] -- Up-to-date: /root/ascend-devkit/src/E2E-Sample/ros2_robot_arm/ros2_ws/install/dofbot_moveit/share/dofbot_moveit/meshes/link4.STL
[0.591s] -- Up-to-date: /root/ascend-devkit/src/E2E-Sample/ros2_robot_arm/ros2_ws/install/dofbot_moveit/share/dofbot_moveit/meshes/link1.STL
[0.592s] Invoked command in '/root/ascend-devkit/src/E2E-Sample/ros2_robot_arm/ros2_ws/build/dofbot_moveit' returned '0': CMAKE_PREFIX_PATH=/root/ascend-devkit/src/E2E-Sample/ros2_robot_arm/ros2_ws/install/dofbot_info:/root/ascend-devkit/src/E2E-Sample/ros2_robot_arm/ros2_ws/install/dofbot_moveit:/root/ascend-devkit/src/E2E-Sample/ros2_robot_arm/ros2_ws/install/robot_arm_color_stacking:/root/ascend-devkit/src/E2E-Sample/ros2_robot_arm/ros2_ws/install/robot_arm_bringup:/root/ascend-devkit/src/E2E-Sample/ros2_robot_arm/ros2_ws/install/dofbot_garbage_yolov5:/opt/ros/humble LD_LIBRARY_PATH=/root/ascend-devkit/src/E2E-Sample/ros2_robot_arm/ros2_ws/install/dofbot_info/lib:/opt/ros/humble/opt/rviz_ogre_vendor/lib:/opt/ros/humble/lib/aarch64-linux-gnu:/opt/ros/humble/lib:/usr/local/Ascend/ascend-toolkit/latest/tools/aml/lib64:/usr/local/Ascend/ascend-toolkit/latest/tools/aml/lib64/plugin:/usr/local/Ascend/ascend-toolkit/latest/lib64:/usr/local/Ascend/ascend-toolkit/latest/lib64/plugin/opskernel:/usr/local/Ascend/ascend-toolkit/latest/lib64/plugin/nnengine:/usr/local/Ascend/ascend-toolkit/latest/opp/built-in/op_impl/ai_core/tbe/op_tiling/lib/linux/aarch64:/var/davinci/driver/lib64:/var/davinci/driver/lib64/common:/var/davinci/driver/lib64/driver:/usr/lib/aarch64-linux-gnu:/usr/local/lib:/usr/lib:/usr/lib/aarch64-linux-gnu/:/usr/local/lib /usr/bin/cmake --install /root/ascend-devkit/src/E2E-Sample/ros2_robot_arm/ros2_ws/build/dofbot_moveit
