[0.658s] [34mcolcon[0m [1;30mDEBUG[0m [32mCommand line arguments: ['/usr/bin/colcon', 'build'][0m
[0.658s] [34mcolcon[0m [1;30mDEBUG[0m [32mParsed command line arguments: Namespace(log_base=None, log_level=None, verb_name='build', build_base='build', install_base='install', merge_install=False, symlink_install=False, test_result_base=None, continue_on_error=False, executor='parallel', parallel_workers=3, event_handlers=None, ignore_user_meta=False, metas=['./colcon.meta'], base_paths=['.'], packages_ignore=None, packages_ignore_regex=None, paths=None, packages_up_to=None, packages_up_to_regex=None, packages_above=None, packages_above_and_dependencies=None, packages_above_depth=None, packages_select_by_dep=None, packages_skip_by_dep=None, packages_skip_up_to=None, packages_select_build_failed=False, packages_skip_build_finished=False, packages_select_test_failures=False, packages_skip_test_passed=False, packages_select=None, packages_skip=None, packages_select_regex=None, packages_skip_regex=None, packages_start=None, packages_end=None, allow_overriding=[], cmake_args=None, cmake_target=None, cmake_target_skip_unavailable=False, cmake_clean_cache=False, cmake_clean_first=False, cmake_force_configure=False, ament_cmake_args=None, catkin_cmake_args=None, catkin_skip_building_tests=False, mixin_files=None, mixin=None, verb_parser=<colcon_mixin.mixin.mixin_argument.MixinArgumentDecorator object at 0xe7ffd3dee1d0>, verb_extension=<colcon_core.verb.build.BuildVerb object at 0xe7ffd3f77a60>, main=<bound method BuildVerb.main of <colcon_core.verb.build.BuildVerb object at 0xe7ffd3f77a60>>, mixin_verb=('build',))[0m
[1.270s] [34mcolcon.colcon_core.package_discovery[0m [1;30mLevel 1[0m discover_packages(colcon_meta) check parameters
[1.270s] [34mcolcon.colcon_core.package_discovery[0m [1;30mLevel 1[0m discover_packages(recursive) check parameters
[1.271s] [34mcolcon.colcon_core.package_discovery[0m [1;30mLevel 1[0m discover_packages(ignore) check parameters
[1.271s] [34mcolcon.colcon_core.package_discovery[0m [1;30mLevel 1[0m discover_packages(path) check parameters
[1.271s] [34mcolcon.colcon_core.package_discovery[0m [1;30mLevel 1[0m discover_packages(colcon_meta) discover
[1.271s] [34mcolcon.colcon_core.package_discovery[0m [1;30mLevel 1[0m discover_packages(recursive) discover
[1.271s] [34mcolcon.colcon_core.package_discovery[0m [1;30mINFO[0m Crawling recursively for packages in '/root/ascend-devkit/src/E2E-Sample/ros2_robot_arm/ros2_ws'
[1.272s] [34mcolcon.colcon_core.package_identification[0m [1;30mLevel 1[0m _identify(.) by extensions ['ignore', 'ignore_ament_install']
[1.272s] [34mcolcon.colcon_core.package_identification[0m [1;30mLevel 1[0m _identify(.) by extension 'ignore'
[1.272s] [34mcolcon.colcon_core.package_identification[0m [1;30mLevel 1[0m _identify(.) by extension 'ignore_ament_install'
[1.272s] [34mcolcon.colcon_core.package_identification[0m [1;30mLevel 1[0m _identify(.) by extensions ['colcon_pkg']
[1.272s] [34mcolcon.colcon_core.package_identification[0m [1;30mLevel 1[0m _identify(.) by extension 'colcon_pkg'
[1.272s] [34mcolcon.colcon_core.package_identification[0m [1;30mLevel 1[0m _identify(.) by extensions ['colcon_meta']
[1.273s] [34mcolcon.colcon_core.package_identification[0m [1;30mLevel 1[0m _identify(.) by extension 'colcon_meta'
[1.273s] [34mcolcon.colcon_core.package_identification[0m [1;30mLevel 1[0m _identify(.) by extensions ['ros']
[1.273s] [34mcolcon.colcon_core.package_identification[0m [1;30mLevel 1[0m _identify(.) by extension 'ros'
[1.342s] [34mcolcon.colcon_core.package_identification[0m [1;30mLevel 1[0m _identify(.) by extensions ['cmake', 'python']
[1.342s] [34mcolcon.colcon_core.package_identification[0m [1;30mLevel 1[0m _identify(.) by extension 'cmake'
[1.343s] [34mcolcon.colcon_core.package_identification[0m [1;30mLevel 1[0m _identify(.) by extension 'python'
[1.343s] [34mcolcon.colcon_core.package_identification[0m [1;30mLevel 1[0m _identify(.) by extensions ['python_setup_py']
[1.343s] [34mcolcon.colcon_core.package_identification[0m [1;30mLevel 1[0m _identify(.) by extension 'python_setup_py'
[1.343s] [34mcolcon.colcon_core.package_identification[0m [1;30mLevel 1[0m _identify(build) by extensions ['ignore', 'ignore_ament_install']
[1.343s] [34mcolcon.colcon_core.package_identification[0m [1;30mLevel 1[0m _identify(build) by extension 'ignore'
[1.344s] [34mcolcon.colcon_core.package_identification[0m [1;30mLevel 1[0m _identify(build) ignored
[1.344s] [34mcolcon.colcon_core.package_identification[0m [1;30mLevel 1[0m _identify(install) by extensions ['ignore', 'ignore_ament_install']
[1.344s] [34mcolcon.colcon_core.package_identification[0m [1;30mLevel 1[0m _identify(install) by extension 'ignore'
[1.344s] [34mcolcon.colcon_core.package_identification[0m [1;30mLevel 1[0m _identify(install) ignored
[1.345s] [34mcolcon.colcon_core.package_identification[0m [1;30mLevel 1[0m _identify(log) by extensions ['ignore', 'ignore_ament_install']
[1.345s] [34mcolcon.colcon_core.package_identification[0m [1;30mLevel 1[0m _identify(log) by extension 'ignore'
[1.345s] [34mcolcon.colcon_core.package_identification[0m [1;30mLevel 1[0m _identify(log) ignored
[1.345s] [34mcolcon.colcon_core.package_identification[0m [1;30mLevel 1[0m _identify(src) by extensions ['ignore', 'ignore_ament_install']
[1.345s] [34mcolcon.colcon_core.package_identification[0m [1;30mLevel 1[0m _identify(src) by extension 'ignore'
[1.346s] [34mcolcon.colcon_core.package_identification[0m [1;30mLevel 1[0m _identify(src) by extension 'ignore_ament_install'
[1.346s] [34mcolcon.colcon_core.package_identification[0m [1;30mLevel 1[0m _identify(src) by extensions ['colcon_pkg']
[1.346s] [34mcolcon.colcon_core.package_identification[0m [1;30mLevel 1[0m _identify(src) by extension 'colcon_pkg'
[1.346s] [34mcolcon.colcon_core.package_identification[0m [1;30mLevel 1[0m _identify(src) by extensions ['colcon_meta']
[1.346s] [34mcolcon.colcon_core.package_identification[0m [1;30mLevel 1[0m _identify(src) by extension 'colcon_meta'
[1.346s] [34mcolcon.colcon_core.package_identification[0m [1;30mLevel 1[0m _identify(src) by extensions ['ros']
[1.346s] [34mcolcon.colcon_core.package_identification[0m [1;30mLevel 1[0m _identify(src) by extension 'ros'
[1.347s] [34mcolcon.colcon_core.package_identification[0m [1;30mLevel 1[0m _identify(src) by extensions ['cmake', 'python']
[1.347s] [34mcolcon.colcon_core.package_identification[0m [1;30mLevel 1[0m _identify(src) by extension 'cmake'
[1.347s] [34mcolcon.colcon_core.package_identification[0m [1;30mLevel 1[0m _identify(src) by extension 'python'
[1.347s] [34mcolcon.colcon_core.package_identification[0m [1;30mLevel 1[0m _identify(src) by extensions ['python_setup_py']
[1.347s] [34mcolcon.colcon_core.package_identification[0m [1;30mLevel 1[0m _identify(src) by extension 'python_setup_py'
[1.347s] [34mcolcon.colcon_core.package_identification[0m [1;30mLevel 1[0m _identify(src/dofbot_garbage_yolov5) by extensions ['ignore', 'ignore_ament_install']
[1.348s] [34mcolcon.colcon_core.package_identification[0m [1;30mLevel 1[0m _identify(src/dofbot_garbage_yolov5) by extension 'ignore'
[1.348s] [34mcolcon.colcon_core.package_identification[0m [1;30mLevel 1[0m _identify(src/dofbot_garbage_yolov5) by extension 'ignore_ament_install'
[1.348s] [34mcolcon.colcon_core.package_identification[0m [1;30mLevel 1[0m _identify(src/dofbot_garbage_yolov5) by extensions ['colcon_pkg']
[1.348s] [34mcolcon.colcon_core.package_identification[0m [1;30mLevel 1[0m _identify(src/dofbot_garbage_yolov5) by extension 'colcon_pkg'
[1.348s] [34mcolcon.colcon_core.package_identification[0m [1;30mLevel 1[0m _identify(src/dofbot_garbage_yolov5) by extensions ['colcon_meta']
[1.348s] [34mcolcon.colcon_core.package_identification[0m [1;30mLevel 1[0m _identify(src/dofbot_garbage_yolov5) by extension 'colcon_meta'
[1.348s] [34mcolcon.colcon_core.package_identification[0m [1;30mLevel 1[0m _identify(src/dofbot_garbage_yolov5) by extensions ['ros']
[1.349s] [34mcolcon.colcon_core.package_identification[0m [1;30mLevel 1[0m _identify(src/dofbot_garbage_yolov5) by extension 'ros'
[1.356s] [34mcolcon.colcon_core.package_identification[0m [1;30mDEBUG[0m [32mPackage 'src/dofbot_garbage_yolov5' with type 'ros.ament_python' and name 'dofbot_garbage_yolov5'[0m
[1.357s] [34mcolcon.colcon_core.package_identification[0m [1;30mLevel 1[0m _identify(src/dofbot_info) by extensions ['ignore', 'ignore_ament_install']
[1.357s] [34mcolcon.colcon_core.package_identification[0m [1;30mLevel 1[0m _identify(src/dofbot_info) by extension 'ignore'
[1.357s] [34mcolcon.colcon_core.package_identification[0m [1;30mLevel 1[0m _identify(src/dofbot_info) by extension 'ignore_ament_install'
[1.358s] [34mcolcon.colcon_core.package_identification[0m [1;30mLevel 1[0m _identify(src/dofbot_info) by extensions ['colcon_pkg']
[1.358s] [34mcolcon.colcon_core.package_identification[0m [1;30mLevel 1[0m _identify(src/dofbot_info) by extension 'colcon_pkg'
[1.358s] [34mcolcon.colcon_core.package_identification[0m [1;30mLevel 1[0m _identify(src/dofbot_info) by extensions ['colcon_meta']
[1.358s] [34mcolcon.colcon_core.package_identification[0m [1;30mLevel 1[0m _identify(src/dofbot_info) by extension 'colcon_meta'
[1.358s] [34mcolcon.colcon_core.package_identification[0m [1;30mLevel 1[0m _identify(src/dofbot_info) by extensions ['ros']
[1.358s] [34mcolcon.colcon_core.package_identification[0m [1;30mLevel 1[0m _identify(src/dofbot_info) by extension 'ros'
[1.360s] [34mcolcon.colcon_core.package_identification[0m [1;30mDEBUG[0m [32mPackage 'src/dofbot_info' with type 'ros.ament_cmake' and name 'dofbot_info'[0m
[1.360s] [34mcolcon.colcon_core.package_identification[0m [1;30mLevel 1[0m _identify(src/dofbot_moveit) by extensions ['ignore', 'ignore_ament_install']
[1.361s] [34mcolcon.colcon_core.package_identification[0m [1;30mLevel 1[0m _identify(src/dofbot_moveit) by extension 'ignore'
[1.361s] [34mcolcon.colcon_core.package_identification[0m [1;30mLevel 1[0m _identify(src/dofbot_moveit) by extension 'ignore_ament_install'
[1.361s] [34mcolcon.colcon_core.package_identification[0m [1;30mLevel 1[0m _identify(src/dofbot_moveit) by extensions ['colcon_pkg']
[1.361s] [34mcolcon.colcon_core.package_identification[0m [1;30mLevel 1[0m _identify(src/dofbot_moveit) by extension 'colcon_pkg'
[1.361s] [34mcolcon.colcon_core.package_identification[0m [1;30mLevel 1[0m _identify(src/dofbot_moveit) by extensions ['colcon_meta']
[1.361s] [34mcolcon.colcon_core.package_identification[0m [1;30mLevel 1[0m _identify(src/dofbot_moveit) by extension 'colcon_meta'
[1.362s] [34mcolcon.colcon_core.package_identification[0m [1;30mLevel 1[0m _identify(src/dofbot_moveit) by extensions ['ros']
[1.362s] [34mcolcon.colcon_core.package_identification[0m [1;30mLevel 1[0m _identify(src/dofbot_moveit) by extension 'ros'
[1.364s] [34mcolcon.colcon_core.package_identification[0m [1;30mDEBUG[0m [32mPackage 'src/dofbot_moveit' with type 'ros.ament_cmake' and name 'dofbot_moveit'[0m
[1.364s] [34mcolcon.colcon_core.package_identification[0m [1;30mLevel 1[0m _identify(src/robot_arm_bringup) by extensions ['ignore', 'ignore_ament_install']
[1.364s] [34mcolcon.colcon_core.package_identification[0m [1;30mLevel 1[0m _identify(src/robot_arm_bringup) by extension 'ignore'
[1.365s] [34mcolcon.colcon_core.package_identification[0m [1;30mLevel 1[0m _identify(src/robot_arm_bringup) by extension 'ignore_ament_install'
[1.365s] [34mcolcon.colcon_core.package_identification[0m [1;30mLevel 1[0m _identify(src/robot_arm_bringup) by extensions ['colcon_pkg']
[1.365s] [34mcolcon.colcon_core.package_identification[0m [1;30mLevel 1[0m _identify(src/robot_arm_bringup) by extension 'colcon_pkg'
[1.365s] [34mcolcon.colcon_core.package_identification[0m [1;30mLevel 1[0m _identify(src/robot_arm_bringup) by extensions ['colcon_meta']
[1.365s] [34mcolcon.colcon_core.package_identification[0m [1;30mLevel 1[0m _identify(src/robot_arm_bringup) by extension 'colcon_meta'
[1.365s] [34mcolcon.colcon_core.package_identification[0m [1;30mLevel 1[0m _identify(src/robot_arm_bringup) by extensions ['ros']
[1.365s] [34mcolcon.colcon_core.package_identification[0m [1;30mLevel 1[0m _identify(src/robot_arm_bringup) by extension 'ros'
[1.367s] [34mcolcon.colcon_core.package_identification[0m [1;30mDEBUG[0m [32mPackage 'src/robot_arm_bringup' with type 'ros.ament_python' and name 'robot_arm_bringup'[0m
[1.367s] [34mcolcon.colcon_core.package_identification[0m [1;30mLevel 1[0m _identify(src/robot_arm_color_stacking) by extensions ['ignore', 'ignore_ament_install']
[1.367s] [34mcolcon.colcon_core.package_identification[0m [1;30mLevel 1[0m _identify(src/robot_arm_color_stacking) by extension 'ignore'
[1.368s] [34mcolcon.colcon_core.package_identification[0m [1;30mLevel 1[0m _identify(src/robot_arm_color_stacking) by extension 'ignore_ament_install'
[1.368s] [34mcolcon.colcon_core.package_identification[0m [1;30mLevel 1[0m _identify(src/robot_arm_color_stacking) by extensions ['colcon_pkg']
[1.368s] [34mcolcon.colcon_core.package_identification[0m [1;30mLevel 1[0m _identify(src/robot_arm_color_stacking) by extension 'colcon_pkg'
[1.368s] [34mcolcon.colcon_core.package_identification[0m [1;30mLevel 1[0m _identify(src/robot_arm_color_stacking) by extensions ['colcon_meta']
[1.368s] [34mcolcon.colcon_core.package_identification[0m [1;30mLevel 1[0m _identify(src/robot_arm_color_stacking) by extension 'colcon_meta'
[1.368s] [34mcolcon.colcon_core.package_identification[0m [1;30mLevel 1[0m _identify(src/robot_arm_color_stacking) by extensions ['ros']
[1.368s] [34mcolcon.colcon_core.package_identification[0m [1;30mLevel 1[0m _identify(src/robot_arm_color_stacking) by extension 'ros'
[1.370s] [34mcolcon.colcon_core.package_identification[0m [1;30mDEBUG[0m [32mPackage 'src/robot_arm_color_stacking' with type 'ros.ament_python' and name 'robot_arm_color_stacking'[0m
[1.370s] [34mcolcon.colcon_core.package_discovery[0m [1;30mLevel 1[0m discover_packages(recursive) using defaults
[1.370s] [34mcolcon.colcon_core.package_discovery[0m [1;30mLevel 1[0m discover_packages(ignore) discover
[1.370s] [34mcolcon.colcon_core.package_discovery[0m [1;30mLevel 1[0m discover_packages(ignore) using defaults
[1.371s] [34mcolcon.colcon_core.package_discovery[0m [1;30mLevel 1[0m discover_packages(path) discover
[1.371s] [34mcolcon.colcon_core.package_discovery[0m [1;30mLevel 1[0m discover_packages(path) using defaults
[1.425s] [34mcolcon.colcon_core.package_discovery[0m [1;30mLevel 1[0m discover_packages(prefix_path) check parameters
[1.425s] [34mcolcon.colcon_core.package_discovery[0m [1;30mLevel 1[0m discover_packages(prefix_path) discover
[1.432s] [34mcolcon.colcon_installed_package_information.package_discovery[0m [1;30mDEBUG[0m [32mFound 284 installed packages in /opt/ros/humble[0m
[1.435s] [34mcolcon.colcon_core.package_discovery[0m [1;30mLevel 1[0m discover_packages(prefix_path) using defaults
[1.528s] [34mcolcon.colcon_core.verb[0m [1;30mLevel 5[0m set package 'dofbot_info' build argument 'cmake_args' from command line to 'None'
[1.528s] [34mcolcon.colcon_core.verb[0m [1;30mLevel 5[0m set package 'dofbot_info' build argument 'cmake_target' from command line to 'None'
[1.528s] [34mcolcon.colcon_core.verb[0m [1;30mLevel 5[0m set package 'dofbot_info' build argument 'cmake_target_skip_unavailable' from command line to 'False'
[1.528s] [34mcolcon.colcon_core.verb[0m [1;30mLevel 5[0m set package 'dofbot_info' build argument 'cmake_clean_cache' from command line to 'False'
[1.528s] [34mcolcon.colcon_core.verb[0m [1;30mLevel 5[0m set package 'dofbot_info' build argument 'cmake_clean_first' from command line to 'False'
[1.528s] [34mcolcon.colcon_core.verb[0m [1;30mLevel 5[0m set package 'dofbot_info' build argument 'cmake_force_configure' from command line to 'False'
[1.528s] [34mcolcon.colcon_core.verb[0m [1;30mLevel 5[0m set package 'dofbot_info' build argument 'ament_cmake_args' from command line to 'None'
[1.529s] [34mcolcon.colcon_core.verb[0m [1;30mLevel 5[0m set package 'dofbot_info' build argument 'catkin_cmake_args' from command line to 'None'
[1.529s] [34mcolcon.colcon_core.verb[0m [1;30mLevel 5[0m set package 'dofbot_info' build argument 'catkin_skip_building_tests' from command line to 'False'
[1.529s] [34mcolcon.colcon_core.verb[0m [1;30mDEBUG[0m [32mBuilding package 'dofbot_info' with the following arguments: {'ament_cmake_args': None, 'build_base': '/root/ascend-devkit/src/E2E-Sample/ros2_robot_arm/ros2_ws/build/dofbot_info', 'catkin_cmake_args': None, 'catkin_skip_building_tests': False, 'cmake_args': None, 'cmake_clean_cache': False, 'cmake_clean_first': False, 'cmake_force_configure': False, 'cmake_target': None, 'cmake_target_skip_unavailable': False, 'install_base': '/root/ascend-devkit/src/E2E-Sample/ros2_robot_arm/ros2_ws/install/dofbot_info', 'merge_install': False, 'path': '/root/ascend-devkit/src/E2E-Sample/ros2_robot_arm/ros2_ws/src/dofbot_info', 'symlink_install': False, 'test_result_base': None}[0m
[1.530s] [34mcolcon.colcon_core.verb[0m [1;30mLevel 5[0m set package 'robot_arm_bringup' build argument 'cmake_args' from command line to 'None'
[1.530s] [34mcolcon.colcon_core.verb[0m [1;30mLevel 5[0m set package 'robot_arm_bringup' build argument 'cmake_target' from command line to 'None'
[1.530s] [34mcolcon.colcon_core.verb[0m [1;30mLevel 5[0m set package 'robot_arm_bringup' build argument 'cmake_target_skip_unavailable' from command line to 'False'
[1.530s] [34mcolcon.colcon_core.verb[0m [1;30mLevel 5[0m set package 'robot_arm_bringup' build argument 'cmake_clean_cache' from command line to 'False'
[1.530s] [34mcolcon.colcon_core.verb[0m [1;30mLevel 5[0m set package 'robot_arm_bringup' build argument 'cmake_clean_first' from command line to 'False'
[1.530s] [34mcolcon.colcon_core.verb[0m [1;30mLevel 5[0m set package 'robot_arm_bringup' build argument 'cmake_force_configure' from command line to 'False'
[1.530s] [34mcolcon.colcon_core.verb[0m [1;30mLevel 5[0m set package 'robot_arm_bringup' build argument 'ament_cmake_args' from command line to 'None'
[1.530s] [34mcolcon.colcon_core.verb[0m [1;30mLevel 5[0m set package 'robot_arm_bringup' build argument 'catkin_cmake_args' from command line to 'None'
[1.530s] [34mcolcon.colcon_core.verb[0m [1;30mLevel 5[0m set package 'robot_arm_bringup' build argument 'catkin_skip_building_tests' from command line to 'False'
[1.530s] [34mcolcon.colcon_core.verb[0m [1;30mDEBUG[0m [32mBuilding package 'robot_arm_bringup' with the following arguments: {'ament_cmake_args': None, 'build_base': '/root/ascend-devkit/src/E2E-Sample/ros2_robot_arm/ros2_ws/build/robot_arm_bringup', 'catkin_cmake_args': None, 'catkin_skip_building_tests': False, 'cmake_args': None, 'cmake_clean_cache': False, 'cmake_clean_first': False, 'cmake_force_configure': False, 'cmake_target': None, 'cmake_target_skip_unavailable': False, 'install_base': '/root/ascend-devkit/src/E2E-Sample/ros2_robot_arm/ros2_ws/install/robot_arm_bringup', 'merge_install': False, 'path': '/root/ascend-devkit/src/E2E-Sample/ros2_robot_arm/ros2_ws/src/robot_arm_bringup', 'symlink_install': False, 'test_result_base': None}[0m
[1.531s] [34mcolcon.colcon_core.verb[0m [1;30mLevel 5[0m set package 'robot_arm_color_stacking' build argument 'cmake_args' from command line to 'None'
[1.532s] [34mcolcon.colcon_core.verb[0m [1;30mLevel 5[0m set package 'robot_arm_color_stacking' build argument 'cmake_target' from command line to 'None'
[1.532s] [34mcolcon.colcon_core.verb[0m [1;30mLevel 5[0m set package 'robot_arm_color_stacking' build argument 'cmake_target_skip_unavailable' from command line to 'False'
[1.532s] [34mcolcon.colcon_core.verb[0m [1;30mLevel 5[0m set package 'robot_arm_color_stacking' build argument 'cmake_clean_cache' from command line to 'False'
[1.532s] [34mcolcon.colcon_core.verb[0m [1;30mLevel 5[0m set package 'robot_arm_color_stacking' build argument 'cmake_clean_first' from command line to 'False'
[1.532s] [34mcolcon.colcon_core.verb[0m [1;30mLevel 5[0m set package 'robot_arm_color_stacking' build argument 'cmake_force_configure' from command line to 'False'
[1.532s] [34mcolcon.colcon_core.verb[0m [1;30mLevel 5[0m set package 'robot_arm_color_stacking' build argument 'ament_cmake_args' from command line to 'None'
[1.532s] [34mcolcon.colcon_core.verb[0m [1;30mLevel 5[0m set package 'robot_arm_color_stacking' build argument 'catkin_cmake_args' from command line to 'None'
[1.532s] [34mcolcon.colcon_core.verb[0m [1;30mLevel 5[0m set package 'robot_arm_color_stacking' build argument 'catkin_skip_building_tests' from command line to 'False'
[1.532s] [34mcolcon.colcon_core.verb[0m [1;30mDEBUG[0m [32mBuilding package 'robot_arm_color_stacking' with the following arguments: {'ament_cmake_args': None, 'build_base': '/root/ascend-devkit/src/E2E-Sample/ros2_robot_arm/ros2_ws/build/robot_arm_color_stacking', 'catkin_cmake_args': None, 'catkin_skip_building_tests': False, 'cmake_args': None, 'cmake_clean_cache': False, 'cmake_clean_first': False, 'cmake_force_configure': False, 'cmake_target': None, 'cmake_target_skip_unavailable': False, 'install_base': '/root/ascend-devkit/src/E2E-Sample/ros2_robot_arm/ros2_ws/install/robot_arm_color_stacking', 'merge_install': False, 'path': '/root/ascend-devkit/src/E2E-Sample/ros2_robot_arm/ros2_ws/src/robot_arm_color_stacking', 'symlink_install': False, 'test_result_base': None}[0m
[1.533s] [34mcolcon.colcon_core.verb[0m [1;30mLevel 5[0m set package 'dofbot_garbage_yolov5' build argument 'cmake_args' from command line to 'None'
[1.533s] [34mcolcon.colcon_core.verb[0m [1;30mLevel 5[0m set package 'dofbot_garbage_yolov5' build argument 'cmake_target' from command line to 'None'
[1.533s] [34mcolcon.colcon_core.verb[0m [1;30mLevel 5[0m set package 'dofbot_garbage_yolov5' build argument 'cmake_target_skip_unavailable' from command line to 'False'
[1.533s] [34mcolcon.colcon_core.verb[0m [1;30mLevel 5[0m set package 'dofbot_garbage_yolov5' build argument 'cmake_clean_cache' from command line to 'False'
[1.533s] [34mcolcon.colcon_core.verb[0m [1;30mLevel 5[0m set package 'dofbot_garbage_yolov5' build argument 'cmake_clean_first' from command line to 'False'
[1.533s] [34mcolcon.colcon_core.verb[0m [1;30mLevel 5[0m set package 'dofbot_garbage_yolov5' build argument 'cmake_force_configure' from command line to 'False'
[1.534s] [34mcolcon.colcon_core.verb[0m [1;30mLevel 5[0m set package 'dofbot_garbage_yolov5' build argument 'ament_cmake_args' from command line to 'None'
[1.534s] [34mcolcon.colcon_core.verb[0m [1;30mLevel 5[0m set package 'dofbot_garbage_yolov5' build argument 'catkin_cmake_args' from command line to 'None'
[1.534s] [34mcolcon.colcon_core.verb[0m [1;30mLevel 5[0m set package 'dofbot_garbage_yolov5' build argument 'catkin_skip_building_tests' from command line to 'False'
[1.534s] [34mcolcon.colcon_core.verb[0m [1;30mDEBUG[0m [32mBuilding package 'dofbot_garbage_yolov5' with the following arguments: {'ament_cmake_args': None, 'build_base': '/root/ascend-devkit/src/E2E-Sample/ros2_robot_arm/ros2_ws/build/dofbot_garbage_yolov5', 'catkin_cmake_args': None, 'catkin_skip_building_tests': False, 'cmake_args': None, 'cmake_clean_cache': False, 'cmake_clean_first': False, 'cmake_force_configure': False, 'cmake_target': None, 'cmake_target_skip_unavailable': False, 'install_base': '/root/ascend-devkit/src/E2E-Sample/ros2_robot_arm/ros2_ws/install/dofbot_garbage_yolov5', 'merge_install': False, 'path': '/root/ascend-devkit/src/E2E-Sample/ros2_robot_arm/ros2_ws/src/dofbot_garbage_yolov5', 'symlink_install': False, 'test_result_base': None}[0m
[1.535s] [34mcolcon.colcon_core.verb[0m [1;30mLevel 5[0m set package 'dofbot_moveit' build argument 'cmake_args' from command line to 'None'
[1.535s] [34mcolcon.colcon_core.verb[0m [1;30mLevel 5[0m set package 'dofbot_moveit' build argument 'cmake_target' from command line to 'None'
[1.535s] [34mcolcon.colcon_core.verb[0m [1;30mLevel 5[0m set package 'dofbot_moveit' build argument 'cmake_target_skip_unavailable' from command line to 'False'
[1.535s] [34mcolcon.colcon_core.verb[0m [1;30mLevel 5[0m set package 'dofbot_moveit' build argument 'cmake_clean_cache' from command line to 'False'
[1.535s] [34mcolcon.colcon_core.verb[0m [1;30mLevel 5[0m set package 'dofbot_moveit' build argument 'cmake_clean_first' from command line to 'False'
[1.535s] [34mcolcon.colcon_core.verb[0m [1;30mLevel 5[0m set package 'dofbot_moveit' build argument 'cmake_force_configure' from command line to 'False'
[1.535s] [34mcolcon.colcon_core.verb[0m [1;30mLevel 5[0m set package 'dofbot_moveit' build argument 'ament_cmake_args' from command line to 'None'
[1.535s] [34mcolcon.colcon_core.verb[0m [1;30mLevel 5[0m set package 'dofbot_moveit' build argument 'catkin_cmake_args' from command line to 'None'
[1.535s] [34mcolcon.colcon_core.verb[0m [1;30mLevel 5[0m set package 'dofbot_moveit' build argument 'catkin_skip_building_tests' from command line to 'False'
[1.535s] [34mcolcon.colcon_core.verb[0m [1;30mDEBUG[0m [32mBuilding package 'dofbot_moveit' with the following arguments: {'ament_cmake_args': None, 'build_base': '/root/ascend-devkit/src/E2E-Sample/ros2_robot_arm/ros2_ws/build/dofbot_moveit', 'catkin_cmake_args': None, 'catkin_skip_building_tests': False, 'cmake_args': None, 'cmake_clean_cache': False, 'cmake_clean_first': False, 'cmake_force_configure': False, 'cmake_target': None, 'cmake_target_skip_unavailable': False, 'install_base': '/root/ascend-devkit/src/E2E-Sample/ros2_robot_arm/ros2_ws/install/dofbot_moveit', 'merge_install': False, 'path': '/root/ascend-devkit/src/E2E-Sample/ros2_robot_arm/ros2_ws/src/dofbot_moveit', 'symlink_install': False, 'test_result_base': None}[0m
[1.536s] [34mcolcon.colcon_core.executor[0m [1;30mINFO[0m Executing jobs using 'parallel' executor
[1.538s] [34mcolcon.colcon_parallel_executor.executor.parallel[0m [1;30mDEBUG[0m [32mrun_until_complete[0m
[1.539s] [34mcolcon.colcon_ros.task.ament_cmake.build[0m [1;30mINFO[0m Building ROS package in '/root/ascend-devkit/src/E2E-Sample/ros2_robot_arm/ros2_ws/src/dofbot_info' with build type 'ament_cmake'
[1.539s] [34mcolcon.colcon_cmake.task.cmake.build[0m [1;30mINFO[0m Building CMake package in '/root/ascend-devkit/src/E2E-Sample/ros2_robot_arm/ros2_ws/src/dofbot_info'
[1.548s] [34mcolcon.colcon_core.plugin_system[0m [1;30mINFO[0m Skipping extension 'colcon_core.shell.bat': Not used on non-Windows systems
[1.549s] [34mcolcon.colcon_core.shell[0m [1;30mINFO[0m Skip shell extension 'powershell' for command environment: Not usable outside of PowerShell
[1.549s] [34mcolcon.colcon_core.shell[0m [1;30mDEBUG[0m [32mSkip shell extension 'dsv' for command environment[0m
[1.556s] [34mcolcon.colcon_ros.task.ament_python.build[0m [1;30mINFO[0m Building ROS package in '/root/ascend-devkit/src/E2E-Sample/ros2_robot_arm/ros2_ws/src/robot_arm_bringup' with build type 'ament_python'
[1.556s] [34mcolcon.colcon_core.shell[0m [1;30mLevel 1[0m create_environment_hook('robot_arm_bringup', 'ament_prefix_path')
[1.557s] [34mcolcon.colcon_core.shell[0m [1;30mINFO[0m Creating environment hook '/root/ascend-devkit/src/E2E-Sample/ros2_robot_arm/ros2_ws/install/robot_arm_bringup/share/robot_arm_bringup/hook/ament_prefix_path.ps1'
[1.559s] [34mcolcon.colcon_core.shell[0m [1;30mINFO[0m Creating environment descriptor '/root/ascend-devkit/src/E2E-Sample/ros2_robot_arm/ros2_ws/install/robot_arm_bringup/share/robot_arm_bringup/hook/ament_prefix_path.dsv'
[1.560s] [34mcolcon.colcon_core.shell[0m [1;30mINFO[0m Creating environment hook '/root/ascend-devkit/src/E2E-Sample/ros2_robot_arm/ros2_ws/install/robot_arm_bringup/share/robot_arm_bringup/hook/ament_prefix_path.sh'
[1.562s] [34mcolcon.colcon_core.shell[0m [1;30mINFO[0m Skip shell extension 'powershell' for command environment: Not usable outside of PowerShell
[1.563s] [34mcolcon.colcon_core.shell[0m [1;30mDEBUG[0m [32mSkip shell extension 'dsv' for command environment[0m
[1.568s] [34mcolcon.colcon_ros.task.ament_python.build[0m [1;30mINFO[0m Building ROS package in '/root/ascend-devkit/src/E2E-Sample/ros2_robot_arm/ros2_ws/src/robot_arm_color_stacking' with build type 'ament_python'
[1.568s] [34mcolcon.colcon_core.shell[0m [1;30mLevel 1[0m create_environment_hook('robot_arm_color_stacking', 'ament_prefix_path')
[1.569s] [34mcolcon.colcon_core.shell[0m [1;30mINFO[0m Creating environment hook '/root/ascend-devkit/src/E2E-Sample/ros2_robot_arm/ros2_ws/install/robot_arm_color_stacking/share/robot_arm_color_stacking/hook/ament_prefix_path.ps1'
[1.570s] [34mcolcon.colcon_core.shell[0m [1;30mINFO[0m Creating environment descriptor '/root/ascend-devkit/src/E2E-Sample/ros2_robot_arm/ros2_ws/install/robot_arm_color_stacking/share/robot_arm_color_stacking/hook/ament_prefix_path.dsv'
[1.571s] [34mcolcon.colcon_core.shell[0m [1;30mINFO[0m Creating environment hook '/root/ascend-devkit/src/E2E-Sample/ros2_robot_arm/ros2_ws/install/robot_arm_color_stacking/share/robot_arm_color_stacking/hook/ament_prefix_path.sh'
[1.573s] [34mcolcon.colcon_core.shell[0m [1;30mINFO[0m Skip shell extension 'powershell' for command environment: Not usable outside of PowerShell
[1.573s] [34mcolcon.colcon_core.shell[0m [1;30mDEBUG[0m [32mSkip shell extension 'dsv' for command environment[0m
[1.593s] [34mcolcon.colcon_core.event_handler.log_command[0m [1;30mDEBUG[0m [32mInvoking command in '/root/ascend-devkit/src/E2E-Sample/ros2_robot_arm/ros2_ws/build/dofbot_info': CMAKE_PREFIX_PATH=/opt/ros/humble /usr/bin/cmake --build /root/ascend-devkit/src/E2E-Sample/ros2_robot_arm/ros2_ws/build/dofbot_info -- -j3 -l3[0m
[2.312s] [34mcolcon.colcon_core.task.python.build[0m [1;30mINFO[0m Building Python package in '/root/ascend-devkit/src/E2E-Sample/ros2_robot_arm/ros2_ws/src/robot_arm_bringup'
[2.313s] [34mcolcon.colcon_core.shell[0m [1;30mINFO[0m Skip shell extension 'powershell' for command environment: Not usable outside of PowerShell
[2.314s] [34mcolcon.colcon_core.shell[0m [1;30mDEBUG[0m [32mSkip shell extension 'dsv' for command environment[0m
[3.035s] [34mcolcon.colcon_core.task.python.build[0m [1;30mINFO[0m Building Python package in '/root/ascend-devkit/src/E2E-Sample/ros2_robot_arm/ros2_ws/src/robot_arm_color_stacking'
[3.036s] [34mcolcon.colcon_core.shell[0m [1;30mINFO[0m Skip shell extension 'powershell' for command environment: Not usable outside of PowerShell
[3.036s] [34mcolcon.colcon_core.shell[0m [1;30mDEBUG[0m [32mSkip shell extension 'dsv' for command environment[0m
[3.261s] [34mcolcon.colcon_core.event_handler.log_command[0m [1;30mDEBUG[0m [32mInvoked command in '/root/ascend-devkit/src/E2E-Sample/ros2_robot_arm/ros2_ws/build/dofbot_info' returned '0': CMAKE_PREFIX_PATH=/opt/ros/humble /usr/bin/cmake --build /root/ascend-devkit/src/E2E-Sample/ros2_robot_arm/ros2_ws/build/dofbot_info -- -j3 -l3[0m
[3.282s] [34mcolcon.colcon_core.event_handler.log_command[0m [1;30mDEBUG[0m [32mInvoking command in '/root/ascend-devkit/src/E2E-Sample/ros2_robot_arm/ros2_ws/build/dofbot_info': CMAKE_PREFIX_PATH=/opt/ros/humble /usr/bin/cmake --install /root/ascend-devkit/src/E2E-Sample/ros2_robot_arm/ros2_ws/build/dofbot_info[0m
[3.511s] [34mcolcon.colcon_core.environment[0m [1;30mLevel 1[0m create_environment_scripts_only(dofbot_info)
[3.541s] [34mcolcon.colcon_core.environment[0m [1;30mLevel 1[0m checking '/root/ascend-devkit/src/E2E-Sample/ros2_robot_arm/ros2_ws/install/dofbot_info' for CMake module files
[3.543s] [34mcolcon.colcon_core.environment[0m [1;30mLevel 1[0m checking '/root/ascend-devkit/src/E2E-Sample/ros2_robot_arm/ros2_ws/install/dofbot_info' for CMake config files
[3.544s] [34mcolcon.colcon_core.shell[0m [1;30mLevel 1[0m create_environment_hook('dofbot_info', 'cmake_prefix_path')
[3.544s] [34mcolcon.colcon_core.shell[0m [1;30mINFO[0m Creating environment hook '/root/ascend-devkit/src/E2E-Sample/ros2_robot_arm/ros2_ws/install/dofbot_info/share/dofbot_info/hook/cmake_prefix_path.ps1'
[3.549s] [34mcolcon.colcon_core.event_handler.log_command[0m [1;30mDEBUG[0m [32mInvoked command in '/root/ascend-devkit/src/E2E-Sample/ros2_robot_arm/ros2_ws/build/dofbot_info' returned '0': CMAKE_PREFIX_PATH=/opt/ros/humble /usr/bin/cmake --install /root/ascend-devkit/src/E2E-Sample/ros2_robot_arm/ros2_ws/build/dofbot_info[0m
[3.550s] [34mcolcon.colcon_core.shell[0m [1;30mINFO[0m Creating environment descriptor '/root/ascend-devkit/src/E2E-Sample/ros2_robot_arm/ros2_ws/install/dofbot_info/share/dofbot_info/hook/cmake_prefix_path.dsv'
[3.551s] [34mcolcon.colcon_core.shell[0m [1;30mINFO[0m Creating environment hook '/root/ascend-devkit/src/E2E-Sample/ros2_robot_arm/ros2_ws/install/dofbot_info/share/dofbot_info/hook/cmake_prefix_path.sh'
[3.553s] [34mcolcon.colcon_core.environment[0m [1;30mLevel 1[0m checking '/root/ascend-devkit/src/E2E-Sample/ros2_robot_arm/ros2_ws/install/dofbot_info/lib'
[3.553s] [34mcolcon.colcon_core.shell[0m [1;30mLevel 1[0m create_environment_hook('dofbot_info', 'ld_library_path_lib')
[3.554s] [34mcolcon.colcon_core.shell[0m [1;30mINFO[0m Creating environment hook '/root/ascend-devkit/src/E2E-Sample/ros2_robot_arm/ros2_ws/install/dofbot_info/share/dofbot_info/hook/ld_library_path_lib.ps1'
[3.555s] [34mcolcon.colcon_core.shell[0m [1;30mINFO[0m Creating environment descriptor '/root/ascend-devkit/src/E2E-Sample/ros2_robot_arm/ros2_ws/install/dofbot_info/share/dofbot_info/hook/ld_library_path_lib.dsv'
[3.556s] [34mcolcon.colcon_core.shell[0m [1;30mINFO[0m Creating environment hook '/root/ascend-devkit/src/E2E-Sample/ros2_robot_arm/ros2_ws/install/dofbot_info/share/dofbot_info/hook/ld_library_path_lib.sh'
[3.557s] [34mcolcon.colcon_core.environment[0m [1;30mLevel 1[0m checking '/root/ascend-devkit/src/E2E-Sample/ros2_robot_arm/ros2_ws/install/dofbot_info/bin'
[3.557s] [34mcolcon.colcon_core.environment[0m [1;30mLevel 1[0m checking '/root/ascend-devkit/src/E2E-Sample/ros2_robot_arm/ros2_ws/install/dofbot_info/lib/pkgconfig/dofbot_info.pc'
[3.558s] [34mcolcon.colcon_core.environment[0m [1;30mLevel 1[0m checking '/root/ascend-devkit/src/E2E-Sample/ros2_robot_arm/ros2_ws/install/dofbot_info/lib/python3.10/site-packages'
[3.559s] [34mcolcon.colcon_core.environment[0m [1;30mLevel 1[0m checking '/root/ascend-devkit/src/E2E-Sample/ros2_robot_arm/ros2_ws/install/dofbot_info/bin'
[3.560s] [34mcolcon.colcon_core.shell[0m [1;30mINFO[0m Creating package script '/root/ascend-devkit/src/E2E-Sample/ros2_robot_arm/ros2_ws/install/dofbot_info/share/dofbot_info/package.ps1'
[3.562s] [34mcolcon.colcon_core.shell[0m [1;30mINFO[0m Creating package descriptor '/root/ascend-devkit/src/E2E-Sample/ros2_robot_arm/ros2_ws/install/dofbot_info/share/dofbot_info/package.dsv'
[3.565s] [34mcolcon.colcon_core.shell[0m [1;30mINFO[0m Creating package script '/root/ascend-devkit/src/E2E-Sample/ros2_robot_arm/ros2_ws/install/dofbot_info/share/dofbot_info/package.sh'
[3.568s] [34mcolcon.colcon_core.shell[0m [1;30mINFO[0m Creating package script '/root/ascend-devkit/src/E2E-Sample/ros2_robot_arm/ros2_ws/install/dofbot_info/share/dofbot_info/package.bash'
[3.571s] [34mcolcon.colcon_core.shell[0m [1;30mINFO[0m Creating package script '/root/ascend-devkit/src/E2E-Sample/ros2_robot_arm/ros2_ws/install/dofbot_info/share/dofbot_info/package.zsh'
[3.573s] [34mcolcon.colcon_core.environment[0m [1;30mLevel 1[0m create_file_with_runtime_dependencies(/root/ascend-devkit/src/E2E-Sample/ros2_robot_arm/ros2_ws/install/dofbot_info/share/colcon-core/packages/dofbot_info)
[3.574s] [34mcolcon.colcon_core.environment[0m [1;30mLevel 1[0m create_environment_scripts_only(dofbot_info)
[3.575s] [34mcolcon.colcon_core.environment[0m [1;30mLevel 1[0m checking '/root/ascend-devkit/src/E2E-Sample/ros2_robot_arm/ros2_ws/install/dofbot_info' for CMake module files
[3.576s] [34mcolcon.colcon_core.environment[0m [1;30mLevel 1[0m checking '/root/ascend-devkit/src/E2E-Sample/ros2_robot_arm/ros2_ws/install/dofbot_info' for CMake config files
[3.577s] [34mcolcon.colcon_core.shell[0m [1;30mLevel 1[0m create_environment_hook('dofbot_info', 'cmake_prefix_path')
[3.578s] [34mcolcon.colcon_core.shell[0m [1;30mINFO[0m Creating environment hook '/root/ascend-devkit/src/E2E-Sample/ros2_robot_arm/ros2_ws/install/dofbot_info/share/dofbot_info/hook/cmake_prefix_path.ps1'
[3.579s] [34mcolcon.colcon_core.shell[0m [1;30mINFO[0m Creating environment descriptor '/root/ascend-devkit/src/E2E-Sample/ros2_robot_arm/ros2_ws/install/dofbot_info/share/dofbot_info/hook/cmake_prefix_path.dsv'
[3.580s] [34mcolcon.colcon_core.shell[0m [1;30mINFO[0m Creating environment hook '/root/ascend-devkit/src/E2E-Sample/ros2_robot_arm/ros2_ws/install/dofbot_info/share/dofbot_info/hook/cmake_prefix_path.sh'
[3.581s] [34mcolcon.colcon_core.environment[0m [1;30mLevel 1[0m checking '/root/ascend-devkit/src/E2E-Sample/ros2_robot_arm/ros2_ws/install/dofbot_info/lib'
[3.581s] [34mcolcon.colcon_core.shell[0m [1;30mLevel 1[0m create_environment_hook('dofbot_info', 'ld_library_path_lib')
[3.582s] [34mcolcon.colcon_core.shell[0m [1;30mINFO[0m Creating environment hook '/root/ascend-devkit/src/E2E-Sample/ros2_robot_arm/ros2_ws/install/dofbot_info/share/dofbot_info/hook/ld_library_path_lib.ps1'
[3.583s] [34mcolcon.colcon_core.shell[0m [1;30mINFO[0m Creating environment descriptor '/root/ascend-devkit/src/E2E-Sample/ros2_robot_arm/ros2_ws/install/dofbot_info/share/dofbot_info/hook/ld_library_path_lib.dsv'
[3.584s] [34mcolcon.colcon_core.shell[0m [1;30mINFO[0m Creating environment hook '/root/ascend-devkit/src/E2E-Sample/ros2_robot_arm/ros2_ws/install/dofbot_info/share/dofbot_info/hook/ld_library_path_lib.sh'
[3.585s] [34mcolcon.colcon_core.environment[0m [1;30mLevel 1[0m checking '/root/ascend-devkit/src/E2E-Sample/ros2_robot_arm/ros2_ws/install/dofbot_info/bin'
[3.585s] [34mcolcon.colcon_core.environment[0m [1;30mLevel 1[0m checking '/root/ascend-devkit/src/E2E-Sample/ros2_robot_arm/ros2_ws/install/dofbot_info/lib/pkgconfig/dofbot_info.pc'
[3.585s] [34mcolcon.colcon_core.environment[0m [1;30mLevel 1[0m checking '/root/ascend-devkit/src/E2E-Sample/ros2_robot_arm/ros2_ws/install/dofbot_info/lib/python3.10/site-packages'
[3.586s] [34mcolcon.colcon_core.environment[0m [1;30mLevel 1[0m checking '/root/ascend-devkit/src/E2E-Sample/ros2_robot_arm/ros2_ws/install/dofbot_info/bin'
[3.587s] [34mcolcon.colcon_core.shell[0m [1;30mINFO[0m Creating package script '/root/ascend-devkit/src/E2E-Sample/ros2_robot_arm/ros2_ws/install/dofbot_info/share/dofbot_info/package.ps1'
[3.588s] [34mcolcon.colcon_core.shell[0m [1;30mINFO[0m Creating package descriptor '/root/ascend-devkit/src/E2E-Sample/ros2_robot_arm/ros2_ws/install/dofbot_info/share/dofbot_info/package.dsv'
[3.590s] [34mcolcon.colcon_core.shell[0m [1;30mINFO[0m Creating package script '/root/ascend-devkit/src/E2E-Sample/ros2_robot_arm/ros2_ws/install/dofbot_info/share/dofbot_info/package.sh'
[3.591s] [34mcolcon.colcon_core.shell[0m [1;30mINFO[0m Creating package script '/root/ascend-devkit/src/E2E-Sample/ros2_robot_arm/ros2_ws/install/dofbot_info/share/dofbot_info/package.bash'
[3.592s] [34mcolcon.colcon_core.shell[0m [1;30mINFO[0m Creating package script '/root/ascend-devkit/src/E2E-Sample/ros2_robot_arm/ros2_ws/install/dofbot_info/share/dofbot_info/package.zsh'
[3.593s] [34mcolcon.colcon_core.environment[0m [1;30mLevel 1[0m create_file_with_runtime_dependencies(/root/ascend-devkit/src/E2E-Sample/ros2_robot_arm/ros2_ws/install/dofbot_info/share/colcon-core/packages/dofbot_info)
[3.595s] [34mcolcon.colcon_ros.task.ament_python.build[0m [1;30mINFO[0m Building ROS package in '/root/ascend-devkit/src/E2E-Sample/ros2_robot_arm/ros2_ws/src/dofbot_garbage_yolov5' with build type 'ament_python'
[3.595s] [34mcolcon.colcon_core.shell[0m [1;30mLevel 1[0m create_environment_hook('dofbot_garbage_yolov5', 'ament_prefix_path')
[3.596s] [34mcolcon.colcon_core.shell[0m [1;30mINFO[0m Creating environment hook '/root/ascend-devkit/src/E2E-Sample/ros2_robot_arm/ros2_ws/install/dofbot_garbage_yolov5/share/dofbot_garbage_yolov5/hook/ament_prefix_path.ps1'
[3.597s] [34mcolcon.colcon_core.shell[0m [1;30mINFO[0m Creating environment descriptor '/root/ascend-devkit/src/E2E-Sample/ros2_robot_arm/ros2_ws/install/dofbot_garbage_yolov5/share/dofbot_garbage_yolov5/hook/ament_prefix_path.dsv'
[3.598s] [34mcolcon.colcon_core.shell[0m [1;30mINFO[0m Creating environment hook '/root/ascend-devkit/src/E2E-Sample/ros2_robot_arm/ros2_ws/install/dofbot_garbage_yolov5/share/dofbot_garbage_yolov5/hook/ament_prefix_path.sh'
[3.600s] [34mcolcon.colcon_core.shell[0m [1;30mINFO[0m Skip shell extension 'powershell' for command environment: Not usable outside of PowerShell
[3.600s] [34mcolcon.colcon_core.shell[0m [1;30mDEBUG[0m [32mSkip shell extension 'dsv' for command environment[0m
[4.487s] [34mcolcon.colcon_core.task.python.build[0m [1;30mINFO[0m Building Python package in '/root/ascend-devkit/src/E2E-Sample/ros2_robot_arm/ros2_ws/src/dofbot_garbage_yolov5'
[4.488s] [34mcolcon.colcon_core.shell[0m [1;30mINFO[0m Skip shell extension 'powershell' for command environment: Not usable outside of PowerShell
[4.488s] [34mcolcon.colcon_core.shell[0m [1;30mDEBUG[0m [32mSkip shell extension 'dsv' for command environment[0m
[4.498s] [34mcolcon.colcon_core.event_handler.log_command[0m [1;30mDEBUG[0m [32mInvoking command in '/root/ascend-devkit/src/E2E-Sample/ros2_robot_arm/ros2_ws/src/robot_arm_bringup': PYTHONPATH=/root/ascend-devkit/src/E2E-Sample/ros2_robot_arm/ros2_ws/build/robot_arm_bringup/prefix_override:/usr/lib/python3/dist-packages/colcon_core/task/python/colcon_distutils_commands:/root/ascend-devkit/src/E2E-Sample/ros2_robot_arm/ros2_ws/install/robot_arm_bringup/lib/python3.10/site-packages:${PYTHONPATH} /usr/bin/python3 -W ignore:setup.py install is deprecated -W ignore:easy_install command is deprecated setup.py egg_info --egg-base ../../build/robot_arm_bringup build --build-base /root/ascend-devkit/src/E2E-Sample/ros2_robot_arm/ros2_ws/build/robot_arm_bringup/build install --record /root/ascend-devkit/src/E2E-Sample/ros2_robot_arm/ros2_ws/build/robot_arm_bringup/install.log --single-version-externally-managed install_data[0m
[4.504s] [34mcolcon.colcon_core.event_handler.log_command[0m [1;30mDEBUG[0m [32mInvoking command in '/root/ascend-devkit/src/E2E-Sample/ros2_robot_arm/ros2_ws/src/robot_arm_color_stacking': PYTHONPATH=/root/ascend-devkit/src/E2E-Sample/ros2_robot_arm/ros2_ws/build/robot_arm_color_stacking/prefix_override:/usr/lib/python3/dist-packages/colcon_core/task/python/colcon_distutils_commands:/root/ascend-devkit/src/E2E-Sample/ros2_robot_arm/ros2_ws/install/robot_arm_color_stacking/lib/python3.10/site-packages:${PYTHONPATH} /usr/bin/python3 -W ignore:setup.py install is deprecated -W ignore:easy_install command is deprecated setup.py egg_info --egg-base ../../build/robot_arm_color_stacking build --build-base /root/ascend-devkit/src/E2E-Sample/ros2_robot_arm/ros2_ws/build/robot_arm_color_stacking/build install --record /root/ascend-devkit/src/E2E-Sample/ros2_robot_arm/ros2_ws/build/robot_arm_color_stacking/install.log --single-version-externally-managed install_data[0m
[5.388s] [34mcolcon.colcon_core.environment[0m [1;30mLevel 1[0m checking '/root/ascend-devkit/src/E2E-Sample/ros2_robot_arm/ros2_ws/install/robot_arm_bringup' for CMake module files
[5.390s] [34mcolcon.colcon_core.event_handler.log_command[0m [1;30mDEBUG[0m [32mInvoked command in '/root/ascend-devkit/src/E2E-Sample/ros2_robot_arm/ros2_ws/src/robot_arm_bringup' returned '0': PYTHONPATH=/root/ascend-devkit/src/E2E-Sample/ros2_robot_arm/ros2_ws/build/robot_arm_bringup/prefix_override:/usr/lib/python3/dist-packages/colcon_core/task/python/colcon_distutils_commands:/root/ascend-devkit/src/E2E-Sample/ros2_robot_arm/ros2_ws/install/robot_arm_bringup/lib/python3.10/site-packages:${PYTHONPATH} /usr/bin/python3 -W ignore:setup.py install is deprecated -W ignore:easy_install command is deprecated setup.py egg_info --egg-base ../../build/robot_arm_bringup build --build-base /root/ascend-devkit/src/E2E-Sample/ros2_robot_arm/ros2_ws/build/robot_arm_bringup/build install --record /root/ascend-devkit/src/E2E-Sample/ros2_robot_arm/ros2_ws/build/robot_arm_bringup/install.log --single-version-externally-managed install_data[0m
[5.391s] [34mcolcon.colcon_core.environment[0m [1;30mLevel 1[0m checking '/root/ascend-devkit/src/E2E-Sample/ros2_robot_arm/ros2_ws/install/robot_arm_bringup' for CMake config files
[5.392s] [34mcolcon.colcon_core.environment[0m [1;30mLevel 1[0m checking '/root/ascend-devkit/src/E2E-Sample/ros2_robot_arm/ros2_ws/install/robot_arm_bringup/lib'
[5.393s] [34mcolcon.colcon_core.environment[0m [1;30mLevel 1[0m checking '/root/ascend-devkit/src/E2E-Sample/ros2_robot_arm/ros2_ws/install/robot_arm_bringup/bin'
[5.393s] [34mcolcon.colcon_core.environment[0m [1;30mLevel 1[0m checking '/root/ascend-devkit/src/E2E-Sample/ros2_robot_arm/ros2_ws/install/robot_arm_bringup/lib/pkgconfig/robot_arm_bringup.pc'
[5.393s] [34mcolcon.colcon_core.environment[0m [1;30mLevel 1[0m checking '/root/ascend-devkit/src/E2E-Sample/ros2_robot_arm/ros2_ws/install/robot_arm_bringup/lib/python3.10/site-packages'
[5.394s] [34mcolcon.colcon_core.shell[0m [1;30mLevel 1[0m create_environment_hook('robot_arm_bringup', 'pythonpath')
[5.394s] [34mcolcon.colcon_core.shell[0m [1;30mINFO[0m Creating environment hook '/root/ascend-devkit/src/E2E-Sample/ros2_robot_arm/ros2_ws/install/robot_arm_bringup/share/robot_arm_bringup/hook/pythonpath.ps1'
[5.396s] [34mcolcon.colcon_core.shell[0m [1;30mINFO[0m Creating environment descriptor '/root/ascend-devkit/src/E2E-Sample/ros2_robot_arm/ros2_ws/install/robot_arm_bringup/share/robot_arm_bringup/hook/pythonpath.dsv'
[5.396s] [34mcolcon.colcon_core.shell[0m [1;30mINFO[0m Creating environment hook '/root/ascend-devkit/src/E2E-Sample/ros2_robot_arm/ros2_ws/install/robot_arm_bringup/share/robot_arm_bringup/hook/pythonpath.sh'
[5.398s] [34mcolcon.colcon_core.environment[0m [1;30mLevel 1[0m checking '/root/ascend-devkit/src/E2E-Sample/ros2_robot_arm/ros2_ws/install/robot_arm_bringup/bin'
[5.398s] [34mcolcon.colcon_core.environment[0m [1;30mLevel 1[0m create_environment_scripts_only(robot_arm_bringup)
[5.399s] [34mcolcon.colcon_core.shell[0m [1;30mINFO[0m Creating package script '/root/ascend-devkit/src/E2E-Sample/ros2_robot_arm/ros2_ws/install/robot_arm_bringup/share/robot_arm_bringup/package.ps1'
[5.400s] [34mcolcon.colcon_core.shell[0m [1;30mINFO[0m Creating package descriptor '/root/ascend-devkit/src/E2E-Sample/ros2_robot_arm/ros2_ws/install/robot_arm_bringup/share/robot_arm_bringup/package.dsv'
[5.402s] [34mcolcon.colcon_core.shell[0m [1;30mINFO[0m Creating package script '/root/ascend-devkit/src/E2E-Sample/ros2_robot_arm/ros2_ws/install/robot_arm_bringup/share/robot_arm_bringup/package.sh'
[5.403s] [34mcolcon.colcon_core.shell[0m [1;30mINFO[0m Creating package script '/root/ascend-devkit/src/E2E-Sample/ros2_robot_arm/ros2_ws/install/robot_arm_bringup/share/robot_arm_bringup/package.bash'
[5.404s] [34mcolcon.colcon_core.shell[0m [1;30mINFO[0m Creating package script '/root/ascend-devkit/src/E2E-Sample/ros2_robot_arm/ros2_ws/install/robot_arm_bringup/share/robot_arm_bringup/package.zsh'
[5.405s] [34mcolcon.colcon_core.environment[0m [1;30mLevel 1[0m create_file_with_runtime_dependencies(/root/ascend-devkit/src/E2E-Sample/ros2_robot_arm/ros2_ws/install/robot_arm_bringup/share/colcon-core/packages/robot_arm_bringup)
[5.406s] [34mcolcon.colcon_ros.task.ament_cmake.build[0m [1;30mINFO[0m Building ROS package in '/root/ascend-devkit/src/E2E-Sample/ros2_robot_arm/ros2_ws/src/dofbot_moveit' with build type 'ament_cmake'
[5.406s] [34mcolcon.colcon_cmake.task.cmake.build[0m [1;30mINFO[0m Building CMake package in '/root/ascend-devkit/src/E2E-Sample/ros2_robot_arm/ros2_ws/src/dofbot_moveit'
[5.407s] [34mcolcon.colcon_core.shell[0m [1;30mINFO[0m Skip shell extension 'powershell' for command environment: Not usable outside of PowerShell
[5.407s] [34mcolcon.colcon_core.shell[0m [1;30mDEBUG[0m [32mSkip shell extension 'dsv' for command environment[0m
[5.417s] [34mcolcon.colcon_core.environment[0m [1;30mLevel 1[0m checking '/root/ascend-devkit/src/E2E-Sample/ros2_robot_arm/ros2_ws/install/robot_arm_color_stacking' for CMake module files
[5.418s] [34mcolcon.colcon_core.event_handler.log_command[0m [1;30mDEBUG[0m [32mInvoked command in '/root/ascend-devkit/src/E2E-Sample/ros2_robot_arm/ros2_ws/src/robot_arm_color_stacking' returned '0': PYTHONPATH=/root/ascend-devkit/src/E2E-Sample/ros2_robot_arm/ros2_ws/build/robot_arm_color_stacking/prefix_override:/usr/lib/python3/dist-packages/colcon_core/task/python/colcon_distutils_commands:/root/ascend-devkit/src/E2E-Sample/ros2_robot_arm/ros2_ws/install/robot_arm_color_stacking/lib/python3.10/site-packages:${PYTHONPATH} /usr/bin/python3 -W ignore:setup.py install is deprecated -W ignore:easy_install command is deprecated setup.py egg_info --egg-base ../../build/robot_arm_color_stacking build --build-base /root/ascend-devkit/src/E2E-Sample/ros2_robot_arm/ros2_ws/build/robot_arm_color_stacking/build install --record /root/ascend-devkit/src/E2E-Sample/ros2_robot_arm/ros2_ws/build/robot_arm_color_stacking/install.log --single-version-externally-managed install_data[0m
[5.420s] [34mcolcon.colcon_core.environment[0m [1;30mLevel 1[0m checking '/root/ascend-devkit/src/E2E-Sample/ros2_robot_arm/ros2_ws/install/robot_arm_color_stacking' for CMake config files
[5.423s] [34mcolcon.colcon_core.environment[0m [1;30mLevel 1[0m checking '/root/ascend-devkit/src/E2E-Sample/ros2_robot_arm/ros2_ws/install/robot_arm_color_stacking/lib'
[5.423s] [34mcolcon.colcon_core.environment[0m [1;30mLevel 1[0m checking '/root/ascend-devkit/src/E2E-Sample/ros2_robot_arm/ros2_ws/install/robot_arm_color_stacking/bin'
[5.423s] [34mcolcon.colcon_core.environment[0m [1;30mLevel 1[0m checking '/root/ascend-devkit/src/E2E-Sample/ros2_robot_arm/ros2_ws/install/robot_arm_color_stacking/lib/pkgconfig/robot_arm_color_stacking.pc'
[5.424s] [34mcolcon.colcon_core.environment[0m [1;30mLevel 1[0m checking '/root/ascend-devkit/src/E2E-Sample/ros2_robot_arm/ros2_ws/install/robot_arm_color_stacking/lib/python3.10/site-packages'
[5.424s] [34mcolcon.colcon_core.shell[0m [1;30mLevel 1[0m create_environment_hook('robot_arm_color_stacking', 'pythonpath')
[5.425s] [34mcolcon.colcon_core.shell[0m [1;30mINFO[0m Creating environment hook '/root/ascend-devkit/src/E2E-Sample/ros2_robot_arm/ros2_ws/install/robot_arm_color_stacking/share/robot_arm_color_stacking/hook/pythonpath.ps1'
[5.426s] [34mcolcon.colcon_core.shell[0m [1;30mINFO[0m Creating environment descriptor '/root/ascend-devkit/src/E2E-Sample/ros2_robot_arm/ros2_ws/install/robot_arm_color_stacking/share/robot_arm_color_stacking/hook/pythonpath.dsv'
[5.427s] [34mcolcon.colcon_core.shell[0m [1;30mINFO[0m Creating environment hook '/root/ascend-devkit/src/E2E-Sample/ros2_robot_arm/ros2_ws/install/robot_arm_color_stacking/share/robot_arm_color_stacking/hook/pythonpath.sh'
[5.428s] [34mcolcon.colcon_core.environment[0m [1;30mLevel 1[0m checking '/root/ascend-devkit/src/E2E-Sample/ros2_robot_arm/ros2_ws/install/robot_arm_color_stacking/bin'
[5.429s] [34mcolcon.colcon_core.environment[0m [1;30mLevel 1[0m create_environment_scripts_only(robot_arm_color_stacking)
[5.430s] [34mcolcon.colcon_core.shell[0m [1;30mINFO[0m Creating package script '/root/ascend-devkit/src/E2E-Sample/ros2_robot_arm/ros2_ws/install/robot_arm_color_stacking/share/robot_arm_color_stacking/package.ps1'
[5.431s] [34mcolcon.colcon_core.shell[0m [1;30mINFO[0m Creating package descriptor '/root/ascend-devkit/src/E2E-Sample/ros2_robot_arm/ros2_ws/install/robot_arm_color_stacking/share/robot_arm_color_stacking/package.dsv'
[5.432s] [34mcolcon.colcon_core.shell[0m [1;30mINFO[0m Creating package script '/root/ascend-devkit/src/E2E-Sample/ros2_robot_arm/ros2_ws/install/robot_arm_color_stacking/share/robot_arm_color_stacking/package.sh'
[5.433s] [34mcolcon.colcon_core.shell[0m [1;30mINFO[0m Creating package script '/root/ascend-devkit/src/E2E-Sample/ros2_robot_arm/ros2_ws/install/robot_arm_color_stacking/share/robot_arm_color_stacking/package.bash'
[5.434s] [34mcolcon.colcon_core.shell[0m [1;30mINFO[0m Creating package script '/root/ascend-devkit/src/E2E-Sample/ros2_robot_arm/ros2_ws/install/robot_arm_color_stacking/share/robot_arm_color_stacking/package.zsh'
[5.435s] [34mcolcon.colcon_core.environment[0m [1;30mLevel 1[0m create_file_with_runtime_dependencies(/root/ascend-devkit/src/E2E-Sample/ros2_robot_arm/ros2_ws/install/robot_arm_color_stacking/share/colcon-core/packages/robot_arm_color_stacking)
[5.452s] [34mcolcon.colcon_core.event_handler.log_command[0m [1;30mDEBUG[0m [32mInvoking command in '/root/ascend-devkit/src/E2E-Sample/ros2_robot_arm/ros2_ws/build/dofbot_moveit': AMENT_PREFIX_PATH=/root/ascend-devkit/src/E2E-Sample/ros2_robot_arm/ros2_ws/install/dofbot_info:${AMENT_PREFIX_PATH} CMAKE_PREFIX_PATH=/root/ascend-devkit/src/E2E-Sample/ros2_robot_arm/ros2_ws/install/dofbot_info:/opt/ros/humble LD_LIBRARY_PATH=/root/ascend-devkit/src/E2E-Sample/ros2_robot_arm/ros2_ws/install/dofbot_info/lib:/usr/local/Ascend/ascend-toolkit/latest/tools/aml/lib64:/usr/local/Ascend/ascend-toolkit/latest/tools/aml/lib64/plugin:/usr/local/Ascend/ascend-toolkit/latest/lib64:/usr/local/Ascend/ascend-toolkit/latest/lib64/plugin/opskernel:/usr/local/Ascend/ascend-toolkit/latest/lib64/plugin/nnengine:/usr/local/Ascend/ascend-toolkit/latest/opp/built-in/op_impl/ai_core/tbe/op_tiling/lib/linux/aarch64:/var/davinci/driver/lib64:/var/davinci/driver/lib64/common:/var/davinci/driver/lib64/driver:/opt/ros/humble/opt/rviz_ogre_vendor/lib:/opt/ros/humble/lib/aarch64-linux-gnu:/opt/ros/humble/lib:/usr/local/Ascend/ascend-toolkit/latest/tools/aml/lib64:/usr/local/Ascend/ascend-toolkit/latest/tools/aml/lib64/plugin:/usr/local/Ascend/ascend-toolkit/latest/lib64:/usr/local/Ascend/ascend-toolkit/latest/lib64/plugin/opskernel:/usr/local/Ascend/ascend-toolkit/latest/lib64/plugin/nnengine:/usr/local/Ascend/ascend-toolkit/latest/opp/built-in/op_impl/ai_core/tbe/op_tiling/lib/linux/aarch64:/var/davinci/driver/lib64:/var/davinci/driver/lib64/common:/var/davinci/driver/lib64/driver:/usr/lib/aarch64-linux-gnu:/usr/local/lib:/usr/lib:/usr/lib/aarch64-linux-gnu/:/usr/local/lib:/usr/lib/aarch64-linux-gnu:/usr/local/lib:/usr/lib:/usr/lib/aarch64-linux-gnu/:/usr/local/lib PYTHONPATH=/root/ascend-devkit/src/E2E-Sample/ros2_robot_arm/ros2_ws/install/dofbot_info/local/lib/python3.10/dist-packages:${PYTHONPATH} /usr/bin/cmake --build /root/ascend-devkit/src/E2E-Sample/ros2_robot_arm/ros2_ws/build/dofbot_moveit -- -j3 -l3[0m
[5.560s] [34mcolcon.colcon_core.event_handler.log_command[0m [1;30mDEBUG[0m [32mInvoking command in '/root/ascend-devkit/src/E2E-Sample/ros2_robot_arm/ros2_ws/src/dofbot_garbage_yolov5': AMENT_PREFIX_PATH=/root/ascend-devkit/src/E2E-Sample/ros2_robot_arm/ros2_ws/install/dofbot_info:${AMENT_PREFIX_PATH} CMAKE_PREFIX_PATH=/root/ascend-devkit/src/E2E-Sample/ros2_robot_arm/ros2_ws/install/dofbot_info LD_LIBRARY_PATH=/root/ascend-devkit/src/E2E-Sample/ros2_robot_arm/ros2_ws/install/dofbot_info/lib:/usr/local/Ascend/ascend-toolkit/latest/tools/aml/lib64:/usr/local/Ascend/ascend-toolkit/latest/tools/aml/lib64/plugin:/usr/local/Ascend/ascend-toolkit/latest/lib64:/usr/local/Ascend/ascend-toolkit/latest/lib64/plugin/opskernel:/usr/local/Ascend/ascend-toolkit/latest/lib64/plugin/nnengine:/usr/local/Ascend/ascend-toolkit/latest/opp/built-in/op_impl/ai_core/tbe/op_tiling/lib/linux/aarch64:/var/davinci/driver/lib64:/var/davinci/driver/lib64/common:/var/davinci/driver/lib64/driver:/opt/ros/humble/opt/rviz_ogre_vendor/lib:/opt/ros/humble/lib/aarch64-linux-gnu:/opt/ros/humble/lib:/usr/local/Ascend/ascend-toolkit/latest/tools/aml/lib64:/usr/local/Ascend/ascend-toolkit/latest/tools/aml/lib64/plugin:/usr/local/Ascend/ascend-toolkit/latest/lib64:/usr/local/Ascend/ascend-toolkit/latest/lib64/plugin/opskernel:/usr/local/Ascend/ascend-toolkit/latest/lib64/plugin/nnengine:/usr/local/Ascend/ascend-toolkit/latest/opp/built-in/op_impl/ai_core/tbe/op_tiling/lib/linux/aarch64:/var/davinci/driver/lib64:/var/davinci/driver/lib64/common:/var/davinci/driver/lib64/driver:/usr/lib/aarch64-linux-gnu:/usr/local/lib:/usr/lib:/usr/lib/aarch64-linux-gnu/:/usr/local/lib:/usr/lib/aarch64-linux-gnu:/usr/local/lib:/usr/lib:/usr/lib/aarch64-linux-gnu/:/usr/local/lib PYTHONPATH=/root/ascend-devkit/src/E2E-Sample/ros2_robot_arm/ros2_ws/build/dofbot_garbage_yolov5/prefix_override:/usr/lib/python3/dist-packages/colcon_core/task/python/colcon_distutils_commands:/root/ascend-devkit/src/E2E-Sample/ros2_robot_arm/ros2_ws/install/dofbot_garbage_yolov5/lib/python3.10/site-packages:/root/ascend-devkit/src/E2E-Sample/ros2_robot_arm/ros2_ws/install/dofbot_info/local/lib/python3.10/dist-packages:${PYTHONPATH} /usr/bin/python3 -W ignore:setup.py install is deprecated -W ignore:easy_install command is deprecated setup.py egg_info --egg-base ../../build/dofbot_garbage_yolov5 build --build-base /root/ascend-devkit/src/E2E-Sample/ros2_robot_arm/ros2_ws/build/dofbot_garbage_yolov5/build install --record /root/ascend-devkit/src/E2E-Sample/ros2_robot_arm/ros2_ws/build/dofbot_garbage_yolov5/install.log --single-version-externally-managed install_data[0m
[5.639s] [34mcolcon.colcon_core.event_handler.log_command[0m [1;30mDEBUG[0m [32mInvoked command in '/root/ascend-devkit/src/E2E-Sample/ros2_robot_arm/ros2_ws/build/dofbot_moveit' returned '0': AMENT_PREFIX_PATH=/root/ascend-devkit/src/E2E-Sample/ros2_robot_arm/ros2_ws/install/dofbot_info:${AMENT_PREFIX_PATH} CMAKE_PREFIX_PATH=/root/ascend-devkit/src/E2E-Sample/ros2_robot_arm/ros2_ws/install/dofbot_info:/opt/ros/humble LD_LIBRARY_PATH=/root/ascend-devkit/src/E2E-Sample/ros2_robot_arm/ros2_ws/install/dofbot_info/lib:/usr/local/Ascend/ascend-toolkit/latest/tools/aml/lib64:/usr/local/Ascend/ascend-toolkit/latest/tools/aml/lib64/plugin:/usr/local/Ascend/ascend-toolkit/latest/lib64:/usr/local/Ascend/ascend-toolkit/latest/lib64/plugin/opskernel:/usr/local/Ascend/ascend-toolkit/latest/lib64/plugin/nnengine:/usr/local/Ascend/ascend-toolkit/latest/opp/built-in/op_impl/ai_core/tbe/op_tiling/lib/linux/aarch64:/var/davinci/driver/lib64:/var/davinci/driver/lib64/common:/var/davinci/driver/lib64/driver:/opt/ros/humble/opt/rviz_ogre_vendor/lib:/opt/ros/humble/lib/aarch64-linux-gnu:/opt/ros/humble/lib:/usr/local/Ascend/ascend-toolkit/latest/tools/aml/lib64:/usr/local/Ascend/ascend-toolkit/latest/tools/aml/lib64/plugin:/usr/local/Ascend/ascend-toolkit/latest/lib64:/usr/local/Ascend/ascend-toolkit/latest/lib64/plugin/opskernel:/usr/local/Ascend/ascend-toolkit/latest/lib64/plugin/nnengine:/usr/local/Ascend/ascend-toolkit/latest/opp/built-in/op_impl/ai_core/tbe/op_tiling/lib/linux/aarch64:/var/davinci/driver/lib64:/var/davinci/driver/lib64/common:/var/davinci/driver/lib64/driver:/usr/lib/aarch64-linux-gnu:/usr/local/lib:/usr/lib:/usr/lib/aarch64-linux-gnu/:/usr/local/lib:/usr/lib/aarch64-linux-gnu:/usr/local/lib:/usr/lib:/usr/lib/aarch64-linux-gnu/:/usr/local/lib PYTHONPATH=/root/ascend-devkit/src/E2E-Sample/ros2_robot_arm/ros2_ws/install/dofbot_info/local/lib/python3.10/dist-packages:${PYTHONPATH} /usr/bin/cmake --build /root/ascend-devkit/src/E2E-Sample/ros2_robot_arm/ros2_ws/build/dofbot_moveit -- -j3 -l3[0m
[5.644s] [34mcolcon.colcon_core.event_handler.log_command[0m [1;30mDEBUG[0m [32mInvoking command in '/root/ascend-devkit/src/E2E-Sample/ros2_robot_arm/ros2_ws/build/dofbot_moveit': AMENT_PREFIX_PATH=/root/ascend-devkit/src/E2E-Sample/ros2_robot_arm/ros2_ws/install/dofbot_info:${AMENT_PREFIX_PATH} CMAKE_PREFIX_PATH=/root/ascend-devkit/src/E2E-Sample/ros2_robot_arm/ros2_ws/install/dofbot_info:/opt/ros/humble LD_LIBRARY_PATH=/root/ascend-devkit/src/E2E-Sample/ros2_robot_arm/ros2_ws/install/dofbot_info/lib:/usr/local/Ascend/ascend-toolkit/latest/tools/aml/lib64:/usr/local/Ascend/ascend-toolkit/latest/tools/aml/lib64/plugin:/usr/local/Ascend/ascend-toolkit/latest/lib64:/usr/local/Ascend/ascend-toolkit/latest/lib64/plugin/opskernel:/usr/local/Ascend/ascend-toolkit/latest/lib64/plugin/nnengine:/usr/local/Ascend/ascend-toolkit/latest/opp/built-in/op_impl/ai_core/tbe/op_tiling/lib/linux/aarch64:/var/davinci/driver/lib64:/var/davinci/driver/lib64/common:/var/davinci/driver/lib64/driver:/opt/ros/humble/opt/rviz_ogre_vendor/lib:/opt/ros/humble/lib/aarch64-linux-gnu:/opt/ros/humble/lib:/usr/local/Ascend/ascend-toolkit/latest/tools/aml/lib64:/usr/local/Ascend/ascend-toolkit/latest/tools/aml/lib64/plugin:/usr/local/Ascend/ascend-toolkit/latest/lib64:/usr/local/Ascend/ascend-toolkit/latest/lib64/plugin/opskernel:/usr/local/Ascend/ascend-toolkit/latest/lib64/plugin/nnengine:/usr/local/Ascend/ascend-toolkit/latest/opp/built-in/op_impl/ai_core/tbe/op_tiling/lib/linux/aarch64:/var/davinci/driver/lib64:/var/davinci/driver/lib64/common:/var/davinci/driver/lib64/driver:/usr/lib/aarch64-linux-gnu:/usr/local/lib:/usr/lib:/usr/lib/aarch64-linux-gnu/:/usr/local/lib:/usr/lib/aarch64-linux-gnu:/usr/local/lib:/usr/lib:/usr/lib/aarch64-linux-gnu/:/usr/local/lib PYTHONPATH=/root/ascend-devkit/src/E2E-Sample/ros2_robot_arm/ros2_ws/install/dofbot_info/local/lib/python3.10/dist-packages:${PYTHONPATH} /usr/bin/cmake --install /root/ascend-devkit/src/E2E-Sample/ros2_robot_arm/ros2_ws/build/dofbot_moveit[0m
[5.682s] [34mcolcon.colcon_core.environment[0m [1;30mLevel 1[0m create_environment_scripts_only(dofbot_moveit)
[5.683s] [34mcolcon.colcon_core.environment[0m [1;30mLevel 1[0m checking '/root/ascend-devkit/src/E2E-Sample/ros2_robot_arm/ros2_ws/install/dofbot_moveit' for CMake module files
[5.684s] [34mcolcon.colcon_core.environment[0m [1;30mLevel 1[0m checking '/root/ascend-devkit/src/E2E-Sample/ros2_robot_arm/ros2_ws/install/dofbot_moveit' for CMake config files
[5.684s] [34mcolcon.colcon_core.shell[0m [1;30mLevel 1[0m create_environment_hook('dofbot_moveit', 'cmake_prefix_path')
[5.685s] [34mcolcon.colcon_core.shell[0m [1;30mINFO[0m Creating environment hook '/root/ascend-devkit/src/E2E-Sample/ros2_robot_arm/ros2_ws/install/dofbot_moveit/share/dofbot_moveit/hook/cmake_prefix_path.ps1'
[5.687s] [34mcolcon.colcon_core.event_handler.log_command[0m [1;30mDEBUG[0m [32mInvoked command in '/root/ascend-devkit/src/E2E-Sample/ros2_robot_arm/ros2_ws/build/dofbot_moveit' returned '0': AMENT_PREFIX_PATH=/root/ascend-devkit/src/E2E-Sample/ros2_robot_arm/ros2_ws/install/dofbot_info:${AMENT_PREFIX_PATH} CMAKE_PREFIX_PATH=/root/ascend-devkit/src/E2E-Sample/ros2_robot_arm/ros2_ws/install/dofbot_info:/opt/ros/humble LD_LIBRARY_PATH=/root/ascend-devkit/src/E2E-Sample/ros2_robot_arm/ros2_ws/install/dofbot_info/lib:/usr/local/Ascend/ascend-toolkit/latest/tools/aml/lib64:/usr/local/Ascend/ascend-toolkit/latest/tools/aml/lib64/plugin:/usr/local/Ascend/ascend-toolkit/latest/lib64:/usr/local/Ascend/ascend-toolkit/latest/lib64/plugin/opskernel:/usr/local/Ascend/ascend-toolkit/latest/lib64/plugin/nnengine:/usr/local/Ascend/ascend-toolkit/latest/opp/built-in/op_impl/ai_core/tbe/op_tiling/lib/linux/aarch64:/var/davinci/driver/lib64:/var/davinci/driver/lib64/common:/var/davinci/driver/lib64/driver:/opt/ros/humble/opt/rviz_ogre_vendor/lib:/opt/ros/humble/lib/aarch64-linux-gnu:/opt/ros/humble/lib:/usr/local/Ascend/ascend-toolkit/latest/tools/aml/lib64:/usr/local/Ascend/ascend-toolkit/latest/tools/aml/lib64/plugin:/usr/local/Ascend/ascend-toolkit/latest/lib64:/usr/local/Ascend/ascend-toolkit/latest/lib64/plugin/opskernel:/usr/local/Ascend/ascend-toolkit/latest/lib64/plugin/nnengine:/usr/local/Ascend/ascend-toolkit/latest/opp/built-in/op_impl/ai_core/tbe/op_tiling/lib/linux/aarch64:/var/davinci/driver/lib64:/var/davinci/driver/lib64/common:/var/davinci/driver/lib64/driver:/usr/lib/aarch64-linux-gnu:/usr/local/lib:/usr/lib:/usr/lib/aarch64-linux-gnu/:/usr/local/lib:/usr/lib/aarch64-linux-gnu:/usr/local/lib:/usr/lib:/usr/lib/aarch64-linux-gnu/:/usr/local/lib PYTHONPATH=/root/ascend-devkit/src/E2E-Sample/ros2_robot_arm/ros2_ws/install/dofbot_info/local/lib/python3.10/dist-packages:${PYTHONPATH} /usr/bin/cmake --install /root/ascend-devkit/src/E2E-Sample/ros2_robot_arm/ros2_ws/build/dofbot_moveit[0m
[5.687s] [34mcolcon.colcon_core.shell[0m [1;30mINFO[0m Creating environment descriptor '/root/ascend-devkit/src/E2E-Sample/ros2_robot_arm/ros2_ws/install/dofbot_moveit/share/dofbot_moveit/hook/cmake_prefix_path.dsv'
[5.688s] [34mcolcon.colcon_core.shell[0m [1;30mINFO[0m Creating environment hook '/root/ascend-devkit/src/E2E-Sample/ros2_robot_arm/ros2_ws/install/dofbot_moveit/share/dofbot_moveit/hook/cmake_prefix_path.sh'
[5.690s] [34mcolcon.colcon_core.environment[0m [1;30mLevel 1[0m checking '/root/ascend-devkit/src/E2E-Sample/ros2_robot_arm/ros2_ws/install/dofbot_moveit/lib'
[5.690s] [34mcolcon.colcon_core.environment[0m [1;30mLevel 1[0m checking '/root/ascend-devkit/src/E2E-Sample/ros2_robot_arm/ros2_ws/install/dofbot_moveit/bin'
[5.690s] [34mcolcon.colcon_core.environment[0m [1;30mLevel 1[0m checking '/root/ascend-devkit/src/E2E-Sample/ros2_robot_arm/ros2_ws/install/dofbot_moveit/lib/pkgconfig/dofbot_moveit.pc'
[5.691s] [34mcolcon.colcon_core.environment[0m [1;30mLevel 1[0m checking '/root/ascend-devkit/src/E2E-Sample/ros2_robot_arm/ros2_ws/install/dofbot_moveit/lib/python3.10/site-packages'
[5.691s] [34mcolcon.colcon_core.environment[0m [1;30mLevel 1[0m checking '/root/ascend-devkit/src/E2E-Sample/ros2_robot_arm/ros2_ws/install/dofbot_moveit/bin'
[5.692s] [34mcolcon.colcon_core.shell[0m [1;30mINFO[0m Creating package script '/root/ascend-devkit/src/E2E-Sample/ros2_robot_arm/ros2_ws/install/dofbot_moveit/share/dofbot_moveit/package.ps1'
[5.694s] [34mcolcon.colcon_core.shell[0m [1;30mINFO[0m Creating package descriptor '/root/ascend-devkit/src/E2E-Sample/ros2_robot_arm/ros2_ws/install/dofbot_moveit/share/dofbot_moveit/package.dsv'
[5.695s] [34mcolcon.colcon_core.shell[0m [1;30mINFO[0m Creating package script '/root/ascend-devkit/src/E2E-Sample/ros2_robot_arm/ros2_ws/install/dofbot_moveit/share/dofbot_moveit/package.sh'
[5.696s] [34mcolcon.colcon_core.shell[0m [1;30mINFO[0m Creating package script '/root/ascend-devkit/src/E2E-Sample/ros2_robot_arm/ros2_ws/install/dofbot_moveit/share/dofbot_moveit/package.bash'
[5.697s] [34mcolcon.colcon_core.shell[0m [1;30mINFO[0m Creating package script '/root/ascend-devkit/src/E2E-Sample/ros2_robot_arm/ros2_ws/install/dofbot_moveit/share/dofbot_moveit/package.zsh'
[5.698s] [34mcolcon.colcon_core.environment[0m [1;30mLevel 1[0m create_file_with_runtime_dependencies(/root/ascend-devkit/src/E2E-Sample/ros2_robot_arm/ros2_ws/install/dofbot_moveit/share/colcon-core/packages/dofbot_moveit)
[5.699s] [34mcolcon.colcon_core.environment[0m [1;30mLevel 1[0m create_environment_scripts_only(dofbot_moveit)
[5.700s] [34mcolcon.colcon_core.environment[0m [1;30mLevel 1[0m checking '/root/ascend-devkit/src/E2E-Sample/ros2_robot_arm/ros2_ws/install/dofbot_moveit' for CMake module files
[5.701s] [34mcolcon.colcon_core.environment[0m [1;30mLevel 1[0m checking '/root/ascend-devkit/src/E2E-Sample/ros2_robot_arm/ros2_ws/install/dofbot_moveit' for CMake config files
[5.701s] [34mcolcon.colcon_core.shell[0m [1;30mLevel 1[0m create_environment_hook('dofbot_moveit', 'cmake_prefix_path')
[5.702s] [34mcolcon.colcon_core.shell[0m [1;30mINFO[0m Creating environment hook '/root/ascend-devkit/src/E2E-Sample/ros2_robot_arm/ros2_ws/install/dofbot_moveit/share/dofbot_moveit/hook/cmake_prefix_path.ps1'
[5.703s] [34mcolcon.colcon_core.shell[0m [1;30mINFO[0m Creating environment descriptor '/root/ascend-devkit/src/E2E-Sample/ros2_robot_arm/ros2_ws/install/dofbot_moveit/share/dofbot_moveit/hook/cmake_prefix_path.dsv'
[5.704s] [34mcolcon.colcon_core.shell[0m [1;30mINFO[0m Creating environment hook '/root/ascend-devkit/src/E2E-Sample/ros2_robot_arm/ros2_ws/install/dofbot_moveit/share/dofbot_moveit/hook/cmake_prefix_path.sh'
[5.705s] [34mcolcon.colcon_core.environment[0m [1;30mLevel 1[0m checking '/root/ascend-devkit/src/E2E-Sample/ros2_robot_arm/ros2_ws/install/dofbot_moveit/lib'
[5.706s] [34mcolcon.colcon_core.environment[0m [1;30mLevel 1[0m checking '/root/ascend-devkit/src/E2E-Sample/ros2_robot_arm/ros2_ws/install/dofbot_moveit/bin'
[5.706s] [34mcolcon.colcon_core.environment[0m [1;30mLevel 1[0m checking '/root/ascend-devkit/src/E2E-Sample/ros2_robot_arm/ros2_ws/install/dofbot_moveit/lib/pkgconfig/dofbot_moveit.pc'
[5.706s] [34mcolcon.colcon_core.environment[0m [1;30mLevel 1[0m checking '/root/ascend-devkit/src/E2E-Sample/ros2_robot_arm/ros2_ws/install/dofbot_moveit/lib/python3.10/site-packages'
[5.707s] [34mcolcon.colcon_core.environment[0m [1;30mLevel 1[0m checking '/root/ascend-devkit/src/E2E-Sample/ros2_robot_arm/ros2_ws/install/dofbot_moveit/bin'
[5.708s] [34mcolcon.colcon_core.shell[0m [1;30mINFO[0m Creating package script '/root/ascend-devkit/src/E2E-Sample/ros2_robot_arm/ros2_ws/install/dofbot_moveit/share/dofbot_moveit/package.ps1'
[5.709s] [34mcolcon.colcon_core.shell[0m [1;30mINFO[0m Creating package descriptor '/root/ascend-devkit/src/E2E-Sample/ros2_robot_arm/ros2_ws/install/dofbot_moveit/share/dofbot_moveit/package.dsv'
[5.710s] [34mcolcon.colcon_core.shell[0m [1;30mINFO[0m Creating package script '/root/ascend-devkit/src/E2E-Sample/ros2_robot_arm/ros2_ws/install/dofbot_moveit/share/dofbot_moveit/package.sh'
[5.711s] [34mcolcon.colcon_core.shell[0m [1;30mINFO[0m Creating package script '/root/ascend-devkit/src/E2E-Sample/ros2_robot_arm/ros2_ws/install/dofbot_moveit/share/dofbot_moveit/package.bash'
[5.713s] [34mcolcon.colcon_core.shell[0m [1;30mINFO[0m Creating package script '/root/ascend-devkit/src/E2E-Sample/ros2_robot_arm/ros2_ws/install/dofbot_moveit/share/dofbot_moveit/package.zsh'
[5.714s] [34mcolcon.colcon_core.environment[0m [1;30mLevel 1[0m create_file_with_runtime_dependencies(/root/ascend-devkit/src/E2E-Sample/ros2_robot_arm/ros2_ws/install/dofbot_moveit/share/colcon-core/packages/dofbot_moveit)
[6.405s] [34mcolcon.colcon_core.environment[0m [1;30mLevel 1[0m checking '/root/ascend-devkit/src/E2E-Sample/ros2_robot_arm/ros2_ws/install/dofbot_garbage_yolov5' for CMake module files
[6.406s] [34mcolcon.colcon_core.event_handler.log_command[0m [1;30mDEBUG[0m [32mInvoked command in '/root/ascend-devkit/src/E2E-Sample/ros2_robot_arm/ros2_ws/src/dofbot_garbage_yolov5' returned '0': AMENT_PREFIX_PATH=/root/ascend-devkit/src/E2E-Sample/ros2_robot_arm/ros2_ws/install/dofbot_info:${AMENT_PREFIX_PATH} CMAKE_PREFIX_PATH=/root/ascend-devkit/src/E2E-Sample/ros2_robot_arm/ros2_ws/install/dofbot_info LD_LIBRARY_PATH=/root/ascend-devkit/src/E2E-Sample/ros2_robot_arm/ros2_ws/install/dofbot_info/lib:/usr/local/Ascend/ascend-toolkit/latest/tools/aml/lib64:/usr/local/Ascend/ascend-toolkit/latest/tools/aml/lib64/plugin:/usr/local/Ascend/ascend-toolkit/latest/lib64:/usr/local/Ascend/ascend-toolkit/latest/lib64/plugin/opskernel:/usr/local/Ascend/ascend-toolkit/latest/lib64/plugin/nnengine:/usr/local/Ascend/ascend-toolkit/latest/opp/built-in/op_impl/ai_core/tbe/op_tiling/lib/linux/aarch64:/var/davinci/driver/lib64:/var/davinci/driver/lib64/common:/var/davinci/driver/lib64/driver:/opt/ros/humble/opt/rviz_ogre_vendor/lib:/opt/ros/humble/lib/aarch64-linux-gnu:/opt/ros/humble/lib:/usr/local/Ascend/ascend-toolkit/latest/tools/aml/lib64:/usr/local/Ascend/ascend-toolkit/latest/tools/aml/lib64/plugin:/usr/local/Ascend/ascend-toolkit/latest/lib64:/usr/local/Ascend/ascend-toolkit/latest/lib64/plugin/opskernel:/usr/local/Ascend/ascend-toolkit/latest/lib64/plugin/nnengine:/usr/local/Ascend/ascend-toolkit/latest/opp/built-in/op_impl/ai_core/tbe/op_tiling/lib/linux/aarch64:/var/davinci/driver/lib64:/var/davinci/driver/lib64/common:/var/davinci/driver/lib64/driver:/usr/lib/aarch64-linux-gnu:/usr/local/lib:/usr/lib:/usr/lib/aarch64-linux-gnu/:/usr/local/lib:/usr/lib/aarch64-linux-gnu:/usr/local/lib:/usr/lib:/usr/lib/aarch64-linux-gnu/:/usr/local/lib PYTHONPATH=/root/ascend-devkit/src/E2E-Sample/ros2_robot_arm/ros2_ws/build/dofbot_garbage_yolov5/prefix_override:/usr/lib/python3/dist-packages/colcon_core/task/python/colcon_distutils_commands:/root/ascend-devkit/src/E2E-Sample/ros2_robot_arm/ros2_ws/install/dofbot_garbage_yolov5/lib/python3.10/site-packages:/root/ascend-devkit/src/E2E-Sample/ros2_robot_arm/ros2_ws/install/dofbot_info/local/lib/python3.10/dist-packages:${PYTHONPATH} /usr/bin/python3 -W ignore:setup.py install is deprecated -W ignore:easy_install command is deprecated setup.py egg_info --egg-base ../../build/dofbot_garbage_yolov5 build --build-base /root/ascend-devkit/src/E2E-Sample/ros2_robot_arm/ros2_ws/build/dofbot_garbage_yolov5/build install --record /root/ascend-devkit/src/E2E-Sample/ros2_robot_arm/ros2_ws/build/dofbot_garbage_yolov5/install.log --single-version-externally-managed install_data[0m
[6.407s] [34mcolcon.colcon_core.environment[0m [1;30mLevel 1[0m checking '/root/ascend-devkit/src/E2E-Sample/ros2_robot_arm/ros2_ws/install/dofbot_garbage_yolov5' for CMake config files
[6.408s] [34mcolcon.colcon_core.environment[0m [1;30mLevel 1[0m checking '/root/ascend-devkit/src/E2E-Sample/ros2_robot_arm/ros2_ws/install/dofbot_garbage_yolov5/lib'
[6.408s] [34mcolcon.colcon_core.environment[0m [1;30mLevel 1[0m checking '/root/ascend-devkit/src/E2E-Sample/ros2_robot_arm/ros2_ws/install/dofbot_garbage_yolov5/bin'
[6.409s] [34mcolcon.colcon_core.environment[0m [1;30mLevel 1[0m checking '/root/ascend-devkit/src/E2E-Sample/ros2_robot_arm/ros2_ws/install/dofbot_garbage_yolov5/lib/pkgconfig/dofbot_garbage_yolov5.pc'
[6.409s] [34mcolcon.colcon_core.environment[0m [1;30mLevel 1[0m checking '/root/ascend-devkit/src/E2E-Sample/ros2_robot_arm/ros2_ws/install/dofbot_garbage_yolov5/lib/python3.10/site-packages'
[6.409s] [34mcolcon.colcon_core.shell[0m [1;30mLevel 1[0m create_environment_hook('dofbot_garbage_yolov5', 'pythonpath')
[6.410s] [34mcolcon.colcon_core.shell[0m [1;30mINFO[0m Creating environment hook '/root/ascend-devkit/src/E2E-Sample/ros2_robot_arm/ros2_ws/install/dofbot_garbage_yolov5/share/dofbot_garbage_yolov5/hook/pythonpath.ps1'
[6.411s] [34mcolcon.colcon_core.shell[0m [1;30mINFO[0m Creating environment descriptor '/root/ascend-devkit/src/E2E-Sample/ros2_robot_arm/ros2_ws/install/dofbot_garbage_yolov5/share/dofbot_garbage_yolov5/hook/pythonpath.dsv'
[6.412s] [34mcolcon.colcon_core.shell[0m [1;30mINFO[0m Creating environment hook '/root/ascend-devkit/src/E2E-Sample/ros2_robot_arm/ros2_ws/install/dofbot_garbage_yolov5/share/dofbot_garbage_yolov5/hook/pythonpath.sh'
[6.414s] [34mcolcon.colcon_core.environment[0m [1;30mLevel 1[0m checking '/root/ascend-devkit/src/E2E-Sample/ros2_robot_arm/ros2_ws/install/dofbot_garbage_yolov5/bin'
[6.414s] [34mcolcon.colcon_core.environment[0m [1;30mLevel 1[0m create_environment_scripts_only(dofbot_garbage_yolov5)
[6.415s] [34mcolcon.colcon_core.shell[0m [1;30mINFO[0m Creating package script '/root/ascend-devkit/src/E2E-Sample/ros2_robot_arm/ros2_ws/install/dofbot_garbage_yolov5/share/dofbot_garbage_yolov5/package.ps1'
[6.416s] [34mcolcon.colcon_core.shell[0m [1;30mINFO[0m Creating package descriptor '/root/ascend-devkit/src/E2E-Sample/ros2_robot_arm/ros2_ws/install/dofbot_garbage_yolov5/share/dofbot_garbage_yolov5/package.dsv'
[6.417s] [34mcolcon.colcon_core.shell[0m [1;30mINFO[0m Creating package script '/root/ascend-devkit/src/E2E-Sample/ros2_robot_arm/ros2_ws/install/dofbot_garbage_yolov5/share/dofbot_garbage_yolov5/package.sh'
[6.418s] [34mcolcon.colcon_core.shell[0m [1;30mINFO[0m Creating package script '/root/ascend-devkit/src/E2E-Sample/ros2_robot_arm/ros2_ws/install/dofbot_garbage_yolov5/share/dofbot_garbage_yolov5/package.bash'
[6.419s] [34mcolcon.colcon_core.shell[0m [1;30mINFO[0m Creating package script '/root/ascend-devkit/src/E2E-Sample/ros2_robot_arm/ros2_ws/install/dofbot_garbage_yolov5/share/dofbot_garbage_yolov5/package.zsh'
[6.420s] [34mcolcon.colcon_core.environment[0m [1;30mLevel 1[0m create_file_with_runtime_dependencies(/root/ascend-devkit/src/E2E-Sample/ros2_robot_arm/ros2_ws/install/dofbot_garbage_yolov5/share/colcon-core/packages/dofbot_garbage_yolov5)
[6.421s] [34mcolcon.colcon_parallel_executor.executor.parallel[0m [1;30mDEBUG[0m [32mclosing loop[0m
[6.422s] [34mcolcon.colcon_parallel_executor.executor.parallel[0m [1;30mDEBUG[0m [32mloop closed[0m
[6.422s] [34mcolcon.colcon_parallel_executor.executor.parallel[0m [1;30mDEBUG[0m [32mrun_until_complete finished with '0'[0m
[6.422s] [34mcolcon.colcon_core.event_reactor[0m [1;30mDEBUG[0m [32mjoining thread[0m
[6.436s] [34mcolcon.colcon_core.plugin_system[0m [1;30mINFO[0m Skipping extension 'colcon_notification.desktop_notification.terminal_notifier': Not used on non-Darwin systems
[6.436s] [34mcolcon.colcon_core.plugin_system[0m [1;30mINFO[0m Skipping extension 'colcon_notification.desktop_notification.win32': Not used on non-Windows systems
[6.436s] [34mcolcon.colcon_notification.desktop_notification[0m [1;30mINFO[0m Sending desktop notification using 'notify2'
[31.469s] [34mcolcon.colcon_notification.desktop_notification.notify2[0m [1;30mDEBUG[0m [32mFailed to initialize notify2: org.freedesktop.DBus.Error.NoReply: Did not receive a reply. Possible causes include: the remote application did not send a reply, the message bus security policy blocked the reply, the reply timeout expired, or the network connection was broken.[0m
[31.470s] [34mcolcon.colcon_core.event_reactor[0m [1;30mDEBUG[0m [32mjoined thread[0m
[31.470s] [34mcolcon.colcon_core.shell[0m [1;30mINFO[0m Creating prefix script '/root/ascend-devkit/src/E2E-Sample/ros2_robot_arm/ros2_ws/install/local_setup.ps1'
[31.476s] [34mcolcon.colcon_core.shell[0m [1;30mINFO[0m Creating prefix util module '/root/ascend-devkit/src/E2E-Sample/ros2_robot_arm/ros2_ws/install/_local_setup_util_ps1.py'
[31.480s] [34mcolcon.colcon_core.shell[0m [1;30mINFO[0m Creating prefix chain script '/root/ascend-devkit/src/E2E-Sample/ros2_robot_arm/ros2_ws/install/setup.ps1'
[31.482s] [34mcolcon.colcon_core.shell[0m [1;30mINFO[0m Creating prefix script '/root/ascend-devkit/src/E2E-Sample/ros2_robot_arm/ros2_ws/install/local_setup.sh'
[31.484s] [34mcolcon.colcon_core.shell[0m [1;30mINFO[0m Creating prefix util module '/root/ascend-devkit/src/E2E-Sample/ros2_robot_arm/ros2_ws/install/_local_setup_util_sh.py'
[31.485s] [34mcolcon.colcon_core.shell[0m [1;30mINFO[0m Creating prefix chain script '/root/ascend-devkit/src/E2E-Sample/ros2_robot_arm/ros2_ws/install/setup.sh'
[31.488s] [34mcolcon.colcon_core.shell[0m [1;30mINFO[0m Creating prefix script '/root/ascend-devkit/src/E2E-Sample/ros2_robot_arm/ros2_ws/install/local_setup.bash'
[31.489s] [34mcolcon.colcon_core.shell[0m [1;30mINFO[0m Creating prefix chain script '/root/ascend-devkit/src/E2E-Sample/ros2_robot_arm/ros2_ws/install/setup.bash'
[31.491s] [34mcolcon.colcon_core.shell[0m [1;30mINFO[0m Creating prefix script '/root/ascend-devkit/src/E2E-Sample/ros2_robot_arm/ros2_ws/install/local_setup.zsh'
[31.493s] [34mcolcon.colcon_core.shell[0m [1;30mINFO[0m Creating prefix chain script '/root/ascend-devkit/src/E2E-Sample/ros2_robot_arm/ros2_ws/install/setup.zsh'
