[4.390s] Invoking command in '/root/ascend-devkit/src/E2E-Sample/ros2_robot_arm/ros2_ws/src/robot_arm_bringup': PYTHONPATH=/root/ascend-devkit/src/E2E-Sample/ros2_robot_arm/ros2_ws/build/robot_arm_bringup/prefix_override:/usr/lib/python3/dist-packages/colcon_core/task/python/colcon_distutils_commands:/root/ascend-devkit/src/E2E-Sample/ros2_robot_arm/ros2_ws/install/robot_arm_bringup/lib/python3.10/site-packages:${PYTHONPATH} /usr/bin/python3 -W ignore:setup.py install is deprecated -W ignore:easy_install command is deprecated setup.py egg_info --egg-base ../../build/robot_arm_bringup build --build-base /root/ascend-devkit/src/E2E-Sample/ros2_robot_arm/ros2_ws/build/robot_arm_bringup/build install --record /root/ascend-devkit/src/E2E-Sample/ros2_robot_arm/ros2_ws/build/robot_arm_bringup/install.log --single-version-externally-managed install_data
[5.620s] running egg_info
[5.620s] writing ../../build/robot_arm_bringup/robot_arm_bringup.egg-info/PKG-INFO
[5.620s] writing dependency_links to ../../build/robot_arm_bringup/robot_arm_bringup.egg-info/dependency_links.txt
[5.620s] writing entry points to ../../build/robot_arm_bringup/robot_arm_bringup.egg-info/entry_points.txt
[5.620s] writing requirements to ../../build/robot_arm_bringup/robot_arm_bringup.egg-info/requires.txt
[5.620s] writing top-level names to ../../build/robot_arm_bringup/robot_arm_bringup.egg-info/top_level.txt
[5.621s] reading manifest file '../../build/robot_arm_bringup/robot_arm_bringup.egg-info/SOURCES.txt'
[5.629s] writing manifest file '../../build/robot_arm_bringup/robot_arm_bringup.egg-info/SOURCES.txt'
[5.640s] running build
[5.642s] running build_py
[5.643s] running install
[5.644s] running install_lib
[5.664s] running install_data
[5.669s] running install_egg_info
[5.669s] removing '/root/ascend-devkit/src/E2E-Sample/ros2_robot_arm/ros2_ws/install/robot_arm_bringup/lib/python3.10/site-packages/robot_arm_bringup-0.0.0-py3.10.egg-info' (and everything under it)
[5.670s] Copying ../../build/robot_arm_bringup/robot_arm_bringup.egg-info to /root/ascend-devkit/src/E2E-Sample/ros2_robot_arm/ros2_ws/install/robot_arm_bringup/lib/python3.10/site-packages/robot_arm_bringup-0.0.0-py3.10.egg-info
[5.670s] running install_scripts
[5.863s] writing list of installed files to '/root/ascend-devkit/src/E2E-Sample/ros2_robot_arm/ros2_ws/build/robot_arm_bringup/install.log'
[6.031s] Invoked command in '/root/ascend-devkit/src/E2E-Sample/ros2_robot_arm/ros2_ws/src/robot_arm_bringup' returned '0': PYTHONPATH=/root/ascend-devkit/src/E2E-Sample/ros2_robot_arm/ros2_ws/build/robot_arm_bringup/prefix_override:/usr/lib/python3/dist-packages/colcon_core/task/python/colcon_distutils_commands:/root/ascend-devkit/src/E2E-Sample/ros2_robot_arm/ros2_ws/install/robot_arm_bringup/lib/python3.10/site-packages:${PYTHONPATH} /usr/bin/python3 -W ignore:setup.py install is deprecated -W ignore:easy_install command is deprecated setup.py egg_info --egg-base ../../build/robot_arm_bringup build --build-base /root/ascend-devkit/src/E2E-Sample/ros2_robot_arm/ros2_ws/build/robot_arm_bringup/build install --record /root/ascend-devkit/src/E2E-Sample/ros2_robot_arm/ros2_ws/build/robot_arm_bringup/install.log --single-version-externally-managed install_data
