[0.047s] Invoking command in '/root/ascend-devkit/src/E2E-Sample/ros2_robot_arm/ros2_ws/build/dofbot_info': CMAKE_PREFIX_PATH=/opt/ros/humble /usr/bin/cmake --build /root/ascend-devkit/src/E2E-Sample/ros2_robot_arm/ros2_ws/build/dofbot_info -- -j3 -l3
[0.786s] [  3%] Built target dofbot_info__cpp
[0.787s] [  3%] Built target ament_cmake_python_copy_dofbot_info
[0.787s] [ 12%] Built target dofbot_info__rosidl_typesupport_cpp
[0.787s] [ 22%] Built target dofbot_info__rosidl_typesupport_fastrtps_cpp
[0.787s] [ 32%] Built target dofbot_info__rosidl_typesupport_introspection_cpp
[1.134s] running egg_info
[1.137s] writing dofbot_info.egg-info/PKG-INFO
[1.138s] writing dependency_links to dofbot_info.egg-info/dependency_links.txt
[1.138s] writing top-level names to dofbot_info.egg-info/top_level.txt
[1.145s] reading manifest file 'dofbot_info.egg-info/SOURCES.txt'
[1.147s] writing manifest file 'dofbot_info.egg-info/SOURCES.txt'
[1.234s] [ 32%] Built target ament_cmake_python_build_dofbot_info_egg
[1.279s] [ 41%] Built target dofbot_info__rosidl_generator_c
[1.325s] [ 51%] Built target dofbot_info__rosidl_typesupport_fastrtps_c
[1.368s] [ 61%] Built target dofbot_info__rosidl_typesupport_c
[1.415s] [ 70%] Built target dofbot_info__rosidl_typesupport_introspection_c
[1.459s] [ 70%] Built target dofbot_info
[1.502s] [ 74%] Built target dofbot_info__py
[1.568s] [ 80%] Built target dofbot_info__rosidl_generator_py
[1.614s] [ 87%] Built target dofbot_info__rosidl_typesupport_fastrtps_c__pyext
[1.664s] [ 93%] Built target dofbot_info__rosidl_typesupport_c__pyext
[1.710s] [100%] Built target dofbot_info__rosidl_typesupport_introspection_c__pyext
[1.736s] Invoked command in '/root/ascend-devkit/src/E2E-Sample/ros2_robot_arm/ros2_ws/build/dofbot_info' returned '0': CMAKE_PREFIX_PATH=/opt/ros/humble /usr/bin/cmake --build /root/ascend-devkit/src/E2E-Sample/ros2_robot_arm/ros2_ws/build/dofbot_info -- -j3 -l3
[1.760s] Invoking command in '/root/ascend-devkit/src/E2E-Sample/ros2_robot_arm/ros2_ws/build/dofbot_info': CMAKE_PREFIX_PATH=/opt/ros/humble /usr/bin/cmake --install /root/ascend-devkit/src/E2E-Sample/ros2_robot_arm/ros2_ws/build/dofbot_info
[1.782s] -- Install configuration: ""
[1.785s] -- Up-to-date: /root/ascend-devkit/src/E2E-Sample/ros2_robot_arm/ros2_ws/install/dofbot_info/share/ament_index/resource_index/rosidl_interfaces/dofbot_info
[1.787s] -- Up-to-date: /root/ascend-devkit/src/E2E-Sample/ros2_robot_arm/ros2_ws/install/dofbot_info/include/dofbot_info/dofbot_info
[1.788s] -- Up-to-date: /root/ascend-devkit/src/E2E-Sample/ros2_robot_arm/ros2_ws/install/dofbot_info/include/dofbot_info/dofbot_info/srv
[1.790s] -- Up-to-date: /root/ascend-devkit/src/E2E-Sample/ros2_robot_arm/ros2_ws/install/dofbot_info/include/dofbot_info/dofbot_info/srv/kinemarics.h
[1.791s] -- Up-to-date: /root/ascend-devkit/src/E2E-Sample/ros2_robot_arm/ros2_ws/install/dofbot_info/include/dofbot_info/dofbot_info/srv/detail
[1.793s] -- Up-to-date: /root/ascend-devkit/src/E2E-Sample/ros2_robot_arm/ros2_ws/install/dofbot_info/include/dofbot_info/dofbot_info/srv/detail/kinemarics__functions.h
[1.795s] -- Up-to-date: /root/ascend-devkit/src/E2E-Sample/ros2_robot_arm/ros2_ws/install/dofbot_info/include/dofbot_info/dofbot_info/srv/detail/kinemarics__struct.h
[1.796s] -- Up-to-date: /root/ascend-devkit/src/E2E-Sample/ros2_robot_arm/ros2_ws/install/dofbot_info/include/dofbot_info/dofbot_info/srv/detail/kinemarics__type_support.h
[1.798s] -- Up-to-date: /root/ascend-devkit/src/E2E-Sample/ros2_robot_arm/ros2_ws/install/dofbot_info/include/dofbot_info/dofbot_info/srv/detail/kinemarics__functions.c
[1.799s] -- Up-to-date: /root/ascend-devkit/src/E2E-Sample/ros2_robot_arm/ros2_ws/install/dofbot_info/include/dofbot_info/dofbot_info/msg
[1.799s] -- Up-to-date: /root/ascend-devkit/src/E2E-Sample/ros2_robot_arm/ros2_ws/install/dofbot_info/include/dofbot_info/dofbot_info/msg/rosidl_generator_c__visibility_control.h
[1.800s] -- Up-to-date: /root/ascend-devkit/src/E2E-Sample/ros2_robot_arm/ros2_ws/install/dofbot_info/share/dofbot_info/environment/library_path.sh
[1.800s] -- Up-to-date: /root/ascend-devkit/src/E2E-Sample/ros2_robot_arm/ros2_ws/install/dofbot_info/share/dofbot_info/environment/library_path.dsv
[1.803s] -- Up-to-date: /root/ascend-devkit/src/E2E-Sample/ros2_robot_arm/ros2_ws/install/dofbot_info/lib/libdofbot_info__rosidl_generator_c.so
[1.803s] -- Up-to-date: /root/ascend-devkit/src/E2E-Sample/ros2_robot_arm/ros2_ws/install/dofbot_info/include/dofbot_info/dofbot_info
[1.803s] -- Up-to-date: /root/ascend-devkit/src/E2E-Sample/ros2_robot_arm/ros2_ws/install/dofbot_info/include/dofbot_info/dofbot_info/srv
[1.803s] -- Up-to-date: /root/ascend-devkit/src/E2E-Sample/ros2_robot_arm/ros2_ws/install/dofbot_info/include/dofbot_info/dofbot_info/srv/detail
[1.804s] -- Up-to-date: /root/ascend-devkit/src/E2E-Sample/ros2_robot_arm/ros2_ws/install/dofbot_info/include/dofbot_info/dofbot_info/srv/detail/kinemarics__rosidl_typesupport_fastrtps_c.h
[1.804s] -- Up-to-date: /root/ascend-devkit/src/E2E-Sample/ros2_robot_arm/ros2_ws/install/dofbot_info/include/dofbot_info/dofbot_info/msg
[1.804s] -- Up-to-date: /root/ascend-devkit/src/E2E-Sample/ros2_robot_arm/ros2_ws/install/dofbot_info/include/dofbot_info/dofbot_info/msg/rosidl_typesupport_fastrtps_c__visibility_control.h
[1.805s] -- Up-to-date: /root/ascend-devkit/src/E2E-Sample/ros2_robot_arm/ros2_ws/install/dofbot_info/lib/libdofbot_info__rosidl_typesupport_fastrtps_c.so
[1.805s] -- Up-to-date: /root/ascend-devkit/src/E2E-Sample/ros2_robot_arm/ros2_ws/install/dofbot_info/include/dofbot_info/dofbot_info
[1.806s] -- Up-to-date: /root/ascend-devkit/src/E2E-Sample/ros2_robot_arm/ros2_ws/install/dofbot_info/include/dofbot_info/dofbot_info/srv
[1.806s] -- Up-to-date: /root/ascend-devkit/src/E2E-Sample/ros2_robot_arm/ros2_ws/install/dofbot_info/include/dofbot_info/dofbot_info/srv/detail
[1.806s] -- Up-to-date: /root/ascend-devkit/src/E2E-Sample/ros2_robot_arm/ros2_ws/install/dofbot_info/include/dofbot_info/dofbot_info/srv/detail/kinemarics__type_support.c
[1.807s] -- Up-to-date: /root/ascend-devkit/src/E2E-Sample/ros2_robot_arm/ros2_ws/install/dofbot_info/include/dofbot_info/dofbot_info/srv/detail/kinemarics__rosidl_typesupport_introspection_c.h
[1.807s] -- Up-to-date: /root/ascend-devkit/src/E2E-Sample/ros2_robot_arm/ros2_ws/install/dofbot_info/include/dofbot_info/dofbot_info/msg
[1.807s] -- Up-to-date: /root/ascend-devkit/src/E2E-Sample/ros2_robot_arm/ros2_ws/install/dofbot_info/include/dofbot_info/dofbot_info/msg/rosidl_typesupport_introspection_c__visibility_control.h
[1.807s] -- Up-to-date: /root/ascend-devkit/src/E2E-Sample/ros2_robot_arm/ros2_ws/install/dofbot_info/lib/libdofbot_info__rosidl_typesupport_introspection_c.so
[1.808s] -- Up-to-date: /root/ascend-devkit/src/E2E-Sample/ros2_robot_arm/ros2_ws/install/dofbot_info/lib/libdofbot_info__rosidl_typesupport_c.so
[1.809s] -- Up-to-date: /root/ascend-devkit/src/E2E-Sample/ros2_robot_arm/ros2_ws/install/dofbot_info/include/dofbot_info/dofbot_info
[1.809s] -- Up-to-date: /root/ascend-devkit/src/E2E-Sample/ros2_robot_arm/ros2_ws/install/dofbot_info/include/dofbot_info/dofbot_info/srv
[1.810s] -- Up-to-date: /root/ascend-devkit/src/E2E-Sample/ros2_robot_arm/ros2_ws/install/dofbot_info/include/dofbot_info/dofbot_info/srv/kinemarics.hpp
[1.810s] -- Up-to-date: /root/ascend-devkit/src/E2E-Sample/ros2_robot_arm/ros2_ws/install/dofbot_info/include/dofbot_info/dofbot_info/srv/detail
[1.810s] -- Up-to-date: /root/ascend-devkit/src/E2E-Sample/ros2_robot_arm/ros2_ws/install/dofbot_info/include/dofbot_info/dofbot_info/srv/detail/kinemarics__builder.hpp
[1.810s] -- Up-to-date: /root/ascend-devkit/src/E2E-Sample/ros2_robot_arm/ros2_ws/install/dofbot_info/include/dofbot_info/dofbot_info/srv/detail/kinemarics__type_support.hpp
[1.810s] -- Up-to-date: /root/ascend-devkit/src/E2E-Sample/ros2_robot_arm/ros2_ws/install/dofbot_info/include/dofbot_info/dofbot_info/srv/detail/kinemarics__struct.hpp
[1.811s] -- Up-to-date: /root/ascend-devkit/src/E2E-Sample/ros2_robot_arm/ros2_ws/install/dofbot_info/include/dofbot_info/dofbot_info/srv/detail/kinemarics__traits.hpp
[1.811s] -- Up-to-date: /root/ascend-devkit/src/E2E-Sample/ros2_robot_arm/ros2_ws/install/dofbot_info/include/dofbot_info/dofbot_info/msg
[1.811s] -- Up-to-date: /root/ascend-devkit/src/E2E-Sample/ros2_robot_arm/ros2_ws/install/dofbot_info/include/dofbot_info/dofbot_info/msg/rosidl_generator_cpp__visibility_control.hpp
[1.812s] -- Up-to-date: /root/ascend-devkit/src/E2E-Sample/ros2_robot_arm/ros2_ws/install/dofbot_info/include/dofbot_info/dofbot_info
[1.812s] -- Up-to-date: /root/ascend-devkit/src/E2E-Sample/ros2_robot_arm/ros2_ws/install/dofbot_info/include/dofbot_info/dofbot_info/srv
[1.812s] -- Up-to-date: /root/ascend-devkit/src/E2E-Sample/ros2_robot_arm/ros2_ws/install/dofbot_info/include/dofbot_info/dofbot_info/srv/detail
[1.812s] -- Up-to-date: /root/ascend-devkit/src/E2E-Sample/ros2_robot_arm/ros2_ws/install/dofbot_info/include/dofbot_info/dofbot_info/srv/detail/kinemarics__rosidl_typesupport_fastrtps_cpp.hpp
[1.813s] -- Up-to-date: /root/ascend-devkit/src/E2E-Sample/ros2_robot_arm/ros2_ws/install/dofbot_info/include/dofbot_info/dofbot_info/srv/detail/dds_fastrtps
[1.813s] -- Up-to-date: /root/ascend-devkit/src/E2E-Sample/ros2_robot_arm/ros2_ws/install/dofbot_info/include/dofbot_info/dofbot_info/msg
[1.813s] -- Up-to-date: /root/ascend-devkit/src/E2E-Sample/ros2_robot_arm/ros2_ws/install/dofbot_info/include/dofbot_info/dofbot_info/msg/rosidl_typesupport_fastrtps_cpp__visibility_control.h
[1.814s] -- Up-to-date: /root/ascend-devkit/src/E2E-Sample/ros2_robot_arm/ros2_ws/install/dofbot_info/lib/libdofbot_info__rosidl_typesupport_fastrtps_cpp.so
[1.814s] -- Up-to-date: /root/ascend-devkit/src/E2E-Sample/ros2_robot_arm/ros2_ws/install/dofbot_info/include/dofbot_info/dofbot_info
[1.814s] -- Up-to-date: /root/ascend-devkit/src/E2E-Sample/ros2_robot_arm/ros2_ws/install/dofbot_info/include/dofbot_info/dofbot_info/srv
[1.814s] -- Up-to-date: /root/ascend-devkit/src/E2E-Sample/ros2_robot_arm/ros2_ws/install/dofbot_info/include/dofbot_info/dofbot_info/srv/detail
[1.814s] -- Up-to-date: /root/ascend-devkit/src/E2E-Sample/ros2_robot_arm/ros2_ws/install/dofbot_info/include/dofbot_info/dofbot_info/srv/detail/kinemarics__rosidl_typesupport_introspection_cpp.hpp
[1.814s] -- Up-to-date: /root/ascend-devkit/src/E2E-Sample/ros2_robot_arm/ros2_ws/install/dofbot_info/include/dofbot_info/dofbot_info/srv/detail/kinemarics__type_support.cpp
[1.815s] -- Up-to-date: /root/ascend-devkit/src/E2E-Sample/ros2_robot_arm/ros2_ws/install/dofbot_info/lib/libdofbot_info__rosidl_typesupport_introspection_cpp.so
[1.815s] -- Up-to-date: /root/ascend-devkit/src/E2E-Sample/ros2_robot_arm/ros2_ws/install/dofbot_info/lib/libdofbot_info__rosidl_typesupport_cpp.so
[1.815s] -- Up-to-date: /root/ascend-devkit/src/E2E-Sample/ros2_robot_arm/ros2_ws/install/dofbot_info/share/dofbot_info/environment/pythonpath.sh
[1.815s] -- Up-to-date: /root/ascend-devkit/src/E2E-Sample/ros2_robot_arm/ros2_ws/install/dofbot_info/share/dofbot_info/environment/pythonpath.dsv
[1.816s] -- Up-to-date: /root/ascend-devkit/src/E2E-Sample/ros2_robot_arm/ros2_ws/install/dofbot_info/local/lib/python3.10/dist-packages/dofbot_info-0.0.0-py3.10.egg-info
[1.816s] -- Installing: /root/ascend-devkit/src/E2E-Sample/ros2_robot_arm/ros2_ws/install/dofbot_info/local/lib/python3.10/dist-packages/dofbot_info-0.0.0-py3.10.egg-info/SOURCES.txt
[1.816s] -- Installing: /root/ascend-devkit/src/E2E-Sample/ros2_robot_arm/ros2_ws/install/dofbot_info/local/lib/python3.10/dist-packages/dofbot_info-0.0.0-py3.10.egg-info/top_level.txt
[1.818s] -- Installing: /root/ascend-devkit/src/E2E-Sample/ros2_robot_arm/ros2_ws/install/dofbot_info/local/lib/python3.10/dist-packages/dofbot_info-0.0.0-py3.10.egg-info/PKG-INFO
[1.818s] -- Installing: /root/ascend-devkit/src/E2E-Sample/ros2_robot_arm/ros2_ws/install/dofbot_info/local/lib/python3.10/dist-packages/dofbot_info-0.0.0-py3.10.egg-info/dependency_links.txt
[1.818s] -- Up-to-date: /root/ascend-devkit/src/E2E-Sample/ros2_robot_arm/ros2_ws/install/dofbot_info/local/lib/python3.10/dist-packages/dofbot_info
[1.818s] -- Up-to-date: /root/ascend-devkit/src/E2E-Sample/ros2_robot_arm/ros2_ws/install/dofbot_info/local/lib/python3.10/dist-packages/dofbot_info/srv
[1.819s] -- Up-to-date: /root/ascend-devkit/src/E2E-Sample/ros2_robot_arm/ros2_ws/install/dofbot_info/local/lib/python3.10/dist-packages/dofbot_info/srv/_kinemarics.py
[1.819s] -- Up-to-date: /root/ascend-devkit/src/E2E-Sample/ros2_robot_arm/ros2_ws/install/dofbot_info/local/lib/python3.10/dist-packages/dofbot_info/srv/__init__.py
[1.819s] -- Up-to-date: /root/ascend-devkit/src/E2E-Sample/ros2_robot_arm/ros2_ws/install/dofbot_info/local/lib/python3.10/dist-packages/dofbot_info/srv/_kinemarics_s.c
[1.819s] -- Up-to-date: /root/ascend-devkit/src/E2E-Sample/ros2_robot_arm/ros2_ws/install/dofbot_info/local/lib/python3.10/dist-packages/dofbot_info/dofbot_info_s__rosidl_typesupport_fastrtps_c.cpython-310-aarch64-linux-gnu.so
[1.819s] -- Up-to-date: /root/ascend-devkit/src/E2E-Sample/ros2_robot_arm/ros2_ws/install/dofbot_info/local/lib/python3.10/dist-packages/dofbot_info/_dofbot_info_s.ep.rosidl_typesupport_introspection_c.c
[1.819s] -- Up-to-date: /root/ascend-devkit/src/E2E-Sample/ros2_robot_arm/ros2_ws/install/dofbot_info/local/lib/python3.10/dist-packages/dofbot_info/_dofbot_info_s.ep.rosidl_typesupport_c.c
[1.819s] -- Up-to-date: /root/ascend-devkit/src/E2E-Sample/ros2_robot_arm/ros2_ws/install/dofbot_info/local/lib/python3.10/dist-packages/dofbot_info/dofbot_info_s__rosidl_typesupport_c.cpython-310-aarch64-linux-gnu.so
[1.820s] -- Up-to-date: /root/ascend-devkit/src/E2E-Sample/ros2_robot_arm/ros2_ws/install/dofbot_info/local/lib/python3.10/dist-packages/dofbot_info/__init__.py
[1.820s] -- Up-to-date: /root/ascend-devkit/src/E2E-Sample/ros2_robot_arm/ros2_ws/install/dofbot_info/local/lib/python3.10/dist-packages/dofbot_info/_dofbot_info_s.ep.rosidl_typesupport_fastrtps_c.c
[1.820s] -- Up-to-date: /root/ascend-devkit/src/E2E-Sample/ros2_robot_arm/ros2_ws/install/dofbot_info/local/lib/python3.10/dist-packages/dofbot_info/libdofbot_info__rosidl_generator_py.so
[1.820s] -- Up-to-date: /root/ascend-devkit/src/E2E-Sample/ros2_robot_arm/ros2_ws/install/dofbot_info/local/lib/python3.10/dist-packages/dofbot_info/dofbot_info_s__rosidl_typesupport_introspection_c.cpython-310-aarch64-linux-gnu.so
[1.966s] Listing '/root/ascend-devkit/src/E2E-Sample/ros2_robot_arm/ros2_ws/install/dofbot_info/local/lib/python3.10/dist-packages/dofbot_info'...
[1.966s] Listing '/root/ascend-devkit/src/E2E-Sample/ros2_robot_arm/ros2_ws/install/dofbot_info/local/lib/python3.10/dist-packages/dofbot_info/srv'...
[2.008s] -- Up-to-date: /root/ascend-devkit/src/E2E-Sample/ros2_robot_arm/ros2_ws/install/dofbot_info/local/lib/python3.10/dist-packages/dofbot_info/dofbot_info_s__rosidl_typesupport_fastrtps_c.cpython-310-aarch64-linux-gnu.so
[2.011s] -- Up-to-date: /root/ascend-devkit/src/E2E-Sample/ros2_robot_arm/ros2_ws/install/dofbot_info/local/lib/python3.10/dist-packages/dofbot_info/dofbot_info_s__rosidl_typesupport_introspection_c.cpython-310-aarch64-linux-gnu.so
[2.014s] -- Up-to-date: /root/ascend-devkit/src/E2E-Sample/ros2_robot_arm/ros2_ws/install/dofbot_info/local/lib/python3.10/dist-packages/dofbot_info/dofbot_info_s__rosidl_typesupport_c.cpython-310-aarch64-linux-gnu.so
[2.016s] -- Up-to-date: /root/ascend-devkit/src/E2E-Sample/ros2_robot_arm/ros2_ws/install/dofbot_info/lib/libdofbot_info__rosidl_generator_py.so
[2.018s] -- Up-to-date: /root/ascend-devkit/src/E2E-Sample/ros2_robot_arm/ros2_ws/install/dofbot_info/share/dofbot_info/srv/Kinemarics.idl
[2.019s] -- Up-to-date: /root/ascend-devkit/src/E2E-Sample/ros2_robot_arm/ros2_ws/install/dofbot_info/share/dofbot_info/srv/Kinemarics.srv
[2.025s] -- Up-to-date: /root/ascend-devkit/src/E2E-Sample/ros2_robot_arm/ros2_ws/install/dofbot_info/share/dofbot_info/srv/Kinemarics_Request.msg
[2.026s] -- Up-to-date: /root/ascend-devkit/src/E2E-Sample/ros2_robot_arm/ros2_ws/install/dofbot_info/share/dofbot_info/srv/Kinemarics_Response.msg
[2.027s] -- Up-to-date: /root/ascend-devkit/src/E2E-Sample/ros2_robot_arm/ros2_ws/install/dofbot_info/share/ament_index/resource_index/package_run_dependencies/dofbot_info
[2.028s] -- Up-to-date: /root/ascend-devkit/src/E2E-Sample/ros2_robot_arm/ros2_ws/install/dofbot_info/share/ament_index/resource_index/parent_prefix_path/dofbot_info
[2.028s] -- Up-to-date: /root/ascend-devkit/src/E2E-Sample/ros2_robot_arm/ros2_ws/install/dofbot_info/share/dofbot_info/environment/ament_prefix_path.sh
[2.028s] -- Up-to-date: /root/ascend-devkit/src/E2E-Sample/ros2_robot_arm/ros2_ws/install/dofbot_info/share/dofbot_info/environment/ament_prefix_path.dsv
[2.028s] -- Up-to-date: /root/ascend-devkit/src/E2E-Sample/ros2_robot_arm/ros2_ws/install/dofbot_info/share/dofbot_info/environment/path.sh
[2.028s] -- Up-to-date: /root/ascend-devkit/src/E2E-Sample/ros2_robot_arm/ros2_ws/install/dofbot_info/share/dofbot_info/environment/path.dsv
[2.028s] -- Up-to-date: /root/ascend-devkit/src/E2E-Sample/ros2_robot_arm/ros2_ws/install/dofbot_info/share/dofbot_info/local_setup.bash
[2.029s] -- Up-to-date: /root/ascend-devkit/src/E2E-Sample/ros2_robot_arm/ros2_ws/install/dofbot_info/share/dofbot_info/local_setup.sh
[2.029s] -- Up-to-date: /root/ascend-devkit/src/E2E-Sample/ros2_robot_arm/ros2_ws/install/dofbot_info/share/dofbot_info/local_setup.zsh
[2.029s] -- Up-to-date: /root/ascend-devkit/src/E2E-Sample/ros2_robot_arm/ros2_ws/install/dofbot_info/share/dofbot_info/local_setup.dsv
[2.029s] -- Installing: /root/ascend-devkit/src/E2E-Sample/ros2_robot_arm/ros2_ws/install/dofbot_info/share/dofbot_info/package.dsv
[2.039s] -- Up-to-date: /root/ascend-devkit/src/E2E-Sample/ros2_robot_arm/ros2_ws/install/dofbot_info/share/ament_index/resource_index/packages/dofbot_info
[2.041s] -- Up-to-date: /root/ascend-devkit/src/E2E-Sample/ros2_robot_arm/ros2_ws/install/dofbot_info/share/dofbot_info/cmake/export_dofbot_info__rosidl_generator_cExport.cmake
[2.041s] -- Up-to-date: /root/ascend-devkit/src/E2E-Sample/ros2_robot_arm/ros2_ws/install/dofbot_info/share/dofbot_info/cmake/export_dofbot_info__rosidl_generator_cExport-noconfig.cmake
[2.042s] -- Up-to-date: /root/ascend-devkit/src/E2E-Sample/ros2_robot_arm/ros2_ws/install/dofbot_info/share/dofbot_info/cmake/export_dofbot_info__rosidl_typesupport_fastrtps_cExport.cmake
[2.042s] -- Up-to-date: /root/ascend-devkit/src/E2E-Sample/ros2_robot_arm/ros2_ws/install/dofbot_info/share/dofbot_info/cmake/export_dofbot_info__rosidl_typesupport_fastrtps_cExport-noconfig.cmake
[2.042s] -- Up-to-date: /root/ascend-devkit/src/E2E-Sample/ros2_robot_arm/ros2_ws/install/dofbot_info/share/dofbot_info/cmake/dofbot_info__rosidl_typesupport_introspection_cExport.cmake
[2.042s] -- Up-to-date: /root/ascend-devkit/src/E2E-Sample/ros2_robot_arm/ros2_ws/install/dofbot_info/share/dofbot_info/cmake/dofbot_info__rosidl_typesupport_introspection_cExport-noconfig.cmake
[2.050s] -- Up-to-date: /root/ascend-devkit/src/E2E-Sample/ros2_robot_arm/ros2_ws/install/dofbot_info/share/dofbot_info/cmake/dofbot_info__rosidl_typesupport_cExport.cmake
[2.050s] -- Up-to-date: /root/ascend-devkit/src/E2E-Sample/ros2_robot_arm/ros2_ws/install/dofbot_info/share/dofbot_info/cmake/dofbot_info__rosidl_typesupport_cExport-noconfig.cmake
[2.050s] -- Up-to-date: /root/ascend-devkit/src/E2E-Sample/ros2_robot_arm/ros2_ws/install/dofbot_info/share/dofbot_info/cmake/export_dofbot_info__rosidl_generator_cppExport.cmake
[2.050s] -- Up-to-date: /root/ascend-devkit/src/E2E-Sample/ros2_robot_arm/ros2_ws/install/dofbot_info/share/dofbot_info/cmake/export_dofbot_info__rosidl_typesupport_fastrtps_cppExport.cmake
[2.051s] -- Up-to-date: /root/ascend-devkit/src/E2E-Sample/ros2_robot_arm/ros2_ws/install/dofbot_info/share/dofbot_info/cmake/export_dofbot_info__rosidl_typesupport_fastrtps_cppExport-noconfig.cmake
[2.051s] -- Up-to-date: /root/ascend-devkit/src/E2E-Sample/ros2_robot_arm/ros2_ws/install/dofbot_info/share/dofbot_info/cmake/dofbot_info__rosidl_typesupport_introspection_cppExport.cmake
[2.051s] -- Up-to-date: /root/ascend-devkit/src/E2E-Sample/ros2_robot_arm/ros2_ws/install/dofbot_info/share/dofbot_info/cmake/dofbot_info__rosidl_typesupport_introspection_cppExport-noconfig.cmake
[2.051s] -- Up-to-date: /root/ascend-devkit/src/E2E-Sample/ros2_robot_arm/ros2_ws/install/dofbot_info/share/dofbot_info/cmake/dofbot_info__rosidl_typesupport_cppExport.cmake
[2.051s] -- Up-to-date: /root/ascend-devkit/src/E2E-Sample/ros2_robot_arm/ros2_ws/install/dofbot_info/share/dofbot_info/cmake/dofbot_info__rosidl_typesupport_cppExport-noconfig.cmake
[2.051s] -- Up-to-date: /root/ascend-devkit/src/E2E-Sample/ros2_robot_arm/ros2_ws/install/dofbot_info/share/dofbot_info/cmake/export_dofbot_info__rosidl_generator_pyExport.cmake
[2.052s] -- Up-to-date: /root/ascend-devkit/src/E2E-Sample/ros2_robot_arm/ros2_ws/install/dofbot_info/share/dofbot_info/cmake/export_dofbot_info__rosidl_generator_pyExport-noconfig.cmake
[2.052s] -- Up-to-date: /root/ascend-devkit/src/E2E-Sample/ros2_robot_arm/ros2_ws/install/dofbot_info/share/dofbot_info/cmake/rosidl_cmake-extras.cmake
[2.052s] -- Up-to-date: /root/ascend-devkit/src/E2E-Sample/ros2_robot_arm/ros2_ws/install/dofbot_info/share/dofbot_info/cmake/ament_cmake_export_include_directories-extras.cmake
[2.052s] -- Up-to-date: /root/ascend-devkit/src/E2E-Sample/ros2_robot_arm/ros2_ws/install/dofbot_info/share/dofbot_info/cmake/ament_cmake_export_libraries-extras.cmake
[2.052s] -- Up-to-date: /root/ascend-devkit/src/E2E-Sample/ros2_robot_arm/ros2_ws/install/dofbot_info/share/dofbot_info/cmake/ament_cmake_export_targets-extras.cmake
[2.055s] -- Up-to-date: /root/ascend-devkit/src/E2E-Sample/ros2_robot_arm/ros2_ws/install/dofbot_info/share/dofbot_info/cmake/rosidl_cmake_export_typesupport_targets-extras.cmake
[2.055s] -- Up-to-date: /root/ascend-devkit/src/E2E-Sample/ros2_robot_arm/ros2_ws/install/dofbot_info/share/dofbot_info/cmake/ament_cmake_export_dependencies-extras.cmake
[2.056s] -- Up-to-date: /root/ascend-devkit/src/E2E-Sample/ros2_robot_arm/ros2_ws/install/dofbot_info/share/dofbot_info/cmake/rosidl_cmake_export_typesupport_libraries-extras.cmake
[2.056s] -- Up-to-date: /root/ascend-devkit/src/E2E-Sample/ros2_robot_arm/ros2_ws/install/dofbot_info/share/dofbot_info/cmake/dofbot_infoConfig.cmake
[2.062s] -- Up-to-date: /root/ascend-devkit/src/E2E-Sample/ros2_robot_arm/ros2_ws/install/dofbot_info/share/dofbot_info/cmake/dofbot_infoConfig-version.cmake
[2.063s] -- Up-to-date: /root/ascend-devkit/src/E2E-Sample/ros2_robot_arm/ros2_ws/install/dofbot_info/share/dofbot_info/package.xml
[2.087s] Invoked command in '/root/ascend-devkit/src/E2E-Sample/ros2_robot_arm/ros2_ws/build/dofbot_info' returned '0': CMAKE_PREFIX_PATH=/opt/ros/humble /usr/bin/cmake --install /root/ascend-devkit/src/E2E-Sample/ros2_robot_arm/ros2_ws/build/dofbot_info
