[2.392s] Invoking command in '/root/ascend-devkit/src/E2E-Sample/ros2_robot_arm/ros2_ws/src/robot_arm_color_stacking': PYTHONPATH=/root/ascend-devkit/src/E2E-Sample/ros2_robot_arm/ros2_ws/build/robot_arm_color_stacking/prefix_override:/usr/lib/python3/dist-packages/colcon_core/task/python/colcon_distutils_commands:/root/ascend-devkit/src/E2E-Sample/ros2_robot_arm/ros2_ws/install/robot_arm_color_stacking/lib/python3.10/site-packages:${PYTHONPATH} /usr/bin/python3 -W ignore:setup.py install is deprecated -W ignore:easy_install command is deprecated setup.py egg_info --egg-base ../../build/robot_arm_color_stacking build --build-base /root/ascend-devkit/src/E2E-Sample/ros2_robot_arm/ros2_ws/build/robot_arm_color_stacking/build install --record /root/ascend-devkit/src/E2E-Sample/ros2_robot_arm/ros2_ws/build/robot_arm_color_stacking/install.log --single-version-externally-managed install_data
[3.125s] running egg_info
[3.127s] creating ../../build/robot_arm_color_stacking/robot_arm_color_stacking.egg-info
[3.127s] writing ../../build/robot_arm_color_stacking/robot_arm_color_stacking.egg-info/PKG-INFO
[3.128s] writing dependency_links to ../../build/robot_arm_color_stacking/robot_arm_color_stacking.egg-info/dependency_links.txt
[3.128s] writing entry points to ../../build/robot_arm_color_stacking/robot_arm_color_stacking.egg-info/entry_points.txt
[3.128s] writing requirements to ../../build/robot_arm_color_stacking/robot_arm_color_stacking.egg-info/requires.txt
[3.129s] writing top-level names to ../../build/robot_arm_color_stacking/robot_arm_color_stacking.egg-info/top_level.txt
[3.129s] writing manifest file '../../build/robot_arm_color_stacking/robot_arm_color_stacking.egg-info/SOURCES.txt'
[3.135s] package init file 'robot_arm_color_stacking/utils/__init__.py' not found (or not a regular file)
[3.136s] reading manifest file '../../build/robot_arm_color_stacking/robot_arm_color_stacking.egg-info/SOURCES.txt'
[3.139s] writing manifest file '../../build/robot_arm_color_stacking/robot_arm_color_stacking.egg-info/SOURCES.txt'
[3.139s] running build
[3.140s] running build_py
[3.140s] creating /root/ascend-devkit/src/E2E-Sample/ros2_robot_arm/ros2_ws/build/robot_arm_color_stacking/build
[3.140s] creating /root/ascend-devkit/src/E2E-Sample/ros2_robot_arm/ros2_ws/build/robot_arm_color_stacking/build/lib
[3.140s] creating /root/ascend-devkit/src/E2E-Sample/ros2_robot_arm/ros2_ws/build/robot_arm_color_stacking/build/lib/robot_arm_color_stacking
[3.140s] copying robot_arm_color_stacking/main.py -> /root/ascend-devkit/src/E2E-Sample/ros2_robot_arm/ros2_ws/build/robot_arm_color_stacking/build/lib/robot_arm_color_stacking
[3.141s] copying robot_arm_color_stacking/__init__.py -> /root/ascend-devkit/src/E2E-Sample/ros2_robot_arm/ros2_ws/build/robot_arm_color_stacking/build/lib/robot_arm_color_stacking
[3.141s] creating /root/ascend-devkit/src/E2E-Sample/ros2_robot_arm/ros2_ws/build/robot_arm_color_stacking/build/lib/robot_arm_color_stacking/utils
[3.141s] copying robot_arm_color_stacking/utils/stacking_target.py -> /root/ascend-devkit/src/E2E-Sample/ros2_robot_arm/ros2_ws/build/robot_arm_color_stacking/build/lib/robot_arm_color_stacking/utils
[3.142s] copying robot_arm_color_stacking/utils/npu_utils.py -> /root/ascend-devkit/src/E2E-Sample/ros2_robot_arm/ros2_ws/build/robot_arm_color_stacking/build/lib/robot_arm_color_stacking/utils
[3.143s] copying robot_arm_color_stacking/utils/det_utils.py -> /root/ascend-devkit/src/E2E-Sample/ros2_robot_arm/ros2_ws/build/robot_arm_color_stacking/build/lib/robot_arm_color_stacking/utils
[3.143s] copying robot_arm_color_stacking/utils/dofbot_config.py -> /root/ascend-devkit/src/E2E-Sample/ros2_robot_arm/ros2_ws/build/robot_arm_color_stacking/build/lib/robot_arm_color_stacking/utils
[3.144s] copying robot_arm_color_stacking/utils/stacking_grap.py -> /root/ascend-devkit/src/E2E-Sample/ros2_robot_arm/ros2_ws/build/robot_arm_color_stacking/build/lib/robot_arm_color_stacking/utils
[3.145s] running install
[3.146s] running install_lib
[3.148s] creating /root/ascend-devkit/src/E2E-Sample/ros2_robot_arm/ros2_ws/install/robot_arm_color_stacking/lib/python3.10/site-packages/robot_arm_color_stacking
[3.148s] creating /root/ascend-devkit/src/E2E-Sample/ros2_robot_arm/ros2_ws/install/robot_arm_color_stacking/lib/python3.10/site-packages/robot_arm_color_stacking/utils
[3.149s] copying /root/ascend-devkit/src/E2E-Sample/ros2_robot_arm/ros2_ws/build/robot_arm_color_stacking/build/lib/robot_arm_color_stacking/utils/stacking_target.py -> /root/ascend-devkit/src/E2E-Sample/ros2_robot_arm/ros2_ws/install/robot_arm_color_stacking/lib/python3.10/site-packages/robot_arm_color_stacking/utils
[3.149s] copying /root/ascend-devkit/src/E2E-Sample/ros2_robot_arm/ros2_ws/build/robot_arm_color_stacking/build/lib/robot_arm_color_stacking/utils/npu_utils.py -> /root/ascend-devkit/src/E2E-Sample/ros2_robot_arm/ros2_ws/install/robot_arm_color_stacking/lib/python3.10/site-packages/robot_arm_color_stacking/utils
[3.149s] copying /root/ascend-devkit/src/E2E-Sample/ros2_robot_arm/ros2_ws/build/robot_arm_color_stacking/build/lib/robot_arm_color_stacking/utils/det_utils.py -> /root/ascend-devkit/src/E2E-Sample/ros2_robot_arm/ros2_ws/install/robot_arm_color_stacking/lib/python3.10/site-packages/robot_arm_color_stacking/utils
[3.149s] copying /root/ascend-devkit/src/E2E-Sample/ros2_robot_arm/ros2_ws/build/robot_arm_color_stacking/build/lib/robot_arm_color_stacking/utils/dofbot_config.py -> /root/ascend-devkit/src/E2E-Sample/ros2_robot_arm/ros2_ws/install/robot_arm_color_stacking/lib/python3.10/site-packages/robot_arm_color_stacking/utils
[3.149s] copying /root/ascend-devkit/src/E2E-Sample/ros2_robot_arm/ros2_ws/build/robot_arm_color_stacking/build/lib/robot_arm_color_stacking/utils/stacking_grap.py -> /root/ascend-devkit/src/E2E-Sample/ros2_robot_arm/ros2_ws/install/robot_arm_color_stacking/lib/python3.10/site-packages/robot_arm_color_stacking/utils
[3.150s] copying /root/ascend-devkit/src/E2E-Sample/ros2_robot_arm/ros2_ws/build/robot_arm_color_stacking/build/lib/robot_arm_color_stacking/main.py -> /root/ascend-devkit/src/E2E-Sample/ros2_robot_arm/ros2_ws/install/robot_arm_color_stacking/lib/python3.10/site-packages/robot_arm_color_stacking
[3.150s] copying /root/ascend-devkit/src/E2E-Sample/ros2_robot_arm/ros2_ws/build/robot_arm_color_stacking/build/lib/robot_arm_color_stacking/__init__.py -> /root/ascend-devkit/src/E2E-Sample/ros2_robot_arm/ros2_ws/install/robot_arm_color_stacking/lib/python3.10/site-packages/robot_arm_color_stacking
[3.151s] byte-compiling /root/ascend-devkit/src/E2E-Sample/ros2_robot_arm/ros2_ws/install/robot_arm_color_stacking/lib/python3.10/site-packages/robot_arm_color_stacking/utils/stacking_target.py to stacking_target.cpython-310.pyc
[3.155s] byte-compiling /root/ascend-devkit/src/E2E-Sample/ros2_robot_arm/ros2_ws/install/robot_arm_color_stacking/lib/python3.10/site-packages/robot_arm_color_stacking/utils/npu_utils.py to npu_utils.cpython-310.pyc
[3.157s] byte-compiling /root/ascend-devkit/src/E2E-Sample/ros2_robot_arm/ros2_ws/install/robot_arm_color_stacking/lib/python3.10/site-packages/robot_arm_color_stacking/utils/det_utils.py to det_utils.cpython-310.pyc
[3.163s] byte-compiling /root/ascend-devkit/src/E2E-Sample/ros2_robot_arm/ros2_ws/install/robot_arm_color_stacking/lib/python3.10/site-packages/robot_arm_color_stacking/utils/dofbot_config.py to dofbot_config.cpython-310.pyc
[3.165s] byte-compiling /root/ascend-devkit/src/E2E-Sample/ros2_robot_arm/ros2_ws/install/robot_arm_color_stacking/lib/python3.10/site-packages/robot_arm_color_stacking/utils/stacking_grap.py to stacking_grap.cpython-310.pyc
[3.165s] byte-compiling /root/ascend-devkit/src/E2E-Sample/ros2_robot_arm/ros2_ws/install/robot_arm_color_stacking/lib/python3.10/site-packages/robot_arm_color_stacking/main.py to main.cpython-310.pyc
[3.166s] byte-compiling /root/ascend-devkit/src/E2E-Sample/ros2_robot_arm/ros2_ws/install/robot_arm_color_stacking/lib/python3.10/site-packages/robot_arm_color_stacking/__init__.py to __init__.cpython-310.pyc
[3.167s] running install_data
[3.167s] creating /root/ascend-devkit/src/E2E-Sample/ros2_robot_arm/ros2_ws/install/robot_arm_color_stacking/share/ament_index
[3.167s] creating /root/ascend-devkit/src/E2E-Sample/ros2_robot_arm/ros2_ws/install/robot_arm_color_stacking/share/ament_index/resource_index
[3.167s] creating /root/ascend-devkit/src/E2E-Sample/ros2_robot_arm/ros2_ws/install/robot_arm_color_stacking/share/ament_index/resource_index/packages
[3.168s] copying resource/robot_arm_color_stacking -> /root/ascend-devkit/src/E2E-Sample/ros2_robot_arm/ros2_ws/install/robot_arm_color_stacking/share/ament_index/resource_index/packages
[3.168s] copying package.xml -> /root/ascend-devkit/src/E2E-Sample/ros2_robot_arm/ros2_ws/install/robot_arm_color_stacking/share/robot_arm_color_stacking
[3.168s] creating /root/ascend-devkit/src/E2E-Sample/ros2_robot_arm/ros2_ws/install/robot_arm_color_stacking/share/robot_arm_color_stacking/config
[3.168s] copying robot_arm_color_stacking/config/data_collect_idx.txt -> /root/ascend-devkit/src/E2E-Sample/ros2_robot_arm/ros2_ws/install/robot_arm_color_stacking/share/robot_arm_color_stacking/config
[3.169s] copying robot_arm_color_stacking/config/XYT_config.txt -> /root/ascend-devkit/src/E2E-Sample/ros2_robot_arm/ros2_ws/install/robot_arm_color_stacking/share/robot_arm_color_stacking/config
[3.169s] copying robot_arm_color_stacking/config/offset.txt -> /root/ascend-devkit/src/E2E-Sample/ros2_robot_arm/ros2_ws/install/robot_arm_color_stacking/share/robot_arm_color_stacking/config
[3.170s] copying robot_arm_color_stacking/config/color_stacking.txt -> /root/ascend-devkit/src/E2E-Sample/ros2_robot_arm/ros2_ws/install/robot_arm_color_stacking/share/robot_arm_color_stacking/config
[3.170s] copying robot_arm_color_stacking/config/dp.bin -> /root/ascend-devkit/src/E2E-Sample/ros2_robot_arm/ros2_ws/install/robot_arm_color_stacking/share/robot_arm_color_stacking/config
[3.170s] creating /root/ascend-devkit/src/E2E-Sample/ros2_robot_arm/ros2_ws/install/robot_arm_color_stacking/share/robot_arm_color_stacking/model
[3.171s] copying robot_arm_color_stacking/model/coco_names.txt -> /root/ascend-devkit/src/E2E-Sample/ros2_robot_arm/ros2_ws/install/robot_arm_color_stacking/share/robot_arm_color_stacking/model
[3.171s] running install_egg_info
[3.176s] Copying ../../build/robot_arm_color_stacking/robot_arm_color_stacking.egg-info to /root/ascend-devkit/src/E2E-Sample/ros2_robot_arm/ros2_ws/install/robot_arm_color_stacking/lib/python3.10/site-packages/robot_arm_color_stacking-0.0.0-py3.10.egg-info
[3.178s] running install_scripts
[3.232s] Installing color_stacking script to /root/ascend-devkit/src/E2E-Sample/ros2_robot_arm/ros2_ws/install/robot_arm_color_stacking/lib/robot_arm_color_stacking
[3.233s] writing list of installed files to '/root/ascend-devkit/src/E2E-Sample/ros2_robot_arm/ros2_ws/build/robot_arm_color_stacking/install.log'
[3.333s] Invoked command in '/root/ascend-devkit/src/E2E-Sample/ros2_robot_arm/ros2_ws/src/robot_arm_color_stacking' returned '0': PYTHONPATH=/root/ascend-devkit/src/E2E-Sample/ros2_robot_arm/ros2_ws/build/robot_arm_color_stacking/prefix_override:/usr/lib/python3/dist-packages/colcon_core/task/python/colcon_distutils_commands:/root/ascend-devkit/src/E2E-Sample/ros2_robot_arm/ros2_ws/install/robot_arm_color_stacking/lib/python3.10/site-packages:${PYTHONPATH} /usr/bin/python3 -W ignore:setup.py install is deprecated -W ignore:easy_install command is deprecated setup.py egg_info --egg-base ../../build/robot_arm_color_stacking build --build-base /root/ascend-devkit/src/E2E-Sample/ros2_robot_arm/ros2_ws/build/robot_arm_color_stacking/build install --record /root/ascend-devkit/src/E2E-Sample/ros2_robot_arm/ros2_ws/build/robot_arm_color_stacking/install.log --single-version-externally-managed install_data
